version: (200506)

available memory: 64M bytes
used memory: 73728 bytes [need 72K bytes if disable swap]

used block: 2 [memory(2) file(0)]
                 [ 8K(1) 64K(1) { total 72K bytes } ]
overhead: (9514) bytes for (2) blocks [Average: (4757) bytes/block]

write  => 0(times) 0K(bytes) [0K bytes to file]
read   => 1(times) 17K(bytes) [3K bytes compressed data from file]
access => 9595(times) 76M(bytes)
          [hit ratio: 99.9896%]

time: write(0) read(0)  unit: second

swap file directory: (/project/verif/users/arielt/ws/ex_vlsi_switch_project_ariel/verdiLog)
used swap file number: (1)



swap file manager:
arrSize: (256)
idxCnt: (4)
closeHead: (1)
closeTail: (2)
openCnt: (1)
fid(3): fd(0) fileName(NULL)
	mode(rb)	hot(1) cool(0) pos(0)
fid(2): fd(24) fileName(/project/verif/users/arielt/ws/ex_vlsi_switch_project_ariel/verdiLog/_swap_0001#540701549#1229828)
	size(0) lastModTime(0) curModTime(1764841322)
	mode(w+b)	hot(0) cool(1) pos(0)
fid(1): fd(0) fileName(NULL)
	mode(rb)	hot(2) cool(3) pos(0)
fid(0): fd(0) fileName(NULL)
	mode(NULL)	hot(0) cool(0) pos(0)
Swap system is reset at (Thu Dec  4 11:42:13 2025
)
version: (200506)

available memory: 64M bytes
used memory: 147456 bytes [need 72K bytes if disable swap]

used block: 4 [memory(4) file(0)]
                 [ 8K(2) 64K(2) { total 144K bytes } ]
overhead: (9514) bytes for (4) blocks [Average: (2378) bytes/block]

write  => 0(times) 0K(bytes) [0K bytes to file]
read   => 2(times) 49K(bytes) [8K bytes compressed data from file]
access => 16963(times) 135M(bytes)
          [hit ratio: 99.9882%]

time: write(0) read(0)  unit: second

swap file directory: (/project/verif/users/arielt/ws/ex_vlsi_switch_project_ariel/verdiLog)
used swap file number: (4)



swap file manager:
arrSize: (256)
idxCnt: (6)
closeHead: (4)
closeTail: (5)
openCnt: (1)
fid(5): fd(39) fileName(/project/verif/users/arielt/ws/ex_vlsi_switch_project_ariel/verdiLog/_swap_0001#540701549#1229828)
	size(0) lastModTime(0) curModTime(1764841332)
	mode(w+b)	hot(0) cool(4) pos(0)
fid(4): fd(0) fileName(NULL)
	mode(rb)	hot(5) cool(0) pos(0)
fid(3): fd(0) fileName(NULL)
	mode(NULL)	hot(0) cool(0) pos(0)
fid(2): fd(0) fileName(NULL)
	mode(NULL)	hot(0) cool(0) pos(0)
fid(1): fd(0) fileName(NULL)
	mode(NULL)	hot(0) cool(0) pos(0)
fid(0): fd(0) fileName(NULL)
	mode(NULL)	hot(0) cool(0) pos(0)
Swap system is reset at (Thu Dec  4 11:42:20 2025
)
version: (200506)

available memory: 64M bytes
used memory: 221184 bytes [need 72K bytes if disable swap]

used block: 6 [memory(6) file(0)]
                 [ 8K(3) 64K(3) { total 216K bytes } ]
overhead: (9514) bytes for (6) blocks [Average: (1585) bytes/block]

write  => 0(times) 0K(bytes) [0K bytes to file]
read   => 3(times) 81K(bytes) [14K bytes compressed data from file]
access => 25716(times) 204M(bytes)
          [hit ratio: 99.9883%]

time: write(0) read(0)  unit: second

swap file directory: (/project/verif/users/arielt/ws/ex_vlsi_switch_project_ariel/verdiLog)
used swap file number: (6)



swap file manager:
arrSize: (256)
idxCnt: (8)
closeHead: (6)
closeTail: (7)
openCnt: (1)
fid(7): fd(38) fileName(/project/verif/users/arielt/ws/ex_vlsi_switch_project_ariel/verdiLog/_swap_0001#540701549#1229828)
	size(0) lastModTime(0) curModTime(1764841339)
	mode(w+b)	hot(0) cool(6) pos(0)
fid(6): fd(0) fileName(NULL)
	mode(rb)	hot(7) cool(0) pos(0)
fid(5): fd(0) fileName(NULL)
	mode(NULL)	hot(0) cool(0) pos(0)
fid(4): fd(0) fileName(NULL)
	mode(NULL)	hot(0) cool(0) pos(0)
fid(3): fd(0) fileName(NULL)
	mode(NULL)	hot(0) cool(0) pos(0)
fid(2): fd(0) fileName(NULL)
	mode(NULL)	hot(0) cool(0) pos(0)
fid(1): fd(0) fileName(NULL)
	mode(NULL)	hot(0) cool(0) pos(0)
fid(0): fd(0) fileName(NULL)
	mode(NULL)	hot(0) cool(0) pos(0)
Swap system is reset at (Thu Dec  4 11:46:33 2025
)
version: (200506)

available memory: 64M bytes
used memory: 450560 bytes [need 224K bytes if disable swap]

used block: 13 [memory(13) file(0)]
                 [ 8K(7) 64K(6) { total 440K bytes } ]
overhead: (9514) bytes for (13) blocks [Average: (731) bytes/block]

write  => 0(times) 0K(bytes) [0K bytes to file]
read   => 6(times) 135K(bytes) [24K bytes compressed data from file]
access => 121980(times) 964M(bytes)
          [hit ratio: 99.9951%]

time: write(0) read(0)  unit: second

swap file directory: (/project/verif/users/arielt/ws/ex_vlsi_switch_project_ariel/verdiLog)
used swap file number: (12)



swap file manager:
arrSize: (256)
idxCnt: (13)
closeHead: (8)
closeTail: (12)
openCnt: (1)
fid(12): fd(0) fileName(NULL)
	mode(rb)	hot(11) cool(0) pos(0)
fid(11): fd(0) fileName(NULL)
	mode(rb)	hot(10) cool(12) pos(0)
fid(10): fd(0) fileName(NULL)
	mode(rb)	hot(8) cool(11) pos(0)
fid(9): fd(37) fileName(/project/verif/users/arielt/ws/ex_vlsi_switch_project_ariel/verdiLog/_swap_0001#540701549#1229828)
	size(0) lastModTime(0) curModTime(1764841591)
	mode(w+b)	hot(10) cool(8) pos(0)
fid(8): fd(0) fileName(NULL)
	mode(rb)	hot(9) cool(10) pos(0)
fid(7): fd(0) fileName(NULL)
	mode(NULL)	hot(0) cool(0) pos(0)
fid(6): fd(0) fileName(NULL)
	mode(NULL)	hot(0) cool(0) pos(0)
fid(5): fd(0) fileName(NULL)
	mode(NULL)	hot(0) cool(0) pos(0)
fid(4): fd(0) fileName(NULL)
	mode(NULL)	hot(0) cool(0) pos(0)
fid(3): fd(0) fileName(NULL)
	mode(NULL)	hot(0) cool(0) pos(0)
fid(2): fd(0) fileName(NULL)
	mode(NULL)	hot(0) cool(0) pos(0)
fid(1): fd(0) fileName(NULL)
	mode(NULL)	hot(0) cool(0) pos(0)
fid(0): fd(0) fileName(NULL)
	mode(NULL)	hot(0) cool(0) pos(0)
Swap system is reset at (Thu Dec  4 11:51:22 2025
)
version: (200506)

available memory: 64M bytes
used memory: 532480 bytes [need 224K bytes if disable swap]

used block: 16 [memory(16) file(0)]
                 [ 8K(9) 64K(7) { total 520K bytes } ]
overhead: (9514) bytes for (16) blocks [Average: (594) bytes/block]

write  => 0(times) 0K(bytes) [0K bytes to file]
read   => 7(times) 151K(bytes) [27K bytes compressed data from file]
access => 169300(times) 1336M(bytes)
          [hit ratio: 99.9959%]

time: write(0) read(0)  unit: second

swap file directory: (/project/verif/users/arielt/ws/ex_vlsi_switch_project_ariel/verdiLog)
used swap file number: (13)



swap file manager:
arrSize: (256)
idxCnt: (15)
closeHead: (13)
closeTail: (14)
openCnt: (1)
fid(14): fd(37) fileName(/project/verif/users/arielt/ws/ex_vlsi_switch_project_ariel/verdiLog/_swap_0001#540701549#1229828)
	size(0) lastModTime(0) curModTime(1764841880)
	mode(w+b)	hot(0) cool(13) pos(0)
fid(13): fd(0) fileName(NULL)
	mode(rb)	hot(14) cool(0) pos(0)
fid(12): fd(0) fileName(NULL)
	mode(NULL)	hot(0) cool(0) pos(0)
fid(11): fd(0) fileName(NULL)
	mode(NULL)	hot(0) cool(0) pos(0)
fid(10): fd(0) fileName(NULL)
	mode(NULL)	hot(0) cool(0) pos(0)
fid(9): fd(0) fileName(NULL)
	mode(NULL)	hot(0) cool(0) pos(0)
fid(8): fd(0) fileName(NULL)
	mode(NULL)	hot(0) cool(0) pos(0)
fid(7): fd(0) fileName(NULL)
	mode(NULL)	hot(0) cool(0) pos(0)
fid(6): fd(0) fileName(NULL)
	mode(NULL)	hot(0) cool(0) pos(0)
fid(5): fd(0) fileName(NULL)
	mode(NULL)	hot(0) cool(0) pos(0)
fid(4): fd(0) fileName(NULL)
	mode(NULL)	hot(0) cool(0) pos(0)
fid(3): fd(0) fileName(NULL)
	mode(NULL)	hot(0) cool(0) pos(0)
fid(2): fd(0) fileName(NULL)
	mode(NULL)	hot(0) cool(0) pos(0)
fid(1): fd(0) fileName(NULL)
	mode(NULL)	hot(0) cool(0) pos(0)
fid(0): fd(0) fileName(NULL)
	mode(NULL)	hot(0) cool(0) pos(0)
Swap system is reset at (Thu Dec  4 12:01:54 2025
)
version: (200506)

available memory: 64M bytes
used memory: 679936 bytes [need 224K bytes if disable swap]

used block: 20 [memory(20) file(0)]
                 [ 8K(11) 64K(9) { total 664K bytes } ]
overhead: (9514) bytes for (20) blocks [Average: (475) bytes/block]

write  => 0(times) 0K(bytes) [0K bytes to file]
read   => 9(times) 173K(bytes) [32K bytes compressed data from file]
access => 276885(times) 2181M(bytes)
          [hit ratio: 99.9967%]

time: write(0) read(0)  unit: second

swap file directory: (/project/verif/users/arielt/ws/ex_vlsi_switch_project_ariel/verdiLog)
used swap file number: (17)



swap file manager:
arrSize: (256)
idxCnt: (19)
closeHead: (15)
closeTail: (17)
openCnt: (1)
fid(18): fd(0) fileName(NULL)
	mode(rb)	hot(17) cool(0) pos(0)
fid(17): fd(0) fileName(NULL)
	mode(rb)	hot(15) cool(18) pos(0