Command: /project/verif/users/arielt/ws/ex_vlsi_switch_project_ariel/Synt/./simv +vcs+initreg+1 +ntb_random_seed_automatic +ERR_PKT -cm line+cond+fsm+branch+tgl -cm_dir ./cov_work/gls_simv.vdb -cm_name gls_final_submission -l gls_final_no_cg.log
Chronologic VCS simulator copyright 1991-2025
Contains Synopsys proprietary information.
Compiler version X-2025.06-1_Full64; Runtime version X-2025.06-1_Full64;  Jan  9 00:37 2026
NOTE: automatic random seed used: 983445339
Doing SDF annotation ...... Done
Loading SDF Delays from switch_4port.sdf...
--- Starting Simulation (Driver-Driven) ---
Number of packets about to be generated at each port:  60
[Checker] Predicted Drop: Packet ID 0 is INVALID (Src:0001 Tgt:0001). Ignoring.
[Driver_0] ID:0 Name:pkt_0 | Src:0001 Tgt:0001 | Data(Hex):ac Data(Dec):172 | Type:SDP
[Checker] Predicted Drop: Packet ID 1 is INVALID (Src:0010 Tgt:0110). Ignoring.
[Driver_1] ID:1 Name:pkt_1 | Src:0010 Tgt:0110 | Data(Hex):29 Data(Dec):41 | Type:MDP
[Driver_2] ID:2 Name:pkt_2 | Src:0100 Tgt:0011 | Data(Hex):e6 Data(Dec):230 | Type:MDP
[Driver_3] ID:3 Name:pkt_3 | Src:1000 Tgt:0001 | Data(Hex):86 Data(Dec):134 | Type:SDP
[Checker] Predicted Drop: Packet ID 4 is INVALID (Src:0100 Tgt:0100). Ignoring.
[Driver_2] ID:4 Name:pkt_2 | Src:0100 Tgt:0100 | Data(Hex):66 Data(Dec):102 | Type:SDP
[Checker] Predicted Drop: Packet ID 5 is INVALID (Src:1000 Tgt:1101). Ignoring.
[Driver_3] ID:5 Name:pkt_3 | Src:1000 Tgt:1101 | Data(Hex):07 Data(Dec):7 | Type:MDP
[Driver_1] ID:6 Name:pkt_1 | Src:0010 Tgt:1100 | Data(Hex):84 Data(Dec):132 | Type:MDP
[Checker] Predicted Drop: Packet ID 7 is INVALID (Src:0001 Tgt:0001). Ignoring.
[Driver_0] ID:7 Name:pkt_0 | Src:0001 Tgt:0001 | Data(Hex):2d Data(Dec):45 | Type:SDP
[Driver_3] ID:8 Name:pkt_3 | Src:1000 Tgt:0011 | Data(Hex):d6 Data(Dec):214 | Type:MDP
[Driver_1] ID:9 Name:pkt_1 | Src:0010 Tgt:0100 | Data(Hex):39 Data(Dec):57 | Type:SDP
[Driver_2] ID:10 Name:pkt_2 | Src:0100 Tgt:1011 | Data(Hex):b6 Data(Dec):182 | Type:MDP
[Monitor_0] ID:11 Name:monitored | Src:1000 Tgt:0001 | Data(Hex):86 Data(Dec):134 | Type:SDP
[Driver_2] ID:12 Name:pkt_2 | Src:0100 Tgt:0011 | Data(Hex):63 Data(Dec):99 | Type:MDP
[Driver_3] ID:13 Name:pkt_3 | Src:1000 Tgt:0110 | Data(Hex):b6 Data(Dec):182 | Type:MDP
[Driver_1] ID:14 Name:pkt_1 | Src:0010 Tgt:0100 | Data(Hex):ad Data(Dec):173 | Type:SDP
[Monitor_0] ID:15 Name:monitored | Src:0100 Tgt:0011 | Data(Hex):e6 Data(Dec):230 | Type:MDP
[Monitor_1] ID:16 Name:monitored | Src:0100 Tgt:0011 | Data(Hex):e6 Data(Dec):230 | Type:MDP
[Monitor_2] ID:17 Name:monitored | Src:0010 Tgt:1100 | Data(Hex):84 Data(Dec):132 | Type:MDP
[Monitor_3] ID:18 Name:monitored | Src:0010 Tgt:1100 | Data(Hex):84 Data(Dec):132 | Type:MDP
[Driver_0] ID:19 Name:pkt_0 | Src:0001 Tgt:1000 | Data(Hex):15 Data(Dec):21 | Type:SDP
[Monitor_2] ID:20 Name:monitored | Src:0010 Tgt:0100 | Data(Hex):39 Data(Dec):57 | Type:SDP
[Checker] Predicted Drop: Packet ID 21 is INVALID (Src:0100 Tgt:0000). Ignoring.
[Driver_2] ID:21 Name:pkt_2 | Src:0100 Tgt:0000 | Data(Hex):49 Data(Dec):73 | Type:ERR
[Monitor_0] ID:22 Name:monitored | Src:0100 Tgt:1011 | Data(Hex):b6 Data(Dec):182 | Type:MDP
[Monitor_1] ID:23 Name:monitored | Src:0100 Tgt:1011 | Data(Hex):b6 Data(Dec):182 | Type:MDP
[Monitor_3] ID:24 Name:monitored | Src:0100 Tgt:1011 | Data(Hex):b6 Data(Dec):182 | Type:MDP
[Monitor_0] ID:25 Name:monitored | Src:1000 Tgt:0011 | Data(Hex):d6 Data(Dec):214 | Type:MDP
[Monitor_1] ID:26 Name:monitored | Src:1000 Tgt:0011 | Data(Hex):d6 Data(Dec):214 | Type:MDP
[Monitor_2] ID:27 Name:monitored | Src:0010 Tgt:0100 | Data(Hex):ad Data(Dec):173 | Type:SDP
[Monitor_3] ID:28 Name:monitored | Src:0001 Tgt:1000 | Data(Hex):15 Data(Dec):21 | Type:SDP
[Checker] Predicted Drop: Packet ID 29 is INVALID (Src:0001 Tgt:0001). Ignoring.
[Driver_0] ID:29 Name:pkt_0 | Src:0001 Tgt:0001 | Data(Hex):7f Data(Dec):127 | Type:SDP
[Monitor_0] ID:30 Name:monitored | Src:0100 Tgt:0011 | Data(Hex):63 Data(Dec):99 | Type:MDP
[Monitor_1] ID:31 Name:monitored | Src:0100 Tgt:0011 | Data(Hex):63 Data(Dec):99 | Type:MDP
[Checker] Predicted Drop: Packet ID 32 is INVALID (Src:0010 Tgt:1010). Ignoring.
[Driver_1] ID:32 Name:pkt_1 | Src:0010 Tgt:1010 | Data(Hex):25 Data(Dec):37 | Type:MDP
[Monitor_1] ID:33 Name:monitored | Src:1000 Tgt:0110 | Data(Hex):b6 Data(Dec):182 | Type:MDP
[Monitor_2] ID:34 Name:monitored | Src:1000 Tgt:0110 | Data(Hex):b6 Data(Dec):182 | Type:MDP
[Checker] Predicted Drop: Packet ID 35 is INVALID (Src:1000 Tgt:1011). Ignoring.
[Driver_3] ID:35 Name:pkt_3 | Src:1000 Tgt:1011 | Data(Hex):1a Data(Dec):26 | Type:MDP
[Checker] Predicted Drop: Packet ID 36 is INVALID (Src:0010 Tgt:1110). Ignoring.
[Driver_1] ID:36 Name:pkt_1 | Src:0010 Tgt:1110 | Data(Hex):e4 Data(Dec):228 | Type:MDP
[Driver_0] ID:37 Name:pkt_0 | Src:0001 Tgt:1010 | Data(Hex):bf Data(Dec):191 | Type:MDP
[Driver_2] ID:38 Name:pkt_2 | Src:0100 Tgt:1000 | Data(Hex):dc Data(Dec):220 | Type:SDP
[Checker] Predicted Drop: Packet ID 39 is INVALID (Src:1000 Tgt:1110). Ignoring.
[Driver_3] ID:39 Name:pkt_3 | Src:1000 Tgt:1110 | Data(Hex):ff Data(Dec):255 | Type:MDP
[Driver_2] ID:40 Name:pkt_2 | Src:0100 Tgt:1001 | Data(Hex):96 Data(Dec):150 | Type:MDP
[Monitor_3] ID:41 Name:monitored | Src:0100 Tgt:1000 | Data(Hex):dc Data(Dec):220 | Type:SDP
[Driver_1] ID:42 Name:pkt_1 | Src:0010 Tgt:0001 | Data(Hex):80 Data(Dec):128 | Type:SDP
[Checker] Predicted Drop: Packet ID 43 is INVALID (Src:1000 Tgt:0000). Ignoring.
[Driver_3] ID:43 Name:pkt_3 | Src:1000 Tgt:0000 | Data(Hex):3b Data(Dec):59 | Type:ERR
[Monitor_1] ID:44 Name:monitored | Src:0001 Tgt:1010 | Data(Hex):bf Data(Dec):191 | Type:MDP
[Monitor_3] ID:45 Name:monitored | Src:0001 Tgt:1010 | Data(Hex):bf Data(Dec):191 | Type:MDP
[Checker] Predicted Drop: Packet ID 46 is INVALID (Src:0001 Tgt:0000). Ignoring.
[Driver_0] ID:46 Name:pkt_0 | Src:0001 Tgt:0000 | Data(Hex):f9 Data(Dec):249 | Type:ERR
[Monitor_0] ID:47 Name:monitored | Src:0100 Tgt:1001 | Data(Hex):96 Data(Dec):150 | Type:MDP
[Monitor_3] ID:48 Name:monitored | Src:0100 Tgt:1001 | Data(Hex):96 Data(Dec):150 | Type:MDP
[Monitor_0] ID:49 Name:monitored | Src:0010 Tgt:0001 | Data(Hex):80 Data(Dec):128 | Type:SDP
[Checker] Predicted Drop: Packet ID 50 is INVALID (Src:0100 Tgt:0110). Ignoring.
[Driver_2] ID:50 Name:pkt_2 | Src:0100 Tgt:0110 | Data(Hex):c3 Data(Dec):195 | Type:MDP
[Checker] Predicted Drop: Packet ID 51 is INVALID (Src:1000 Tgt:1110). Ignoring.
[Driver_3] ID:51 Name:pkt_3 | Src:1000 Tgt:1110 | Data(Hex):c0 Data(Dec):192 | Type:MDP
[Driver_0] ID:52 Name:pkt_0 | Src:0001 Tgt:1000 | Data(Hex):e7 Data(Dec):231 | Type:SDP
[Checker] Predicted Drop: Packet ID 53 is INVALID (Src:0010 Tgt:0000). Ignoring.
[Driver_1] ID:53 Name:pkt_1 | Src:0010 Tgt:0000 | Data(Hex):25 Data(Dec):37 | Type:ERR
[Monitor_3] ID:54 Name:monitored | Src:0001 Tgt:1000 | Data(Hex):e7 Data(Dec):231 | Type:SDP
[Checker] Predicted Drop: Packet ID 55 is INVALID (Src:0100 Tgt:0100). Ignoring.
[Driver_2] ID:55 Name:pkt_2 | Src:0100 Tgt:0100 | Data(Hex):42 Data(Dec):66 | Type:SDP
[Driver_3] ID:56 Name:pkt_3 | Src:1000 Tgt:0001 | Data(Hex):58 Data(Dec):88 | Type:SDP
[Checker] Predicted Drop: Packet ID 57 is INVALID (Src:0001 Tgt:1011). Ignoring.
[Driver_0] ID:57 Name:pkt_0 | Src:0001 Tgt:1011 | Data(Hex):90 Data(Dec):144 | Type:MDP
[Checker] Predicted Drop: Packet ID 58 is INVALID (Src:0010 Tgt:1110). Ignoring.
[Driver_1] ID:58 Name:pkt_1 | Src:0010 Tgt:1110 | Data(Hex):0b Data(Dec):11 | Type:MDP
[Monitor_0] ID:59 Name:monitored | Src:1000 Tgt:0001 | Data(Hex):58 Data(Dec):88 | Type:SDP
[Driver_3] ID:60 Name:pkt_3 | Src:1000 Tgt:0100 | Data(Hex):5a Data(Dec):90 | Type:SDP
[Driver_2] ID:61 Name:pkt_2 | Src:0100 Tgt:0010 | Data(Hex):70 Data(Dec):112 | Type:SDP
[Driver_1] ID:62 Name:pkt_1 | Src:0010 Tgt:1111 | Data(Hex):52 Data(Dec):82 | Type:BDP
[Monitor_2] ID:63 Name:monitored | Src:1000 Tgt:0100 | Data(Hex):5a Data(Dec):90 | Type:SDP
[Driver_0] ID:64 Name:pkt_0 | Src:0001 Tgt:0110 | Data(Hex):e9 Data(Dec):233 | Type:MDP
[Monitor_1] ID:65 Name:monitored | Src:0100 Tgt:0010 | Data(Hex):70 Data(Dec):112 | Type:SDP
[Monitor_0] ID:66 Name:monitored | Src:0010 Tgt:1111 | Data(Hex):52 Data(Dec):82 | Type:BDP
[Monitor_1] ID:67 Name:monitored | Src:0010 Tgt:1111 | Data(Hex):52 Data(Dec):82 | Type:BDP
[Monitor_2] ID:68 Name:monitored | Src:0010 Tgt:1111 | Data(Hex):52 Data(Dec):82 | Type:BDP
[Monitor_3] ID:69 Name:monitored | Src:0010 Tgt:1111 | Data(Hex):52 Data(Dec):82 | Type:BDP
[Driver_3] ID:70 Name:pkt_3 | Src:1000 Tgt:0010 | Data(Hex):d8 Data(Dec):216 | Type:SDP
[Driver_2] ID:71 Name:pkt_2 | Src:0100 Tgt:1111 | Data(Hex):93 Data(Dec):147 | Type:BDP
[Monitor_1] ID:72 Name:monitored | Src:0001 Tgt:0110 | Data(Hex):e9 Data(Dec):233 | Type:MDP
[Monitor_2] ID:73 Name:monitored | Src:0001 Tgt:0110 | Data(Hex):e9 Data(Dec):233 | Type:MDP
[Checker] Predicted Drop: Packet ID 74 is INVALID (Src:0100 Tgt:0111). Ignoring.
[Driver_2] ID:74 Name:pkt_2 | Src:0100 Tgt:0111 | Data(Hex):f6 Data(Dec):246 | Type:MDP
[Checker] Predicted Drop: Packet ID 75 is INVALID (Src:0010 Tgt:0011). Ignoring.
[Driver_1] ID:75 Name:pkt_1 | Src:0010 Tgt:0011 | Data(Hex):dc Data(Dec):220 | Type:MDP
[Monitor_1] ID:76 Name:monitored | Src:1000 Tgt:0010 | Data(Hex):d8 Data(Dec):216 | Type:SDP
[Monitor_0] ID:77 Name:monitored | Src:0100 Tgt:1111 | Data(Hex):93 Data(Dec):147 | Type:BDP
[Monitor_1] ID:78 Name:monitored | Src:0100 Tgt:1111 | Data(Hex):93 Data(Dec):147 | Type:BDP
[Monitor_2] ID:79 Name:monitored | Src:0100 Tgt:1111 | Data(Hex):93 Data(Dec):147 | Type:BDP
[Monitor_3] ID:80 Name:monitored | Src:0100 Tgt:1111 | Data(Hex):93 Data(Dec):147 | Type:BDP
[Checker] Predicted Drop: Packet ID 81 is INVALID (Src:0001 Tgt:0101). Ignoring.
[Driver_0] ID:81 Name:pkt_0 | Src:0001 Tgt:0101 | Data(Hex):60 Data(Dec):96 | Type:MDP
[Checker] Predicted Drop: Packet ID 82 is INVALID (Src:1000 Tgt:0000). Ignoring.
[Driver_3] ID:82 Name:pkt_3 | Src:1000 Tgt:0000 | Data(Hex):9a Data(Dec):154 | Type:ERR
[Driver_2] ID:83 Name:pkt_2 | Src:0100 Tgt:1000 | Data(Hex):a3 Data(Dec):163 | Type:SDP
[Checker] Predicted Drop: Packet ID 84 is INVALID (Src:0010 Tgt:0111). Ignoring.
[Driver_1] ID:84 Name:pkt_1 | Src:0010 Tgt:0111 | Data(Hex):8e Data(Dec):142 | Type:MDP
[Checker] Predicted Drop: Packet ID 85 is INVALID (Src:0001 Tgt:1011). Ignoring.
[Driver_0] ID:85 Name:pkt_0 | Src:0001 Tgt:1011 | Data(Hex):14 Data(Dec):20 | Type:MDP
[Driver_1] ID:86 Name:pkt_1 | Src:0010 Tgt:0100 | Data(Hex):d5 Data(Dec):213 | Type:SDP
[Monitor_3] ID:87 Name:monitored | Src:0100 Tgt:1000 | Data(Hex):a3 Data(Dec):163 | Type:SDP
[Driver_3] ID:88 Name:pkt_3 | Src:1000 Tgt:0100 | Data(Hex):27 Data(Dec):39 | Type:SDP
[Driver_0] ID:89 Name:pkt_0 | Src:0001 Tgt:0110 | Data(Hex):c1 Data(Dec):193 | Type:MDP
[Driver_1] ID:90 Name:pkt_1 | Src:0010 Tgt:1101 | Data(Hex):23 Data(Dec):35 | Type:MDP
[Monitor_2] ID:91 Name:monitored | Src:1000 Tgt:0100 | Data(Hex):27 Data(Dec):39 | Type:SDP
[Checker] Predicted Drop: Packet ID 92 is INVALID (Src:0100 Tgt:0110). Ignoring.
[Driver_2] ID:92 Name:pkt_2 | Src:0100 Tgt:0110 | Data(Hex):08 Data(Dec):8 | Type:MDP
[Monitor_2] ID:93 Name:monitored | Src:0010 Tgt:0100 | Data(Hex):d5 Data(Dec):213 | Type:SDP
[Driver_3] ID:94 Name:pkt_3 | Src:1000 Tgt:0100 | Data(Hex):48 Data(Dec):72 | Type:SDP
[Monitor_1] ID:95 Name:monitored | Src:0001 Tgt:0110 | Data(Hex):c1 Data(Dec):193 | Type:MDP
[Monitor_2] ID:96 Name:monitored | Src:0001 Tgt:0110 | Data(Hex):c1 Data(Dec):193 | Type:MDP
[Monitor_0] ID:97 Name:monitored | Src:0010 Tgt:1101 | Data(Hex):23 Data(Dec):35 | Type:MDP
[Monitor_2] ID:98 Name:monitored | Src:0010 Tgt:1101 | Data(Hex):23 Data(Dec):35 | Type:MDP
[Monitor_3] ID:99 Name:monitored | Src:0010 Tgt:1101 | Data(Hex):23 Data(Dec):35 | Type:MDP
[Monitor_2] ID:100 Name:monitored | Src:1000 Tgt:0100 | Data(Hex):48 Data(Dec):72 | Type:SDP
[Driver_0] ID:101 Name:pkt_0 | Src:0001 Tgt:1010 | Data(Hex):26 Data(Dec):38 | Type:MDP
[Driver_1] ID:102 Name:pkt_1 | Src:0010 Tgt:1101 | Data(Hex):ed Data(Dec):237 | Type:MDP
[Checker] Predicted Drop: Packet ID 103 is INVALID (Src:0100 Tgt:0101). Ignoring.
[Driver_2] ID:103 Name:pkt_2 | Src:0100 Tgt:0101 | Data(Hex):d2 Data(Dec):210 | Type:MDP
[Checker] Predicted Drop: Packet ID 104 is INVALID (Src:1000 Tgt:1100). Ignoring.
[Driver_3] ID:104 Name:pkt_3 | Src:1000 Tgt:1100 | Data(Hex):01 Data(Dec):1 | Type:MDP
[Monitor_1] ID:105 Name:monitored | Src:0001 Tgt:1010 | Data(Hex):26 Data(Dec):38 | Type:MDP
[Monitor_3] ID:106 Name:monitored | Src:0001 Tgt:1010 | Data(Hex):26 Data(Dec):38 | Type:MDP
[Monitor_0] ID:107 Name:monitored | Src:0010 Tgt:1101 | Data(Hex):ed Data(Dec):237 | Type:MDP
[Monitor_2] ID:108 Name:monitored | Src:0010 Tgt:1101 | Data(Hex):ed Data(Dec):237 | Type:MDP
[Monitor_3] ID:109 Name:monitored | Src:0010 Tgt:1101 | Data(Hex):ed Data(Dec):237 | Type:MDP
[Checker] Predicted Drop: Packet ID 110 is INVALID (Src:0010 Tgt:0111). Ignoring.
[Driver_1] ID:110 Name:pkt_1 | Src:0010 Tgt:0111 | Data(Hex):1e Data(Dec):30 | Type:MDP
[Checker] Predicted Drop: Packet ID 111 is INVALID (Src:0100 Tgt:0110). Ignoring.
[Driver_2] ID:111 Name:pkt_2 | Src:0100 Tgt:0110 | Data(Hex):bd Data(Dec):189 | Type:MDP
[Driver_0] ID:112 Name:pkt_0 | Src:0001 Tgt:0100 | Data(Hex):13 Data(Dec):19 | Type:SDP
[Driver_2] ID:113 Name:pkt_2 | Src:0100 Tgt:1111 | Data(Hex):48 Data(Dec):72 | Type:BDP
[Driver_3] ID:114 Name:pkt_3 | Src:1000 Tgt:0101 | Data(Hex):95 Data(Dec):149 | Type:MDP
[Checker] Predicted Drop: Packet ID 115 is INVALID (Src:0001 Tgt:1011). Ignoring.
[Driver_0] ID:115 Name:pkt_0 | Src:0001 Tgt:1011 | Data(Hex):f5 Data(Dec):245 | Type:MDP
[Checker] Predicted Drop: Packet ID 116 is INVALID (Src:0100 Tgt:0110). Ignoring.
[Driver_2] ID:116 Name:pkt_2 | Src:0100 Tgt:0110 | Data(Hex):12 Data(Dec):18 | Type:MDP
[Monitor_2] ID:117 Name:monitored | Src:0001 Tgt:0100 | Data(Hex):13 Data(Dec):19 | Type:SDP
[Monitor_0] ID:118 Name:monitored | Src:0100 Tgt:1111 | Data(Hex):48 Data(Dec):72 | Type:BDP
[Monitor_1] ID:119 Name:monitored | Src:0100 Tgt:1111 | Data(Hex):48 Data(Dec):72 | Type:BDP
[Monitor_2] ID:120 Name:monitored | Src:0100 Tgt:1111 | Data(Hex):48 Data(Dec):72 | Type:BDP
[Monitor_3] ID:121 Name:monitored | Src:0100 Tgt:1111 | Data(Hex):48 Data(Dec):72 | Type:BDP
[Checker] Predicted Drop: Packet ID 122 is INVALID (Src:0010 Tgt:0000). Ignoring.
[Driver_1] ID:122 Name:pkt_1 | Src:0010 Tgt:0000 | Data(Hex):ab Data(Dec):171 | Type:ERR
[Monitor_0] ID:123 Name:monitored | Src:1000 Tgt:0101 | Data(Hex):95 Data(Dec):149 | Type:MDP
[Monitor_2] ID:124 Name:monitored | Src:1000 Tgt:0101 | Data(Hex):95 Data(Dec):149 | Type:MDP
[Driver_3] ID:125 Name:pkt_3 | Src:1000 Tgt:0011 | Data(Hex):84 Data(Dec):132 | Type:MDP
[Driver_0] ID:126 Name:pkt_0 | Src:0001 Tgt:0110 | Data(Hex):2c Data(Dec):44 | Type:MDP
[Checker] Predicted Drop: Packet ID 127 is INVALID (Src:0100 Tgt:0111). Ignoring.
[Driver_2] ID:127 Name:pkt_2 | Src:0100 Tgt:0111 | Data(Hex):58 Data(Dec):88 | Type:MDP
[Monitor_0] ID:128 Name:monitored | Src:1000 Tgt:0011 | Data(Hex):84 Data(Dec):132 | Type:MDP
[Monitor_1] ID:129 Name:monitored | Src:1000 Tgt:0011 | Data(Hex):84 Data(Dec):132 | Type:MDP
[Checker] Predicted Drop: Packet ID 130 is INVALID (Src:0010 Tgt:1011). Ignoring.
[Driver_1] ID:130 Name:pkt_1 | Src:0010 Tgt:1011 | Data(Hex):7d Data(Dec):125 | Type:MDP
[Driver_3] ID:131 Name:pkt_3 | Src:1000 Tgt:0111 | Data(Hex):4e Data(Dec):78 | Type:MDP
[Checker] Predicted Drop: Packet ID 132 is INVALID (Src:0001 Tgt:1001). Ignoring.
[Driver_0] ID:132 Name:pkt_0 | Src:0001 Tgt:1001 | Data(Hex):64 Data(Dec):100 | Type:MDP
[Monitor_1] ID:133 Name:monitored | Src:0001 Tgt:0110 | Data(Hex):2c Data(Dec):44 | Type:MDP
[Monitor_2] ID:134 Name:monitored | Src:0001 Tgt:0110 | Data(Hex):2c Data(Dec):44 | Type:MDP
[Driver_1] ID:135 Name:pkt_1 | Src:0010 Tgt:0101 | Data(Hex):97 Data(Dec):151 | Type:MDP
[Checker] Predicted Drop: Packet ID 136 is INVALID (Src:1000 Tgt:1101). Ignoring.
[Driver_3] ID:136 Name:pkt_3 | Src:1000 Tgt:1101 | Data(Hex):28 Data(Dec):40 | Type:MDP
[Monitor_0] ID:137 Name:monitored | Src:1000 Tgt:0111 | Data(Hex):4e Data(Dec):78 | Type:MDP
[Monitor_1] ID:138 Name:monitored | Src:1000 Tgt:0111 | Data(Hex):4e Data(Dec):78 | Type:MDP
[Monitor_2] ID:139 Name:monitored | Src:1000 Tgt:0111 | Data(Hex):4e Data(Dec):78 | Type:MDP
[Driver_2] ID:140 Name:pkt_2 | Src:0100 Tgt:0010 | Data(Hex):a8 Data(Dec):168 | Type:SDP
[Monitor_0] ID:141 Name:monitored | Src:0010 Tgt:0101 | Data(Hex):97 Data(Dec):151 | Type:MDP
[Monitor_2] ID:142 Name:monitored | Src:0010 Tgt:0101 | Data(Hex):97 Data(Dec):151 | Type:MDP
[Driver_0] ID:143 Name:pkt_0 | Src:0001 Tgt:1100 | Data(Hex):38 Data(Dec):56 | Type:MDP
[Checker] Predicted Drop: Packet ID 144 is INVALID (Src:1000 Tgt:1110). Ignoring.
[Driver_3] ID:144 Name:pkt_3 | Src:1000 Tgt:1110 | Data(Hex):d8 Data(Dec):216 | Type:MDP
[Monitor_1] ID:145 Name:monitored | Src:0100 Tgt:0010 | Data(Hex):a8 Data(Dec):168 | Type:SDP
[Checker] Predicted Drop: Packet ID 146 is INVALID (Src:0100 Tgt:0100). Ignoring.
[Driver_2] ID:146 Name:pkt_2 | Src:0100 Tgt:0100 | Data(Hex):39 Data(Dec):57 | Type:SDP
[Checker] Predicted Drop: Packet ID 147 is INVALID (Src:0010 Tgt:1011). Ignoring.
[Driver_1] ID:147 Name:pkt_1 | Src:0010 Tgt:1011 | Data(Hex):80 Data(Dec):128 | Type:MDP
[Driver_3] ID:148 Name:pkt_3 | Src:1000 Tgt:0100 | Data(Hex):6b Data(Dec):107 | Type:SDP
[Monitor_2] ID:149 Name:monitored | Src:0001 Tgt:1100 | Data(Hex):38 Data(Dec):56 | Type:MDP
[Monitor_3] ID:150 Name:monitored | Src:0001 Tgt:1100 | Data(Hex):38 Data(Dec):56 | Type:MDP
[Driver_3] ID:151 Name:pkt_3 | Src:1000 Tgt:0011 | Data(Hex):76 Data(Dec):118 | Type:MDP
[Checker] Predicted Drop: Packet ID 152 is INVALID (Src:0100 Tgt:0101). Ignoring.
[Driver_2] ID:152 Name:pkt_2 | Src:0100 Tgt:0101 | Data(Hex):c2 Data(Dec):194 | Type:MDP
[Monitor_2] ID:153 Name:monitored | Src:1000 Tgt:0100 | Data(Hex):6b Data(Dec):107 | Type:SDP
[Checker] Predicted Drop: Packet ID 154 is INVALID (Src:0001 Tgt:0011). Ignoring.
[Driver_0] ID:154 Name:pkt_0 | Src:0001 Tgt:0011 | Data(Hex):87 Data(Dec):135 | Type:MDP
[Checker] Predicted Drop: Packet ID 155 is INVALID (Src:0010 Tgt:0111). Ignoring.
[Driver_1] ID:155 Name:pkt_1 | Src:0010 Tgt:0111 | Data(Hex):12 Data(Dec):18 | Type:MDP
[Driver_3] ID:156 Name:pkt_3 | Src:1000 Tgt:0100 | Data(Hex):c0 Data(Dec):192 | Type:SDP
[Monitor_0] ID:157 Name:monitored | Src:1000 Tgt:0011 | Data(Hex):76 Data(Dec):118 | Type:MDP
[Monitor_1] ID:158 Name:monitored | Src:1000 Tgt:0011 | Data(Hex):76 Data(Dec):118 | Type:MDP
[Driver_0] ID:159 Name:pkt_0 | Src:0001 Tgt:1111 | Data(Hex):6a Data(Dec):106 | Type:BDP
[Monitor_2] ID:160 Name:monitored | Src:1000 Tgt:0100 | Data(Hex):c0 Data(Dec):192 | Type:SDP
[Driver_1] ID:161 Name:pkt_1 | Src:0010 Tgt:1101 | Data(Hex):ff Data(Dec):255 | Type:MDP
[Checker] Predicted Drop: Packet ID 162 is INVALID (Src:0100 Tgt:1101). Ignoring.
[Driver_2] ID:162 Name:pkt_2 | Src:0100 Tgt:1101 | Data(Hex):ad Data(Dec):173 | Type:MDP
[Monitor_0] ID:163 Name:monitored | Src:0001 Tgt:1111 | Data(Hex):6a Data(Dec):106 | Type:BDP
[Monitor_1] ID:164 Name:monitored | Src:0001 Tgt:1111 | Data(Hex):6a Data(Dec):106 | Type:BDP
[Monitor_2] ID:165 Name:monitored | Src:0001 Tgt:1111 | Data(Hex):6a Data(Dec):106 | Type:BDP
[Monitor_3] ID:166 Name:monitored | Src:0001 Tgt:1111 | Data(Hex):6a Data(Dec):106 | Type:BDP
[Checker] Predicted Drop: Packet ID 167 is INVALID (Src:1000 Tgt:1101). Ignoring.
[Driver_3] ID:167 Name:pkt_3 | Src:1000 Tgt:1101 | Data(Hex):de Data(Dec):222 | Type:MDP
[Monitor_0] ID:168 Name:monitored | Src:0010 Tgt:1101 | Data(Hex):ff Data(Dec):255 | Type:MDP
[Monitor_2] ID:169 Name:monitored | Src:0010 Tgt:1101 | Data(Hex):ff Data(Dec):255 | Type:MDP
[Monitor_3] ID:170 Name:monitored | Src:0010 Tgt:1101 | Data(Hex):ff Data(Dec):255 | Type:MDP
[Checker] Predicted Drop: Packet ID 171 is INVALID (Src:0001 Tgt:1101). Ignoring.
[Driver_0] ID:171 Name:pkt_0 | Src:0001 Tgt:1101 | Data(Hex):22 Data(Dec):34 | Type:MDP
[Driver_2] ID:172 Name:pkt_2 | Src:0100 Tgt:1001 | Data(Hex):a1 Data(Dec):161 | Type:MDP
[Driver_1] ID:173 Name:pkt_1 | Src:0010 Tgt:0001 | Data(Hex):38 Data(Dec):56 | Type:SDP
[Checker] Predicted Drop: Packet ID 174 is INVALID (Src:0001 Tgt:1001). Ignoring.
[Driver_0] ID:174 Name:pkt_0 | Src:0001 Tgt:1001 | Data(Hex):4e Data(Dec):78 | Type:MDP
[Checker] Predicted Drop: Packet ID 175 is INVALID (Src:1000 Tgt:1011). Ignoring.
[Driver_3] ID:175 Name:pkt_3 | Src:1000 Tgt:1011 | Data(Hex):79 Data(Dec):121 | Type:MDP
[Monitor_0] ID:176 Name:monitored | Src:0100 Tgt:1001 | Data(Hex):a1 Data(Dec):161 | Type:MDP
[Monitor_3] ID:177 Name:monitored | Src:0100 Tgt:1001 | Data(Hex):a1 Data(Dec):161 | Type:MDP
[Driver_2] ID:178 Name:pkt_2 | Src:0100 Tgt:1000 | Data(Hex):5b Data(Dec):91 | Type:SDP
[Checker] Predicted Drop: Packet ID 179 is INVALID (Src:0001 Tgt:1101). Ignoring.
[Driver_0] ID:179 Name:pkt_0 | Src:0001 Tgt:1101 | Data(Hex):a4 Data(Dec):164 | Type:MDP
[Monitor_0] ID:180 Name:monitored | Src:0010 Tgt:0001 | Data(Hex):38 Data(Dec):56 | Type:SDP
[Checker] Predicted Drop: Packet ID 181 is INVALID (Src:1000 Tgt:1001). Ignoring.
[Driver_3] ID:181 Name:pkt_3 | Src:1000 Tgt:1001 | Data(Hex):2c Data(Dec):44 | Type:MDP
[Driver_1] ID:182 Name:pkt_1 | Src:0010 Tgt:1000 | Data(Hex):88 Data(Dec):136 | Type:SDP
[Monitor_3] ID:183 Name:monitored | Src:0100 Tgt:1000 | Data(Hex):5b Data(Dec):91 | Type:SDP
[Checker] Predicted Drop: Packet ID 184 is INVALID (Src:0001 Tgt:0000). Ignoring.
[Driver_0] ID:184 Name:pkt_0 | Src:0001 Tgt:0000 | Data(Hex):d6 Data(Dec):214 | Type:ERR
[Driver_1] ID:185 Name:pkt_1 | Src:0010 Tgt:0100 | Data(Hex):d2 Data(Dec):210 | Type:SDP
[Checker] Predicted Drop: Packet ID 186 is INVALID (Src:0100 Tgt:0101). Ignoring.
[Driver_2] ID:186 Name:pkt_2 | Src:0100 Tgt:0101 | Data(Hex):9e Data(Dec):158 | Type:MDP
[Checker] Predicted Drop: Packet ID 187 is INVALID (Src:0001 Tgt:1001). Ignoring.
[Driver_0] ID:187 Name:pkt_0 | Src:0001 Tgt:1001 | Data(Hex):a5 Data(Dec):165 | Type:MDP
[Checker] Predicted Drop: Packet ID 188 is INVALID (Src:1000 Tgt:1110). Ignoring.
[Driver_3] ID:188 Name:pkt_3 | Src:1000 Tgt:1110 | Data(Hex):81 Data(Dec):129 | Type:MDP
[Monitor_3] ID:189 Name:monitored | Src:0010 Tgt:1000 | Data(Hex):88 Data(Dec):136 | Type:SDP
[Checker] Predicted Drop: Packet ID 190 is INVALID (Src:0100 Tgt:0111). Ignoring.
[Driver_2] ID:190 Name:pkt_2 | Src:0100 Tgt:0111 | Data(Hex):c2 Data(Dec):194 | Type:MDP
[Driver_0] ID:191 Name:pkt_0 | Src:0001 Tgt:1000 | Data(Hex):67 Data(Dec):103 | Type:SDP
[Monitor_2] ID:192 Name:monitored | Src:0010 Tgt:0100 | Data(Hex):d2 Data(Dec):210 | Type:SDP
[Driver_3] ID:193 Name:pkt_3 | Src:1000 Tgt:0101 | Data(Hex):56 Data(Dec):86 | Type:MDP
[Monitor_3] ID:194 Name:monitored | Src:0001 Tgt:1000 | Data(Hex):67 Data(Dec):103 | Type:SDP
[Driver_1] ID:195 Name:pkt_1 | Src:0010 Tgt:1000 | Data(Hex):f4 Data(Dec):244 | Type:SDP
[Driver_0] ID:196 Name:pkt_0 | Src:0001 Tgt:1000 | Data(Hex):b0 Data(Dec):176 | Type:SDP
[Monitor_0] ID:197 Name:monitored | Src:1000 Tgt:0101 | Data(Hex):56 Data(Dec):86 | Type:MDP
[Monitor_2] ID:198 Name:monitored | Src:1000 Tgt:0101 | Data(Hex):56 Data(Dec):86 | Type:MDP
[Checker] Predicted Drop: Packet ID 199 is INVALID (Src:0100 Tgt:1110). Ignoring.
[Driver_2] ID:199 Name:pkt_2 | Src:0100 Tgt:1110 | Data(Hex):ff Data(Dec):255 | Type:MDP
[Driver_3] ID:200 Name:pkt_3 | Src:1000 Tgt:0001 | Data(Hex):77 Data(Dec):119 | Type:SDP
[Monitor_3] ID:201 Name:monitored | Src:0010 Tgt:1000 | Data(Hex):f4 Data(Dec):244 | Type:SDP
[Checker] Predicted Drop: Packet ID 202 is INVALID (Src:0100 Tgt:0100). Ignoring.
[Driver_2] ID:202 Name:pkt_2 | Src:0100 Tgt:0100 | Data(Hex):f6 Data(Dec):246 | Type:SDP
[Monitor_3] ID:203 Name:monitored | Src:0001 Tgt:1000 | Data(Hex):b0 Data(Dec):176 | Type:SDP
[Monitor_0] ID:204 Name:monitored | Src:1000 Tgt:0001 | Data(Hex):77 Data(Dec):119 | Type:SDP
[Checker] Predicted Drop: Packet ID 205 is INVALID (Src:0010 Tgt:0010). Ignoring.
[Driver_1] ID:205 Name:pkt_1 | Src:0010 Tgt:0010 | Data(Hex):25 Data(Dec):37 | Type:SDP
[Driver_0] ID:206 Name:pkt_0 | Src:0001 Tgt:1010 | Data(Hex):9b Data(Dec):155 | Type:MDP
[Checker] Predicted Drop: Packet ID 207 is INVALID (Src:1000 Tgt:1000). Ignoring.
[Driver_3] ID:207 Name:pkt_3 | Src:1000 Tgt:1000 | Data(Hex):28 Data(Dec):40 | Type:SDP
[Driver_2] ID:208 Name:pkt_2 | Src:0100 Tgt:1000 | Data(Hex):53 Data(Dec):83 | Type:SDP
[Checker] Predicted Drop: Packet ID 209 is INVALID (Src:0010 Tgt:0110). Ignoring.
[Driver_1] ID:209 Name:pkt_1 | Src:0010 Tgt:0110 | Data(Hex):6b Data(Dec):107 | Type:MDP
[Monitor_1] ID:210 Name:monitored | Src:0001 Tgt:1010 | Data(Hex):9b Data(Dec):155 | Type:MDP
[Monitor_3] ID:211 Name:monitored | Src:0001 Tgt:1010 | Data(Hex):9b Data(Dec):155 | Type:MDP
[Monitor_3] ID:212 Name:monitored | Src:0100 Tgt:1000 | Data(Hex):53 Data(Dec):83 | Type:SDP
[Driver_3] ID:213 Name:pkt_3 | Src:1000 Tgt:1111 | Data(Hex):49 Data(Dec):73 | Type:BDP
[Checker] Predicted Drop: Packet ID 214 is INVALID (Src:0001 Tgt:1101). Ignoring.
[Driver_0] ID:214 Name:pkt_0 | Src:0001 Tgt:1101 | Data(Hex):f4 Data(Dec):244 | Type:MDP
[Driver_1] ID:215 Name:pkt_1 | Src:0010 Tgt:1111 | Data(Hex):e9 Data(Dec):233 | Type:BDP
[Driver_2] ID:216 Name:pkt_2 | Src:0100 Tgt:0011 | Data(Hex):f9 Data(Dec):249 | Type:MDP
[Monitor_0] ID:217 Name:monitored | Src:1000 Tgt:1111 | Data(Hex):49 Data(Dec):73 | Type:BDP
[Monitor_1] ID:218 Name:monitored | Src:1000 Tgt:1111 | Data(Hex):49 Data(Dec):73 | Type:BDP
[Monitor_2] ID:219 Name:monitored | Src:1000 Tgt:1111 | Data(Hex):49 Data(Dec):73 | Type:BDP
[Monitor_3] ID:220 Name:monitored | Src:1000 Tgt:1111 | Data(Hex):49 Data(Dec):73 | Type:BDP
[Driver_2] ID:221 Name:pkt_2 | Src:0100 Tgt:1011 | Data(Hex):18 Data(Dec):24 | Type:MDP
[Driver_3] ID:222 Name:pkt_3 | Src:1000 Tgt:0101 | Data(Hex):a1 Data(Dec):161 | Type:MDP
[Monitor_0] ID:223 Name:monitored | Src:0010 Tgt:1111 | Data(Hex):e9 Data(Dec):233 | Type:BDP
[Monitor_1] ID:224 Name:monitored | Src:0010 Tgt:1111 | Data(Hex):e9 Data(Dec):233 | Type:BDP
[Monitor_2] ID:225 Name:monitored | Src:0010 Tgt:1111 | Data(Hex):e9 Data(Dec):233 | Type:BDP
[Monitor_3] ID:226 Name:monitored | Src:0010 Tgt:1111 | Data(Hex):e9 Data(Dec):233 | Type:BDP
[Monitor_0] ID:227 Name:monitored | Src:0100 Tgt:0011 | Data(Hex):f9 Data(Dec):249 | Type:MDP
[Monitor_1] ID:228 Name:monitored | Src:0100 Tgt:0011 | Data(Hex):f9 Data(Dec):249 | Type:MDP
[Driver_1] ID:229 Name:pkt_1 | Src:0010 Tgt:0001 | Data(Hex):61 Data(Dec):97 | Type:SDP
[Checker] Predicted Drop: Packet ID 230 is INVALID (Src:0001 Tgt:1101). Ignoring.
[Driver_0] ID:230 Name:pkt_0 | Src:0001 Tgt:1101 | Data(Hex):0f Data(Dec):15 | Type:MDP
[Driver_2] ID:231 Name:pkt_2 | Src:0100 Tgt:1011 | Data(Hex):b3 Data(Dec):179 | Type:MDP
[Monitor_0] ID:232 Name:monitored | Src:0100 Tgt:1011 | Data(Hex):18 Data(Dec):24 | Type:MDP
[Monitor_1] ID:233 Name:monitored | Src:0100 Tgt:1011 | Data(Hex):18 Data(Dec):24 | Type:MDP
[Monitor_3] ID:234 Name:monitored | Src:0100 Tgt:1011 | Data(Hex):18 Data(Dec):24 | Type:MDP
[Monitor_0] ID:235 Name:monitored | Src:1000 Tgt:0101 | Data(Hex):a1 Data(Dec):161 | Type:MDP
[Monitor_2] ID:236 Name:monitored | Src:1000 Tgt:0101 | Data(Hex):a1 Data(Dec):161 | Type:MDP
[Checker] Predicted Drop: Packet ID 237 is INVALID (Src:1000 Tgt:0000). Ignoring.
[Driver_3] ID:237 Name:pkt_3 | Src:1000 Tgt:0000 | Data(Hex):9a Data(Dec):154 | Type:ERR
[Checker] Predicted Drop: Packet ID 238 is INVALID (Src:0010 Tgt:1010). Ignoring.
[Driver_1] ID:238 Name:pkt_1 | Src:0010 Tgt:1010 | Data(Hex):ac Data(Dec):172 | Type:MDP
[Monitor_0] ID:239 Name:monitored | Src:0010 Tgt:0001 | Data(Hex):61 Data(Dec):97 | Type:SDP
[Checker] Predicted Drop: Packet ID 240 is INVALID (Src:0001 Tgt:0101). Ignoring.
[Driver_0] ID:240 Name:pkt_0 | Src:0001 Tgt:0101 | Data(Hex):ca Data(Dec):202 | Type:MDP
[Checker] Predicted Drop: Packet ID 241 is INVALID (Src:0100 Tgt:1110). Ignoring.
[Driver_2] ID:241 Name:pkt_2 | Src:0100 Tgt:1110 | Data(Hex):b4 Data(Dec):180 | Type:MDP
[Monitor_0] ID:242 Name:monitored | Src:0100 Tgt:1011 | Data(Hex):b3 Data(Dec):179 | Type:MDP
[Monitor_1] ID:243 Name:monitored | Src:0100 Tgt:1011 | Data(Hex):b3 Data(Dec):179 | Type:MDP
[Monitor_3] ID:244 Name:monitored | Src:0100 Tgt:1011 | Data(Hex):b3 Data(Dec):179 | Type:MDP
[Checker] Predicted Drop: Packet ID 245 is INVALID (Src:0010 Tgt:1011). Ignoring.
[Driver_1] ID:245 Name:pkt_1 | Src:0010 Tgt:1011 | Data(Hex):21 Data(Dec):33 | Type:MDP
[Driver_2] ID:246 Name:pkt_2 | Src:0100 Tgt:1010 | Data(Hex):31 Data(Dec):49 | Type:MDP
[Driver_3] ID:247 Name:pkt_3 | Src:1000 Tgt:1111 | Data(Hex):02 Data(Dec):2 | Type:BDP
[Checker] Predicted Drop: Packet ID 248 is INVALID (Src:0001 Tgt:0000). Ignoring.
[Driver_0] ID:248 Name:pkt_0 | Src:0001 Tgt:0000 | Data(Hex):9a Data(Dec):154 | Type:ERR
[Checker] Predicted Drop: Packet ID 249 is INVALID (Src:0100 Tgt:1110). Ignoring.
[Driver_2] ID:249 Name:pkt_2 | Src:0100 Tgt:1110 | Data(Hex):2a Data(Dec):42 | Type:MDP
[Checker] Predicted Drop: Packet ID 250 is INVALID (Src:0010 Tgt:1110). Ignoring.
[Driver_1] ID:250 Name:pkt_1 | Src:0010 Tgt:1110 | Data(Hex):16 Data(Dec):22 | Type:MDP
[Monitor_1] ID:251 Name:monitored | Src:0100 Tgt:1010 | Data(Hex):31 Data(Dec):49 | Type:MDP
[Monitor_3] ID:252 Name:monitored | Src:0100 Tgt:1010 | Data(Hex):31 Data(Dec):49 | Type:MDP
[Monitor_0] ID:253 Name:monitored | Src:1000 Tgt:1111 | Data(Hex):02 Data(Dec):2 | Type:BDP
[Monitor_1] ID:254 Name:monitored | Src:1000 Tgt:1111 | Data(Hex):02 Data(Dec):2 | Type:BDP
[Monitor_2] ID:255 Name:monitored | Src:1000 Tgt:1111 | Data(Hex):02 Data(Dec):2 | Type:BDP
[Monitor_3] ID:256 Name:monitored | Src:1000 Tgt:1111 | Data(Hex):02 Data(Dec):2 | Type:BDP
[Driver_2] ID:257 Name:pkt_2 | Src:0100 Tgt:0010 | Data(Hex):40 Data(Dec):64 | Type:SDP
[Checker] Predicted Drop: Packet ID 258 is INVALID (Src:0001 Tgt:1101). Ignoring.
[Driver_0] ID:258 Name:pkt_0 | Src:0001 Tgt:1101 | Data(Hex):ee Data(Dec):238 | Type:MDP
[Checker] Predicted Drop: Packet ID 259 is INVALID (Src:0010 Tgt:0000). Ignoring.
[Driver_1] ID:259 Name:pkt_1 | Src:0010 Tgt:0000 | Data(Hex):7b Data(Dec):123 | Type:ERR
[Driver_3] ID:260 Name:pkt_3 | Src:1000 Tgt:0001 | Data(Hex):a9 Data(Dec):169 | Type:SDP
[Checker] Predicted Drop: Packet ID 261 is INVALID (Src:0100 Tgt:0101). Ignoring.
[Driver_2] ID:261 Name:pkt_2 | Src:0100 Tgt:0101 | Data(Hex):c4 Data(Dec):196 | Type:MDP
[Monitor_1] ID:262 Name:monitored | Src:0100 Tgt:0010 | Data(Hex):40 Data(Dec):64 | Type:SDP
[Monitor_0] ID:263 Name:monitored | Src:1000 Tgt:0001 | Data(Hex):a9 Data(Dec):169 | Type:SDP
[Driver_3] ID:264 Name:pkt_3 | Src:1000 Tgt:0011 | Data(Hex):5c Data(Dec):92 | Type:MDP
[Driver_1] ID:265 Name:pkt_1 | Src:0010 Tgt:0100 | Data(Hex):d9 Data(Dec):217 | Type:SDP
[Driver_2] ID:266 Name:pkt_2 | Src:0100 Tgt:0001 | Data(Hex):dd Data(Dec):221 | Type:SDP
[Checker] Predicted Drop: Packet ID 267 is INVALID (Src:0001 Tgt:0111). Ignoring.
[Driver_0] ID:267 Name:pkt_0 | Src:0001 Tgt:0111 | Data(Hex):ed Data(Dec):237 | Type:MDP
[Checker] Predicted Drop: Packet ID 268 is INVALID (Src:1000 Tgt:1101). Ignoring.
[Driver_3] ID:268 Name:pkt_3 | Src:1000 Tgt:1101 | Data(Hex):37 Data(Dec):55 | Type:MDP
[Monitor_0] ID:269 Name:monitored | Src:1000 Tgt:0011 | Data(Hex):5c Data(Dec):92 | Type:MDP
[Monitor_1] ID:270 Name:monitored | Src:1000 Tgt:0011 | Data(Hex):5c Data(Dec):92 | Type:MDP
[Driver_2] ID:271 Name:pkt_2 | Src:0100 Tgt:0011 | Data(Hex):12 Data(Dec):18 | Type:MDP
[Driver_1] ID:272 Name:pkt_1 | Src:0010 Tgt:0101 | Data(Hex):1d Data(Dec):29 | Type:MDP
[Checker] Predicted Drop: Packet ID 273 is INVALID (Src:1000 Tgt:1010). Ignoring.
[Driver_3] ID:273 Name:pkt_3 | Src:1000 Tgt:1010 | Data(Hex):d5 Data(Dec):213 | Type:MDP
[Monitor_0] ID:274 Name:monitored | Src:0100 Tgt:0001 | Data(Hex):dd Data(Dec):221 | Type:SDP
[Monitor_2] ID:275 Name:monitored | Src:0010 Tgt:0100 | Data(Hex):d9 Data(Dec):217 | Type:SDP
[Driver_0] ID:276 Name:pkt_0 | Src:0001 Tgt:0010 | Data(Hex):2e Data(Dec):46 | Type:SDP
[Monitor_0] ID:277 Name:monitored | Src:0100 Tgt:0011 | Data(Hex):12 Data(Dec):18 | Type:MDP
[Monitor_1] ID:278 Name:monitored | Src:0100 Tgt:0011 | Data(Hex):12 Data(Dec):18 | Type:MDP
[Monitor_0] ID:279 Name:monitored | Src:0010 Tgt:0101 | Data(Hex):1d Data(Dec):29 | Type:MDP
[Monitor_2] ID:280 Name:monitored | Src:0010 Tgt:0101 | Data(Hex):1d Data(Dec):29 | Type:MDP
[Driver_2] ID:281 Name:pkt_2 | Src:0100 Tgt:1001 | Data(Hex):2a Data(Dec):42 | Type:MDP
[Driver_1] ID:282 Name:pkt_1 | Src:0010 Tgt:0001 | Data(Hex):96 Data(Dec):150 | Type:SDP
[Monitor_1] ID:283 Name:monitored | Src:0001 Tgt:0010 | Data(Hex):2e Data(Dec):46 | Type:SDP
[Driver_3] ID:284 Name:pkt_3 | Src:1000 Tgt:0010 | Data(Hex):c5 Data(Dec):197 | Type:SDP
[Checker] Predicted Drop: Packet ID 285 is INVALID (Src:0010 Tgt:1011). Ignoring.
[Driver_1] ID:285 Name:pkt_1 | Src:0010 Tgt:1011 | Data(Hex):ba Data(Dec):186 | Type:MDP
[Monitor_0] ID:286 Name:monitored | Src:0100 Tgt:1001 | Data(Hex):2a Data(Dec):42 | Type:MDP
[Monitor_3] ID:287 Name:monitored | Src:0100 Tgt:1001 | Data(Hex):2a Data(Dec):42 | Type:MDP
[Checker] Predicted Drop: Packet ID 288 is INVALID (Src:0100 Tgt:1101). Ignoring.
[Driver_2] ID:288 Name:pkt_2 | Src:0100 Tgt:1101 | Data(Hex):cb Data(Dec):203 | Type:MDP
[Monitor_0] ID:289 Name:monitored | Src:0010 Tgt:0001 | Data(Hex):96 Data(Dec):150 | Type:SDP
[Driver_0] ID:290 Name:pkt_0 | Src:0001 Tgt:0100 | Data(Hex):7e Data(Dec):126 | Type:SDP
[Monitor_1] ID:291 Name:monitored | Src:1000 Tgt:0010 | Data(Hex):c5 Data(Dec):197 | Type:SDP
[Checker] Predicted Drop: Packet ID 292 is INVALID (Src:0100 Tgt:0100). Ignoring.
[Driver_2] ID:292 Name:pkt_2 | Src:0100 Tgt:0100 | Data(Hex):d9 Data(Dec):217 | Type:SDP
[Monitor_2] ID:293 Name:monitored | Src:0001 Tgt:0100 | Data(Hex):7e Data(Dec):126 | Type:SDP
[Driver_1] ID:294 Name:pkt_1 | Src:0010 Tgt:1100 | Data(Hex):b1 Data(Dec):177 | Type:MDP
[Checker] Predicted Drop: Packet ID 295 is INVALID (Src:1000 Tgt:1000). Ignoring.
[Driver_3] ID:295 Name:pkt_3 | Src:1000 Tgt:1000 | Data(Hex):d6 Data(Dec):214 | Type:SDP
[Checker] Predicted Drop: Packet ID 296 is INVALID (Src:0001 Tgt:0101). Ignoring.
[Driver_0] ID:296 Name:pkt_0 | Src:0001 Tgt:0101 | Data(Hex):68 Data(Dec):104 | Type:MDP
[Monitor_2] ID:297 Name:monitored | Src:0010 Tgt:1100 | Data(Hex):b1 Data(Dec):177 | Type:MDP
[Monitor_3] ID:298 Name:monitored | Src:0010 Tgt:1100 | Data(Hex):b1 Data(Dec):177 | Type:MDP
[Checker] Predicted Drop: Packet ID 299 is INVALID (Src:0010 Tgt:1011). Ignoring.
[Driver_1] ID:299 Name:pkt_1 | Src:0010 Tgt:1011 | Data(Hex):0b Data(Dec):11 | Type:MDP
[Checker] Predicted Drop: Packet ID 300 is INVALID (Src:0100 Tgt:0100). Ignoring.
[Driver_2] ID:300 Name:pkt_2 | Src:0100 Tgt:0100 | Data(Hex):8e Data(Dec):142 | Type:SDP
[Driver_3] ID:301 Name:pkt_3 | Src:1000 Tgt:0011 | Data(Hex):16 Data(Dec):22 | Type:MDP
[Driver_0] ID:302 Name:pkt_0 | Src:0001 Tgt:1010 | Data(Hex):b0 Data(Dec):176 | Type:MDP
[Driver_2] ID:303 Name:pkt_2 | Src:0100 Tgt:1111 | Data(Hex):96 Data(Dec):150 | Type:BDP
[Monitor_0] ID:304 Name:monitored | Src:1000 Tgt:0011 | Data(Hex):16 Data(Dec):22 | Type:MDP
[Monitor_1] ID:305 Name:monitored | Src:1000 Tgt:0011 | Data(Hex):16 Data(Dec):22 | Type:MDP
[Driver_2] ID:306 Name:pkt_2 | Src:0100 Tgt:0011 | Data(Hex):eb Data(Dec):235 | Type:MDP
[Monitor_0] ID:307 Name:monitored | Src:0100 Tgt:1111 | Data(Hex):96 Data(Dec):150 | Type:BDP
[Monitor_1] ID:308 Name:monitored | Src:0100 Tgt:1111 | Data(Hex):96 Data(Dec):150 | Type:BDP
[Monitor_2] ID:309 Name:monitored | Src:0100 Tgt:1111 | Data(Hex):96 Data(Dec):150 | Type:BDP
[Monitor_3] ID:310 Name:monitored | Src:0100 Tgt:1111 | Data(Hex):96 Data(Dec):150 | Type:BDP
[Driver_1] ID:311 Name:pkt_1 | Src:0010 Tgt:1100 | Data(Hex):56 Data(Dec):86 | Type:MDP
[Checker] Predicted Drop: Packet ID 312 is INVALID (Src:1000 Tgt:1010). Ignoring.
[Driver_3] ID:312 Name:pkt_3 | Src:1000 Tgt:1010 | Data(Hex):10 Data(Dec):16 | Type:MDP
[Monitor_1] ID:313 Name:monitored | Src:0001 Tgt:1010 | Data(Hex):b0 Data(Dec):176 | Type:MDP
[Monitor_3] ID:314 Name:monitored | Src:0001 Tgt:1010 | Data(Hex):b0 Data(Dec):176 | Type:MDP
[Driver_0] ID:315 Name:pkt_0 | Src:0001 Tgt:1111 | Data(Hex):6a Data(Dec):106 | Type:BDP
[Monitor_0] ID:316 Name:monitored | Src:0100 Tgt:0011 | Data(Hex):eb Data(Dec):235 | Type:MDP
[Monitor_1] ID:317 Name:monitored | Src:0100 Tgt:0011 | Data(Hex):eb Data(Dec):235 | Type:MDP
[Monitor_2] ID:318 Name:monitored | Src:0010 Tgt:1100 | Data(Hex):56 Data(Dec):86 | Type:MDP
[Monitor_3] ID:319 Name:monitored | Src:0010 Tgt:1100 | Data(Hex):56 Data(Dec):86 | Type:MDP
[Driver_2] ID:320 Name:pkt_2 | Src:0100 Tgt:0001 | Data(Hex):0e Data(Dec):14 | Type:SDP
[Monitor_0] ID:321 Name:monitored | Src:0001 Tgt:1111 | Data(Hex):6a Data(Dec):106 | Type:BDP
[Monitor_1] ID:322 Name:monitored | Src:0001 Tgt:1111 | Data(Hex):6a Data(Dec):106 | Type:BDP
[Monitor_2] ID:323 Name:monitored | Src:0001 Tgt:1111 | Data(Hex):6a Data(Dec):106 | Type:BDP
[Monitor_3] ID:324 Name:monitored | Src:0001 Tgt:1111 | Data(Hex):6a Data(Dec):106 | Type:BDP
[Checker] Predicted Drop: Packet ID 325 is INVALID (Src:1000 Tgt:1010). Ignoring.
[Driver_3] ID:325 Name:pkt_3 | Src:1000 Tgt:1010 | Data(Hex):09 Data(Dec):9 | Type:MDP
[Driver_1] ID:326 Name:pkt_1 | Src:0010 Tgt:0100 | Data(Hex):47 Data(Dec):71 | Type:SDP
[Checker] Predicted Drop: Packet ID 327 is INVALID (Src:0001 Tgt:0101). Ignoring.
[Driver_0] ID:327 Name:pkt_0 | Src:0001 Tgt:0101 | Data(Hex):cc Data(Dec):204 | Type:MDP
[Monitor_0] ID:328 Name:monitored | Src:0100 Tgt:0001 | Data(Hex):0e Data(Dec):14 | Type:SDP
[Driver_3] ID:329 Name:pkt_3 | Src:1000 Tgt:0011 | Data(Hex):24 Data(Dec):36 | Type:MDP
[Monitor_2] ID:330 Name:monitored | Src:0010 Tgt:0100 | Data(Hex):47 Data(Dec):71 | Type:SDP
[Checker] Predicted Drop: Packet ID 331 is INVALID (Src:0001 Tgt:0001). Ignoring.
[Driver_0] ID:331 Name:pkt_0 | Src:0001 Tgt:0001 | Data(Hex):55 Data(Dec):85 | Type:SDP
[Driver_2] ID:332 Name:pkt_2 | Src:0100 Tgt:1000 | Data(Hex):61 Data(Dec):97 | Type:SDP
[Driver_1] ID:333 Name:pkt_1 | Src:0010 Tgt:0101 | Data(Hex):d2 Data(Dec):210 | Type:MDP
[Monitor_0] ID:334 Name:monitored | Src:1000 Tgt:0011 | Data(Hex):24 Data(Dec):36 | Type:MDP
[Monitor_1] ID:335 Name:monitored | Src:1000 Tgt:0011 | Data(Hex):24 Data(Dec):36 | Type:MDP
[Driver_3] ID:336 Name:pkt_3 | Src:1000 Tgt:0011 | Data(Hex):cf Data(Dec):207 | Type:MDP
[Checker] Predicted Drop: Packet ID 337 is INVALID (Src:0010 Tgt:1110). Ignoring.
[Driver_1] ID:337 Name:pkt_1 | Src:0010 Tgt:1110 | Data(Hex):9e Data(Dec):158 | Type:MDP
[Monitor_3] ID:338 Name:monitored | Src:0100 Tgt:1000 | Data(Hex):61 Data(Dec):97 | Type:SDP
[Monitor_0] ID:339 Name:monitored | Src:0010 Tgt:0101 | Data(Hex):d2 Data(Dec):210 | Type:MDP
[Monitor_2] ID:340 Name:monitored | Src:0010 Tgt:0101 | Data(Hex):d2 Data(Dec):210 | Type:MDP
[Monitor_0] ID:341 Name:monitored | Src:1000 Tgt:0011 | Data(Hex):cf Data(Dec):207 | Type:MDP
[Monitor_1] ID:342 Name:monitored | Src:1000 Tgt:0011 | Data(Hex):cf Data(Dec):207 | Type:MDP
[Driver_0] ID:343 Name:pkt_0 | Src:0001 Tgt:1100 | Data(Hex):04 Data(Dec):4 | Type:MDP
[Driver_2] ID:344 Name:pkt_2 | Src:0100 Tgt:1001 | Data(Hex):7f Data(Dec):127 | Type:MDP
[Driver_3] ID:345 Name:pkt_3 | Src:1000 Tgt:0100 | Data(Hex):53 Data(Dec):83 | Type:SDP
[Monitor_2] ID:346 Name:monitored | Src:0001 Tgt:1100 | Data(Hex):04 Data(Dec):4 | Type:MDP
[Monitor_3] ID:347 Name:monitored | Src:0001 Tgt:1100 | Data(Hex):04 Data(Dec):4 | Type:MDP
[Driver_1] ID:348 Name:pkt_1 | Src:0010 Tgt:1100 | Data(Hex):65 Data(Dec):101 | Type:MDP
[Driver_0] ID:349 Name:pkt_0 | Src:0001 Tgt:1110 | Data(Hex):39 Data(Dec):57 | Type:MDP
[Monitor_0] ID:350 Name:monitored | Src:0100 Tgt:1001 | Data(Hex):7f Data(Dec):127 | Type:MDP
[Monitor_2] ID:351 Name:monitored | Src:1000 Tgt:0100 | Data(Hex):53 Data(Dec):83 | Type:SDP
[Monitor_3] ID:352 Name:monitored | Src:0100 Tgt:1001 | Data(Hex):7f Data(Dec):127 | Type:MDP
[Checker] Predicted Drop: Packet ID 353 is INVALID (Src:0100 Tgt:0100). Ignoring.
[Driver_2] ID:353 Name:pkt_2 | Src:0100 Tgt:0100 | Data(Hex):57 Data(Dec):87 | Type:SDP
[Monitor_2] ID:354 Name:monitored | Src:0010 Tgt:1100 | Data(Hex):65 Data(Dec):101 | Type:MDP
[Monitor_3] ID:355 Name:monitored | Src:0010 Tgt:1100 | Data(Hex):65 Data(Dec):101 | Type:MDP
[Monitor_1] ID:356 Name:monitored | Src:0001 Tgt:1110 | Data(Hex):39 Data(Dec):57 | Type:MDP
[Monitor_2] ID:357 Name:monitored | Src:0001 Tgt:1110 | Data(Hex):39 Data(Dec):57 | Type:MDP
[Monitor_3] ID:358 Name:monitored | Src:0001 Tgt:1110 | Data(Hex):39 Data(Dec):57 | Type:MDP
[Driver_3] ID:359 Name:pkt_3 | Src:1000 Tgt:0001 | Data(Hex):02 Data(Dec):2 | Type:SDP
[Driver_1] ID:360 Name:pkt_1 | Src:0010 Tgt:1100 | Data(Hex):a7 Data(Dec):167 | Type:MDP
[Checker] Predicted Drop: Packet ID 361 is INVALID (Src:0100 Tgt:1101). Ignoring.
[Driver_2] ID:361 Name:pkt_2 | Src:0100 Tgt:1101 | Data(Hex):ba Data(Dec):186 | Type:MDP
[Driver_0] ID:362 Name:pkt_0 | Src:0001 Tgt:1010 | Data(Hex):95 Data(Dec):149 | Type:MDP
[Monitor_0] ID:363 Name:monitored | Src:1000 Tgt:0001 | Data(Hex):02 Data(Dec):2 | Type:SDP
[Monitor_1] ID:364 Name:monitored | Src:0001 Tgt:1010 | Data(Hex):95 Data(Dec):149 | Type:MDP
[Monitor_3] ID:365 Name:monitored | Src:0001 Tgt:1010 | Data(Hex):95 Data(Dec):149 | Type:MDP
[Monitor_2] ID:366 Name:monitored | Src:0010 Tgt:1100 | Data(Hex):a7 Data(Dec):167 | Type:MDP
[Monitor_3] ID:367 Name:monitored | Src:0010 Tgt:1100 | Data(Hex):a7 Data(Dec):167 | Type:MDP
[Driver_0] ID:368 Name:pkt_0 | Src:0001 Tgt:0100 | Data(Hex):e4 Data(Dec):228 | Type:SDP
[Driver_2] ID:369 Name:pkt_2 | Src:0100 Tgt:0001 | Data(Hex):b4 Data(Dec):180 | Type:SDP
[Driver_3] ID:370 Name:pkt_3 | Src:1000 Tgt:0111 | Data(Hex):bf Data(Dec):191 | Type:MDP
[Driver_1] ID:371 Name:pkt_1 | Src:0010 Tgt:0100 | Data(Hex):04 Data(Dec):4 | Type:SDP
[Checker] Predicted Drop: Packet ID 372 is INVALID (Src:1000 Tgt:0000). Ignoring.
[Driver_3] ID:372 Name:pkt_3 | Src:1000 Tgt:0000 | Data(Hex):b9 Data(Dec):185 | Type:ERR
[Monitor_0] ID:373 Name:monitored | Src:0100 Tgt:0001 | Data(Hex):b4 Data(Dec):180 | Type:SDP
[Monitor_2] ID:374 Name:monitored | Src:0001 Tgt:0100 | Data(Hex):e4 Data(Dec):228 | Type:SDP
[Checker] Predicted Drop: Packet ID 375 is INVALID (Src:0100 Tgt:0100). Ignoring.
[Driver_2] ID:375 Name:pkt_2 | Src:0100 Tgt:0100 | Data(Hex):e0 Data(Dec):224 | Type:SDP
[Monitor_0] ID:376 Name:monitored | Src:1000 Tgt:0111 | Data(Hex):bf Data(Dec):191 | Type:MDP
[Monitor_1] ID:377 Name:monitored | Src:1000 Tgt:0111 | Data(Hex):bf Data(Dec):191 | Type:MDP
[Monitor_2] ID:378 Name:monitored | Src:1000 Tgt:0111 | Data(Hex):bf Data(Dec):191 | Type:MDP
[Monitor_2] ID:379 Name:monitored | Src:0010 Tgt:0100 | Data(Hex):04 Data(Dec):4 | Type:SDP
[Checker] Predicted Drop: Packet ID 380 is INVALID (Src:0001 Tgt:0000). Ignoring.
[Driver_0] ID:380 Name:pkt_0 | Src:0001 Tgt:0000 | Data(Hex):75 Data(Dec):117 | Type:ERR
[Checker] Predicted Drop: Packet ID 381 is INVALID (Src:0100 Tgt:0000). Ignoring.
[Driver_2] ID:381 Name:pkt_2 | Src:0100 Tgt:0000 | Data(Hex):a7 Data(Dec):167 | Type:ERR
[Driver_3] ID:382 Name:pkt_3 | Src:1000 Tgt:0011 | Data(Hex):d1 Data(Dec):209 | Type:MDP
[Driver_1] ID:383 Name:pkt_1 | Src:0010 Tgt:1111 | Data(Hex):23 Data(Dec):35 | Type:BDP
[Driver_0] ID:384 Name:pkt_0 | Src:0001 Tgt:0100 | Data(Hex):d8 Data(Dec):216 | Type:SDP
[Checker] Predicted Drop: Packet ID 385 is INVALID (Src:0100 Tgt:0101). Ignoring.
[Driver_2] ID:385 Name:pkt_2 | Src:0100 Tgt:0101 | Data(Hex):9e Data(Dec):158 | Type:MDP
[Driver_3] ID:386 Name:pkt_3 | Src:1000 Tgt:0110 | Data(Hex):cf Data(Dec):207 | Type:MDP
[Monitor_0] ID:387 Name:monitored | Src:1000 Tgt:0011 | Data(Hex):d1 Data(Dec):209 | Type:MDP
[Monitor_1] ID:388 Name:monitored | Src:1000 Tgt:0011 | Data(Hex):d1 Data(Dec):209 | Type:MDP
[Checker] Predicted Drop: Packet ID 389 is INVALID (Src:0100 Tgt:0100). Ignoring.
[Driver_2] ID:389 Name:pkt_2 | Src:0100 Tgt:0100 | Data(Hex):35 Data(Dec):53 | Type:SDP
[Monitor_0] ID:390 Name:monitored | Src:0010 Tgt:1111 | Data(Hex):23 Data(Dec):35 | Type:BDP
[Monitor_1] ID:391 Name:monitored | Src:0010 Tgt:1111 | Data(Hex):23 Data(Dec):35 | Type:BDP
[Monitor_2] ID:392 Name:monitored | Src:0010 Tgt:1111 | Data(Hex):23 Data(Dec):35 | Type:BDP
[Monitor_3] ID:393 Name:monitored | Src:0010 Tgt:1111 | Data(Hex):23 Data(Dec):35 | Type:BDP
[Monitor_1] ID:394 Name:monitored | Src:1000 Tgt:0110 | Data(Hex):cf Data(Dec):207 | Type:MDP
[Monitor_2] ID:395 Name:monitored | Src:1000 Tgt:0110 | Data(Hex):cf Data(Dec):207 | Type:MDP
[Driver_1] ID:396 Name:pkt_1 | Src:0010 Tgt:1100 | Data(Hex):75 Data(Dec):117 | Type:MDP
[Monitor_2] ID:397 Name:monitored | Src:0001 Tgt:0100 | Data(Hex):d8 Data(Dec):216 | Type:SDP
[Driver_0] ID:398 Name:pkt_0 | Src:0001 Tgt:1110 | Data(Hex):17 Data(Dec):23 | Type:MDP
[Checker] Predicted Drop: Packet ID 399 is INVALID (Src:0100 Tgt:0111). Ignoring.
[Driver_2] ID:399 Name:pkt_2 | Src:0100 Tgt:0111 | Data(Hex):2c Data(Dec):44 | Type:MDP
[Monitor_2] ID:400 Name:monitored | Src:0010 Tgt:1100 | Data(Hex):75 Data(Dec):117 | Type:MDP
[Monitor_3] ID:401 Name:monitored | Src:0010 Tgt:1100 | Data(Hex):75 Data(Dec):117 | Type:MDP
[Driver_3] ID:402 Name:pkt_3 | Src:1000 Tgt:0110 | Data(Hex):17 Data(Dec):23 | Type:MDP
[Driver_1] ID:403 Name:pkt_1 | Src:0010 Tgt:1111 | Data(Hex):19 Data(Dec):25 | Type:BDP
[Monitor_1] ID:404 Name:monitored | Src:0001 Tgt:1110 | Data(Hex):17 Data(Dec):23 | Type:MDP
[Monitor_2] ID:405 Name:monitored | Src:0001 Tgt:1110 | Data(Hex):17 Data(Dec):23 | Type:MDP
[Monitor_3] ID:406 Name:monitored | Src:0001 Tgt:1110 | Data(Hex):17 Data(Dec):23 | Type:MDP
[Checker] Predicted Drop: Packet ID 407 is INVALID (Src:0100 Tgt:0101). Ignoring.
[Driver_2] ID:407 Name:pkt_2 | Src:0100 Tgt:0101 | Data(Hex):99 Data(Dec):153 | Type:MDP
[Monitor_1] ID:408 Name:monitored | Src:1000 Tgt:0110 | Data(Hex):17 Data(Dec):23 | Type:MDP
[Monitor_2] ID:409 Name:monitored | Src:1000 Tgt:0110 | Data(Hex):17 Data(Dec):23 | Type:MDP
[Monitor_0] ID:410 Name:monitored | Src:0010 Tgt:1111 | Data(Hex):19 Data(Dec):25 | Type:BDP
[Monitor_1] ID:411 Name:monitored | Src:0010 Tgt:1111 | Data(Hex):19 Data(Dec):25 | Type:BDP
[Monitor_2] ID:412 Name:monitored | Src:0010 Tgt:1111 | Data(Hex):19 Data(Dec):25 | Type:BDP
[Monitor_3] ID:413 Name:monitored | Src:0010 Tgt:1111 | Data(Hex):19 Data(Dec):25 | Type:BDP
[Driver_2] ID:414 Name:pkt_2 | Src:0100 Tgt:1001 | Data(Hex):29 Data(Dec):41 | Type:MDP
[Checker] Predicted Drop: Packet ID 415 is INVALID (Src:0001 Tgt:0001). Ignoring.
[Driver_0] ID:415 Name:pkt_0 | Src:0001 Tgt:0001 | Data(Hex):61 Data(Dec):97 | Type:SDP
[Checker] Predicted Drop: Packet ID 416 is INVALID (Src:0010 Tgt:0110). Ignoring.
[Driver_1] ID:416 Name:pkt_1 | Src:0010 Tgt:0110 | Data(Hex):e7 Data(Dec):231 | Type:MDP
[Checker] Predicted Drop: Packet ID 417 is INVALID (Src:1000 Tgt:1101). Ignoring.
[Driver_3] ID:417 Name:pkt_3 | Src:1000 Tgt:1101 | Data(Hex):6d Data(Dec):109 | Type:MDP
[Driver_1] ID:418 Name:pkt_1 | Src:0010 Tgt:0001 | Data(Hex):31 Data(Dec):49 | Type:SDP
[Driver_0] ID:419 Name:pkt_0 | Src:0001 Tgt:1111 | Data(Hex):74 Data(Dec):116 | Type:BDP
[Monitor_0] ID:420 Name:monitored | Src:0100 Tgt:1001 | Data(Hex):29 Data(Dec):41 | Type:MDP
[Monitor_3] ID:421 Name:monitored | Src:0100 Tgt:1001 | Data(Hex):29 Data(Dec):41 | Type:MDP
[Checker] Predicted Drop: Packet ID 422 is INVALID (Src:0100 Tgt:1101). Ignoring.
[Driver_2] ID:422 Name:pkt_2 | Src:0100 Tgt:1101 | Data(Hex):e6 Data(Dec):230 | Type:MDP
[Monitor_0] ID:423 Name:monitored | Src:0010 Tgt:0001 | Data(Hex):31 Data(Dec):49 | Type:SDP
[Monitor_0] ID:424 Name:monitored | Src:0001 Tgt:1111 | Data(Hex):74 Data(Dec):116 | Type:BDP
[Monitor_1] ID:425 Name:monitored | Src:0001 Tgt:1111 | Data(Hex):74 Data(Dec):116 | Type:BDP
[Monitor_2] ID:426 Name:monitored | Src:0001 Tgt:1111 | Data(Hex):74 Data(Dec):116 | Type:BDP
[Monitor_3] ID:427 Name:monitored | Src:0001 Tgt:1111 | Data(Hex):74 Data(Dec):116 | Type:BDP
[Checker] Predicted Drop: Packet ID 428 is INVALID (Src:0001 Tgt:1001). Ignoring.
[Driver_0] ID:428 Name:pkt_0 | Src:0001 Tgt:1001 | Data(Hex):6d Data(Dec):109 | Type:MDP
[Checker] Predicted Drop: Packet ID 429 is INVALID (Src:1000 Tgt:1000). Ignoring.
[Driver_3] ID:429 Name:pkt_3 | Src:1000 Tgt:1000 | Data(Hex):13 Data(Dec):19 | Type:SDP
[Driver_1] ID:430 Name:pkt_1 | Src:0010 Tgt:0101 | Data(Hex):f3 Data(Dec):243 | Type:MDP
[Driver_3] ID:431 Name:pkt_3 | Src:1000 Tgt:0011 | Data(Hex):68 Data(Dec):104 | Type:MDP
[Monitor_0] ID:432 Name:monitored | Src:0010 Tgt:0101 | Data(Hex):f3 Data(Dec):243 | Type:MDP
[Monitor_2] ID:433 Name:monitored | Src:0010 Tgt:0101 | Data(Hex):f3 Data(Dec):243 | Type:MDP
[Monitor_0] ID:434 Name:monitored | Src:1000 Tgt:0011 | Data(Hex):68 Data(Dec):104 | Type:MDP
[Monitor_1] ID:435 Name:monitored | Src:1000 Tgt:0011 | Data(Hex):68 Data(Dec):104 | Type:MDP
[Checker] Predicted Drop: Packet ID 436 is INVALID (Src:0001 Tgt:1001). Ignoring.
[Driver_0] ID:436 Name:pkt_0 | Src:0001 Tgt:1001 | Data(Hex):f7 Data(Dec):247 | Type:MDP
[Checker] Predicted Drop: Packet ID 437 is INVALID (Src:1000 Tgt:1001). Ignoring.
[Driver_3] ID:437 Name:pkt_3 | Src:1000 Tgt:1001 | Data(Hex):68 Data(Dec):104 | Type:MDP
[Driver_1] ID:438 Name:pkt_1 | Src:0010 Tgt:1101 | Data(Hex):48 Data(Dec):72 | Type:MDP
[Driver_0] ID:439 Name:pkt_0 | Src:0001 Tgt:1010 | Data(Hex):30 Data(Dec):48 | Type:MDP
[Monitor_0] ID:440 Name:monitored | Src:0010 Tgt:1101 | Data(Hex):48 Data(Dec):72 | Type:MDP
[Monitor_2] ID:441 Name:monitored | Src:0010 Tgt:1101 | Data(Hex):48 Data(Dec):72 | Type:MDP
[Monitor_3] ID:442 Name:monitored | Src:0010 Tgt:1101 | Data(Hex):48 Data(Dec):72 | Type:MDP
[Checker] Predicted Drop: Packet ID 443 is INVALID (Src:0010 Tgt:1110). Ignoring.
[Driver_1] ID:443 Name:pkt_1 | Src:0010 Tgt:1110 | Data(Hex):51 Data(Dec):81 | Type:MDP
[Driver_3] ID:444 Name:pkt_3 | Src:1000 Tgt:0010 | Data(Hex):0a Data(Dec):10 | Type:SDP
[Monitor_1] ID:445 Name:monitored | Src:0001 Tgt:1010 | Data(Hex):30 Data(Dec):48 | Type:MDP
[Monitor_3] ID:446 Name:monitored | Src:0001 Tgt:1010 | Data(Hex):30 Data(Dec):48 | Type:MDP
[Checker] Predicted Drop: Packet ID 447 is INVALID (Src:0001 Tgt:1001). Ignoring.
[Driver_0] ID:447 Name:pkt_0 | Src:0001 Tgt:1001 | Data(Hex):4c Data(Dec):76 | Type:MDP
[Driver_3] ID:448 Name:pkt_3 | Src:1000 Tgt:0100 | Data(Hex):52 Data(Dec):82 | Type:SDP
[Monitor_1] ID:449 Name:monitored | Src:1000 Tgt:0010 | Data(Hex):0a Data(Dec):10 | Type:SDP
[Driver_1] ID:450 Name:pkt_1 | Src:0010 Tgt:0100 | Data(Hex):24 Data(Dec):36 | Type:SDP
[Monitor_2] ID:451 Name:monitored | Src:1000 Tgt:0100 | Data(Hex):52 Data(Dec):82 | Type:SDP
[Monitor_2] ID:452 Name:monitored | Src:0010 Tgt:0100 | Data(Hex):24 Data(Dec):36 | Type:SDP
[Driver_0] ID:453 Name:pkt_0 | Src:0001 Tgt:0110 | Data(Hex):43 Data(Dec):67 | Type:MDP
[Driver_3] ID:454 Name:pkt_3 | Src:1000 Tgt:0011 | Data(Hex):3c Data(Dec):60 | Type:MDP
[Driver_1] ID:455 Name:pkt_1 | Src:0010 Tgt:1101 | Data(Hex):ec Data(Dec):236 | Type:MDP
[Monitor_1] ID:456 Name:monitored | Src:0001 Tgt:0110 | Data(Hex):43 Data(Dec):67 | Type:MDP
[Monitor_2] ID:457 Name:monitored | Src:0001 Tgt:0110 | Data(Hex):43 Data(Dec):67 | Type:MDP
[Driver_1] ID:458 Name:pkt_1 | Src:0010 Tgt:1101 | Data(Hex):5e Data(Dec):94 | Type:MDP
[Checker] Predicted Drop: Packet ID 459 is INVALID (Src:1000 Tgt:1110). Ignoring.
[Driver_3] ID:459 Name:pkt_3 | Src:1000 Tgt:1110 | Data(Hex):78 Data(Dec):120 | Type:MDP
[Monitor_0] ID:460 Name:monitored | Src:1000 Tgt:0011 | Data(Hex):3c Data(Dec):60 | Type:MDP
[Monitor_1] ID:461 Name:monitored | Src:1000 Tgt:0011 | Data(Hex):3c Data(Dec):60 | Type:MDP
[Driver_0] ID:462 Name:pkt_0 | Src:0001 Tgt:1010 | Data(Hex):7c Data(Dec):124 | Type:MDP
[Monitor_0] ID:463 Name:monitored | Src:0010 Tgt:1101 | Data(Hex):ec Data(Dec):236 | Type:MDP
[Monitor_2] ID:464 Name:monitored | Src:0010 Tgt:1101 | Data(Hex):ec Data(Dec):236 | Type:MDP
[Monitor_3] ID:465 Name:monitored | Src:0010 Tgt:1101 | Data(Hex):ec Data(Dec):236 | Type:MDP
[Monitor_1] ID:466 Name:monitored | Src:0001 Tgt:1010 | Data(Hex):7c Data(Dec):124 | Type:MDP
[Monitor_3] ID:467 Name:monitored | Src:0001 Tgt:1010 | Data(Hex):7c Data(Dec):124 | Type:MDP
[Driver_1] ID:468 Name:pkt_1 | Src:0010 Tgt:1101 | Data(Hex):4d Data(Dec):77 | Type:MDP
[Monitor_0] ID:469 Name:monitored | Src:0010 Tgt:1101 | Data(Hex):5e Data(Dec):94 | Type:MDP
[Monitor_2] ID:470 Name:monitored | Src:0010 Tgt:1101 | Data(Hex):5e Data(Dec):94 | Type:MDP
[Monitor_3] ID:471 Name:monitored | Src:0010 Tgt:1101 | Data(Hex):5e Data(Dec):94 | Type:MDP
[Driver_0] ID:472 Name:pkt_0 | Src:0001 Tgt:0100 | Data(Hex):c6 Data(Dec):198 | Type:SDP
[Monitor_0] ID:473 Name:monitored | Src:0010 Tgt:1101 | Data(Hex):4d Data(Dec):77 | Type:MDP
[Monitor_2] ID:474 Name:monitored | Src:0010 Tgt:1101 | Data(Hex):4d Data(Dec):77 | Type:MDP
[Monitor_3] ID:475 Name:monitored | Src:0010 Tgt:1101 | Data(Hex):4d Data(Dec):77 | Type:MDP
[Checker] Predicted Drop: Packet ID 476 is INVALID (Src:0010 Tgt:0000). Ignoring.
[Driver_1] ID:476 Name:pkt_1 | Src:0010 Tgt:0000 | Data(Hex):f7 Data(Dec):247 | Type:ERR
[Monitor_2] ID:477 Name:monitored | Src:0001 Tgt:0100 | Data(Hex):c6 Data(Dec):198 | Type:SDP
[Driver_0] ID:478 Name:pkt_0 | Src:0001 Tgt:0110 | Data(Hex):6a Data(Dec):106 | Type:MDP
[Monitor_1] ID:479 Name:monitored | Src:0001 Tgt:0110 | Data(Hex):6a Data(Dec):106 | Type:MDP
[Monitor_2] ID:480 Name:monitored | Src:0001 Tgt:0110 | Data(Hex):6a Data(Dec):106 | Type:MDP
[Driver_0] ID:481 Name:pkt_0 | Src:0001 Tgt:1110 | Data(Hex):dd Data(Dec):221 | Type:MDP
[Monitor_1] ID:482 Name:monitored | Src:0001 Tgt:1110 | Data(Hex):dd Data(Dec):221 | Type:MDP
[Monitor_2] ID:483 Name:monitored | Src:0001 Tgt:1110 | Data(Hex):dd Data(Dec):221 | Type:MDP
[Monitor_3] ID:484 Name:monitored | Src:0001 Tgt:1110 | Data(Hex):dd Data(Dec):221 | Type:MDP
[Checker] Predicted Drop: Packet ID 485 is INVALID (Src:0001 Tgt:0000). Ignoring.
[Driver_0] ID:485 Name:pkt_0 | Src:0001 Tgt:0000 | Data(Hex):04 Data(Dec):4 | Type:ERR
--- Sequencers Done. Waiting for Drivers to drain... ---
--- Drivers Done. Waiting for Switch to drain... ---

=========================================
 INTEGRITY REPORT
 1. Total Pending (Checker):  0
 2. Input Rejections (FIFO):  0
 -----------------------------------------
 3. INTERNAL LOSS:            0
=========================================

[TEST] PASSED: All accepted packets were delivered.

=========================================
 HARDWARE STATE INSPECTION

=========================================
 FUNCTIONAL COVERAGE RESULTS
=========================================
--- PORT 0 ---
  TOTAL (Valid): 98.75 %
  - Types:       100.00 %
  - Sources:     100.00 %
  - Targets:     100.00 %
  - Type x Src:  100.00 %
  - ROUTING:     93.75 %
--- PORT 1 ---
  TOTAL (Valid): 100.00 %
  - Types:       100.00 %
  - Sources:     100.00 %
  - Targets:     100.00 %
  - Type x Src:  100.00 %
  - ROUTING:     100.00 %
--- PORT 2 ---
  TOTAL (Valid): 100.00 %
  - Types:       100.00 %
  - Sources:     100.00 %
  - Targets:     100.00 %
  - Type x Src:  100.00 %
  - ROUTING:     100.00 %
--- PORT 3 ---
  TOTAL (Valid): 98.75 %
  - Types:       100.00 %
  - Sources:     100.00 %
  - Targets:     100.00 %
  - Type x Src:  100.00 %
  - ROUTING:     93.75 %
=========================================


=========================================
 DETAILED LOST PACKET REPORT
=========================================

=========================================
 CHECKER SUMMARY (Integrity Check)
-----------------------------------------
 Matches (Delivered):     246
 Mismatches (Corrupt):    0
 Total Pending (Missing): 0
-----------------------------------------
 BREAKDOWN OF MISSING PACKETS:
 (-) Valid HW Drops (FIFO Full): 0
 (=) INTERNAL LOSS (BUGS):       0
=========================================

TEST PASSED: Perfect transmission (0 drops, 0 loss).
$finish called from file "../verification/switch_test.sv", line 288.
$finish at simulation time            205500000

---------------------------------------------------------------------------
VCS Coverage Metrics: during simulation line, cond, FSM, branch, tgl was monitored
---------------------------------------------------------------------------
           V C S   S i m u l a t i o n   R e p o r t 
Time: 20550000000 fs
CPU Time:      0.260 seconds;       Data structure size:   1.3Mb
Fri Jan  9 00:37:19 2026
