Command: /project/verif/users/arielt/ws/ex_vlsi_switch_project_ariel/Synt/./simv +vcs+initreg+1 +ntb_random_seed_automatic +ERR_PKT -cm line+cond+fsm+branch+tgl -cm_dir ./cov_work/gls_simv.vdb -cm_name gls_final_submission -l gls_final_cg.log
Chronologic VCS simulator copyright 1991-2025
Contains Synopsys proprietary information.
Compiler version X-2025.06-1_Full64; Runtime version X-2025.06-1_Full64;  Jan  9 00:38 2026
NOTE: automatic random seed used: 1417513097
Doing SDF annotation ...... Done
Loading SDF Delays from switch_4port.sdf...
--- Starting Simulation (Driver-Driven) ---
Number of packets about to be generated at each port:  60
[Checker] Predicted Drop: Packet ID 0 is INVALID (Src:0001 Tgt:1011). Ignoring.
[Driver_0] ID:0 Name:pkt_0 | Src:0001 Tgt:1011 | Data(Hex):74 Data(Dec):116 | Type:MDP
[Checker] Predicted Drop: Packet ID 1 is INVALID (Src:0010 Tgt:0010). Ignoring.
[Driver_1] ID:1 Name:pkt_1 | Src:0010 Tgt:0010 | Data(Hex):35 Data(Dec):53 | Type:SDP
[Checker] Predicted Drop: Packet ID 2 is INVALID (Src:0100 Tgt:1110). Ignoring.
[Driver_2] ID:2 Name:pkt_2 | Src:0100 Tgt:1110 | Data(Hex):73 Data(Dec):115 | Type:MDP
[Driver_3] ID:3 Name:pkt_3 | Src:1000 Tgt:0110 | Data(Hex):3d Data(Dec):61 | Type:MDP
[Checker] Predicted Drop: Packet ID 4 is INVALID (Src:0010 Tgt:0000). Ignoring.
[Driver_1] ID:4 Name:pkt_1 | Src:0010 Tgt:0000 | Data(Hex):d4 Data(Dec):212 | Type:ERR
[Checker] Predicted Drop: Packet ID 5 is INVALID (Src:0001 Tgt:0001). Ignoring.
[Driver_0] ID:5 Name:pkt_0 | Src:0001 Tgt:0001 | Data(Hex):d6 Data(Dec):214 | Type:SDP
[Checker] Predicted Drop: Packet ID 6 is INVALID (Src:0100 Tgt:0110). Ignoring.
[Driver_2] ID:6 Name:pkt_2 | Src:0100 Tgt:0110 | Data(Hex):e3 Data(Dec):227 | Type:MDP
[Checker] Predicted Drop: Packet ID 7 is INVALID (Src:1000 Tgt:1101). Ignoring.
[Driver_3] ID:7 Name:pkt_3 | Src:1000 Tgt:1101 | Data(Hex):ef Data(Dec):239 | Type:MDP
[Checker] Predicted Drop: Packet ID 8 is INVALID (Src:1000 Tgt:0000). Ignoring.
[Driver_3] ID:8 Name:pkt_3 | Src:1000 Tgt:0000 | Data(Hex):6f Data(Dec):111 | Type:ERR
[Checker] Predicted Drop: Packet ID 9 is INVALID (Src:0010 Tgt:0110). Ignoring.
[Driver_1] ID:9 Name:pkt_1 | Src:0010 Tgt:0110 | Data(Hex):e1 Data(Dec):225 | Type:MDP
[Monitor_1] ID:10 Name:monitored | Src:1000 Tgt:0110 | Data(Hex):3d Data(Dec):61 | Type:MDP
[Monitor_2] ID:11 Name:monitored | Src:1000 Tgt:0110 | Data(Hex):3d Data(Dec):61 | Type:MDP
[Driver_0] ID:12 Name:pkt_0 | Src:0001 Tgt:1110 | Data(Hex):a5 Data(Dec):165 | Type:MDP
[Checker] Predicted Drop: Packet ID 13 is INVALID (Src:0100 Tgt:0000). Ignoring.
[Driver_2] ID:13 Name:pkt_2 | Src:0100 Tgt:0000 | Data(Hex):43 Data(Dec):67 | Type:ERR
[Driver_3] ID:14 Name:pkt_3 | Src:1000 Tgt:0101 | Data(Hex):09 Data(Dec):9 | Type:MDP
[Driver_1] ID:15 Name:pkt_1 | Src:0010 Tgt:1100 | Data(Hex):91 Data(Dec):145 | Type:MDP
[Driver_2] ID:16 Name:pkt_2 | Src:0100 Tgt:1011 | Data(Hex):4d Data(Dec):77 | Type:MDP
[Monitor_1] ID:17 Name:monitored | Src:0001 Tgt:1110 | Data(Hex):a5 Data(Dec):165 | Type:MDP
[Monitor_2] ID:18 Name:monitored | Src:0001 Tgt:1110 | Data(Hex):a5 Data(Dec):165 | Type:MDP
[Monitor_3] ID:19 Name:monitored | Src:0001 Tgt:1110 | Data(Hex):a5 Data(Dec):165 | Type:MDP
[Checker] Predicted Drop: Packet ID 20 is INVALID (Src:0010 Tgt:0010). Ignoring.
[Driver_1] ID:20 Name:pkt_1 | Src:0010 Tgt:0010 | Data(Hex):0b Data(Dec):11 | Type:SDP
[Monitor_0] ID:21 Name:monitored | Src:1000 Tgt:0101 | Data(Hex):09 Data(Dec):9 | Type:MDP
[Monitor_2] ID:22 Name:monitored | Src:1000 Tgt:0101 | Data(Hex):09 Data(Dec):9 | Type:MDP
[Monitor_2] ID:23 Name:monitored | Src:0010 Tgt:1100 | Data(Hex):91 Data(Dec):145 | Type:MDP
[Monitor_3] ID:24 Name:monitored | Src:0010 Tgt:1100 | Data(Hex):91 Data(Dec):145 | Type:MDP
[Monitor_0] ID:25 Name:monitored | Src:0100 Tgt:1011 | Data(Hex):4d Data(Dec):77 | Type:MDP
[Monitor_1] ID:26 Name:monitored | Src:0100 Tgt:1011 | Data(Hex):4d Data(Dec):77 | Type:MDP
[Monitor_3] ID:27 Name:monitored | Src:0100 Tgt:1011 | Data(Hex):4d Data(Dec):77 | Type:MDP
[Checker] Predicted Drop: Packet ID 28 is INVALID (Src:0001 Tgt:0001). Ignoring.
[Driver_0] ID:28 Name:pkt_0 | Src:0001 Tgt:0001 | Data(Hex):42 Data(Dec):66 | Type:SDP
[Checker] Predicted Drop: Packet ID 29 is INVALID (Src:0100 Tgt:0111). Ignoring.
[Driver_2] ID:29 Name:pkt_2 | Src:0100 Tgt:0111 | Data(Hex):14 Data(Dec):20 | Type:MDP
[Driver_3] ID:30 Name:pkt_3 | Src:1000 Tgt:1111 | Data(Hex):0c Data(Dec):12 | Type:BDP
[Driver_2] ID:31 Name:pkt_2 | Src:0100 Tgt:0001 | Data(Hex):99 Data(Dec):153 | Type:SDP
[Checker] Predicted Drop: Packet ID 32 is INVALID (Src:0010 Tgt:0111). Ignoring.
[Driver_1] ID:32 Name:pkt_1 | Src:0010 Tgt:0111 | Data(Hex):eb Data(Dec):235 | Type:MDP
[Monitor_0] ID:33 Name:monitored | Src:1000 Tgt:1111 | Data(Hex):0c Data(Dec):12 | Type:BDP
[Monitor_1] ID:34 Name:monitored | Src:1000 Tgt:1111 | Data(Hex):0c Data(Dec):12 | Type:BDP
[Monitor_2] ID:35 Name:monitored | Src:1000 Tgt:1111 | Data(Hex):0c Data(Dec):12 | Type:BDP
[Monitor_3] ID:36 Name:monitored | Src:1000 Tgt:1111 | Data(Hex):0c Data(Dec):12 | Type:BDP
[Checker] Predicted Drop: Packet ID 37 is INVALID (Src:1000 Tgt:1010). Ignoring.
[Driver_3] ID:37 Name:pkt_3 | Src:1000 Tgt:1010 | Data(Hex):d5 Data(Dec):213 | Type:MDP
[Driver_0] ID:38 Name:pkt_0 | Src:0001 Tgt:1100 | Data(Hex):54 Data(Dec):84 | Type:MDP
[Monitor_0] ID:39 Name:monitored | Src:0100 Tgt:0001 | Data(Hex):99 Data(Dec):153 | Type:SDP
[Driver_2] ID:40 Name:pkt_2 | Src:0100 Tgt:0001 | Data(Hex):f6 Data(Dec):246 | Type:SDP
[Checker] Predicted Drop: Packet ID 41 is INVALID (Src:0010 Tgt:1010). Ignoring.
[Driver_1] ID:41 Name:pkt_1 | Src:0010 Tgt:1010 | Data(Hex):4a Data(Dec):74 | Type:MDP
[Monitor_2] ID:42 Name:monitored | Src:0001 Tgt:1100 | Data(Hex):54 Data(Dec):84 | Type:MDP
[Monitor_3] ID:43 Name:monitored | Src:0001 Tgt:1100 | Data(Hex):54 Data(Dec):84 | Type:MDP
[Checker] Predicted Drop: Packet ID 44 is INVALID (Src:0100 Tgt:1100). Ignoring.
[Driver_2] ID:44 Name:pkt_2 | Src:0100 Tgt:1100 | Data(Hex):ca Data(Dec):202 | Type:MDP
[Monitor_0] ID:45 Name:monitored | Src:0100 Tgt:0001 | Data(Hex):f6 Data(Dec):246 | Type:SDP
[Checker] Predicted Drop: Packet ID 46 is INVALID (Src:0001 Tgt:1001). Ignoring.
[Driver_0] ID:46 Name:pkt_0 | Src:0001 Tgt:1001 | Data(Hex):b9 Data(Dec):185 | Type:MDP
[Checker] Predicted Drop: Packet ID 47 is INVALID (Src:1000 Tgt:1011). Ignoring.
[Driver_3] ID:47 Name:pkt_3 | Src:1000 Tgt:1011 | Data(Hex):09 Data(Dec):9 | Type:MDP
[Checker] Predicted Drop: Packet ID 48 is INVALID (Src:0010 Tgt:1110). Ignoring.
[Driver_1] ID:48 Name:pkt_1 | Src:0010 Tgt:1110 | Data(Hex):24 Data(Dec):36 | Type:MDP
[Driver_0] ID:49 Name:pkt_0 | Src:0001 Tgt:1111 | Data(Hex):ca Data(Dec):202 | Type:BDP
[Checker] Predicted Drop: Packet ID 50 is INVALID (Src:0100 Tgt:1100). Ignoring.
[Driver_2] ID:50 Name:pkt_2 | Src:0100 Tgt:1100 | Data(Hex):0d Data(Dec):13 | Type:MDP
[Driver_2] ID:51 Name:pkt_2 | Src:0100 Tgt:1001 | Data(Hex):08 Data(Dec):8 | Type:MDP
[Driver_3] ID:52 Name:pkt_3 | Src:1000 Tgt:0110 | Data(Hex):14 Data(Dec):20 | Type:MDP
[Monitor_0] ID:53 Name:monitored | Src:0001 Tgt:1111 | Data(Hex):ca Data(Dec):202 | Type:BDP
[Monitor_1] ID:54 Name:monitored | Src:0001 Tgt:1111 | Data(Hex):ca Data(Dec):202 | Type:BDP
[Monitor_2] ID:55 Name:monitored | Src:0001 Tgt:1111 | Data(Hex):ca Data(Dec):202 | Type:BDP
[Monitor_3] ID:56 Name:monitored | Src:0001 Tgt:1111 | Data(Hex):ca Data(Dec):202 | Type:BDP
[Driver_1] ID:57 Name:pkt_1 | Src:0010 Tgt:1000 | Data(Hex):87 Data(Dec):135 | Type:SDP
[Monitor_1] ID:58 Name:monitored | Src:1000 Tgt:0110 | Data(Hex):14 Data(Dec):20 | Type:MDP
[Monitor_2] ID:59 Name:monitored | Src:1000 Tgt:0110 | Data(Hex):14 Data(Dec):20 | Type:MDP
[Driver_0] ID:60 Name:pkt_0 | Src:0001 Tgt:1111 | Data(Hex):c8 Data(Dec):200 | Type:BDP
[Monitor_3] ID:61 Name:monitored | Src:0010 Tgt:1000 | Data(Hex):87 Data(Dec):135 | Type:SDP
[Monitor_0] ID:62 Name:monitored | Src:0100 Tgt:1001 | Data(Hex):08 Data(Dec):8 | Type:MDP
[Monitor_3] ID:63 Name:monitored | Src:0100 Tgt:1001 | Data(Hex):08 Data(Dec):8 | Type:MDP
[Driver_1] ID:64 Name:pkt_1 | Src:0010 Tgt:1111 | Data(Hex):e7 Data(Dec):231 | Type:BDP
[Driver_3] ID:65 Name:pkt_3 | Src:1000 Tgt:0010 | Data(Hex):79 Data(Dec):121 | Type:SDP
[Checker] Predicted Drop: Packet ID 66 is INVALID (Src:0100 Tgt:1110). Ignoring.
[Driver_2] ID:66 Name:pkt_2 | Src:0100 Tgt:1110 | Data(Hex):0d Data(Dec):13 | Type:MDP
[Checker] Predicted Drop: Packet ID 67 is INVALID (Src:0001 Tgt:0001). Ignoring.
[Driver_0] ID:67 Name:pkt_0 | Src:0001 Tgt:0001 | Data(Hex):6d Data(Dec):109 | Type:SDP
[Checker] Predicted Drop: Packet ID 68 is INVALID (Src:1000 Tgt:1001). Ignoring.
[Driver_3] ID:68 Name:pkt_3 | Src:1000 Tgt:1001 | Data(Hex):84 Data(Dec):132 | Type:MDP
[Monitor_0] ID:69 Name:monitored | Src:0001 Tgt:1111 | Data(Hex):c8 Data(Dec):200 | Type:BDP
[Monitor_1] ID:70 Name:monitored | Src:0001 Tgt:1111 | Data(Hex):c8 Data(Dec):200 | Type:BDP
[Monitor_2] ID:71 Name:monitored | Src:0001 Tgt:1111 | Data(Hex):c8 Data(Dec):200 | Type:BDP
[Monitor_3] ID:72 Name:monitored | Src:0001 Tgt:1111 | Data(Hex):c8 Data(Dec):200 | Type:BDP
[Monitor_0] ID:73 Name:monitored | Src:0010 Tgt:1111 | Data(Hex):e7 Data(Dec):231 | Type:BDP
[Monitor_1] ID:74 Name:monitored | Src:0010 Tgt:1111 | Data(Hex):e7 Data(Dec):231 | Type:BDP
[Monitor_2] ID:75 Name:monitored | Src:0010 Tgt:1111 | Data(Hex):e7 Data(Dec):231 | Type:BDP
[Monitor_3] ID:76 Name:monitored | Src:0010 Tgt:1111 | Data(Hex):e7 Data(Dec):231 | Type:BDP
[Checker] Predicted Drop: Packet ID 77 is INVALID (Src:0010 Tgt:0111). Ignoring.
[Driver_1] ID:77 Name:pkt_1 | Src:0010 Tgt:0111 | Data(Hex):aa Data(Dec):170 | Type:MDP
[Monitor_1] ID:78 Name:monitored | Src:1000 Tgt:0010 | Data(Hex):79 Data(Dec):121 | Type:SDP
[Driver_0] ID:79 Name:pkt_0 | Src:0001 Tgt:0010 | Data(Hex):42 Data(Dec):66 | Type:SDP
[Driver_2] ID:80 Name:pkt_2 | Src:0100 Tgt:1010 | Data(Hex):ca Data(Dec):202 | Type:MDP
[Driver_3] ID:81 Name:pkt_3 | Src:1000 Tgt:0010 | Data(Hex):85 Data(Dec):133 | Type:SDP
[Driver_0] ID:82 Name:pkt_0 | Src:0001 Tgt:1110 | Data(Hex):f4 Data(Dec):244 | Type:MDP
[Monitor_1] ID:83 Name:monitored | Src:0001 Tgt:0010 | Data(Hex):42 Data(Dec):66 | Type:SDP
[Driver_1] ID:84 Name:pkt_1 | Src:0010 Tgt:0100 | Data(Hex):e5 Data(Dec):229 | Type:SDP
[Monitor_1] ID:85 Name:monitored | Src:0100 Tgt:1010 | Data(Hex):ca Data(Dec):202 | Type:MDP
[Monitor_3] ID:86 Name:monitored | Src:0100 Tgt:1010 | Data(Hex):ca Data(Dec):202 | Type:MDP
[Driver_0] ID:87 Name:pkt_0 | Src:0001 Tgt:1000 | Data(Hex):fc Data(Dec):252 | Type:SDP
[Monitor_1] ID:88 Name:monitored | Src:1000 Tgt:0010 | Data(Hex):85 Data(Dec):133 | Type:SDP
[Driver_2] ID:89 Name:pkt_2 | Src:0100 Tgt:0010 | Data(Hex):fe Data(Dec):254 | Type:SDP
[Monitor_1] ID:90 Name:monitored | Src:0001 Tgt:1110 | Data(Hex):f4 Data(Dec):244 | Type:MDP
[Monitor_2] ID:91 Name:monitored | Src:0001 Tgt:1110 | Data(Hex):f4 Data(Dec):244 | Type:MDP
[Monitor_3] ID:92 Name:monitored | Src:0001 Tgt:1110 | Data(Hex):f4 Data(Dec):244 | Type:MDP
[Checker] Predicted Drop: Packet ID 93 is INVALID (Src:1000 Tgt:1100). Ignoring.
[Driver_3] ID:93 Name:pkt_3 | Src:1000 Tgt:1100 | Data(Hex):cf Data(Dec):207 | Type:MDP
[Monitor_2] ID:94 Name:monitored | Src:0010 Tgt:0100 | Data(Hex):e5 Data(Dec):229 | Type:SDP
[Driver_2] ID:95 Name:pkt_2 | Src:0100 Tgt:1001 | Data(Hex):2b Data(Dec):43 | Type:MDP
[Monitor_1] ID:96 Name:monitored | Src:0100 Tgt:0010 | Data(Hex):fe Data(Dec):254 | Type:SDP
[Monitor_3] ID:97 Name:monitored | Src:0001 Tgt:1000 | Data(Hex):fc Data(Dec):252 | Type:SDP
[Driver_0] ID:98 Name:pkt_0 | Src:0001 Tgt:1110 | Data(Hex):81 Data(Dec):129 | Type:MDP
[Checker] Predicted Drop: Packet ID 99 is INVALID (Src:0100 Tgt:1101). Ignoring.
[Driver_2] ID:99 Name:pkt_2 | Src:0100 Tgt:1101 | Data(Hex):39 Data(Dec):57 | Type:MDP
[Checker] Predicted Drop: Packet ID 100 is INVALID (Src:0010 Tgt:0010). Ignoring.
[Driver_1] ID:100 Name:pkt_1 | Src:0010 Tgt:0010 | Data(Hex):28 Data(Dec):40 | Type:SDP
[Monitor_0] ID:101 Name:monitored | Src:0100 Tgt:1001 | Data(Hex):2b Data(Dec):43 | Type:MDP
[Monitor_3] ID:102 Name:monitored | Src:0100 Tgt:1001 | Data(Hex):2b Data(Dec):43 | Type:MDP
[Monitor_1] ID:103 Name:monitored | Src:0001 Tgt:1110 | Data(Hex):81 Data(Dec):129 | Type:MDP
[Monitor_2] ID:104 Name:monitored | Src:0001 Tgt:1110 | Data(Hex):81 Data(Dec):129 | Type:MDP
[Monitor_3] ID:105 Name:monitored | Src:0001 Tgt:1110 | Data(Hex):81 Data(Dec):129 | Type:MDP
[Checker] Predicted Drop: Packet ID 106 is INVALID (Src:1000 Tgt:0000). Ignoring.
[Driver_3] ID:106 Name:pkt_3 | Src:1000 Tgt:0000 | Data(Hex):63 Data(Dec):99 | Type:ERR
[Checker] Predicted Drop: Packet ID 107 is INVALID (Src:0001 Tgt:1011). Ignoring.
[Driver_0] ID:107 Name:pkt_0 | Src:0001 Tgt:1011 | Data(Hex):31 Data(Dec):49 | Type:MDP
[Checker] Predicted Drop: Packet ID 108 is INVALID (Src:0100 Tgt:1100). Ignoring.
[Driver_2] ID:108 Name:pkt_2 | Src:0100 Tgt:1100 | Data(Hex):c9 Data(Dec):201 | Type:MDP
[Driver_1] ID:109 Name:pkt_1 | Src:0010 Tgt:1111 | Data(Hex):7f Data(Dec):127 | Type:BDP
[Checker] Predicted Drop: Packet ID 110 is INVALID (Src:1000 Tgt:1101). Ignoring.
[Driver_3] ID:110 Name:pkt_3 | Src:1000 Tgt:1101 | Data(Hex):32 Data(Dec):50 | Type:MDP
[Driver_0] ID:111 Name:pkt_0 | Src:0001 Tgt:1000 | Data(Hex):be Data(Dec):190 | Type:SDP
[Driver_1] ID:112 Name:pkt_1 | Src:0010 Tgt:1100 | Data(Hex):0b Data(Dec):11 | Type:MDP
[Monitor_0] ID:113 Name:monitored | Src:0010 Tgt:1111 | Data(Hex):7f Data(Dec):127 | Type:BDP
[Monitor_1] ID:114 Name:monitored | Src:0010 Tgt:1111 | Data(Hex):7f Data(Dec):127 | Type:BDP
[Monitor_2] ID:115 Name:monitored | Src:0010 Tgt:1111 | Data(Hex):7f Data(Dec):127 | Type:BDP
[Monitor_3] ID:116 Name:monitored | Src:0010 Tgt:1111 | Data(Hex):7f Data(Dec):127 | Type:BDP
[Driver_3] ID:117 Name:pkt_3 | Src:1000 Tgt:0010 | Data(Hex):82 Data(Dec):130 | Type:SDP
[Checker] Predicted Drop: Packet ID 118 is INVALID (Src:0001 Tgt:1101). Ignoring.
[Driver_0] ID:118 Name:pkt_0 | Src:0001 Tgt:1101 | Data(Hex):9d Data(Dec):157 | Type:MDP
[Driver_2] ID:119 Name:pkt_2 | Src:0100 Tgt:1010 | Data(Hex):64 Data(Dec):100 | Type:MDP
[Monitor_3] ID:120 Name:monitored | Src:0001 Tgt:1000 | Data(Hex):be Data(Dec):190 | Type:SDP
[Monitor_1] ID:121 Name:monitored | Src:1000 Tgt:0010 | Data(Hex):82 Data(Dec):130 | Type:SDP
[Monitor_2] ID:122 Name:monitored | Src:0010 Tgt:1100 | Data(Hex):0b Data(Dec):11 | Type:MDP
[Monitor_3] ID:123 Name:monitored | Src:0010 Tgt:1100 | Data(Hex):0b Data(Dec):11 | Type:MDP
[Checker] Predicted Drop: Packet ID 124 is INVALID (Src:1000 Tgt:1011). Ignoring.
[Driver_3] ID:124 Name:pkt_3 | Src:1000 Tgt:1011 | Data(Hex):6b Data(Dec):107 | Type:MDP
[Monitor_1] ID:125 Name:monitored | Src:0100 Tgt:1010 | Data(Hex):64 Data(Dec):100 | Type:MDP
[Monitor_3] ID:126 Name:monitored | Src:0100 Tgt:1010 | Data(Hex):64 Data(Dec):100 | Type:MDP
[Driver_1] ID:127 Name:pkt_1 | Src:0010 Tgt:0001 | Data(Hex):b1 Data(Dec):177 | Type:SDP
[Checker] Predicted Drop: Packet ID 128 is INVALID (Src:0100 Tgt:1110). Ignoring.
[Driver_2] ID:128 Name:pkt_2 | Src:0100 Tgt:1110 | Data(Hex):7f Data(Dec):127 | Type:MDP
[Driver_1] ID:129 Name:pkt_1 | Src:0010 Tgt:0100 | Data(Hex):ad Data(Dec):173 | Type:SDP
[Checker] Predicted Drop: Packet ID 130 is INVALID (Src:0001 Tgt:0011). Ignoring.
[Driver_0] ID:130 Name:pkt_0 | Src:0001 Tgt:0011 | Data(Hex):59 Data(Dec):89 | Type:MDP
[Monitor_0] ID:131 Name:monitored | Src:0010 Tgt:0001 | Data(Hex):b1 Data(Dec):177 | Type:SDP
[Driver_3] ID:132 Name:pkt_3 | Src:1000 Tgt:0110 | Data(Hex):03 Data(Dec):3 | Type:MDP
[Monitor_2] ID:133 Name:monitored | Src:0010 Tgt:0100 | Data(Hex):ad Data(Dec):173 | Type:SDP
[Checker] Predicted Drop: Packet ID 134 is INVALID (Src:1000 Tgt:1101). Ignoring.
[Driver_3] ID:134 Name:pkt_3 | Src:1000 Tgt:1101 | Data(Hex):af Data(Dec):175 | Type:MDP
[Driver_1] ID:135 Name:pkt_1 | Src:0010 Tgt:0101 | Data(Hex):09 Data(Dec):9 | Type:MDP
[Driver_2] ID:136 Name:pkt_2 | Src:0100 Tgt:1011 | Data(Hex):29 Data(Dec):41 | Type:MDP
[Monitor_1] ID:137 Name:monitored | Src:1000 Tgt:0110 | Data(Hex):03 Data(Dec):3 | Type:MDP
[Monitor_2] ID:138 Name:monitored | Src:1000 Tgt:0110 | Data(Hex):03 Data(Dec):3 | Type:MDP
[Monitor_0] ID:139 Name:monitored | Src:0010 Tgt:0101 | Data(Hex):09 Data(Dec):9 | Type:MDP
[Monitor_2] ID:140 Name:monitored | Src:0010 Tgt:0101 | Data(Hex):09 Data(Dec):9 | Type:MDP
[Checker] Predicted Drop: Packet ID 141 is INVALID (Src:0001 Tgt:0101). Ignoring.
[Driver_0] ID:141 Name:pkt_0 | Src:0001 Tgt:0101 | Data(Hex):bb Data(Dec):187 | Type:MDP
[Driver_2] ID:142 Name:pkt_2 | Src:0100 Tgt:1011 | Data(Hex):89 Data(Dec):137 | Type:MDP
[Monitor_0] ID:143 Name:monitored | Src:0100 Tgt:1011 | Data(Hex):29 Data(Dec):41 | Type:MDP
[Monitor_1] ID:144 Name:monitored | Src:0100 Tgt:1011 | Data(Hex):29 Data(Dec):41 | Type:MDP
[Monitor_3] ID:145 Name:monitored | Src:0100 Tgt:1011 | Data(Hex):29 Data(Dec):41 | Type:MDP
[Checker] Predicted Drop: Packet ID 146 is INVALID (Src:0010 Tgt:1010). Ignoring.
[Driver_1] ID:146 Name:pkt_1 | Src:0010 Tgt:1010 | Data(Hex):5c Data(Dec):92 | Type:MDP
[Checker] Predicted Drop: Packet ID 147 is INVALID (Src:1000 Tgt:1110). Ignoring.
[Driver_3] ID:147 Name:pkt_3 | Src:1000 Tgt:1110 | Data(Hex):90 Data(Dec):144 | Type:MDP
[Monitor_0] ID:148 Name:monitored | Src:0100 Tgt:1011 | Data(Hex):89 Data(Dec):137 | Type:MDP
[Monitor_1] ID:149 Name:monitored | Src:0100 Tgt:1011 | Data(Hex):89 Data(Dec):137 | Type:MDP
[Monitor_3] ID:150 Name:monitored | Src:0100 Tgt:1011 | Data(Hex):89 Data(Dec):137 | Type:MDP
[Checker] Predicted Drop: Packet ID 151 is INVALID (Src:0100 Tgt:0111). Ignoring.
[Driver_2] ID:151 Name:pkt_2 | Src:0100 Tgt:0111 | Data(Hex):f0 Data(Dec):240 | Type:MDP
[Checker] Predicted Drop: Packet ID 152 is INVALID (Src:1000 Tgt:1010). Ignoring.
[Driver_3] ID:152 Name:pkt_3 | Src:1000 Tgt:1010 | Data(Hex):6b Data(Dec):107 | Type:MDP
[Driver_0] ID:153 Name:pkt_0 | Src:0001 Tgt:0010 | Data(Hex):b1 Data(Dec):177 | Type:SDP
[Checker] Predicted Drop: Packet ID 154 is INVALID (Src:0010 Tgt:1010). Ignoring.
[Driver_1] ID:154 Name:pkt_1 | Src:0010 Tgt:1010 | Data(Hex):24 Data(Dec):36 | Type:MDP
[Monitor_1] ID:155 Name:monitored | Src:0001 Tgt:0010 | Data(Hex):b1 Data(Dec):177 | Type:SDP
[Driver_1] ID:156 Name:pkt_1 | Src:0010 Tgt:0101 | Data(Hex):0a Data(Dec):10 | Type:MDP
[Checker] Predicted Drop: Packet ID 157 is INVALID (Src:0100 Tgt:0111). Ignoring.
[Driver_2] ID:157 Name:pkt_2 | Src:0100 Tgt:0111 | Data(Hex):72 Data(Dec):114 | Type:MDP
[Checker] Predicted Drop: Packet ID 158 is INVALID (Src:0001 Tgt:0001). Ignoring.
[Driver_0] ID:158 Name:pkt_0 | Src:0001 Tgt:0001 | Data(Hex):5d Data(Dec):93 | Type:SDP
[Monitor_0] ID:159 Name:monitored | Src:0010 Tgt:0101 | Data(Hex):0a Data(Dec):10 | Type:MDP
[Monitor_2] ID:160 Name:monitored | Src:0010 Tgt:0101 | Data(Hex):0a Data(Dec):10 | Type:MDP
[Driver_3] ID:161 Name:pkt_3 | Src:1000 Tgt:0100 | Data(Hex):d9 Data(Dec):217 | Type:SDP
[Checker] Predicted Drop: Packet ID 162 is INVALID (Src:0100 Tgt:0100). Ignoring.
[Driver_2] ID:162 Name:pkt_2 | Src:0100 Tgt:0100 | Data(Hex):bc Data(Dec):188 | Type:SDP
[Driver_1] ID:163 Name:pkt_1 | Src:0010 Tgt:0001 | Data(Hex):ff Data(Dec):255 | Type:SDP
[Driver_0] ID:164 Name:pkt_0 | Src:0001 Tgt:0100 | Data(Hex):3c Data(Dec):60 | Type:SDP
[Checker] Predicted Drop: Packet ID 165 is INVALID (Src:1000 Tgt:1011). Ignoring.
[Driver_3] ID:165 Name:pkt_3 | Src:1000 Tgt:1011 | Data(Hex):94 Data(Dec):148 | Type:MDP
[Monitor_2] ID:166 Name:monitored | Src:1000 Tgt:0100 | Data(Hex):d9 Data(Dec):217 | Type:SDP
[Driver_1] ID:167 Name:pkt_1 | Src:0010 Tgt:1111 | Data(Hex):30 Data(Dec):48 | Type:BDP
[Checker] Predicted Drop: Packet ID 168 is INVALID (Src:0100 Tgt:0101). Ignoring.
[Driver_2] ID:168 Name:pkt_2 | Src:0100 Tgt:0101 | Data(Hex):3e Data(Dec):62 | Type:MDP
[Monitor_0] ID:169 Name:monitored | Src:0010 Tgt:0001 | Data(Hex):ff Data(Dec):255 | Type:SDP
[Monitor_2] ID:170 Name:monitored | Src:0001 Tgt:0100 | Data(Hex):3c Data(Dec):60 | Type:SDP
[Checker] Predicted Drop: Packet ID 171 is INVALID (Src:1000 Tgt:1101). Ignoring.
[Driver_3] ID:171 Name:pkt_3 | Src:1000 Tgt:1101 | Data(Hex):c4 Data(Dec):196 | Type:MDP
[Driver_0] ID:172 Name:pkt_0 | Src:0001 Tgt:1000 | Data(Hex):38 Data(Dec):56 | Type:SDP
[Monitor_0] ID:173 Name:monitored | Src:0010 Tgt:1111 | Data(Hex):30 Data(Dec):48 | Type:BDP
[Monitor_1] ID:174 Name:monitored | Src:0010 Tgt:1111 | Data(Hex):30 Data(Dec):48 | Type:BDP
[Monitor_2] ID:175 Name:monitored | Src:0010 Tgt:1111 | Data(Hex):30 Data(Dec):48 | Type:BDP
[Monitor_3] ID:176 Name:monitored | Src:0010 Tgt:1111 | Data(Hex):30 Data(Dec):48 | Type:BDP
[Checker] Predicted Drop: Packet ID 177 is INVALID (Src:0100 Tgt:0100). Ignoring.
[Driver_2] ID:177 Name:pkt_2 | Src:0100 Tgt:0100 | Data(Hex):75 Data(Dec):117 | Type:SDP
[Driver_3] ID:178 Name:pkt_3 | Src:1000 Tgt:0110 | Data(Hex):c0 Data(Dec):192 | Type:MDP
[Driver_1] ID:179 Name:pkt_1 | Src:0010 Tgt:1101 | Data(Hex):9e Data(Dec):158 | Type:MDP
[Monitor_3] ID:180 Name:monitored | Src:0001 Tgt:1000 | Data(Hex):38 Data(Dec):56 | Type:SDP
[Driver_2] ID:181 Name:pkt_2 | Src:0100 Tgt:1111 | Data(Hex):95 Data(Dec):149 | Type:BDP
[Monitor_1] ID:182 Name:monitored | Src:1000 Tgt:0110 | Data(Hex):c0 Data(Dec):192 | Type:MDP
[Monitor_2] ID:183 Name:monitored | Src:1000 Tgt:0110 | Data(Hex):c0 Data(Dec):192 | Type:MDP
[Driver_0] ID:184 Name:pkt_0 | Src:0001 Tgt:0100 | Data(Hex):1f Data(Dec):31 | Type:SDP
[Monitor_0] ID:185 Name:monitored | Src:0010 Tgt:1101 | Data(Hex):9e Data(Dec):158 | Type:MDP
[Monitor_2] ID:186 Name:monitored | Src:0010 Tgt:1101 | Data(Hex):9e Data(Dec):158 | Type:MDP
[Monitor_3] ID:187 Name:monitored | Src:0010 Tgt:1101 | Data(Hex):9e Data(Dec):158 | Type:MDP
[Checker] Predicted Drop: Packet ID 188 is INVALID (Src:1000 Tgt:1000). Ignoring.
[Driver_3] ID:188 Name:pkt_3 | Src:1000 Tgt:1000 | Data(Hex):a2 Data(Dec):162 | Type:SDP
[Monitor_2] ID:189 Name:monitored | Src:0001 Tgt:0100 | Data(Hex):1f Data(Dec):31 | Type:SDP
[Monitor_0] ID:190 Name:monitored | Src:0100 Tgt:1111 | Data(Hex):95 Data(Dec):149 | Type:BDP
[Monitor_1] ID:191 Name:monitored | Src:0100 Tgt:1111 | Data(Hex):95 Data(Dec):149 | Type:BDP
[Monitor_2] ID:192 Name:monitored | Src:0100 Tgt:1111 | Data(Hex):95 Data(Dec):149 | Type:BDP
[Monitor_3] ID:193 Name:monitored | Src:0100 Tgt:1111 | Data(Hex):95 Data(Dec):149 | Type:BDP
[Checker] Predicted Drop: Packet ID 194 is INVALID (Src:0010 Tgt:0000). Ignoring.
[Driver_1] ID:194 Name:pkt_1 | Src:0010 Tgt:0000 | Data(Hex):4b Data(Dec):75 | Type:ERR
[Driver_3] ID:195 Name:pkt_3 | Src:1000 Tgt:0100 | Data(Hex):06 Data(Dec):6 | Type:SDP
[Checker] Predicted Drop: Packet ID 196 is INVALID (Src:0001 Tgt:0101). Ignoring.
[Driver_0] ID:196 Name:pkt_0 | Src:0001 Tgt:0101 | Data(Hex):eb Data(Dec):235 | Type:MDP
[Checker] Predicted Drop: Packet ID 197 is INVALID (Src:0100 Tgt:1110). Ignoring.
[Driver_2] ID:197 Name:pkt_2 | Src:0100 Tgt:1110 | Data(Hex):2e Data(Dec):46 | Type:MDP
[Monitor_2] ID:198 Name:monitored | Src:1000 Tgt:0100 | Data(Hex):06 Data(Dec):6 | Type:SDP
[Driver_0] ID:199 Name:pkt_0 | Src:0001 Tgt:1100 | Data(Hex):9b Data(Dec):155 | Type:MDP
[Driver_3] ID:200 Name:pkt_3 | Src:1000 Tgt:0110 | Data(Hex):cf Data(Dec):207 | Type:MDP
[Checker] Predicted Drop: Packet ID 201 is INVALID (Src:0010 Tgt:0111). Ignoring.
[Driver_1] ID:201 Name:pkt_1 | Src:0010 Tgt:0111 | Data(Hex):26 Data(Dec):38 | Type:MDP
[Checker] Predicted Drop: Packet ID 202 is INVALID (Src:0100 Tgt:0000). Ignoring.
[Driver_2] ID:202 Name:pkt_2 | Src:0100 Tgt:0000 | Data(Hex):24 Data(Dec):36 | Type:ERR
[Monitor_1] ID:203 Name:monitored | Src:1000 Tgt:0110 | Data(Hex):cf Data(Dec):207 | Type:MDP
[Monitor_2] ID:204 Name:monitored | Src:1000 Tgt:0110 | Data(Hex):cf Data(Dec):207 | Type:MDP
[Monitor_2] ID:205 Name:monitored | Src:0001 Tgt:1100 | Data(Hex):9b Data(Dec):155 | Type:MDP
[Monitor_3] ID:206 Name:monitored | Src:0001 Tgt:1100 | Data(Hex):9b Data(Dec):155 | Type:MDP
[Driver_3] ID:207 Name:pkt_3 | Src:1000 Tgt:0001 | Data(Hex):84 Data(Dec):132 | Type:SDP
[Checker] Predicted Drop: Packet ID 208 is INVALID (Src:0100 Tgt:1110). Ignoring.
[Driver_2] ID:208 Name:pkt_2 | Src:0100 Tgt:1110 | Data(Hex):d4 Data(Dec):212 | Type:MDP
[Driver_0] ID:209 Name:pkt_0 | Src:0001 Tgt:0010 | Data(Hex):72 Data(Dec):114 | Type:SDP
[Monitor_0] ID:210 Name:monitored | Src:1000 Tgt:0001 | Data(Hex):84 Data(Dec):132 | Type:SDP
[Checker] Predicted Drop: Packet ID 211 is INVALID (Src:0010 Tgt:1110). Ignoring.
[Driver_1] ID:211 Name:pkt_1 | Src:0010 Tgt:1110 | Data(Hex):e2 Data(Dec):226 | Type:MDP
[Monitor_1] ID:212 Name:monitored | Src:0001 Tgt:0010 | Data(Hex):72 Data(Dec):114 | Type:SDP
[Driver_2] ID:213 Name:pkt_2 | Src:0100 Tgt:1011 | Data(Hex):43 Data(Dec):67 | Type:MDP
[Driver_3] ID:214 Name:pkt_3 | Src:1000 Tgt:0100 | Data(Hex):a5 Data(Dec):165 | Type:SDP
[Driver_0] ID:215 Name:pkt_0 | Src:0001 Tgt:1100 | Data(Hex):96 Data(Dec):150 | Type:MDP
[Checker] Predicted Drop: Packet ID 216 is INVALID (Src:0010 Tgt:0000). Ignoring.
[Driver_1] ID:216 Name:pkt_1 | Src:0010 Tgt:0000 | Data(Hex):29 Data(Dec):41 | Type:ERR
[Monitor_0] ID:217 Name:monitored | Src:0100 Tgt:1011 | Data(Hex):43 Data(Dec):67 | Type:MDP
[Monitor_1] ID:218 Name:monitored | Src:0100 Tgt:1011 | Data(Hex):43 Data(Dec):67 | Type:MDP
[Monitor_3] ID:219 Name:monitored | Src:0100 Tgt:1011 | Data(Hex):43 Data(Dec):67 | Type:MDP
[Monitor_2] ID:220 Name:monitored | Src:1000 Tgt:0100 | Data(Hex):a5 Data(Dec):165 | Type:SDP
[Monitor_2] ID:221 Name:monitored | Src:0001 Tgt:1100 | Data(Hex):96 Data(Dec):150 | Type:MDP
[Monitor_3] ID:222 Name:monitored | Src:0001 Tgt:1100 | Data(Hex):96 Data(Dec):150 | Type:MDP
[Checker] Predicted Drop: Packet ID 223 is INVALID (Src:0010 Tgt:1010). Ignoring.
[Driver_1] ID:223 Name:pkt_1 | Src:0010 Tgt:1010 | Data(Hex):68 Data(Dec):104 | Type:MDP
[Driver_2] ID:224 Name:pkt_2 | Src:0100 Tgt:0010 | Data(Hex):37 Data(Dec):55 | Type:SDP
[Driver_3] ID:225 Name:pkt_3 | Src:1000 Tgt:1111 | Data(Hex):95 Data(Dec):149 | Type:BDP
[Checker] Predicted Drop: Packet ID 226 is INVALID (Src:0001 Tgt:0001). Ignoring.
[Driver_0] ID:226 Name:pkt_0 | Src:0001 Tgt:0001 | Data(Hex):77 Data(Dec):119 | Type:SDP
[Checker] Predicted Drop: Packet ID 227 is INVALID (Src:1000 Tgt:1011). Ignoring.
[Driver_3] ID:227 Name:pkt_3 | Src:1000 Tgt:1011 | Data(Hex):f8 Data(Dec):248 | Type:MDP
[Monitor_1] ID:228 Name:monitored | Src:0100 Tgt:0010 | Data(Hex):37 Data(Dec):55 | Type:SDP
[Monitor_0] ID:229 Name:monitored | Src:1000 Tgt:1111 | Data(Hex):95 Data(Dec):149 | Type:BDP
[Monitor_1] ID:230 Name:monitored | Src:1000 Tgt:1111 | Data(Hex):95 Data(Dec):149 | Type:BDP
[Monitor_2] ID:231 Name:monitored | Src:1000 Tgt:1111 | Data(Hex):95 Data(Dec):149 | Type:BDP
[Monitor_3] ID:232 Name:monitored | Src:1000 Tgt:1111 | Data(Hex):95 Data(Dec):149 | Type:BDP
[Checker] Predicted Drop: Packet ID 233 is INVALID (Src:0100 Tgt:1100). Ignoring.
[Driver_2] ID:233 Name:pkt_2 | Src:0100 Tgt:1100 | Data(Hex):ca Data(Dec):202 | Type:MDP
[Driver_1] ID:234 Name:pkt_1 | Src:0010 Tgt:0001 | Data(Hex):ab Data(Dec):171 | Type:SDP
[Checker] Predicted Drop: Packet ID 235 is INVALID (Src:0001 Tgt:0111). Ignoring.
[Driver_0] ID:235 Name:pkt_0 | Src:0001 Tgt:0111 | Data(Hex):d4 Data(Dec):212 | Type:MDP
[Driver_3] ID:236 Name:pkt_3 | Src:1000 Tgt:1111 | Data(Hex):d6 Data(Dec):214 | Type:BDP
[Monitor_0] ID:237 Name:monitored | Src:0010 Tgt:0001 | Data(Hex):ab Data(Dec):171 | Type:SDP
[Monitor_0] ID:238 Name:monitored | Src:1000 Tgt:1111 | Data(Hex):d6 Data(Dec):214 | Type:BDP
[Monitor_1] ID:239 Name:monitored | Src:1000 Tgt:1111 | Data(Hex):d6 Data(Dec):214 | Type:BDP
[Monitor_2] ID:240 Name:monitored | Src:1000 Tgt:1111 | Data(Hex):d6 Data(Dec):214 | Type:BDP
[Monitor_3] ID:241 Name:monitored | Src:1000 Tgt:1111 | Data(Hex):d6 Data(Dec):214 | Type:BDP
[Checker] Predicted Drop: Packet ID 242 is INVALID (Src:0100 Tgt:0000). Ignoring.
[Driver_2] ID:242 Name:pkt_2 | Src:0100 Tgt:0000 | Data(Hex):30 Data(Dec):48 | Type:ERR
[Checker] Predicted Drop: Packet ID 243 is INVALID (Src:0001 Tgt:0111). Ignoring.
[Driver_0] ID:243 Name:pkt_0 | Src:0001 Tgt:0111 | Data(Hex):80 Data(Dec):128 | Type:MDP
[Checker] Predicted Drop: Packet ID 244 is INVALID (Src:1000 Tgt:1001). Ignoring.
[Driver_3] ID:244 Name:pkt_3 | Src:1000 Tgt:1001 | Data(Hex):b3 Data(Dec):179 | Type:MDP
[Driver_1] ID:245 Name:pkt_1 | Src:0010 Tgt:1111 | Data(Hex):34 Data(Dec):52 | Type:BDP
[Checker] Predicted Drop: Packet ID 246 is INVALID (Src:0100 Tgt:0101). Ignoring.
[Driver_2] ID:246 Name:pkt_2 | Src:0100 Tgt:0101 | Data(Hex):24 Data(Dec):36 | Type:MDP
[Driver_0] ID:247 Name:pkt_0 | Src:0001 Tgt:0010 | Data(Hex):d1 Data(Dec):209 | Type:SDP
[Monitor_0] ID:248 Name:monitored | Src:0010 Tgt:1111 | Data(Hex):34 Data(Dec):52 | Type:BDP
[Monitor_1] ID:249 Name:monitored | Src:0010 Tgt:1111 | Data(Hex):34 Data(Dec):52 | Type:BDP
[Monitor_2] ID:250 Name:monitored | Src:0010 Tgt:1111 | Data(Hex):34 Data(Dec):52 | Type:BDP
[Monitor_3] ID:251 Name:monitored | Src:0010 Tgt:1111 | Data(Hex):34 Data(Dec):52 | Type:BDP
[Checker] Predicted Drop: Packet ID 252 is INVALID (Src:0001 Tgt:0111). Ignoring.
[Driver_0] ID:252 Name:pkt_0 | Src:0001 Tgt:0111 | Data(Hex):ba Data(Dec):186 | Type:MDP
[Driver_1] ID:253 Name:pkt_1 | Src:0010 Tgt:1111 | Data(Hex):18 Data(Dec):24 | Type:BDP
[Checker] Predicted Drop: Packet ID 254 is INVALID (Src:1000 Tgt:0000). Ignoring.
[Driver_3] ID:254 Name:pkt_3 | Src:1000 Tgt:0000 | Data(Hex):7c Data(Dec):124 | Type:ERR
[Monitor_1] ID:255 Name:monitored | Src:0001 Tgt:0010 | Data(Hex):d1 Data(Dec):209 | Type:SDP
[Driver_2] ID:256 Name:pkt_2 | Src:0100 Tgt:1010 | Data(Hex):6c Data(Dec):108 | Type:MDP
[Monitor_0] ID:257 Name:monitored | Src:0010 Tgt:1111 | Data(Hex):18 Data(Dec):24 | Type:BDP
[Monitor_1] ID:258 Name:monitored | Src:0010 Tgt:1111 | Data(Hex):18 Data(Dec):24 | Type:BDP
[Monitor_2] ID:259 Name:monitored | Src:0010 Tgt:1111 | Data(Hex):18 Data(Dec):24 | Type:BDP
[Monitor_3] ID:260 Name:monitored | Src:0010 Tgt:1111 | Data(Hex):18 Data(Dec):24 | Type:BDP
[Checker] Predicted Drop: Packet ID 261 is INVALID (Src:0010 Tgt:0000). Ignoring.
[Driver_1] ID:261 Name:pkt_1 | Src:0010 Tgt:0000 | Data(Hex):7e Data(Dec):126 | Type:ERR
[Driver_3] ID:262 Name:pkt_3 | Src:1000 Tgt:1111 | Data(Hex):f6 Data(Dec):246 | Type:BDP
[Checker] Predicted Drop: Packet ID 263 is INVALID (Src:0001 Tgt:1001). Ignoring.
[Driver_0] ID:263 Name:pkt_0 | Src:0001 Tgt:1001 | Data(Hex):3d Data(Dec):61 | Type:MDP
[Monitor_1] ID:264 Name:monitored | Src:0100 Tgt:1010 | Data(Hex):6c Data(Dec):108 | Type:MDP
[Monitor_3] ID:265 Name:monitored | Src:0100 Tgt:1010 | Data(Hex):6c Data(Dec):108 | Type:MDP
[Monitor_0] ID:266 Name:monitored | Src:1000 Tgt:1111 | Data(Hex):f6 Data(Dec):246 | Type:BDP
[Monitor_1] ID:267 Name:monitored | Src:1000 Tgt:1111 | Data(Hex):f6 Data(Dec):246 | Type:BDP
[Monitor_2] ID:268 Name:monitored | Src:1000 Tgt:1111 | Data(Hex):f6 Data(Dec):246 | Type:BDP
[Monitor_3] ID:269 Name:monitored | Src:1000 Tgt:1111 | Data(Hex):f6 Data(Dec):246 | Type:BDP
[Driver_2] ID:270 Name:pkt_2 | Src:0100 Tgt:0001 | Data(Hex):bc Data(Dec):188 | Type:SDP
[Checker] Predicted Drop: Packet ID 271 is INVALID (Src:0001 Tgt:0011). Ignoring.
[Driver_0] ID:271 Name:pkt_0 | Src:0001 Tgt:0011 | Data(Hex):e9 Data(Dec):233 | Type:MDP
[Checker] Predicted Drop: Packet ID 272 is INVALID (Src:1000 Tgt:1101). Ignoring.
[Driver_3] ID:272 Name:pkt_3 | Src:1000 Tgt:1101 | Data(Hex):12 Data(Dec):18 | Type:MDP
[Checker] Predicted Drop: Packet ID 273 is INVALID (Src:0010 Tgt:0111). Ignoring.
[Driver_1] ID:273 Name:pkt_1 | Src:0010 Tgt:0111 | Data(Hex):70 Data(Dec):112 | Type:MDP
[Driver_0] ID:274 Name:pkt_0 | Src:0001 Tgt:1111 | Data(Hex):01 Data(Dec):1 | Type:BDP
[Monitor_0] ID:275 Name:monitored | Src:0100 Tgt:0001 | Data(Hex):bc Data(Dec):188 | Type:SDP
[Checker] Predicted Drop: Packet ID 276 is INVALID (Src:0010 Tgt:1010). Ignoring.
[Driver_1] ID:276 Name:pkt_1 | Src:0010 Tgt:1010 | Data(Hex):b1 Data(Dec):177 | Type:MDP
[Checker] Predicted Drop: Packet ID 277 is INVALID (Src:0100 Tgt:0110). Ignoring.
[Driver_2] ID:277 Name:pkt_2 | Src:0100 Tgt:0110 | Data(Hex):59 Data(Dec):89 | Type:MDP
[Checker] Predicted Drop: Packet ID 278 is INVALID (Src:1000 Tgt:1100). Ignoring.
[Driver_3] ID:278 Name:pkt_3 | Src:1000 Tgt:1100 | Data(Hex):a8 Data(Dec):168 | Type:MDP
[Monitor_0] ID:279 Name:monitored | Src:0001 Tgt:1111 | Data(Hex):01 Data(Dec):1 | Type:BDP
[Monitor_1] ID:280 Name:monitored | Src:0001 Tgt:1111 | Data(Hex):01 Data(Dec):1 | Type:BDP
[Monitor_2] ID:281 Name:monitored | Src:0001 Tgt:1111 | Data(Hex):01 Data(Dec):1 | Type:BDP
[Monitor_3] ID:282 Name:monitored | Src:0001 Tgt:1111 | Data(Hex):01 Data(Dec):1 | Type:BDP
[Driver_1] ID:283 Name:pkt_1 | Src:0010 Tgt:1000 | Data(Hex):ae Data(Dec):174 | Type:SDP
[Driver_2] ID:284 Name:pkt_2 | Src:0100 Tgt:0001 | Data(Hex):eb Data(Dec):235 | Type:SDP
[Driver_0] ID:285 Name:pkt_0 | Src:0001 Tgt:1111 | Data(Hex):8c Data(Dec):140 | Type:BDP
[Driver_1] ID:286 Name:pkt_1 | Src:0010 Tgt:1101 | Data(Hex):af Data(Dec):175 | Type:MDP
[Monitor_3] ID:287 Name:monitored | Src:0010 Tgt:1000 | Data(Hex):ae Data(Dec):174 | Type:SDP
[Monitor_0] ID:288 Name:monitored | Src:0100 Tgt:0001 | Data(Hex):eb Data(Dec):235 | Type:SDP
[Driver_3] ID:289 Name:pkt_3 | Src:1000 Tgt:0011 | Data(Hex):20 Data(Dec):32 | Type:MDP
[Monitor_0] ID:290 Name:monitored | Src:0001 Tgt:1111 | Data(Hex):8c Data(Dec):140 | Type:BDP
[Monitor_1] ID:291 Name:monitored | Src:0001 Tgt:1111 | Data(Hex):8c Data(Dec):140 | Type:BDP
[Monitor_2] ID:292 Name:monitored | Src:0001 Tgt:1111 | Data(Hex):8c Data(Dec):140 | Type:BDP
[Monitor_3] ID:293 Name:monitored | Src:0001 Tgt:1111 | Data(Hex):8c Data(Dec):140 | Type:BDP
[Monitor_0] ID:294 Name:monitored | Src:0010 Tgt:1101 | Data(Hex):af Data(Dec):175 | Type:MDP
[Monitor_2] ID:295 Name:monitored | Src:0010 Tgt:1101 | Data(Hex):af Data(Dec):175 | Type:MDP
[Monitor_3] ID:296 Name:monitored | Src:0010 Tgt:1101 | Data(Hex):af Data(Dec):175 | Type:MDP
[Driver_0] ID:297 Name:pkt_0 | Src:0001 Tgt:1000 | Data(Hex):0a Data(Dec):10 | Type:SDP
[Checker] Predicted Drop: Packet ID 298 is INVALID (Src:0010 Tgt:0110). Ignoring.
[Driver_1] ID:298 Name:pkt_1 | Src:0010 Tgt:0110 | Data(Hex):a6 Data(Dec):166 | Type:MDP
[Driver_2] ID:299 Name:pkt_2 | Src:0100 Tgt:0001 | Data(Hex):1a Data(Dec):26 | Type:SDP
[Monitor_0] ID:300 Name:monitored | Src:1000 Tgt:0011 | Data(Hex):20 Data(Dec):32 | Type:MDP
[Monitor_1] ID:301 Name:monitored | Src:1000 Tgt:0011 | Data(Hex):20 Data(Dec):32 | Type:MDP
[Checker] Predicted Drop: Packet ID 302 is INVALID (Src:0100 Tgt:1100). Ignoring.
[Driver_2] ID:302 Name:pkt_2 | Src:0100 Tgt:1100 | Data(Hex):58 Data(Dec):88 | Type:MDP
[Checker] Predicted Drop: Packet ID 303 is INVALID (Src:0010 Tgt:1011). Ignoring.
[Driver_1] ID:303 Name:pkt_1 | Src:0010 Tgt:1011 | Data(Hex):e8 Data(Dec):232 | Type:MDP
[Monitor_0] ID:304 Name:monitored | Src:0100 Tgt:0001 | Data(Hex):1a Data(Dec):26 | Type:SDP
[Monitor_3] ID:305 Name:monitored | Src:0001 Tgt:1000 | Data(Hex):0a Data(Dec):10 | Type:SDP
[Checker] Predicted Drop: Packet ID 306 is INVALID (Src:1000 Tgt:0000). Ignoring.
[Driver_3] ID:306 Name:pkt_3 | Src:1000 Tgt:0000 | Data(Hex):48 Data(Dec):72 | Type:ERR
[Driver_0] ID:307 Name:pkt_0 | Src:0001 Tgt:1000 | Data(Hex):53 Data(Dec):83 | Type:SDP
[Checker] Predicted Drop: Packet ID 308 is INVALID (Src:0010 Tgt:0011). Ignoring.
[Driver_1] ID:308 Name:pkt_1 | Src:0010 Tgt:0011 | Data(Hex):6c Data(Dec):108 | Type:MDP
[Driver_2] ID:309 Name:pkt_2 | Src:0100 Tgt:1001 | Data(Hex):d6 Data(Dec):214 | Type:MDP
[Monitor_3] ID:310 Name:monitored | Src:0001 Tgt:1000 | Data(Hex):53 Data(Dec):83 | Type:SDP
[Driver_3] ID:311 Name:pkt_3 | Src:1000 Tgt:0011 | Data(Hex):16 Data(Dec):22 | Type:MDP
[Checker] Predicted Drop: Packet ID 312 is INVALID (Src:0010 Tgt:1110). Ignoring.
[Driver_1] ID:312 Name:pkt_1 | Src:0010 Tgt:1110 | Data(Hex):53 Data(Dec):83 | Type:MDP
[Monitor_0] ID:313 Name:monitored | Src:0100 Tgt:1001 | Data(Hex):d6 Data(Dec):214 | Type:MDP
[Monitor_3] ID:314 Name:monitored | Src:0100 Tgt:1001 | Data(Hex):d6 Data(Dec):214 | Type:MDP
[Monitor_0] ID:315 Name:monitored | Src:1000 Tgt:0011 | Data(Hex):16 Data(Dec):22 | Type:MDP
[Monitor_1] ID:316 Name:monitored | Src:1000 Tgt:0011 | Data(Hex):16 Data(Dec):22 | Type:MDP
[Driver_0] ID:317 Name:pkt_0 | Src:0001 Tgt:1100 | Data(Hex):7f Data(Dec):127 | Type:MDP
[Checker] Predicted Drop: Packet ID 318 is INVALID (Src:0100 Tgt:0101). Ignoring.
[Driver_2] ID:318 Name:pkt_2 | Src:0100 Tgt:0101 | Data(Hex):98 Data(Dec):152 | Type:MDP
[Checker] Predicted Drop: Packet ID 319 is INVALID (Src:1000 Tgt:1000). Ignoring.
[Driver_3] ID:319 Name:pkt_3 | Src:1000 Tgt:1000 | Data(Hex):17 Data(Dec):23 | Type:SDP
[Monitor_2] ID:320 Name:monitored | Src:0001 Tgt:1100 | Data(Hex):7f Data(Dec):127 | Type:MDP
[Monitor_3] ID:321 Name:monitored | Src:0001 Tgt:1100 | Data(Hex):7f Data(Dec):127 | Type:MDP
[Checker] Predicted Drop: Packet ID 322 is INVALID (Src:0010 Tgt:0110). Ignoring.
[Driver_1] ID:322 Name:pkt_1 | Src:0010 Tgt:0110 | Data(Hex):6f Data(Dec):111 | Type:MDP
[Driver_3] ID:323 Name:pkt_3 | Src:1000 Tgt:0001 | Data(Hex):71 Data(Dec):113 | Type:SDP
[Checker] Predicted Drop: Packet ID 324 is INVALID (Src:0100 Tgt:1100). Ignoring.
[Driver_2] ID:324 Name:pkt_2 | Src:0100 Tgt:1100 | Data(Hex):ff Data(Dec):255 | Type:MDP
[Checker] Predicted Drop: Packet ID 325 is INVALID (Src:0001 Tgt:0011). Ignoring.
[Driver_0] ID:325 Name:pkt_0 | Src:0001 Tgt:0011 | Data(Hex):a0 Data(Dec):160 | Type:MDP
[Monitor_0] ID:326 Name:monitored | Src:1000 Tgt:0001 | Data(Hex):71 Data(Dec):113 | Type:SDP
[Checker] Predicted Drop: Packet ID 327 is INVALID (Src:0100 Tgt:0100). Ignoring.
[Driver_2] ID:327 Name:pkt_2 | Src:0100 Tgt:0100 | Data(Hex):12 Data(Dec):18 | Type:SDP
[Checker] Predicted Drop: Packet ID 328 is INVALID (Src:1000 Tgt:1110). Ignoring.
[Driver_3] ID:328 Name:pkt_3 | Src:1000 Tgt:1110 | Data(Hex):96 Data(Dec):150 | Type:MDP
[Driver_1] ID:329 Name:pkt_1 | Src:0010 Tgt:1100 | Data(Hex):5e Data(Dec):94 | Type:MDP
[Checker] Predicted Drop: Packet ID 330 is INVALID (Src:0100 Tgt:0110). Ignoring.
[Driver_2] ID:330 Name:pkt_2 | Src:0100 Tgt:0110 | Data(Hex):1f Data(Dec):31 | Type:MDP
[Checker] Predicted Drop: Packet ID 331 is INVALID (Src:0001 Tgt:0000). Ignoring.
[Driver_0] ID:331 Name:pkt_0 | Src:0001 Tgt:0000 | Data(Hex):59 Data(Dec):89 | Type:ERR
[Monitor_2] ID:332 Name:monitored | Src:0010 Tgt:1100 | Data(Hex):5e Data(Dec):94 | Type:MDP
[Monitor_3] ID:333 Name:monitored | Src:0010 Tgt:1100 | Data(Hex):5e Data(Dec):94 | Type:MDP
[Checker] Predicted Drop: Packet ID 334 is INVALID (Src:0001 Tgt:0000). Ignoring.
[Driver_0] ID:334 Name:pkt_0 | Src:0001 Tgt:0000 | Data(Hex):ca Data(Dec):202 | Type:ERR
[Checker] Predicted Drop: Packet ID 335 is INVALID (Src:1000 Tgt:1001). Ignoring.
[Driver_3] ID:335 Name:pkt_3 | Src:1000 Tgt:1001 | Data(Hex):b4 Data(Dec):180 | Type:MDP
[Driver_1] ID:336 Name:pkt_1 | Src:0010 Tgt:0001 | Data(Hex):8b Data(Dec):139 | Type:SDP
[Checker] Predicted Drop: Packet ID 337 is INVALID (Src:0100 Tgt:0110). Ignoring.
[Driver_2] ID:337 Name:pkt_2 | Src:0100 Tgt:0110 | Data(Hex):cc Data(Dec):204 | Type:MDP
[Driver_0] ID:338 Name:pkt_0 | Src:0001 Tgt:1010 | Data(Hex):56 Data(Dec):86 | Type:MDP
[Monitor_0] ID:339 Name:monitored | Src:0010 Tgt:0001 | Data(Hex):8b Data(Dec):139 | Type:SDP
[Monitor_1] ID:340 Name:monitored | Src:0001 Tgt:1010 | Data(Hex):56 Data(Dec):86 | Type:MDP
[Monitor_3] ID:341 Name:monitored | Src:0001 Tgt:1010 | Data(Hex):56 Data(Dec):86 | Type:MDP
[Checker] Predicted Drop: Packet ID 342 is INVALID (Src:1000 Tgt:1011). Ignoring.
[Driver_3] ID:342 Name:pkt_3 | Src:1000 Tgt:1011 | Data(Hex):cf Data(Dec):207 | Type:MDP
[Checker] Predicted Drop: Packet ID 343 is INVALID (Src:0001 Tgt:0111). Ignoring.
[Driver_0] ID:343 Name:pkt_0 | Src:0001 Tgt:0111 | Data(Hex):06 Data(Dec):6 | Type:MDP
[Driver_1] ID:344 Name:pkt_1 | Src:0010 Tgt:1001 | Data(Hex):6c Data(Dec):108 | Type:MDP
[Driver_2] ID:345 Name:pkt_2 | Src:0100 Tgt:1000 | Data(Hex):21 Data(Dec):33 | Type:SDP
[Checker] Predicted Drop: Packet ID 346 is INVALID (Src:0001 Tgt:0000). Ignoring.
[Driver_0] ID:346 Name:pkt_0 | Src:0001 Tgt:0000 | Data(Hex):c6 Data(Dec):198 | Type:ERR
[Checker] Predicted Drop: Packet ID 347 is INVALID (Src:1000 Tgt:1010). Ignoring.
[Driver_3] ID:347 Name:pkt_3 | Src:1000 Tgt:1010 | Data(Hex):b6 Data(Dec):182 | Type:MDP
[Monitor_0] ID:348 Name:monitored | Src:0010 Tgt:1001 | Data(Hex):6c Data(Dec):108 | Type:MDP
[Monitor_3] ID:349 Name:monitored | Src:0010 Tgt:1001 | Data(Hex):6c Data(Dec):108 | Type:MDP
[Monitor_3] ID:350 Name:monitored | Src:0100 Tgt:1000 | Data(Hex):21 Data(Dec):33 | Type:SDP
[Driver_2] ID:351 Name:pkt_2 | Src:0100 Tgt:1011 | Data(Hex):e6 Data(Dec):230 | Type:MDP
[Checker] Predicted Drop: Packet ID 352 is INVALID (Src:0010 Tgt:0010). Ignoring.
[Driver_1] ID:352 Name:pkt_1 | Src:0010 Tgt:0010 | Data(Hex):b9 Data(Dec):185 | Type:SDP
[Checker] Predicted Drop: Packet ID 353 is INVALID (Src:0001 Tgt:0001). Ignoring.
[Driver_0] ID:353 Name:pkt_0 | Src:0001 Tgt:0001 | Data(Hex):ee Data(Dec):238 | Type:SDP
[Checker] Predicted Drop: Packet ID 354 is INVALID (Src:1000 Tgt:1000). Ignoring.
[Driver_3] ID:354 Name:pkt_3 | Src:1000 Tgt:1000 | Data(Hex):e9 Data(Dec):233 | Type:SDP
[Monitor_0] ID:355 Name:monitored | Src:0100 Tgt:1011 | Data(Hex):e6 Data(Dec):230 | Type:MDP
[Monitor_1] ID:356 Name:monitored | Src:0100 Tgt:1011 | Data(Hex):e6 Data(Dec):230 | Type:MDP
[Monitor_3] ID:357 Name:monitored | Src:0100 Tgt:1011 | Data(Hex):e6 Data(Dec):230 | Type:MDP
[Checker] Predicted Drop: Packet ID 358 is INVALID (Src:0001 Tgt:0001). Ignoring.
[Driver_0] ID:358 Name:pkt_0 | Src:0001 Tgt:0001 | Data(Hex):ab Data(Dec):171 | Type:SDP
[Checker] Predicted Drop: Packet ID 359 is INVALID (Src:1000 Tgt:1010). Ignoring.
[Driver_3] ID:359 Name:pkt_3 | Src:1000 Tgt:1010 | Data(Hex):b0 Data(Dec):176 | Type:MDP
[Driver_1] ID:360 Name:pkt_1 | Src:0010 Tgt:1111 | Data(Hex):dd Data(Dec):221 | Type:BDP
[Checker] Predicted Drop: Packet ID 361 is INVALID (Src:0100 Tgt:0111). Ignoring.
[Driver_2] ID:361 Name:pkt_2 | Src:0100 Tgt:0111 | Data(Hex):3c Data(Dec):60 | Type:MDP
[Checker] Predicted Drop: Packet ID 362 is INVALID (Src:1000 Tgt:1100). Ignoring.
[Driver_3] ID:362 Name:pkt_3 | Src:1000 Tgt:1100 | Data(Hex):2a Data(Dec):42 | Type:MDP
[Checker] Predicted Drop: Packet ID 363 is INVALID (Src:0001 Tgt:1101). Ignoring.
[Driver_0] ID:363 Name:pkt_0 | Src:0001 Tgt:1101 | Data(Hex):92 Data(Dec):146 | Type:MDP
[Monitor_0] ID:364 Name:monitored | Src:0010 Tgt:1111 | Data(Hex):dd Data(Dec):221 | Type:BDP
[Monitor_1] ID:365 Name:monitored | Src:0010 Tgt:1111 | Data(Hex):dd Data(Dec):221 | Type:BDP
[Monitor_2] ID:366 Name:monitored | Src:0010 Tgt:1111 | Data(Hex):dd Data(Dec):221 | Type:BDP
[Monitor_3] ID:367 Name:monitored | Src:0010 Tgt:1111 | Data(Hex):dd Data(Dec):221 | Type:BDP
[Driver_3] ID:368 Name:pkt_3 | Src:1000 Tgt:0011 | Data(Hex):1e Data(Dec):30 | Type:MDP
[Driver_1] ID:369 Name:pkt_1 | Src:0010 Tgt:1101 | Data(Hex):92 Data(Dec):146 | Type:MDP
[Checker] Predicted Drop: Packet ID 370 is INVALID (Src:0100 Tgt:0100). Ignoring.
[Driver_2] ID:370 Name:pkt_2 | Src:0100 Tgt:0100 | Data(Hex):9e Data(Dec):158 | Type:SDP
[Checker] Predicted Drop: Packet ID 371 is INVALID (Src:0001 Tgt:0011). Ignoring.
[Driver_0] ID:371 Name:pkt_0 | Src:0001 Tgt:0011 | Data(Hex):de Data(Dec):222 | Type:MDP
[Driver_2] ID:372 Name:pkt_2 | Src:0100 Tgt:1000 | Data(Hex):dd Data(Dec):221 | Type:SDP
[Checker] Predicted Drop: Packet ID 373 is INVALID (Src:1000 Tgt:1101). Ignoring.
[Driver_3] ID:373 Name:pkt_3 | Src:1000 Tgt:1101 | Data(Hex):a6 Data(Dec):166 | Type:MDP
[Monitor_0] ID:374 Name:monitored | Src:1000 Tgt:0011 | Data(Hex):1e Data(Dec):30 | Type:MDP
[Monitor_1] ID:375 Name:monitored | Src:1000 Tgt:0011 | Data(Hex):1e Data(Dec):30 | Type:MDP
[Monitor_0] ID:376 Name:monitored | Src:0010 Tgt:1101 | Data(Hex):92 Data(Dec):146 | Type:MDP
[Monitor_2] ID:377 Name:monitored | Src:0010 Tgt:1101 | Data(Hex):92 Data(Dec):146 | Type:MDP
[Monitor_3] ID:378 Name:monitored | Src:0010 Tgt:1101 | Data(Hex):92 Data(Dec):146 | Type:MDP
[Checker] Predicted Drop: Packet ID 379 is INVALID (Src:0010 Tgt:0111). Ignoring.
[Driver_1] ID:379 Name:pkt_1 | Src:0010 Tgt:0111 | Data(Hex):cb Data(Dec):203 | Type:MDP
[Monitor_3] ID:380 Name:monitored | Src:0100 Tgt:1000 | Data(Hex):dd Data(Dec):221 | Type:SDP
[Checker] Predicted Drop: Packet ID 381 is INVALID (Src:0001 Tgt:0000). Ignoring.
[Driver_0] ID:381 Name:pkt_0 | Src:0001 Tgt:0000 | Data(Hex):cb Data(Dec):203 | Type:ERR
[Checker] Predicted Drop: Packet ID 382 is INVALID (Src:0100 Tgt:0111). Ignoring.
[Driver_2] ID:382 Name:pkt_2 | Src:0100 Tgt:0111 | Data(Hex):12 Data(Dec):18 | Type:MDP
[Driver_3] ID:383 Name:pkt_3 | Src:1000 Tgt:0011 | Data(Hex):18 Data(Dec):24 | Type:MDP
[Checker] Predicted Drop: Packet ID 384 is INVALID (Src:0001 Tgt:1101). Ignoring.
[Driver_0] ID:384 Name:pkt_0 | Src:0001 Tgt:1101 | Data(Hex):ef Data(Dec):239 | Type:MDP
[Driver_1] ID:385 Name:pkt_1 | Src:0010 Tgt:1100 | Data(Hex):0b Data(Dec):11 | Type:MDP
[Monitor_0] ID:386 Name:monitored | Src:1000 Tgt:0011 | Data(Hex):18 Data(Dec):24 | Type:MDP
[Monitor_1] ID:387 Name:monitored | Src:1000 Tgt:0011 | Data(Hex):18 Data(Dec):24 | Type:MDP
[Checker] Predicted Drop: Packet ID 388 is INVALID (Src:0100 Tgt:1101). Ignoring.
[Driver_2] ID:388 Name:pkt_2 | Src:0100 Tgt:1101 | Data(Hex):0b Data(Dec):11 | Type:MDP
[Monitor_2] ID:389 Name:monitored | Src:0010 Tgt:1100 | Data(Hex):0b Data(Dec):11 | Type:MDP
[Monitor_3] ID:390 Name:monitored | Src:0010 Tgt:1100 | Data(Hex):0b Data(Dec):11 | Type:MDP
[Driver_3] ID:391 Name:pkt_3 | Src:1000 Tgt:0101 | Data(Hex):87 Data(Dec):135 | Type:MDP
[Driver_1] ID:392 Name:pkt_1 | Src:0010 Tgt:1100 | Data(Hex):eb Data(Dec):235 | Type:MDP
[Checker] Predicted Drop: Packet ID 393 is INVALID (Src:0001 Tgt:0101). Ignoring.
[Driver_0] ID:393 Name:pkt_0 | Src:0001 Tgt:0101 | Data(Hex):46 Data(Dec):70 | Type:MDP
[Monitor_0] ID:394 Name:monitored | Src:1000 Tgt:0101 | Data(Hex):87 Data(Dec):135 | Type:MDP
[Monitor_2] ID:395 Name:monitored | Src:1000 Tgt:0101 | Data(Hex):87 Data(Dec):135 | Type:MDP
[Checker] Predicted Drop: Packet ID 396 is INVALID (Src:0100 Tgt:1100). Ignoring.
[Driver_2] ID:396 Name:pkt_2 | Src:0100 Tgt:1100 | Data(Hex):ce Data(Dec):206 | Type:MDP
[Checker] Predicted Drop: Packet ID 397 is INVALID (Src:0001 Tgt:0000). Ignoring.
[Driver_0] ID:397 Name:pkt_0 | Src:0001 Tgt:0000 | Data(Hex):71 Data(Dec):113 | Type:ERR
[Monitor_2] ID:398 Name:monitored | Src:0010 Tgt:1100 | Data(Hex):eb Data(Dec):235 | Type:MDP
[Monitor_3] ID:399 Name:monitored | Src:0010 Tgt:1100 | Data(Hex):eb Data(Dec):235 | Type:MDP
[Checker] Predicted Drop: Packet ID 400 is INVALID (Src:1000 Tgt:1010). Ignoring.
[Driver_3] ID:400 Name:pkt_3 | Src:1000 Tgt:1010 | Data(Hex):3d Data(Dec):61 | Type:MDP
[Checker] Predicted Drop: Packet ID 401 is INVALID (Src:0010 Tgt:1010). Ignoring.
[Driver_1] ID:401 Name:pkt_1 | Src:0010 Tgt:1010 | Data(Hex):64 Data(Dec):100 | Type:MDP
[Checker] Predicted Drop: Packet ID 402 is INVALID (Src:0100 Tgt:0100). Ignoring.
[Driver_2] ID:402 Name:pkt_2 | Src:0100 Tgt:0100 | Data(Hex):25 Data(Dec):37 | Type:SDP
[Driver_1] ID:403 Name:pkt_1 | Src:0010 Tgt:1000 | Data(Hex):f6 Data(Dec):246 | Type:SDP
[Driver_2] ID:404 Name:pkt_2 | Src:0100 Tgt:0011 | Data(Hex):9b Data(Dec):155 | Type:MDP
[Checker] Predicted Drop: Packet ID 405 is INVALID (Src:0001 Tgt:1001). Ignoring.
[Driver_0] ID:405 Name:pkt_0 | Src:0001 Tgt:1001 | Data(Hex):2b Data(Dec):43 | Type:MDP
[Driver_3] ID:406 Name:pkt_3 | Src:1000 Tgt:1111 | Data(Hex):a2 Data(Dec):162 | Type:BDP
[Driver_2] ID:407 Name:pkt_2 | Src:0100 Tgt:1001 | Data(Hex):d6 Data(Dec):214 | Type:MDP
[Driver_1] ID:408 Name:pkt_1 | Src:0010 Tgt:0101 | Data(Hex):da Data(Dec):218 | Type:MDP
[Monitor_0] ID:409 Name:monitored | Src:0100 Tgt:0011 | Data(Hex):9b Data(Dec):155 | Type:MDP
[Monitor_1] ID:410 Name:monitored | Src:0100 Tgt:0011 | Data(Hex):9b Data(Dec):155 | Type:MDP
[Monitor_3] ID:411 Name:monitored | Src:0010 Tgt:1000 | Data(Hex):f6 Data(Dec):246 | Type:SDP
[Monitor_0] ID:412 Name:monitored | Src:1000 Tgt:1111 | Data(Hex):a2 Data(Dec):162 | Type:BDP
[Monitor_1] ID:413 Name:monitored | Src:1000 Tgt:1111 | Data(Hex):a2 Data(Dec):162 | Type:BDP
[Monitor_2] ID:414 Name:monitored | Src:1000 Tgt:1111 | Data(Hex):a2 Data(Dec):162 | Type:BDP
[Monitor_3] ID:415 Name:monitored | Src:1000 Tgt:1111 | Data(Hex):a2 Data(Dec):162 | Type:BDP
[Driver_2] ID:416 Name:pkt_2 | Src:0100 Tgt:1000 | Data(Hex):f9 Data(Dec):249 | Type:SDP
[Monitor_0] ID:417 Name:monitored | Src:0010 Tgt:0101 | Data(Hex):da Data(Dec):218 | Type:MDP
[Monitor_2] ID:418 Name:monitored | Src:0010 Tgt:0101 | Data(Hex):da Data(Dec):218 | Type:MDP
[Driver_1] ID:419 Name:pkt_1 | Src:0010 Tgt:1001 | Data(Hex):0a Data(Dec):10 | Type:MDP
[Monitor_0] ID:420 Name:monitored | Src:0100 Tgt:1001 | Data(Hex):d6 Data(Dec):214 | Type:MDP
[Monitor_3] ID:421 Name:monitored | Src:0100 Tgt:1001 | Data(Hex):d6 Data(Dec):214 | Type:MDP
[Checker] Predicted Drop: Packet ID 422 is INVALID (Src:1000 Tgt:1001). Ignoring.
[Driver_3] ID:422 Name:pkt_3 | Src:1000 Tgt:1001 | Data(Hex):8f Data(Dec):143 | Type:MDP
[Driver_0] ID:423 Name:pkt_0 | Src:0001 Tgt:1010 | Data(Hex):94 Data(Dec):148 | Type:MDP
[Monitor_3] ID:424 Name:monitored | Src:0100 Tgt:1000 | Data(Hex):f9 Data(Dec):249 | Type:SDP
[Driver_1] ID:425 Name:pkt_1 | Src:0010 Tgt:1101 | Data(Hex):4d Data(Dec):77 | Type:MDP
[Checker] Predicted Drop: Packet ID 426 is INVALID (Src:0100 Tgt:1100). Ignoring.
[Driver_2] ID:426 Name:pkt_2 | Src:0100 Tgt:1100 | Data(Hex):1b Data(Dec):27 | Type:MDP
[Driver_3] ID:427 Name:pkt_3 | Src:1000 Tgt:0011 | Data(Hex):0e Data(Dec):14 | Type:MDP
[Monitor_0] ID:428 Name:monitored | Src:0010 Tgt:1001 | Data(Hex):0a Data(Dec):10 | Type:MDP
[Monitor_3] ID:429 Name:monitored | Src:0010 Tgt:1001 | Data(Hex):0a Data(Dec):10 | Type:MDP
[Checker] Predicted Drop: Packet ID 430 is INVALID (Src:0001 Tgt:1101). Ignoring.
[Driver_0] ID:430 Name:pkt_0 | Src:0001 Tgt:1101 | Data(Hex):b2 Data(Dec):178 | Type:MDP
[Monitor_1] ID:431 Name:monitored | Src:0001 Tgt:1010 | Data(Hex):94 Data(Dec):148 | Type:MDP
[Monitor_3] ID:432 Name:monitored | Src:0001 Tgt:1010 | Data(Hex):94 Data(Dec):148 | Type:MDP
[Monitor_0] ID:433 Name:monitored | Src:0010 Tgt:1101 | Data(Hex):4d Data(Dec):77 | Type:MDP
[Monitor_2] ID:434 Name:monitored | Src:0010 Tgt:1101 | Data(Hex):4d Data(Dec):77 | Type:MDP
[Monitor_3] ID:435 Name:monitored | Src:0010 Tgt:1101 | Data(Hex):4d Data(Dec):77 | Type:MDP
[Checker] Predicted Drop: Packet ID 436 is INVALID (Src:1000 Tgt:1110). Ignoring.
[Driver_3] ID:436 Name:pkt_3 | Src:1000 Tgt:1110 | Data(Hex):64 Data(Dec):100 | Type:MDP
[Monitor_0] ID:437 Name:monitored | Src:1000 Tgt:0011 | Data(Hex):0e Data(Dec):14 | Type:MDP
[Monitor_1] ID:438 Name:monitored | Src:1000 Tgt:0011 | Data(Hex):0e Data(Dec):14 | Type:MDP
[Checker] Predicted Drop: Packet ID 439 is INVALID (Src:0100 Tgt:1101). Ignoring.
[Driver_2] ID:439 Name:pkt_2 | Src:0100 Tgt:1101 | Data(Hex):f3 Data(Dec):243 | Type:MDP
[Driver_0] ID:440 Name:pkt_0 | Src:0001 Tgt:1110 | Data(Hex):15 Data(Dec):21 | Type:MDP
[Driver_1] ID:441 Name:pkt_1 | Src:0010 Tgt:0001 | Data(Hex):fb Data(Dec):251 | Type:SDP
[Driver_3] ID:442 Name:pkt_3 | Src:1000 Tgt:0001 | Data(Hex):dc Data(Dec):220 | Type:SDP
[Monitor_0] ID:443 Name:monitored | Src:0010 Tgt:0001 | Data(Hex):fb Data(Dec):251 | Type:SDP
[Monitor_1] ID:444 Name:monitored | Src:0001 Tgt:1110 | Data(Hex):15 Data(Dec):21 | Type:MDP
[Monitor_2] ID:445 Name:monitored | Src:0001 Tgt:1110 | Data(Hex):15 Data(Dec):21 | Type:MDP
[Monitor_3] ID:446 Name:monitored | Src:0001 Tgt:1110 | Data(Hex):15 Data(Dec):21 | Type:MDP
[Monitor_0] ID:447 Name:monitored | Src:1000 Tgt:0001 | Data(Hex):dc Data(Dec):220 | Type:SDP
[Driver_1] ID:448 Name:pkt_1 | Src:0010 Tgt:0001 | Data(Hex):67 Data(Dec):103 | Type:SDP
[Checker] Predicted Drop: Packet ID 449 is INVALID (Src:0001 Tgt:0111). Ignoring.
[Driver_0] ID:449 Name:pkt_0 | Src:0001 Tgt:0111 | Data(Hex):d1 Data(Dec):209 | Type:MDP
[Checker] Predicted Drop: Packet ID 450 is INVALID (Src:1000 Tgt:1000). Ignoring.
[Driver_3] ID:450 Name:pkt_3 | Src:1000 Tgt:1000 | Data(Hex):2a Data(Dec):42 | Type:SDP
[Monitor_0] ID:451 Name:monitored | Src:0010 Tgt:0001 | Data(Hex):67 Data(Dec):103 | Type:SDP
[Checker] Predicted Drop: Packet ID 452 is INVALID (Src:0010 Tgt:1010). Ignoring.
[Driver_1] ID:452 Name:pkt_1 | Src:0010 Tgt:1010 | Data(Hex):5d Data(Dec):93 | Type:MDP
[Driver_0] ID:453 Name:pkt_0 | Src:0001 Tgt:0010 | Data(Hex):d4 Data(Dec):212 | Type:SDP
[Monitor_1] ID:454 Name:monitored | Src:0001 Tgt:0010 | Data(Hex):d4 Data(Dec):212 | Type:SDP
[Driver_1] ID:455 Name:pkt_1 | Src:0010 Tgt:0001 | Data(Hex):29 Data(Dec):41 | Type:SDP
[Driver_0] ID:456 Name:pkt_0 | Src:0001 Tgt:1100 | Data(Hex):5c Data(Dec):92 | Type:MDP
[Monitor_0] ID:457 Name:monitored | Src:0010 Tgt:0001 | Data(Hex):29 Data(Dec):41 | Type:SDP
[Monitor_2] ID:458 Name:monitored | Src:0001 Tgt:1100 | Data(Hex):5c Data(Dec):92 | Type:MDP
[Monitor_3] ID:459 Name:monitored | Src:0001 Tgt:1100 | Data(Hex):5c Data(Dec):92 | Type:MDP
--- Sequencers Done. Waiting for Drivers to drain... ---
--- Drivers Done. Waiting for Switch to drain... ---

=========================================
 INTEGRITY REPORT
 1. Total Pending (Checker):  0
 2. Input Rejections (FIFO):  0
 -----------------------------------------
 3. INTERNAL LOSS:            0
=========================================

[TEST] PASSED: All accepted packets were delivered.

=========================================
 HARDWARE STATE INSPECTION

=========================================
 FUNCTIONAL COVERAGE RESULTS
=========================================
--- PORT 0 ---
  TOTAL (Valid): 96.25 %
  - Types:       100.00 %
  - Sources:     100.00 %
  - Targets:     87.50 %
  - Type x Src:  100.00 %
  - ROUTING:     93.75 %
--- PORT 1 ---
  TOTAL (Valid): 95.00 %
  - Types:       100.00 %
  - Sources:     100.00 %
  - Targets:     87.50 %
  - Type x Src:  100.00 %
  - ROUTING:     87.50 %
--- PORT 2 ---
  TOTAL (Valid): 95.00 %
  - Types:       100.00 %
  - Sources:     100.00 %
  - Targets:     87.50 %
  - Type x Src:  100.00 %
  - ROUTING:     87.50 %
--- PORT 3 ---
  TOTAL (Valid): 100.00 %
  - Types:       100.00 %
  - Sources:     100.00 %
  - Targets:     100.00 %
  - Type x Src:  100.00 %
  - ROUTING:     100.00 %
=========================================


=========================================
 DETAILED LOST PACKET REPORT
=========================================

=========================================
 CHECKER SUMMARY (Integrity Check)
-----------------------------------------
 Matches (Delivered):     220
 Mismatches (Corrupt):    0
 Total Pending (Missing): 0
-----------------------------------------
 BREAKDOWN OF MISSING PACKETS:
 (-) Valid HW Drops (FIFO Full): 0
 (=) INTERNAL LOSS (BUGS):       0
=========================================

TEST PASSED: Perfect transmission (0 drops, 0 loss).
$finish called from file "../verification/switch_test.sv", line 288.
$finish at simulation time            202140000

---------------------------------------------------------------------------
VCS Coverage Metrics: during simulation line, cond, FSM, branch, tgl was monitored
---------------------------------------------------------------------------
           V C S   S i m u l a t i o n   R e p o r t 
Time: 20214000000 fs
CPU Time:      0.240 seconds;       Data structure size:   1.1Mb
Fri Jan  9 00:38:02 2026
