Command: /project/verif/users/arielt/ws/ex_vlsi_switch_project_ariel/Synt/./simv +vcs+initreg+1 +ntb_random_seed_automatic +ERR_PKT -cm line+cond+fsm+branch+tgl -cm_dir ./cov_work/gls_simv.vdb -cm_name gls_final_submission -l gls_final_cg_100mhz.log
Chronologic VCS simulator copyright 1991-2025
Contains Synopsys proprietary information.
Compiler version X-2025.06-1_Full64; Runtime version X-2025.06-1_Full64;  Jan 14 17:11 2026
NOTE: automatic random seed used: 2297481700
Doing SDF annotation ...... Done
--- Starting Simulation (Driver-Driven) ---
Number of packets about to be generated at each port:  50
[Checker] Predicted Drop: Packet ID 0 is INVALID (Src:0001 Tgt:1001). Ignoring.
[Driver_0] ID:0 Name:pkt_0 | Src:0001 Tgt:1001 | Data(Hex):7e Data(Dec):126 | Type:MDP
[Checker] Predicted Drop: Packet ID 1 is INVALID (Src:0010 Tgt:0011). Ignoring.
[Driver_1] ID:1 Name:pkt_1 | Src:0010 Tgt:0011 | Data(Hex):64 Data(Dec):100 | Type:MDP
[Checker] Predicted Drop: Packet ID 2 is INVALID (Src:0100 Tgt:0110). Ignoring.
[Driver_2] ID:2 Name:pkt_2 | Src:0100 Tgt:0110 | Data(Hex):0c Data(Dec):12 | Type:MDP
[Checker] Predicted Drop: Packet ID 3 is INVALID (Src:1000 Tgt:1101). Ignoring.
[Driver_3] ID:3 Name:pkt_3 | Src:1000 Tgt:1101 | Data(Hex):f6 Data(Dec):246 | Type:MDP
[Checker] Predicted Drop: Packet ID 4 is INVALID (Src:0010 Tgt:0111). Ignoring.
[Driver_1] ID:4 Name:pkt_1 | Src:0010 Tgt:0111 | Data(Hex):2f Data(Dec):47 | Type:MDP
[Driver_2] ID:5 Name:pkt_2 | Src:0100 Tgt:1010 | Data(Hex):e1 Data(Dec):225 | Type:MDP
[Checker] Predicted Drop: Packet ID 6 is INVALID (Src:1000 Tgt:1010). Ignoring.
[Driver_3] ID:6 Name:pkt_3 | Src:1000 Tgt:1010 | Data(Hex):72 Data(Dec):114 | Type:MDP
[Driver_0] ID:7 Name:pkt_0 | Src:0001 Tgt:1110 | Data(Hex):5c Data(Dec):92 | Type:MDP
[Checker] Predicted Drop: Packet ID 8 is INVALID (Src:1000 Tgt:1110). Ignoring.
[Driver_3] ID:8 Name:pkt_3 | Src:1000 Tgt:1110 | Data(Hex):ac Data(Dec):172 | Type:MDP
[Checker] Predicted Drop: Packet ID 9 is INVALID (Src:0100 Tgt:0101). Ignoring.
[Driver_2] ID:9 Name:pkt_2 | Src:0100 Tgt:0101 | Data(Hex):88 Data(Dec):136 | Type:MDP
[Driver_1] ID:10 Name:pkt_1 | Src:0010 Tgt:1001 | Data(Hex):a3 Data(Dec):163 | Type:MDP
[Monitor_1] ID:11 Name:monitored | Src:0100 Tgt:1010 | Data(Hex):e1 Data(Dec):225 | Type:MDP
[Monitor_3] ID:12 Name:monitored | Src:0100 Tgt:1010 | Data(Hex):e1 Data(Dec):225 | Type:MDP
[Monitor_1] ID:13 Name:monitored | Src:0001 Tgt:1110 | Data(Hex):5c Data(Dec):92 | Type:MDP
[Monitor_2] ID:14 Name:monitored | Src:0001 Tgt:1110 | Data(Hex):5c Data(Dec):92 | Type:MDP
[Monitor_3] ID:15 Name:monitored | Src:0001 Tgt:1110 | Data(Hex):5c Data(Dec):92 | Type:MDP
[Checker] Predicted Drop: Packet ID 16 is INVALID (Src:0010 Tgt:1010). Ignoring.
[Driver_1] ID:16 Name:pkt_1 | Src:0010 Tgt:1010 | Data(Hex):5e Data(Dec):94 | Type:MDP
[Monitor_0] ID:17 Name:monitored | Src:0010 Tgt:1001 | Data(Hex):a3 Data(Dec):163 | Type:MDP
[Monitor_3] ID:18 Name:monitored | Src:0010 Tgt:1001 | Data(Hex):a3 Data(Dec):163 | Type:MDP
[Checker] Predicted Drop: Packet ID 19 is INVALID (Src:0001 Tgt:0111). Ignoring.
[Driver_0] ID:19 Name:pkt_0 | Src:0001 Tgt:0111 | Data(Hex):c0 Data(Dec):192 | Type:MDP
[Checker] Predicted Drop: Packet ID 20 is INVALID (Src:1000 Tgt:1011). Ignoring.
[Driver_3] ID:20 Name:pkt_3 | Src:1000 Tgt:1011 | Data(Hex):96 Data(Dec):150 | Type:MDP
[Checker] Predicted Drop: Packet ID 21 is INVALID (Src:0010 Tgt:0110). Ignoring.
[Driver_1] ID:21 Name:pkt_1 | Src:0010 Tgt:0110 | Data(Hex):22 Data(Dec):34 | Type:MDP
[Driver_2] ID:22 Name:pkt_2 | Src:0100 Tgt:1111 | Data(Hex):4e Data(Dec):78 | Type:BDP
[Monitor_0] ID:23 Name:monitored | Src:0100 Tgt:1111 | Data(Hex):4e Data(Dec):78 | Type:BDP
[Monitor_1] ID:24 Name:monitored | Src:0100 Tgt:1111 | Data(Hex):4e Data(Dec):78 | Type:BDP
[Monitor_2] ID:25 Name:monitored | Src:0100 Tgt:1111 | Data(Hex):4e Data(Dec):78 | Type:BDP
[Monitor_3] ID:26 Name:monitored | Src:0100 Tgt:1111 | Data(Hex):4e Data(Dec):78 | Type:BDP
[Checker] Predicted Drop: Packet ID 27 is INVALID (Src:1000 Tgt:1010). Ignoring.
[Driver_3] ID:27 Name:pkt_3 | Src:1000 Tgt:1010 | Data(Hex):e5 Data(Dec):229 | Type:MDP
[Driver_0] ID:28 Name:pkt_0 | Src:0001 Tgt:1000 | Data(Hex):0c Data(Dec):12 | Type:SDP
[Driver_1] ID:29 Name:pkt_1 | Src:0010 Tgt:0001 | Data(Hex):39 Data(Dec):57 | Type:SDP
[Checker] Predicted Drop: Packet ID 30 is INVALID (Src:0100 Tgt:1101). Ignoring.
[Driver_2] ID:30 Name:pkt_2 | Src:0100 Tgt:1101 | Data(Hex):73 Data(Dec):115 | Type:MDP
[Monitor_3] ID:31 Name:monitored | Src:0001 Tgt:1000 | Data(Hex):0c Data(Dec):12 | Type:SDP
[Monitor_0] ID:32 Name:monitored | Src:0010 Tgt:0001 | Data(Hex):39 Data(Dec):57 | Type:SDP
[Checker] Predicted Drop: Packet ID 33 is INVALID (Src:0100 Tgt:0101). Ignoring.
[Driver_2] ID:33 Name:pkt_2 | Src:0100 Tgt:0101 | Data(Hex):f7 Data(Dec):247 | Type:MDP
[Checker] Predicted Drop: Packet ID 34 is INVALID (Src:1000 Tgt:1110). Ignoring.
[Driver_3] ID:34 Name:pkt_3 | Src:1000 Tgt:1110 | Data(Hex):bf Data(Dec):191 | Type:MDP
[Checker] Predicted Drop: Packet ID 35 is INVALID (Src:0001 Tgt:0011). Ignoring.
[Driver_0] ID:35 Name:pkt_0 | Src:0001 Tgt:0011 | Data(Hex):12 Data(Dec):18 | Type:MDP
[Checker] Predicted Drop: Packet ID 36 is INVALID (Src:0010 Tgt:0110). Ignoring.
[Driver_1] ID:36 Name:pkt_1 | Src:0010 Tgt:0110 | Data(Hex):34 Data(Dec):52 | Type:MDP
[Checker] Predicted Drop: Packet ID 37 is INVALID (Src:0100 Tgt:1101). Ignoring.
[Driver_2] ID:37 Name:pkt_2 | Src:0100 Tgt:1101 | Data(Hex):69 Data(Dec):105 | Type:MDP
[Driver_0] ID:38 Name:pkt_0 | Src:0001 Tgt:1000 | Data(Hex):08 Data(Dec):8 | Type:SDP
[Checker] Predicted Drop: Packet ID 39 is INVALID (Src:1000 Tgt:1001). Ignoring.
[Driver_3] ID:39 Name:pkt_3 | Src:1000 Tgt:1001 | Data(Hex):da Data(Dec):218 | Type:MDP
[Driver_2] ID:40 Name:pkt_2 | Src:0100 Tgt:1000 | Data(Hex):b0 Data(Dec):176 | Type:SDP
[Monitor_3] ID:41 Name:monitored | Src:0001 Tgt:1000 | Data(Hex):08 Data(Dec):8 | Type:SDP
[Checker] Predicted Drop: Packet ID 42 is INVALID (Src:0010 Tgt:1110). Ignoring.
[Driver_1] ID:42 Name:pkt_1 | Src:0010 Tgt:1110 | Data(Hex):5e Data(Dec):94 | Type:MDP
[Checker] Predicted Drop: Packet ID 43 is INVALID (Src:0010 Tgt:0110). Ignoring.
[Driver_1] ID:43 Name:pkt_1 | Src:0010 Tgt:0110 | Data(Hex):1c Data(Dec):28 | Type:MDP
[Driver_3] ID:44 Name:pkt_3 | Src:1000 Tgt:0110 | Data(Hex):37 Data(Dec):55 | Type:MDP
[Monitor_3] ID:45 Name:monitored | Src:0100 Tgt:1000 | Data(Hex):b0 Data(Dec):176 | Type:SDP
[Checker] Predicted Drop: Packet ID 46 is INVALID (Src:0001 Tgt:1011). Ignoring.
[Driver_0] ID:46 Name:pkt_0 | Src:0001 Tgt:1011 | Data(Hex):3a Data(Dec):58 | Type:MDP
[Driver_2] ID:47 Name:pkt_2 | Src:0100 Tgt:0001 | Data(Hex):28 Data(Dec):40 | Type:SDP
[Driver_1] ID:48 Name:pkt_1 | Src:0010 Tgt:1000 | Data(Hex):55 Data(Dec):85 | Type:SDP
[Monitor_1] ID:49 Name:monitored | Src:1000 Tgt:0110 | Data(Hex):37 Data(Dec):55 | Type:MDP
[Monitor_2] ID:50 Name:monitored | Src:1000 Tgt:0110 | Data(Hex):37 Data(Dec):55 | Type:MDP
[Driver_0] ID:51 Name:pkt_0 | Src:0001 Tgt:0100 | Data(Hex):7b Data(Dec):123 | Type:SDP
[Checker] Predicted Drop: Packet ID 52 is INVALID (Src:0100 Tgt:0100). Ignoring.
[Driver_2] ID:52 Name:pkt_2 | Src:0100 Tgt:0100 | Data(Hex):a9 Data(Dec):169 | Type:SDP
[Monitor_0] ID:53 Name:monitored | Src:0100 Tgt:0001 | Data(Hex):28 Data(Dec):40 | Type:SDP
[Monitor_3] ID:54 Name:monitored | Src:0010 Tgt:1000 | Data(Hex):55 Data(Dec):85 | Type:SDP
[Checker] Predicted Drop: Packet ID 55 is INVALID (Src:1000 Tgt:1010). Ignoring.
[Driver_3] ID:55 Name:pkt_3 | Src:1000 Tgt:1010 | Data(Hex):9f Data(Dec):159 | Type:MDP
[Monitor_2] ID:56 Name:monitored | Src:0001 Tgt:0100 | Data(Hex):7b Data(Dec):123 | Type:SDP
[Driver_1] ID:57 Name:pkt_1 | Src:0010 Tgt:1000 | Data(Hex):da Data(Dec):218 | Type:SDP
[Checker] Predicted Drop: Packet ID 58 is INVALID (Src:0100 Tgt:1100). Ignoring.
[Driver_2] ID:58 Name:pkt_2 | Src:0100 Tgt:1100 | Data(Hex):2c Data(Dec):44 | Type:MDP
[Driver_0] ID:59 Name:pkt_0 | Src:0001 Tgt:1111 | Data(Hex):fc Data(Dec):252 | Type:BDP
[Monitor_3] ID:60 Name:monitored | Src:0010 Tgt:1000 | Data(Hex):da Data(Dec):218 | Type:SDP
[Driver_3] ID:61 Name:pkt_3 | Src:1000 Tgt:0010 | Data(Hex):a3 Data(Dec):163 | Type:SDP
[Checker] Predicted Drop: Packet ID 62 is INVALID (Src:0001 Tgt:1001). Ignoring.
[Driver_0] ID:62 Name:pkt_0 | Src:0001 Tgt:1001 | Data(Hex):c0 Data(Dec):192 | Type:MDP
[Checker] Predicted Drop: Packet ID 63 is INVALID (Src:0100 Tgt:0110). Ignoring.
[Driver_2] ID:63 Name:pkt_2 | Src:0100 Tgt:0110 | Data(Hex):d3 Data(Dec):211 | Type:MDP
[Monitor_0] ID:64 Name:monitored | Src:0001 Tgt:1111 | Data(Hex):fc Data(Dec):252 | Type:BDP
[Monitor_1] ID:65 Name:monitored | Src:0001 Tgt:1111 | Data(Hex):fc Data(Dec):252 | Type:BDP
[Monitor_2] ID:66 Name:monitored | Src:0001 Tgt:1111 | Data(Hex):fc Data(Dec):252 | Type:BDP
[Monitor_3] ID:67 Name:monitored | Src:0001 Tgt:1111 | Data(Hex):fc Data(Dec):252 | Type:BDP
[Monitor_1] ID:68 Name:monitored | Src:1000 Tgt:0010 | Data(Hex):a3 Data(Dec):163 | Type:SDP
[Checker] Predicted Drop: Packet ID 69 is INVALID (Src:0010 Tgt:1011). Ignoring.
[Driver_1] ID:69 Name:pkt_1 | Src:0010 Tgt:1011 | Data(Hex):ef Data(Dec):239 | Type:MDP
[Checker] Predicted Drop: Packet ID 70 is INVALID (Src:1000 Tgt:1000). Ignoring.
[Driver_3] ID:70 Name:pkt_3 | Src:1000 Tgt:1000 | Data(Hex):11 Data(Dec):17 | Type:SDP
[Checker] Predicted Drop: Packet ID 71 is INVALID (Src:0100 Tgt:1110). Ignoring.
[Driver_2] ID:71 Name:pkt_2 | Src:0100 Tgt:1110 | Data(Hex):7c Data(Dec):124 | Type:MDP
[Driver_1] ID:72 Name:pkt_1 | Src:0010 Tgt:1001 | Data(Hex):f8 Data(Dec):248 | Type:MDP
[Checker] Predicted Drop: Packet ID 73 is INVALID (Src:0001 Tgt:0111). Ignoring.
[Driver_0] ID:73 Name:pkt_0 | Src:0001 Tgt:0111 | Data(Hex):e4 Data(Dec):228 | Type:MDP
[Driver_3] ID:74 Name:pkt_3 | Src:1000 Tgt:0001 | Data(Hex):62 Data(Dec):98 | Type:SDP
[Driver_0] ID:75 Name:pkt_0 | Src:0001 Tgt:1100 | Data(Hex):47 Data(Dec):71 | Type:MDP
[Driver_2] ID:76 Name:pkt_2 | Src:0100 Tgt:1001 | Data(Hex):db Data(Dec):219 | Type:MDP
[Monitor_0] ID:77 Name:monitored | Src:0010 Tgt:1001 | Data(Hex):f8 Data(Dec):248 | Type:MDP
[Monitor_3] ID:78 Name:monitored | Src:0010 Tgt:1001 | Data(Hex):f8 Data(Dec):248 | Type:MDP
[Monitor_0] ID:79 Name:monitored | Src:1000 Tgt:0001 | Data(Hex):62 Data(Dec):98 | Type:SDP
[Checker] Predicted Drop: Packet ID 80 is INVALID (Src:0010 Tgt:0110). Ignoring.
[Driver_1] ID:80 Name:pkt_1 | Src:0010 Tgt:0110 | Data(Hex):58 Data(Dec):88 | Type:MDP
[Checker] Predicted Drop: Packet ID 81 is INVALID (Src:1000 Tgt:1110). Ignoring.
[Driver_3] ID:81 Name:pkt_3 | Src:1000 Tgt:1110 | Data(Hex):40 Data(Dec):64 | Type:MDP
[Monitor_0] ID:82 Name:monitored | Src:0100 Tgt:1001 | Data(Hex):db Data(Dec):219 | Type:MDP
[Monitor_3] ID:83 Name:monitored | Src:0100 Tgt:1001 | Data(Hex):db Data(Dec):219 | Type:MDP
[Monitor_2] ID:84 Name:monitored | Src:0001 Tgt:1100 | Data(Hex):47 Data(Dec):71 | Type:MDP
[Monitor_3] ID:85 Name:monitored | Src:0001 Tgt:1100 | Data(Hex):47 Data(Dec):71 | Type:MDP
[Driver_0] ID:86 Name:pkt_0 | Src:0001 Tgt:1110 | Data(Hex):9a Data(Dec):154 | Type:MDP
[Checker] Predicted Drop: Packet ID 87 is INVALID (Src:0100 Tgt:0100). Ignoring.
[Driver_2] ID:87 Name:pkt_2 | Src:0100 Tgt:0100 | Data(Hex):22 Data(Dec):34 | Type:SDP
[Driver_1] ID:88 Name:pkt_1 | Src:0010 Tgt:0100 | Data(Hex):f1 Data(Dec):241 | Type:SDP
[Monitor_1] ID:89 Name:monitored | Src:0001 Tgt:1110 | Data(Hex):9a Data(Dec):154 | Type:MDP
[Monitor_2] ID:90 Name:monitored | Src:0001 Tgt:1110 | Data(Hex):9a Data(Dec):154 | Type:MDP
[Monitor_3] ID:91 Name:monitored | Src:0001 Tgt:1110 | Data(Hex):9a Data(Dec):154 | Type:MDP
[Driver_0] ID:92 Name:pkt_0 | Src:0001 Tgt:0010 | Data(Hex):32 Data(Dec):50 | Type:SDP
[Driver_3] ID:93 Name:pkt_3 | Src:1000 Tgt:0110 | Data(Hex):a9 Data(Dec):169 | Type:MDP
[Monitor_2] ID:94 Name:monitored | Src:0010 Tgt:0100 | Data(Hex):f1 Data(Dec):241 | Type:SDP
[Driver_2] ID:95 Name:pkt_2 | Src:0100 Tgt:1010 | Data(Hex):96 Data(Dec):150 | Type:MDP
[Monitor_1] ID:96 Name:monitored | Src:0001 Tgt:0010 | Data(Hex):32 Data(Dec):50 | Type:SDP
[Monitor_1] ID:97 Name:monitored | Src:1000 Tgt:0110 | Data(Hex):a9 Data(Dec):169 | Type:MDP
[Monitor_2] ID:98 Name:monitored | Src:1000 Tgt:0110 | Data(Hex):a9 Data(Dec):169 | Type:MDP
[Checker] Predicted Drop: Packet ID 99 is INVALID (Src:0010 Tgt:1110). Ignoring.
[Driver_1] ID:99 Name:pkt_1 | Src:0010 Tgt:1110 | Data(Hex):8a Data(Dec):138 | Type:MDP
[Monitor_1] ID:100 Name:monitored | Src:0100 Tgt:1010 | Data(Hex):96 Data(Dec):150 | Type:MDP
[Monitor_3] ID:101 Name:monitored | Src:0100 Tgt:1010 | Data(Hex):96 Data(Dec):150 | Type:MDP
[Driver_0] ID:102 Name:pkt_0 | Src:0001 Tgt:0100 | Data(Hex):1e Data(Dec):30 | Type:SDP
[Driver_3] ID:103 Name:pkt_3 | Src:1000 Tgt:1111 | Data(Hex):fd Data(Dec):253 | Type:BDP
[Checker] Predicted Drop: Packet ID 104 is INVALID (Src:0010 Tgt:0011). Ignoring.
[Driver_1] ID:104 Name:pkt_1 | Src:0010 Tgt:0011 | Data(Hex):b1 Data(Dec):177 | Type:MDP
[Driver_2] ID:105 Name:pkt_2 | Src:0100 Tgt:1111 | Data(Hex):9d Data(Dec):157 | Type:BDP
[Monitor_0] ID:106 Name:monitored | Src:1000 Tgt:1111 | Data(Hex):fd Data(Dec):253 | Type:BDP
[Monitor_1] ID:107 Name:monitored | Src:1000 Tgt:1111 | Data(Hex):fd Data(Dec):253 | Type:BDP
[Monitor_2] ID:108 Name:monitored | Src:1000 Tgt:1111 | Data(Hex):fd Data(Dec):253 | Type:BDP
[Monitor_3] ID:109 Name:monitored | Src:1000 Tgt:1111 | Data(Hex):fd Data(Dec):253 | Type:BDP
[Monitor_2] ID:110 Name:monitored | Src:0001 Tgt:0100 | Data(Hex):1e Data(Dec):30 | Type:SDP
[Monitor_0] ID:111 Name:monitored | Src:0100 Tgt:1111 | Data(Hex):9d Data(Dec):157 | Type:BDP
[Monitor_1] ID:112 Name:monitored | Src:0100 Tgt:1111 | Data(Hex):9d Data(Dec):157 | Type:BDP
[Monitor_2] ID:113 Name:monitored | Src:0100 Tgt:1111 | Data(Hex):9d Data(Dec):157 | Type:BDP
[Monitor_3] ID:114 Name:monitored | Src:0100 Tgt:1111 | Data(Hex):9d Data(Dec):157 | Type:BDP
[Driver_0] ID:115 Name:pkt_0 | Src:0001 Tgt:0100 | Data(Hex):a8 Data(Dec):168 | Type:SDP
[Driver_3] ID:116 Name:pkt_3 | Src:1000 Tgt:0101 | Data(Hex):9a Data(Dec):154 | Type:MDP
[Checker] Predicted Drop: Packet ID 117 is INVALID (Src:0010 Tgt:0011). Ignoring.
[Driver_1] ID:117 Name:pkt_1 | Src:0010 Tgt:0011 | Data(Hex):ed Data(Dec):237 | Type:MDP
[Checker] Predicted Drop: Packet ID 118 is INVALID (Src:0100 Tgt:1110). Ignoring.
[Driver_2] ID:118 Name:pkt_2 | Src:0100 Tgt:1110 | Data(Hex):23 Data(Dec):35 | Type:MDP
[Checker] Predicted Drop: Packet ID 119 is INVALID (Src:1000 Tgt:0000). Ignoring.
[Driver_3] ID:119 Name:pkt_3 | Src:1000 Tgt:0000 | Data(Hex):e5 Data(Dec):229 | Type:ERR
[Monitor_2] ID:120 Name:monitored | Src:0001 Tgt:0100 | Data(Hex):a8 Data(Dec):168 | Type:SDP
[Checker] Predicted Drop: Packet ID 121 is INVALID (Src:0001 Tgt:0001). Ignoring.
[Driver_0] ID:121 Name:pkt_0 | Src:0001 Tgt:0001 | Data(Hex):f2 Data(Dec):242 | Type:SDP
[Monitor_0] ID:122 Name:monitored | Src:1000 Tgt:0101 | Data(Hex):9a Data(Dec):154 | Type:MDP
[Monitor_2] ID:123 Name:monitored | Src:1000 Tgt:0101 | Data(Hex):9a Data(Dec):154 | Type:MDP
[Checker] Predicted Drop: Packet ID 124 is INVALID (Src:1000 Tgt:1110). Ignoring.
[Driver_3] ID:124 Name:pkt_3 | Src:1000 Tgt:1110 | Data(Hex):0f Data(Dec):15 | Type:MDP
[Driver_2] ID:125 Name:pkt_2 | Src:0100 Tgt:1010 | Data(Hex):ee Data(Dec):238 | Type:MDP
[Driver_1] ID:126 Name:pkt_1 | Src:0010 Tgt:0100 | Data(Hex):d4 Data(Dec):212 | Type:SDP
[Driver_0] ID:127 Name:pkt_0 | Src:0001 Tgt:0010 | Data(Hex):a8 Data(Dec):168 | Type:SDP
[Monitor_1] ID:128 Name:monitored | Src:0100 Tgt:1010 | Data(Hex):ee Data(Dec):238 | Type:MDP
[Monitor_3] ID:129 Name:monitored | Src:0100 Tgt:1010 | Data(Hex):ee Data(Dec):238 | Type:MDP
[Monitor_2] ID:130 Name:monitored | Src:0010 Tgt:0100 | Data(Hex):d4 Data(Dec):212 | Type:SDP
[Driver_1] ID:131 Name:pkt_1 | Src:0010 Tgt:0101 | Data(Hex):bd Data(Dec):189 | Type:MDP
[Monitor_1] ID:132 Name:monitored | Src:0001 Tgt:0010 | Data(Hex):a8 Data(Dec):168 | Type:SDP
[Checker] Predicted Drop: Packet ID 133 is INVALID (Src:1000 Tgt:1011). Ignoring.
[Driver_3] ID:133 Name:pkt_3 | Src:1000 Tgt:1011 | Data(Hex):9f Data(Dec):159 | Type:MDP
[Driver_2] ID:134 Name:pkt_2 | Src:0100 Tgt:1001 | Data(Hex):d4 Data(Dec):212 | Type:MDP
[Driver_1] ID:135 Name:pkt_1 | Src:0010 Tgt:0101 | Data(Hex):31 Data(Dec):49 | Type:MDP
[Monitor_0] ID:136 Name:monitored | Src:0010 Tgt:0101 | Data(Hex):bd Data(Dec):189 | Type:MDP
[Monitor_2] ID:137 Name:monitored | Src:0010 Tgt:0101 | Data(Hex):bd Data(Dec):189 | Type:MDP
[Driver_0] ID:138 Name:pkt_0 | Src:0001 Tgt:0110 | Data(Hex):31 Data(Dec):49 | Type:MDP
[Monitor_0] ID:139 Name:monitored | Src:0100 Tgt:1001 | Data(Hex):d4 Data(Dec):212 | Type:MDP
[Monitor_3] ID:140 Name:monitored | Src:0100 Tgt:1001 | Data(Hex):d4 Data(Dec):212 | Type:MDP
[Monitor_0] ID:141 Name:monitored | Src:0010 Tgt:0101 | Data(Hex):31 Data(Dec):49 | Type:MDP
[Monitor_2] ID:142 Name:monitored | Src:0010 Tgt:0101 | Data(Hex):31 Data(Dec):49 | Type:MDP
[Checker] Predicted Drop: Packet ID 143 is INVALID (Src:0100 Tgt:1101). Ignoring.
[Driver_2] ID:143 Name:pkt_2 | Src:0100 Tgt:1101 | Data(Hex):ca Data(Dec):202 | Type:MDP
[Driver_3] ID:144 Name:pkt_3 | Src:1000 Tgt:1111 | Data(Hex):88 Data(Dec):136 | Type:BDP
[Monitor_1] ID:145 Name:monitored | Src:0001 Tgt:0110 | Data(Hex):31 Data(Dec):49 | Type:MDP
[Monitor_2] ID:146 Name:monitored | Src:0001 Tgt:0110 | Data(Hex):31 Data(Dec):49 | Type:MDP
[Checker] Predicted Drop: Packet ID 147 is INVALID (Src:0010 Tgt:0110). Ignoring.
[Driver_1] ID:147 Name:pkt_1 | Src:0010 Tgt:0110 | Data(Hex):45 Data(Dec):69 | Type:MDP
[Checker] Predicted Drop: Packet ID 148 is INVALID (Src:0001 Tgt:1101). Ignoring.
[Driver_0] ID:148 Name:pkt_0 | Src:0001 Tgt:1101 | Data(Hex):ec Data(Dec):236 | Type:MDP
[Monitor_0] ID:149 Name:monitored | Src:1000 Tgt:1111 | Data(Hex):88 Data(Dec):136 | Type:BDP
[Monitor_1] ID:150 Name:monitored | Src:1000 Tgt:1111 | Data(Hex):88 Data(Dec):136 | Type:BDP
[Monitor_2] ID:151 Name:monitored | Src:1000 Tgt:1111 | Data(Hex):88 Data(Dec):136 | Type:BDP
[Monitor_3] ID:152 Name:monitored | Src:1000 Tgt:1111 | Data(Hex):88 Data(Dec):136 | Type:BDP
[Driver_2] ID:153 Name:pkt_2 | Src:0100 Tgt:0011 | Data(Hex):90 Data(Dec):144 | Type:MDP
[Driver_1] ID:154 Name:pkt_1 | Src:0010 Tgt:0101 | Data(Hex):96 Data(Dec):150 | Type:MDP
[Checker] Predicted Drop: Packet ID 155 is INVALID (Src:0001 Tgt:1011). Ignoring.
[Driver_0] ID:155 Name:pkt_0 | Src:0001 Tgt:1011 | Data(Hex):92 Data(Dec):146 | Type:MDP
[Checker] Predicted Drop: Packet ID 156 is INVALID (Src:1000 Tgt:1110). Ignoring.
[Driver_3] ID:156 Name:pkt_3 | Src:1000 Tgt:1110 | Data(Hex):79 Data(Dec):121 | Type:MDP
[Monitor_0] ID:157 Name:monitored | Src:0100 Tgt:0011 | Data(Hex):90 Data(Dec):144 | Type:MDP
[Monitor_1] ID:158 Name:monitored | Src:0100 Tgt:0011 | Data(Hex):90 Data(Dec):144 | Type:MDP
[Checker] Predicted Drop: Packet ID 159 is INVALID (Src:0100 Tgt:0111). Ignoring.
[Driver_2] ID:159 Name:pkt_2 | Src:0100 Tgt:0111 | Data(Hex):51 Data(Dec):81 | Type:MDP
[Monitor_0] ID:160 Name:monitored | Src:0010 Tgt:0101 | Data(Hex):96 Data(Dec):150 | Type:MDP
[Monitor_2] ID:161 Name:monitored | Src:0010 Tgt:0101 | Data(Hex):96 Data(Dec):150 | Type:MDP
[Driver_3] ID:162 Name:pkt_3 | Src:1000 Tgt:0011 | Data(Hex):a9 Data(Dec):169 | Type:MDP
[Checker] Predicted Drop: Packet ID 163 is INVALID (Src:0001 Tgt:0101). Ignoring.
[Driver_0] ID:163 Name:pkt_0 | Src:0001 Tgt:0101 | Data(Hex):93 Data(Dec):147 | Type:MDP
[Driver_1] ID:164 Name:pkt_1 | Src:0010 Tgt:1101 | Data(Hex):27 Data(Dec):39 | Type:MDP
[Monitor_0] ID:165 Name:monitored | Src:1000 Tgt:0011 | Data(Hex):a9 Data(Dec):169 | Type:MDP
[Monitor_1] ID:166 Name:monitored | Src:1000 Tgt:0011 | Data(Hex):a9 Data(Dec):169 | Type:MDP
[Checker] Predicted Drop: Packet ID 167 is INVALID (Src:0001 Tgt:0011). Ignoring.
[Driver_0] ID:167 Name:pkt_0 | Src:0001 Tgt:0011 | Data(Hex):aa Data(Dec):170 | Type:MDP
[Checker] Predicted Drop: Packet ID 168 is INVALID (Src:1000 Tgt:0000). Ignoring.
[Driver_3] ID:168 Name:pkt_3 | Src:1000 Tgt:0000 | Data(Hex):5b Data(Dec):91 | Type:ERR
[Checker] Predicted Drop: Packet ID 169 is INVALID (Src:0010 Tgt:0011). Ignoring.
[Driver_1] ID:169 Name:pkt_1 | Src:0010 Tgt:0011 | Data(Hex):ad Data(Dec):173 | Type:MDP
[Driver_2] ID:170 Name:pkt_2 | Src:0100 Tgt:1001 | Data(Hex):99 Data(Dec):153 | Type:MDP
[Monitor_0] ID:171 Name:monitored | Src:0010 Tgt:1101 | Data(Hex):27 Data(Dec):39 | Type:MDP
[Monitor_2] ID:172 Name:monitored | Src:0010 Tgt:1101 | Data(Hex):27 Data(Dec):39 | Type:MDP
[Monitor_3] ID:173 Name:monitored | Src:0010 Tgt:1101 | Data(Hex):27 Data(Dec):39 | Type:MDP
[Driver_0] ID:174 Name:pkt_0 | Src:0001 Tgt:1010 | Data(Hex):86 Data(Dec):134 | Type:MDP
[Driver_3] ID:175 Name:pkt_3 | Src:1000 Tgt:0111 | Data(Hex):e5 Data(Dec):229 | Type:MDP
[Monitor_0] ID:176 Name:monitored | Src:0100 Tgt:1001 | Data(Hex):99 Data(Dec):153 | Type:MDP
[Monitor_3] ID:177 Name:monitored | Src:0100 Tgt:1001 | Data(Hex):99 Data(Dec):153 | Type:MDP
[Checker] Predicted Drop: Packet ID 178 is INVALID (Src:1000 Tgt:0000). Ignoring.
[Driver_3] ID:178 Name:pkt_3 | Src:1000 Tgt:0000 | Data(Hex):3c Data(Dec):60 | Type:ERR
[Monitor_0] ID:179 Name:monitored | Src:1000 Tgt:0111 | Data(Hex):e5 Data(Dec):229 | Type:MDP
[Monitor_1] ID:180 Name:monitored | Src:1000 Tgt:0111 | Data(Hex):e5 Data(Dec):229 | Type:MDP
[Monitor_2] ID:181 Name:monitored | Src:1000 Tgt:0111 | Data(Hex):e5 Data(Dec):229 | Type:MDP
[Checker] Predicted Drop: Packet ID 182 is INVALID (Src:0100 Tgt:1100). Ignoring.
[Driver_2] ID:182 Name:pkt_2 | Src:0100 Tgt:1100 | Data(Hex):1e Data(Dec):30 | Type:MDP
[Monitor_1] ID:183 Name:monitored | Src:0001 Tgt:1010 | Data(Hex):86 Data(Dec):134 | Type:MDP
[Monitor_3] ID:184 Name:monitored | Src:0001 Tgt:1010 | Data(Hex):86 Data(Dec):134 | Type:MDP
[Driver_0] ID:185 Name:pkt_0 | Src:0001 Tgt:1110 | Data(Hex):87 Data(Dec):135 | Type:MDP
[Driver_1] ID:186 Name:pkt_1 | Src:0010 Tgt:0001 | Data(Hex):45 Data(Dec):69 | Type:SDP
[Checker] Predicted Drop: Packet ID 187 is INVALID (Src:1000 Tgt:1110). Ignoring.
[Driver_3] ID:187 Name:pkt_3 | Src:1000 Tgt:1110 | Data(Hex):3c Data(Dec):60 | Type:MDP
[Monitor_1] ID:188 Name:monitored | Src:0001 Tgt:1110 | Data(Hex):87 Data(Dec):135 | Type:MDP
[Monitor_2] ID:189 Name:monitored | Src:0001 Tgt:1110 | Data(Hex):87 Data(Dec):135 | Type:MDP
[Monitor_3] ID:190 Name:monitored | Src:0001 Tgt:1110 | Data(Hex):87 Data(Dec):135 | Type:MDP
[Monitor_0] ID:191 Name:monitored | Src:0010 Tgt:0001 | Data(Hex):45 Data(Dec):69 | Type:SDP
[Driver_0] ID:192 Name:pkt_0 | Src:0001 Tgt:0010 | Data(Hex):bc Data(Dec):188 | Type:SDP
[Checker] Predicted Drop: Packet ID 193 is INVALID (Src:0100 Tgt:0111). Ignoring.
[Driver_2] ID:193 Name:pkt_2 | Src:0100 Tgt:0111 | Data(Hex):2f Data(Dec):47 | Type:MDP
[Driver_1] ID:194 Name:pkt_1 | Src:0010 Tgt:0100 | Data(Hex):4b Data(Dec):75 | Type:SDP
[Monitor_1] ID:195 Name:monitored | Src:0001 Tgt:0010 | Data(Hex):bc Data(Dec):188 | Type:SDP
[Driver_3] ID:196 Name:pkt_3 | Src:1000 Tgt:1111 | Data(Hex):d7 Data(Dec):215 | Type:BDP
[Monitor_2] ID:197 Name:monitored | Src:0010 Tgt:0100 | Data(Hex):4b Data(Dec):75 | Type:SDP
[Driver_1] ID:198 Name:pkt_1 | Src:0010 Tgt:1001 | Data(Hex):8d Data(Dec):141 | Type:MDP
[Driver_2] ID:199 Name:pkt_2 | Src:0100 Tgt:1111 | Data(Hex):3d Data(Dec):61 | Type:BDP
[Driver_3] ID:200 Name:pkt_3 | Src:1000 Tgt:1111 | Data(Hex):e0 Data(Dec):224 | Type:BDP
[Driver_0] ID:201 Name:pkt_0 | Src:0001 Tgt:0100 | Data(Hex):63 Data(Dec):99 | Type:SDP
[Monitor_0] ID:202 Name:monitored | Src:1000 Tgt:1111 | Data(Hex):d7 Data(Dec):215 | Type:BDP
[Monitor_1] ID:203 Name:monitored | Src:1000 Tgt:1111 | Data(Hex):d7 Data(Dec):215 | Type:BDP
[Monitor_2] ID:204 Name:monitored | Src:1000 Tgt:1111 | Data(Hex):d7 Data(Dec):215 | Type:BDP
[Monitor_3] ID:205 Name:monitored | Src:1000 Tgt:1111 | Data(Hex):d7 Data(Dec):215 | Type:BDP
[Driver_1] ID:206 Name:pkt_1 | Src:0010 Tgt:0101 | Data(Hex):95 Data(Dec):149 | Type:MDP
[Monitor_0] ID:207 Name:monitored | Src:0010 Tgt:1001 | Data(Hex):8d Data(Dec):141 | Type:MDP
[Monitor_3] ID:208 Name:monitored | Src:0010 Tgt:1001 | Data(Hex):8d Data(Dec):141 | Type:MDP
[Monitor_0] ID:209 Name:monitored | Src:0100 Tgt:1111 | Data(Hex):3d Data(Dec):61 | Type:BDP
[Monitor_1] ID:210 Name:monitored | Src:0100 Tgt:1111 | Data(Hex):3d Data(Dec):61 | Type:BDP
[Monitor_2] ID:211 Name:monitored | Src:0100 Tgt:1111 | Data(Hex):3d Data(Dec):61 | Type:BDP
[Monitor_3] ID:212 Name:monitored | Src:0100 Tgt:1111 | Data(Hex):3d Data(Dec):61 | Type:BDP
[Checker] Predicted Drop: Packet ID 213 is INVALID (Src:0100 Tgt:1110). Ignoring.
[Driver_2] ID:213 Name:pkt_2 | Src:0100 Tgt:1110 | Data(Hex):db Data(Dec):219 | Type:MDP
[Monitor_0] ID:214 Name:monitored | Src:1000 Tgt:1111 | Data(Hex):e0 Data(Dec):224 | Type:BDP
[Monitor_1] ID:215 Name:monitored | Src:1000 Tgt:1111 | Data(Hex):e0 Data(Dec):224 | Type:BDP
[Monitor_2] ID:216 Name:monitored | Src:1000 Tgt:1111 | Data(Hex):e0 Data(Dec):224 | Type:BDP
[Monitor_3] ID:217 Name:monitored | Src:1000 Tgt:1111 | Data(Hex):e0 Data(Dec):224 | Type:BDP
[Monitor_2] ID:218 Name:monitored | Src:0001 Tgt:0100 | Data(Hex):63 Data(Dec):99 | Type:SDP
[Driver_0] ID:219 Name:pkt_0 | Src:0001 Tgt:1100 | Data(Hex):21 Data(Dec):33 | Type:MDP
[Checker] Predicted Drop: Packet ID 220 is INVALID (Src:1000 Tgt:0000). Ignoring.
[Driver_3] ID:220 Name:pkt_3 | Src:1000 Tgt:0000 | Data(Hex):52 Data(Dec):82 | Type:ERR
[Monitor_0] ID:221 Name:monitored | Src:0010 Tgt:0101 | Data(Hex):95 Data(Dec):149 | Type:MDP
[Monitor_2] ID:222 Name:monitored | Src:0010 Tgt:0101 | Data(Hex):95 Data(Dec):149 | Type:MDP
[Checker] Predicted Drop: Packet ID 223 is INVALID (Src:0010 Tgt:0110). Ignoring.
[Driver_1] ID:223 Name:pkt_1 | Src:0010 Tgt:0110 | Data(Hex):1e Data(Dec):30 | Type:MDP
[Checker] Predicted Drop: Packet ID 224 is INVALID (Src:0100 Tgt:0100). Ignoring.
[Driver_2] ID:224 Name:pkt_2 | Src:0100 Tgt:0100 | Data(Hex):e5 Data(Dec):229 | Type:SDP
[Monitor_2] ID:225 Name:monitored | Src:0001 Tgt:1100 | Data(Hex):21 Data(Dec):33 | Type:MDP
[Monitor_3] ID:226 Name:monitored | Src:0001 Tgt:1100 | Data(Hex):21 Data(Dec):33 | Type:MDP
[Checker] Predicted Drop: Packet ID 227 is INVALID (Src:1000 Tgt:0000). Ignoring.
[Driver_3] ID:227 Name:pkt_3 | Src:1000 Tgt:0000 | Data(Hex):8f Data(Dec):143 | Type:ERR
[Driver_0] ID:228 Name:pkt_0 | Src:0001 Tgt:1000 | Data(Hex):10 Data(Dec):16 | Type:SDP
[Driver_2] ID:229 Name:pkt_2 | Src:0100 Tgt:1111 | Data(Hex):36 Data(Dec):54 | Type:BDP
[Driver_1] ID:230 Name:pkt_1 | Src:0010 Tgt:0101 | Data(Hex):47 Data(Dec):71 | Type:MDP
[Checker] Predicted Drop: Packet ID 231 is INVALID (Src:0001 Tgt:1011). Ignoring.
[Driver_0] ID:231 Name:pkt_0 | Src:0001 Tgt:1011 | Data(Hex):5f Data(Dec):95 | Type:MDP
[Driver_2] ID:232 Name:pkt_2 | Src:0100 Tgt:1001 | Data(Hex):c3 Data(Dec):195 | Type:MDP
[Driver_3] ID:233 Name:pkt_3 | Src:1000 Tgt:0110 | Data(Hex):b9 Data(Dec):185 | Type:MDP
[Monitor_3] ID:234 Name:monitored | Src:0001 Tgt:1000 | Data(Hex):10 Data(Dec):16 | Type:SDP
[Monitor_0] ID:235 Name:monitored | Src:0100 Tgt:1111 | Data(Hex):36 Data(Dec):54 | Type:BDP
[Monitor_1] ID:236 Name:monitored | Src:0100 Tgt:1111 | Data(Hex):36 Data(Dec):54 | Type:BDP
[Monitor_2] ID:237 Name:monitored | Src:0100 Tgt:1111 | Data(Hex):36 Data(Dec):54 | Type:BDP
[Monitor_3] ID:238 Name:monitored | Src:0100 Tgt:1111 | Data(Hex):36 Data(Dec):54 | Type:BDP
[Monitor_0] ID:239 Name:monitored | Src:0010 Tgt:0101 | Data(Hex):47 Data(Dec):71 | Type:MDP
[Monitor_2] ID:240 Name:monitored | Src:0010 Tgt:0101 | Data(Hex):47 Data(Dec):71 | Type:MDP
[Driver_3] ID:241 Name:pkt_3 | Src:1000 Tgt:0110 | Data(Hex):99 Data(Dec):153 | Type:MDP
[Monitor_0] ID:242 Name:monitored | Src:0100 Tgt:1001 | Data(Hex):c3 Data(Dec):195 | Type:MDP
[Monitor_1] ID:243 Name:monitored | Src:1000 Tgt:0110 | Data(Hex):b9 Data(Dec):185 | Type:MDP
[Monitor_2] ID:244 Name:monitored | Src:1000 Tgt:0110 | Data(Hex):b9 Data(Dec):185 | Type:MDP
[Monitor_3] ID:245 Name:monitored | Src:0100 Tgt:1001 | Data(Hex):c3 Data(Dec):195 | Type:MDP
[Checker] Predicted Drop: Packet ID 246 is INVALID (Src:0010 Tgt:0111). Ignoring.
[Driver_1] ID:246 Name:pkt_1 | Src:0010 Tgt:0111 | Data(Hex):6b Data(Dec):107 | Type:MDP
[Checker] Predicted Drop: Packet ID 247 is INVALID (Src:0100 Tgt:1101). Ignoring.
[Driver_2] ID:247 Name:pkt_2 | Src:0100 Tgt:1101 | Data(Hex):1f Data(Dec):31 | Type:MDP
[Driver_0] ID:248 Name:pkt_0 | Src:0001 Tgt:1010 | Data(Hex):46 Data(Dec):70 | Type:MDP
[Monitor_1] ID:249 Name:monitored | Src:1000 Tgt:0110 | Data(Hex):99 Data(Dec):153 | Type:MDP
[Monitor_2] ID:250 Name:monitored | Src:1000 Tgt:0110 | Data(Hex):99 Data(Dec):153 | Type:MDP
[Monitor_1] ID:251 Name:monitored | Src:0001 Tgt:1010 | Data(Hex):46 Data(Dec):70 | Type:MDP
[Monitor_3] ID:252 Name:monitored | Src:0001 Tgt:1010 | Data(Hex):46 Data(Dec):70 | Type:MDP
[Checker] Predicted Drop: Packet ID 253 is INVALID (Src:0001 Tgt:0101). Ignoring.
[Driver_0] ID:253 Name:pkt_0 | Src:0001 Tgt:0101 | Data(Hex):a3 Data(Dec):163 | Type:MDP
[Checker] Predicted Drop: Packet ID 254 is INVALID (Src:0100 Tgt:0100). Ignoring.
[Driver_2] ID:254 Name:pkt_2 | Src:0100 Tgt:0100 | Data(Hex):12 Data(Dec):18 | Type:SDP
[Driver_3] ID:255 Name:pkt_3 | Src:1000 Tgt:0001 | Data(Hex):71 Data(Dec):113 | Type:SDP
[Checker] Predicted Drop: Packet ID 256 is INVALID (Src:0010 Tgt:0011). Ignoring.
[Driver_1] ID:256 Name:pkt_1 | Src:0010 Tgt:0011 | Data(Hex):bb Data(Dec):187 | Type:MDP
[Monitor_0] ID:257 Name:monitored | Src:1000 Tgt:0001 | Data(Hex):71 Data(Dec):113 | Type:SDP
[Driver_0] ID:258 Name:pkt_0 | Src:0001 Tgt:1010 | Data(Hex):b4 Data(Dec):180 | Type:MDP
[Checker] Predicted Drop: Packet ID 259 is INVALID (Src:0010 Tgt:0010). Ignoring.
[Driver_1] ID:259 Name:pkt_1 | Src:0010 Tgt:0010 | Data(Hex):c0 Data(Dec):192 | Type:SDP
[Driver_2] ID:260 Name:pkt_2 | Src:0100 Tgt:1000 | Data(Hex):00 Data(Dec):0 | Type:SDP
[Checker] Predicted Drop: Packet ID 261 is INVALID (Src:1000 Tgt:1010). Ignoring.
[Driver_3] ID:261 Name:pkt_3 | Src:1000 Tgt:1010 | Data(Hex):4b Data(Dec):75 | Type:MDP
[Monitor_1] ID:262 Name:monitored | Src:0001 Tgt:1010 | Data(Hex):b4 Data(Dec):180 | Type:MDP
[Monitor_3] ID:263 Name:monitored | Src:0001 Tgt:1010 | Data(Hex):b4 Data(Dec):180 | Type:MDP
[Checker] Predicted Drop: Packet ID 264 is INVALID (Src:0001 Tgt:0111). Ignoring.
[Driver_0] ID:264 Name:pkt_0 | Src:0001 Tgt:0111 | Data(Hex):f8 Data(Dec):248 | Type:MDP
[Checker] Predicted Drop: Packet ID 265 is INVALID (Src:0010 Tgt:1110). Ignoring.
[Driver_1] ID:265 Name:pkt_1 | Src:0010 Tgt:1110 | Data(Hex):1e Data(Dec):30 | Type:MDP
[Checker] Predicted Drop: Packet ID 266 is INVALID (Src:0001 Tgt:0111). Ignoring.
[Driver_0] ID:266 Name:pkt_0 | Src:0001 Tgt:0111 | Data(Hex):5e Data(Dec):94 | Type:MDP
[Driver_2] ID:267 Name:pkt_2 | Src:0100 Tgt:1001 | Data(Hex):7a Data(Dec):122 | Type:MDP
[Monitor_3] ID:268 Name:monitored | Src:0100 Tgt:1000 | Data(Hex):00 Data(Dec):0 | Type:SDP
[Driver_3] ID:269 Name:pkt_3 | Src:1000 Tgt:0011 | Data(Hex):9d Data(Dec):157 | Type:MDP
[Monitor_0] ID:270 Name:monitored | Src:0100 Tgt:1001 | Data(Hex):7a Data(Dec):122 | Type:MDP
[Monitor_3] ID:271 Name:monitored | Src:0100 Tgt:1001 | Data(Hex):7a Data(Dec):122 | Type:MDP
[Driver_1] ID:272 Name:pkt_1 | Src:0010 Tgt:0100 | Data(Hex):86 Data(Dec):134 | Type:SDP
[Checker] Predicted Drop: Packet ID 273 is INVALID (Src:1000 Tgt:1100). Ignoring.
[Driver_3] ID:273 Name:pkt_3 | Src:1000 Tgt:1100 | Data(Hex):68 Data(Dec):104 | Type:MDP
[Monitor_0] ID:274 Name:monitored | Src:1000 Tgt:0011 | Data(Hex):9d Data(Dec):157 | Type:MDP
[Monitor_1] ID:275 Name:monitored | Src:1000 Tgt:0011 | Data(Hex):9d Data(Dec):157 | Type:MDP
[Driver_0] ID:276 Name:pkt_0 | Src:0001 Tgt:1110 | Data(Hex):ee Data(Dec):238 | Type:MDP
[Driver_2] ID:277 Name:pkt_2 | Src:0100 Tgt:1001 | Data(Hex):e9 Data(Dec):233 | Type:MDP
[Checker] Predicted Drop: Packet ID 278 is INVALID (Src:0010 Tgt:1110). Ignoring.
[Driver_1] ID:278 Name:pkt_1 | Src:0010 Tgt:1110 | Data(Hex):7c Data(Dec):124 | Type:MDP
[Checker] Predicted Drop: Packet ID 279 is INVALID (Src:1000 Tgt:1011). Ignoring.
[Driver_3] ID:279 Name:pkt_3 | Src:1000 Tgt:1011 | Data(Hex):4f Data(Dec):79 | Type:MDP
[Monitor_2] ID:280 Name:monitored | Src:0010 Tgt:0100 | Data(Hex):86 Data(Dec):134 | Type:SDP
[Monitor_0] ID:281 Name:monitored | Src:0100 Tgt:1001 | Data(Hex):e9 Data(Dec):233 | Type:MDP
[Monitor_3] ID:282 Name:monitored | Src:0100 Tgt:1001 | Data(Hex):e9 Data(Dec):233 | Type:MDP
[Monitor_1] ID:283 Name:monitored | Src:0001 Tgt:1110 | Data(Hex):ee Data(Dec):238 | Type:MDP
[Monitor_2] ID:284 Name:monitored | Src:0001 Tgt:1110 | Data(Hex):ee Data(Dec):238 | Type:MDP
[Monitor_3] ID:285 Name:monitored | Src:0001 Tgt:1110 | Data(Hex):ee Data(Dec):238 | Type:MDP
[Driver_0] ID:286 Name:pkt_0 | Src:0001 Tgt:1100 | Data(Hex):23 Data(Dec):35 | Type:MDP
[Driver_1] ID:287 Name:pkt_1 | Src:0010 Tgt:1000 | Data(Hex):c6 Data(Dec):198 | Type:SDP
[Checker] Predicted Drop: Packet ID 288 is INVALID (Src:0100 Tgt:0000). Ignoring.
[Driver_2] ID:288 Name:pkt_2 | Src:0100 Tgt:0000 | Data(Hex):e3 Data(Dec):227 | Type:ERR
[Driver_0] ID:289 Name:pkt_0 | Src:0001 Tgt:1010 | Data(Hex):d8 Data(Dec):216 | Type:MDP
[Checker] Predicted Drop: Packet ID 290 is INVALID (Src:0010 Tgt:0010). Ignoring.
[Driver_1] ID:290 Name:pkt_1 | Src:0010 Tgt:0010 | Data(Hex):f8 Data(Dec):248 | Type:SDP
[Monitor_2] ID:291 Name:monitored | Src:0001 Tgt:1100 | Data(Hex):23 Data(Dec):35 | Type:MDP
[Monitor_3] ID:292 Name:monitored | Src:0001 Tgt:1100 | Data(Hex):23 Data(Dec):35 | Type:MDP
[Monitor_3] ID:293 Name:monitored | Src:0010 Tgt:1000 | Data(Hex):c6 Data(Dec):198 | Type:SDP
[Driver_0] ID:294 Name:pkt_0 | Src:0001 Tgt:1100 | Data(Hex):85 Data(Dec):133 | Type:MDP
[Driver_3] ID:295 Name:pkt_3 | Src:1000 Tgt:0101 | Data(Hex):07 Data(Dec):7 | Type:MDP
[Monitor_1] ID:296 Name:monitored | Src:0001 Tgt:1010 | Data(Hex):d8 Data(Dec):216 | Type:MDP
[Monitor_3] ID:297 Name:monitored | Src:0001 Tgt:1010 | Data(Hex):d8 Data(Dec):216 | Type:MDP
[Driver_1] ID:298 Name:pkt_1 | Src:0010 Tgt:1000 | Data(Hex):29 Data(Dec):41 | Type:SDP
[Checker] Predicted Drop: Packet ID 299 is INVALID (Src:0001 Tgt:0001). Ignoring.
[Driver_0] ID:299 Name:pkt_0 | Src:0001 Tgt:0001 | Data(Hex):7b Data(Dec):123 | Type:SDP
[Monitor_0] ID:300 Name:monitored | Src:1000 Tgt:0101 | Data(Hex):07 Data(Dec):7 | Type:MDP
[Monitor_2] ID:301 Name:monitored | Src:1000 Tgt:0101 | Data(Hex):07 Data(Dec):7 | Type:MDP
[Driver_2] ID:302 Name:pkt_2 | Src:0100 Tgt:1001 | Data(Hex):d0 Data(Dec):208 | Type:MDP
[Driver_3] ID:303 Name:pkt_3 | Src:1000 Tgt:0001 | Data(Hex):9b Data(Dec):155 | Type:SDP
[Monitor_2] ID:304 Name:monitored | Src:0001 Tgt:1100 | Data(Hex):85 Data(Dec):133 | Type:MDP
[Monitor_3] ID:305 Name:monitored | Src:0001 Tgt:1100 | Data(Hex):85 Data(Dec):133 | Type:MDP
[Monitor_3] ID:306 Name:monitored | Src:0010 Tgt:1000 | Data(Hex):29 Data(Dec):41 | Type:SDP
[Monitor_0] ID:307 Name:monitored | Src:0100 Tgt:1001 | Data(Hex):d0 Data(Dec):208 | Type:MDP
[Monitor_3] ID:308 Name:monitored | Src:0100 Tgt:1001 | Data(Hex):d0 Data(Dec):208 | Type:MDP
[Checker] Predicted Drop: Packet ID 309 is INVALID (Src:0010 Tgt:0010). Ignoring.
[Driver_1] ID:309 Name:pkt_1 | Src:0010 Tgt:0010 | Data(Hex):a7 Data(Dec):167 | Type:SDP
[Monitor_0] ID:310 Name:monitored | Src:1000 Tgt:0001 | Data(Hex):9b Data(Dec):155 | Type:SDP
[Driver_0] ID:311 Name:pkt_0 | Src:0001 Tgt:1010 | Data(Hex):c2 Data(Dec):194 | Type:MDP
[Driver_2] ID:312 Name:pkt_2 | Src:0100 Tgt:1111 | Data(Hex):2f Data(Dec):47 | Type:BDP
[Checker] Predicted Drop: Packet ID 313 is INVALID (Src:1000 Tgt:1001). Ignoring.
[Driver_3] ID:313 Name:pkt_3 | Src:1000 Tgt:1001 | Data(Hex):da Data(Dec):218 | Type:MDP
[Checker] Predicted Drop: Packet ID 314 is INVALID (Src:0010 Tgt:0010). Ignoring.
[Driver_1] ID:314 Name:pkt_1 | Src:0010 Tgt:0010 | Data(Hex):3d Data(Dec):61 | Type:SDP
[Monitor_1] ID:315 Name:monitored | Src:0001 Tgt:1010 | Data(Hex):c2 Data(Dec):194 | Type:MDP
[Monitor_3] ID:316 Name:monitored | Src:0001 Tgt:1010 | Data(Hex):c2 Data(Dec):194 | Type:MDP
[Monitor_0] ID:317 Name:monitored | Src:0100 Tgt:1111 | Data(Hex):2f Data(Dec):47 | Type:BDP
[Monitor_1] ID:318 Name:monitored | Src:0100 Tgt:1111 | Data(Hex):2f Data(Dec):47 | Type:BDP
[Monitor_2] ID:319 Name:monitored | Src:0100 Tgt:1111 | Data(Hex):2f Data(Dec):47 | Type:BDP
[Monitor_3] ID:320 Name:monitored | Src:0100 Tgt:1111 | Data(Hex):2f Data(Dec):47 | Type:BDP
[Checker] Predicted Drop: Packet ID 321 is INVALID (Src:1000 Tgt:0000). Ignoring.
[Driver_3] ID:321 Name:pkt_3 | Src:1000 Tgt:0000 | Data(Hex):af Data(Dec):175 | Type:ERR
[Checker] Predicted Drop: Packet ID 322 is INVALID (Src:0010 Tgt:0000). Ignoring.
[Driver_1] ID:322 Name:pkt_1 | Src:0010 Tgt:0000 | Data(Hex):83 Data(Dec):131 | Type:ERR
[Checker] Predicted Drop: Packet ID 323 is INVALID (Src:0100 Tgt:0100). Ignoring.
[Driver_2] ID:323 Name:pkt_2 | Src:0100 Tgt:0100 | Data(Hex):02 Data(Dec):2 | Type:SDP
[Driver_0] ID:324 Name:pkt_0 | Src:0001 Tgt:1000 | Data(Hex):eb Data(Dec):235 | Type:SDP
[Driver_2] ID:325 Name:pkt_2 | Src:0100 Tgt:1010 | Data(Hex):6c Data(Dec):108 | Type:MDP
[Driver_0] ID:326 Name:pkt_0 | Src:0001 Tgt:0010 | Data(Hex):c6 Data(Dec):198 | Type:SDP
[Driver_1] ID:327 Name:pkt_1 | Src:0010 Tgt:1101 | Data(Hex):9a Data(Dec):154 | Type:MDP
[Monitor_3] ID:328 Name:monitored | Src:0001 Tgt:1000 | Data(Hex):eb Data(Dec):235 | Type:SDP
[Driver_3] ID:329 Name:pkt_3 | Src:1000 Tgt:0100 | Data(Hex):59 Data(Dec):89 | Type:SDP
[Monitor_1] ID:330 Name:monitored | Src:0100 Tgt:1010 | Data(Hex):6c Data(Dec):108 | Type:MDP
[Monitor_3] ID:331 Name:monitored | Src:0100 Tgt:1010 | Data(Hex):6c Data(Dec):108 | Type:MDP
[Monitor_0] ID:332 Name:monitored | Src:0010 Tgt:1101 | Data(Hex):9a Data(Dec):154 | Type:MDP
[Monitor_1] ID:333 Name:monitored | Src:0001 Tgt:0010 | Data(Hex):c6 Data(Dec):198 | Type:SDP
[Monitor_2] ID:334 Name:monitored | Src:0010 Tgt:1101 | Data(Hex):9a Data(Dec):154 | Type:MDP
[Monitor_3] ID:335 Name:monitored | Src:0010 Tgt:1101 | Data(Hex):9a Data(Dec):154 | Type:MDP
[Driver_0] ID:336 Name:pkt_0 | Src:0001 Tgt:1110 | Data(Hex):69 Data(Dec):105 | Type:MDP
[Driver_1] ID:337 Name:pkt_1 | Src:0010 Tgt:0001 | Data(Hex):41 Data(Dec):65 | Type:SDP
[Driver_2] ID:338 Name:pkt_2 | Src:0100 Tgt:1000 | Data(Hex):b7 Data(Dec):183 | Type:SDP
[Monitor_2] ID:339 Name:monitored | Src:1000 Tgt:0100 | Data(Hex):59 Data(Dec):89 | Type:SDP
[Checker] Predicted Drop: Packet ID 340 is INVALID (Src:0001 Tgt:0111). Ignoring.
[Driver_0] ID:340 Name:pkt_0 | Src:0001 Tgt:0111 | Data(Hex):2e Data(Dec):46 | Type:MDP
[Monitor_1] ID:341 Name:monitored | Src:0001 Tgt:1110 | Data(Hex):69 Data(Dec):105 | Type:MDP
[Monitor_2] ID:342 Name:monitored | Src:0001 Tgt:1110 | Data(Hex):69 Data(Dec):105 | Type:MDP
[Monitor_3] ID:343 Name:monitored | Src:0001 Tgt:1110 | Data(Hex):69 Data(Dec):105 | Type:MDP
[Monitor_0] ID:344 Name:monitored | Src:0010 Tgt:0001 | Data(Hex):41 Data(Dec):65 | Type:SDP
[Monitor_3] ID:345 Name:monitored | Src:0100 Tgt:1000 | Data(Hex):b7 Data(Dec):183 | Type:SDP
[Checker] Predicted Drop: Packet ID 346 is INVALID (Src:1000 Tgt:1011). Ignoring.
[Driver_3] ID:346 Name:pkt_3 | Src:1000 Tgt:1011 | Data(Hex):fc Data(Dec):252 | Type:MDP
[Checker] Predicted Drop: Packet ID 347 is INVALID (Src:0001 Tgt:1101). Ignoring.
[Driver_0] ID:347 Name:pkt_0 | Src:0001 Tgt:1101 | Data(Hex):c2 Data(Dec):194 | Type:MDP
[Driver_1] ID:348 Name:pkt_1 | Src:0010 Tgt:0101 | Data(Hex):18 Data(Dec):24 | Type:MDP
[Checker] Predicted Drop: Packet ID 349 is INVALID (Src:0100 Tgt:1110). Ignoring.
[Driver_2] ID:349 Name:pkt_2 | Src:0100 Tgt:1110 | Data(Hex):26 Data(Dec):38 | Type:MDP
[Checker] Predicted Drop: Packet ID 350 is INVALID (Src:1000 Tgt:1100). Ignoring.
[Driver_3] ID:350 Name:pkt_3 | Src:1000 Tgt:1100 | Data(Hex):d5 Data(Dec):213 | Type:MDP
[Monitor_0] ID:351 Name:monitored | Src:0010 Tgt:0101 | Data(Hex):18 Data(Dec):24 | Type:MDP
[Monitor_2] ID:352 Name:monitored | Src:0010 Tgt:0101 | Data(Hex):18 Data(Dec):24 | Type:MDP
[Driver_2] ID:353 Name:pkt_2 | Src:0100 Tgt:1000 | Data(Hex):a4 Data(Dec):164 | Type:SDP
[Checker] Predicted Drop: Packet ID 354 is INVALID (Src:0001 Tgt:0001). Ignoring.
[Driver_0] ID:354 Name:pkt_0 | Src:0001 Tgt:0001 | Data(Hex):03 Data(Dec):3 | Type:SDP
[Checker] Predicted Drop: Packet ID 355 is INVALID (Src:0010 Tgt:0110). Ignoring.
[Driver_1] ID:355 Name:pkt_1 | Src:0010 Tgt:0110 | Data(Hex):27 Data(Dec):39 | Type:MDP
[Monitor_3] ID:356 Name:monitored | Src:0100 Tgt:1000 | Data(Hex):a4 Data(Dec):164 | Type:SDP
[Driver_3] ID:357 Name:pkt_3 | Src:1000 Tgt:0011 | Data(Hex):ef Data(Dec):239 | Type:MDP
[Checker] Predicted Drop: Packet ID 358 is INVALID (Src:0010 Tgt:1010). Ignoring.
[Driver_1] ID:358 Name:pkt_1 | Src:0010 Tgt:1010 | Data(Hex):ee Data(Dec):238 | Type:MDP
[Checker] Predicted Drop: Packet ID 359 is INVALID (Src:0001 Tgt:0011). Ignoring.
[Driver_0] ID:359 Name:pkt_0 | Src:0001 Tgt:0011 | Data(Hex):dc Data(Dec):220 | Type:MDP
[Driver_2] ID:360 Name:pkt_2 | Src:0100 Tgt:0001 | Data(Hex):02 Data(Dec):2 | Type:SDP
[Monitor_0] ID:361 Name:monitored | Src:1000 Tgt:0011 | Data(Hex):ef Data(Dec):239 | Type:MDP
[Monitor_1] ID:362 Name:monitored | Src:1000 Tgt:0011 | Data(Hex):ef Data(Dec):239 | Type:MDP
[Monitor_0] ID:363 Name:monitored | Src:0100 Tgt:0001 | Data(Hex):02 Data(Dec):2 | Type:SDP
[Driver_0] ID:364 Name:pkt_0 | Src:0001 Tgt:1000 | Data(Hex):87 Data(Dec):135 | Type:SDP
[Driver_1] ID:365 Name:pkt_1 | Src:0010 Tgt:1000 | Data(Hex):2c Data(Dec):44 | Type:SDP
[Checker] Predicted Drop: Packet ID 366 is INVALID (Src:1000 Tgt:1010). Ignoring.
[Driver_3] ID:366 Name:pkt_3 | Src:1000 Tgt:1010 | Data(Hex):40 Data(Dec):64 | Type:MDP
[Checker] Predicted Drop: Packet ID 367 is INVALID (Src:0100 Tgt:1100). Ignoring.
[Driver_2] ID:367 Name:pkt_2 | Src:0100 Tgt:1100 | Data(Hex):ab Data(Dec):171 | Type:MDP
[Monitor_3] ID:368 Name:monitored | Src:0001 Tgt:1000 | Data(Hex):87 Data(Dec):135 | Type:SDP
[Driver_1] ID:369 Name:pkt_1 | Src:0010 Tgt:1111 | Data(Hex):be Data(Dec):190 | Type:BDP
[Monitor_3] ID:370 Name:monitored | Src:0010 Tgt:1000 | Data(Hex):2c Data(Dec):44 | Type:SDP
[Driver_3] ID:371 Name:pkt_3 | Src:1000 Tgt:0011 | Data(Hex):6a Data(Dec):106 | Type:MDP
[Driver_2] ID:372 Name:pkt_2 | Src:0100 Tgt:1111 | Data(Hex):6c Data(Dec):108 | Type:BDP
[Checker] Predicted Drop: Packet ID 373 is INVALID (Src:0001 Tgt:0101). Ignoring.
[Driver_0] ID:373 Name:pkt_0 | Src:0001 Tgt:0101 | Data(Hex):ea Data(Dec):234 | Type:MDP
[Driver_3] ID:374 Name:pkt_3 | Src:1000 Tgt:1111 | Data(Hex):c6 Data(Dec):198 | Type:BDP
[Monitor_0] ID:375 Name:monitored | Src:0010 Tgt:1111 | Data(Hex):be Data(Dec):190 | Type:BDP
[Monitor_1] ID:376 Name:monitored | Src:0010 Tgt:1111 | Data(Hex):be Data(Dec):190 | Type:BDP
[Monitor_2] ID:377 Name:monitored | Src:0010 Tgt:1111 | Data(Hex):be Data(Dec):190 | Type:BDP
[Monitor_3] ID:378 Name:monitored | Src:0010 Tgt:1111 | Data(Hex):be Data(Dec):190 | Type:BDP
[Monitor_0] ID:379 Name:monitored | Src:1000 Tgt:0011 | Data(Hex):6a Data(Dec):106 | Type:MDP
[Monitor_1] ID:380 Name:monitored | Src:1000 Tgt:0011 | Data(Hex):6a Data(Dec):106 | Type:MDP
[Monitor_0] ID:381 Name:monitored | Src:0100 Tgt:1111 | Data(Hex):6c Data(Dec):108 | Type:BDP
[Monitor_1] ID:382 Name:monitored | Src:0100 Tgt:1111 | Data(Hex):6c Data(Dec):108 | Type:BDP
[Monitor_2] ID:383 Name:monitored | Src:0100 Tgt:1111 | Data(Hex):6c Data(Dec):108 | Type:BDP
[Monitor_3] ID:384 Name:monitored | Src:0100 Tgt:1111 | Data(Hex):6c Data(Dec):108 | Type:BDP
[Monitor_0] ID:385 Name:monitored | Src:1000 Tgt:1111 | Data(Hex):c6 Data(Dec):198 | Type:BDP
[Monitor_1] ID:386 Name:monitored | Src:1000 Tgt:1111 | Data(Hex):c6 Data(Dec):198 | Type:BDP
[Monitor_2] ID:387 Name:monitored | Src:1000 Tgt:1111 | Data(Hex):c6 Data(Dec):198 | Type:BDP
[Monitor_3] ID:388 Name:monitored | Src:1000 Tgt:1111 | Data(Hex):c6 Data(Dec):198 | Type:BDP
[Driver_2] ID:389 Name:pkt_2 | Src:0100 Tgt:1000 | Data(Hex):d9 Data(Dec):217 | Type:SDP
[Driver_3] ID:390 Name:pkt_3 | Src:1000 Tgt:1111 | Data(Hex):0c Data(Dec):12 | Type:BDP
[Monitor_3] ID:391 Name:monitored | Src:0100 Tgt:1000 | Data(Hex):d9 Data(Dec):217 | Type:SDP
[Checker] Predicted Drop: Packet ID 392 is INVALID (Src:0100 Tgt:1110). Ignoring.
[Driver_2] ID:392 Name:pkt_2 | Src:0100 Tgt:1110 | Data(Hex):e0 Data(Dec):224 | Type:MDP
[Monitor_0] ID:393 Name:monitored | Src:1000 Tgt:1111 | Data(Hex):0c Data(Dec):12 | Type:BDP
[Monitor_1] ID:394 Name:monitored | Src:1000 Tgt:1111 | Data(Hex):0c Data(Dec):12 | Type:BDP
[Monitor_2] ID:395 Name:monitored | Src:1000 Tgt:1111 | Data(Hex):0c Data(Dec):12 | Type:BDP
[Monitor_3] ID:396 Name:monitored | Src:1000 Tgt:1111 | Data(Hex):0c Data(Dec):12 | Type:BDP
[Checker] Predicted Drop: Packet ID 397 is INVALID (Src:1000 Tgt:1100). Ignoring.
[Driver_3] ID:397 Name:pkt_3 | Src:1000 Tgt:1100 | Data(Hex):93 Data(Dec):147 | Type:MDP
[Checker] Predicted Drop: Packet ID 398 is INVALID (Src:0100 Tgt:1101). Ignoring.
[Driver_2] ID:398 Name:pkt_2 | Src:0100 Tgt:1101 | Data(Hex):4e Data(Dec):78 | Type:MDP
--- Sequencers Done. Waiting for Drivers to drain... ---
--- Drivers Done. Waiting for Switch to drain... ---

=========================================
 INTEGRITY REPORT
 1. Total Pending (Checker):  0
 2. Input Rejections (FIFO):  0
 -----------------------------------------
 3. INTERNAL LOSS:            0
=========================================

[TEST] PASSED: All accepted packets were delivered.

=========================================
 HARDWARE STATE INSPECTION

=========================================
 FUNCTIONAL COVERAGE RESULTS
=========================================
--- PORT 0 ---
  TOTAL (Valid): 96.25 %
  - Types:       100.00 %
  - Sources:     100.00 %
  - Targets:     87.50 %
  - Type x Src:  100.00 %
  - ROUTING:     93.75 %
--- PORT 1 ---
  TOTAL (Valid): 93.00 %
  - Types:       100.00 %
  - Sources:     100.00 %
  - Targets:     87.50 %
  - Type x Src:  90.00 %
  - ROUTING:     87.50 %
--- PORT 2 ---
  TOTAL (Valid): 98.75 %
  - Types:       100.00 %
  - Sources:     100.00 %
  - Targets:     100.00 %
  - Type x Src:  100.00 %
  - ROUTING:     93.75 %
--- PORT 3 ---
  TOTAL (Valid): 95.00 %
  - Types:       100.00 %
  - Sources:     100.00 %
  - Targets:     87.50 %
  - Type x Src:  100.00 %
  - ROUTING:     87.50 %
=========================================


=========================================
 DETAILED LOST PACKET REPORT
=========================================

=========================================
 CHECKER SUMMARY (Integrity Check)
-----------------------------------------
 Matches (Delivered):     199
 Mismatches (Corrupt):    0
 Total Pending (Missing): 0
-----------------------------------------
 BREAKDOWN OF MISSING PACKETS:
 (-) Valid HW Drops (FIFO Full): 0
 (=) INTERNAL LOSS (BUGS):       0
=========================================

TEST PASSED: Perfect transmission (0 drops, 0 loss).
$finish called from file "../verification/switch_test.sv", line 288.
$finish at simulation time            167350000

---------------------------------------------------------------------------
VCS Coverage Metrics: during simulation line, cond, FSM, branch, tgl was monitored
---------------------------------------------------------------------------
           V C S   S i m u l a t i o n   R e p o r t 
Time: 16735000000 fs
CPU Time:      0.230 seconds;       Data structure size:   1.1Mb
Wed Jan 14 17:11:41 2026
