Command: vcs -kdb -R -sverilog -f run_gls.f +define+SDF_ANNOTATE -debug_access+all \
-top switch_test -timescale=1ns/1ps +neg_tchk -negdelay +vcs+initreg+random -suppress=TFIPC,DDTC,SDFCOM_NTCSIS,SDFCOM_UHICD \
+ntb_random_seed_automatic +ERR_PKT +notimingcheck +no_notifier -cm line+cond+fsm+branch+tgl \
-cm_dir ./cov_work/gls_simv.vdb -cm_name gls_error_test -l gls_coverage.log
                         Chronologic VCS (TM)
        Version X-2025.06-1_Full64 -- Thu Jan  8 23:08:20 2026

                    Copyright (c) 1991 - 2025 Synopsys, Inc.
   This software and the associated documentation are proprietary to Synopsys,
 Inc. This software may only be used in accordance with the terms and conditions
 of a written license agreement with Synopsys, Inc. All other use, reproduction,
   or distribution of this software is strictly prohibited.  Licensed Products
     communicate with Synopsys servers for the purpose of providing software
    updates, detecting software piracy and verifying that customers are using
    Licensed Products in conformity with the applicable License Key for such
  Licensed Products. Synopsys will use information gathered in connection with
    this process to deliver software updates and pursue software pirates and
                                   infringers.

 Inclusivity & Diversity - Visit SolvNetPlus to read the "Synopsys Statement on
            Inclusivity and Diversity" (Refer to article 000036315 at
                        https://solvnetplus.synopsys.com)

Parsing design file '../design/packet_pkg.sv'
Parsing included file '../verification/component_base.sv'.
Back to file '../design/packet_pkg.sv'.
Parsing included file '../verification/sequencer.sv'.
Back to file '../design/packet_pkg.sv'.
Parsing included file '../verification/driver.sv'.
Back to file '../design/packet_pkg.sv'.
Parsing included file '../verification/monitor.sv'.
Back to file '../design/packet_pkg.sv'.
Parsing included file '../verification/agent.sv'.
Back to file '../design/packet_pkg.sv'.
Parsing included file '../verification/checker.sv'.
Back to file '../design/packet_pkg.sv'.
Parsing included file '../verification/packet_vc.sv'.
Back to file '../design/packet_pkg.sv'.
Parsing design file '../design/port_if.sv'
Parsing design file '../verification/assertions.sv'

Note-[SV-LCM-PPWI] Package previously wildcard imported
../verification/assertions.sv, 1
$unit
  Package 'packet_pkg' already wildcard imported. 
  Ignoring packet_pkg::*
  See the SystemVerilog LRM(1800-2005), section 19.2.1.

Parsing design file '../verification/dut_wrapper.sv'
Parsing design file './switch_4port_netlist_cg.v'
Parsing design file '../verification/switch_test.sv'
Parsing library file '/data/synopsys/lib/SAED32_EDK/lib/stdcell_hvt/verilog/saed32nm_hvt.v'
Parsing library file '/data/synopsys/lib/SAED32_EDK/lib/stdcell_rvt/verilog/saed32nm.v'
Parsing library file '/data/synopsys/lib/SAED32_EDK/lib/stdcell_lvt/verilog/saed32nm_lvt.v'
Top Level Modules:
       switch_test
TimeScale is 1 ps / 1 ps
VCS Coverage Metrics Release X-2025.06-1_Full64 Copyright (c) 1991-2025 by Synopsys Inc.

   ***   $sdf_annotate() version 1.2R
   ***    SDF file: "./switch_4port_cg.sdf"
   ***    Annotation scope: switch_test.dut.impl
   ***    SDF Annotator log file: "sdf.log"
   ***    MTM selection: "TYPICAL"
   ***    SCALE FACTORS: "1.0000:1.0000:1.0000"
   ***    SCALE TYPE: "FROM_MTM"
   ***    Turnoff delay: "FROM_FILE"
   ***    Approximation (mipd) policy: "MAXIMUM"

   ***    SDF annotation begin: Thu Jan  8 23:08:20 2026


SDF Info: +pulse_r/100, +pulse_e/100 in effect

Warning-[SDFCOM_TI] TIMINGCHECKs Ignored
  SDF Warning: TIMINGCHECKs ignored, model compiled or invoked with 
  +notimingcheck option.


          Total errors: 0
          Total warnings: 1
   ***    SDF annotation completed: Thu Jan  8 23:08:20 2026


Notice: Ports coerced to inout, use -notice for details
Starting vcs inline pass...
60 modules and 6 UDPs read.
recompiling module switch_test
	However, due to incremental compilation, only 1 module needs to be compiled. 
rm -f _cuarc*.so _csrc*.so pre_vcsobj_*.so share_vcsobj_*.so
if [ -x ../simv ]; then chmod a-x ../simv; fi
g++  -o ../simv      -rdynamic  -Wl,-rpath='$ORIGIN'/simv.daidir -Wl,-rpath=./simv.daidir \
-Wl,-rpath=/tools/synopsys/vcs/X-2025.06-1/linux64/lib -L/tools/synopsys/vcs/X-2025.06-1/linux64/lib \
-Wl,-rpath-link=./  /usr/lib64/libnuma.so.1     _2089274_archive_1.so _prev_archive_1.so \
_cuarc0.so objs/udps/Gjg4Z.o objs/udps/hg6Rm.o objs/udps/Z0GwU.o objs/udps/y4a7N.o \
objs/udps/LSJP2.o objs/udps/e37Qb.o   SIM_l.o      rmapats_mop.o rmapats.o rmar.o \
rmar_nd.o  rmar_llvm_0_1.o rmar_llvm_0_0.o            -lvirsim -lerrorinf -lsnpsmalloc \
-lvfs      -lvcsnew -ldistsimclient -lsimprofile -lreader_common /tools/synopsys/vcs/X-2025.06-1/linux64/lib/libBA.a \
-luclinative /tools/synopsys/vcs/X-2025.06-1/linux64/lib/vcs_tls.o   -Wl,-whole-archive \
-lvcsucli    -Wl,-no-whole-archive        _vcs_pli_stub_.o   /tools/synopsys/vcs/X-2025.06-1/linux64/lib/vcs_save_restore_new.o \
/tools/synopsys/verdi/X-2025.06-1/share/PLI/VCS/LINUX64/pli.a -ldl  -lc -lm -lpthread \
-ldl 
../simv up to date
Command: /project/verif/users/arielt/ws/ex_vlsi_switch_project_ariel/Synt/./simv +define+SDF_ANNOTATE +neg_tchk +vcs+initreg+random +ntb_random_seed_automatic +ERR_PKT +notimingcheck +no_notifier -cm_runsilent -cm line+cond+fsm+branch+tgl -cm_dir ./cov_work/gls_simv.vdb -cm_name gls_error_test -a gls_coverage.log
Chronologic VCS simulator copyright 1991-2025
Contains Synopsys proprietary information.
Compiler version X-2025.06-1_Full64; Runtime version X-2025.06-1_Full64;  Jan  8 23:08 2026
NOTE: automatic random seed used: 987258820
Doing SDF annotation ...... Done
Loading SDF Delays from switch_4port.sdf...
--- Starting Simulation (Driver-Driven) ---
Number of packets about to be generated at each port:  50
[Driver_0] ID:0 Name:pkt_0 | Src:0001 Tgt:1110 | Data(Hex):ee Data(Dec):238 | Type:MDP
[Checker] Predicted Drop: Packet ID 1 is INVALID (Src:0010 Tgt:0110). Ignoring.
[Driver_1] ID:1 Name:pkt_1 | Src:0010 Tgt:0110 | Data(Hex):04 Data(Dec):4 | Type:MDP
[Driver_2] ID:2 Name:pkt_2 | Src:0100 Tgt:1001 | Data(Hex):49 Data(Dec):73 | Type:MDP
[Checker] Predicted Drop: Packet ID 3 is INVALID (Src:1000 Tgt:1011). Ignoring.
[Driver_3] ID:3 Name:pkt_3 | Src:1000 Tgt:1011 | Data(Hex):19 Data(Dec):25 | Type:MDP
[Driver_0] ID:4 Name:pkt_0 | Src:0001 Tgt:0100 | Data(Hex):f3 Data(Dec):243 | Type:SDP
[Driver_2] ID:5 Name:pkt_2 | Src:0100 Tgt:1111 | Data(Hex):ed Data(Dec):237 | Type:BDP
[Driver_3] ID:6 Name:pkt_3 | Src:1000 Tgt:0111 | Data(Hex):8e Data(Dec):142 | Type:MDP
[Monitor_1] ID:7 Name:monitored | Src:0001 Tgt:1110 | Data(Hex):ee Data(Dec):238 | Type:MDP
[Monitor_2] ID:8 Name:monitored | Src:0001 Tgt:1110 | Data(Hex):ee Data(Dec):238 | Type:MDP
[Monitor_3] ID:9 Name:monitored | Src:0001 Tgt:1110 | Data(Hex):ee Data(Dec):238 | Type:MDP
[Checker] Predicted Drop: Packet ID 10 is INVALID (Src:0010 Tgt:0110). Ignoring.
[Driver_1] ID:10 Name:pkt_1 | Src:0010 Tgt:0110 | Data(Hex):7c Data(Dec):124 | Type:MDP
[Monitor_2] ID:11 Name:monitored | Src:0001 Tgt:0100 | Data(Hex):f3 Data(Dec):243 | Type:SDP
[Checker] Predicted Drop: Packet ID 12 is INVALID (Src:1000 Tgt:1001). Ignoring.
[Driver_3] ID:12 Name:pkt_3 | Src:1000 Tgt:1001 | Data(Hex):86 Data(Dec):134 | Type:MDP
[Driver_0] ID:13 Name:pkt_0 | Src:0001 Tgt:0100 | Data(Hex):ce Data(Dec):206 | Type:SDP
[Driver_1] ID:14 Name:pkt_1 | Src:0010 Tgt:0001 | Data(Hex):1e Data(Dec):30 | Type:SDP
[Checker] Predicted Drop: Packet ID 15 is INVALID (Src:0100 Tgt:1100). Ignoring.
[Driver_2] ID:15 Name:pkt_2 | Src:0100 Tgt:1100 | Data(Hex):d8 Data(Dec):216 | Type:MDP
[Monitor_0] ID:16 Name:monitored | Src:0100 Tgt:1001 | Data(Hex):49 Data(Dec):73 | Type:MDP
[Monitor_3] ID:17 Name:monitored | Src:0100 Tgt:1001 | Data(Hex):49 Data(Dec):73 | Type:MDP
[Monitor_0] ID:18 Name:monitored | Src:1000 Tgt:0111 | Data(Hex):8e Data(Dec):142 | Type:MDP
[Monitor_1] ID:19 Name:monitored | Src:1000 Tgt:0111 | Data(Hex):8e Data(Dec):142 | Type:MDP
[Monitor_2] ID:20 Name:monitored | Src:1000 Tgt:0111 | Data(Hex):8e Data(Dec):142 | Type:MDP
[Monitor_0] ID:21 Name:monitored | Src:0010 Tgt:0001 | Data(Hex):1e Data(Dec):30 | Type:SDP
[Monitor_2] ID:22 Name:monitored | Src:0001 Tgt:0100 | Data(Hex):ce Data(Dec):206 | Type:SDP
[Monitor_0] ID:23 Name:monitored | Src:0100 Tgt:1111 | Data(Hex):ed Data(Dec):237 | Type:BDP
[Monitor_1] ID:24 Name:monitored | Src:0100 Tgt:1111 | Data(Hex):ed Data(Dec):237 | Type:BDP
[Monitor_2] ID:25 Name:monitored | Src:0100 Tgt:1111 | Data(Hex):ed Data(Dec):237 | Type:BDP
[Monitor_3] ID:26 Name:monitored | Src:0100 Tgt:1111 | Data(Hex):ed Data(Dec):237 | Type:BDP
[Driver_1] ID:27 Name:pkt_1 | Src:0010 Tgt:0100 | Data(Hex):67 Data(Dec):103 | Type:SDP
[Checker] Predicted Drop: Packet ID 28 is INVALID (Src:0001 Tgt:0101). Ignoring.
[Driver_0] ID:28 Name:pkt_0 | Src:0001 Tgt:0101 | Data(Hex):93 Data(Dec):147 | Type:MDP
[Driver_3] ID:29 Name:pkt_3 | Src:1000 Tgt:0101 | Data(Hex):8d Data(Dec):141 | Type:MDP
[Monitor_2] ID:30 Name:monitored | Src:0010 Tgt:0100 | Data(Hex):67 Data(Dec):103 | Type:SDP
[Checker] Predicted Drop: Packet ID 31 is INVALID (Src:0100 Tgt:1110). Ignoring.
[Driver_2] ID:31 Name:pkt_2 | Src:0100 Tgt:1110 | Data(Hex):8d Data(Dec):141 | Type:MDP
[Driver_1] ID:32 Name:pkt_1 | Src:0010 Tgt:1100 | Data(Hex):53 Data(Dec):83 | Type:MDP
[Monitor_0] ID:33 Name:monitored | Src:1000 Tgt:0101 | Data(Hex):8d Data(Dec):141 | Type:MDP
[Monitor_2] ID:34 Name:monitored | Src:1000 Tgt:0101 | Data(Hex):8d Data(Dec):141 | Type:MDP
[Monitor_2] ID:35 Name:monitored | Src:0010 Tgt:1100 | Data(Hex):53 Data(Dec):83 | Type:MDP
[Monitor_3] ID:36 Name:monitored | Src:0010 Tgt:1100 | Data(Hex):53 Data(Dec):83 | Type:MDP
[Checker] Predicted Drop: Packet ID 37 is INVALID (Src:0100 Tgt:0111). Ignoring.
[Driver_2] ID:37 Name:pkt_2 | Src:0100 Tgt:0111 | Data(Hex):c9 Data(Dec):201 | Type:MDP
[Driver_0] ID:38 Name:pkt_0 | Src:0001 Tgt:0010 | Data(Hex):7e Data(Dec):126 | Type:SDP
[Driver_3] ID:39 Name:pkt_3 | Src:1000 Tgt:0010 | Data(Hex):88 Data(Dec):136 | Type:SDP
[Driver_1] ID:40 Name:pkt_1 | Src:0010 Tgt:1000 | Data(Hex):06 Data(Dec):6 | Type:SDP
[Driver_2] ID:41 Name:pkt_2 | Src:0100 Tgt:0010 | Data(Hex):c3 Data(Dec):195 | Type:SDP
[Monitor_1] ID:42 Name:monitored | Src:0001 Tgt:0010 | Data(Hex):7e Data(Dec):126 | Type:SDP
[Checker] Predicted Drop: Packet ID 43 is INVALID (Src:0001 Tgt:0101). Ignoring.
[Driver_0] ID:43 Name:pkt_0 | Src:0001 Tgt:0101 | Data(Hex):ac Data(Dec):172 | Type:MDP
[Monitor_1] ID:44 Name:monitored | Src:1000 Tgt:0010 | Data(Hex):88 Data(Dec):136 | Type:SDP
[Checker] Predicted Drop: Packet ID 45 is INVALID (Src:1000 Tgt:1101). Ignoring.
[Driver_3] ID:45 Name:pkt_3 | Src:1000 Tgt:1101 | Data(Hex):a1 Data(Dec):161 | Type:MDP
[Monitor_3] ID:46 Name:monitored | Src:0010 Tgt:1000 | Data(Hex):06 Data(Dec):6 | Type:SDP
[Driver_1] ID:47 Name:pkt_1 | Src:0010 Tgt:1000 | Data(Hex):56 Data(Dec):86 | Type:SDP
[Monitor_1] ID:48 Name:monitored | Src:0100 Tgt:0010 | Data(Hex):c3 Data(Dec):195 | Type:SDP
[Checker] Predicted Drop: Packet ID 49 is INVALID (Src:0001 Tgt:0000). Ignoring.
[Driver_0] ID:49 Name:pkt_0 | Src:0001 Tgt:0000 | Data(Hex):72 Data(Dec):114 | Type:ERR
[Driver_3] ID:50 Name:pkt_3 | Src:1000 Tgt:1111 | Data(Hex):3e Data(Dec):62 | Type:BDP
[Monitor_3] ID:51 Name:monitored | Src:0010 Tgt:1000 | Data(Hex):56 Data(Dec):86 | Type:SDP
[Checker] Predicted Drop: Packet ID 52 is INVALID (Src:0100 Tgt:1101). Ignoring.
[Driver_2] ID:52 Name:pkt_2 | Src:0100 Tgt:1101 | Data(Hex):12 Data(Dec):18 | Type:MDP
[Monitor_0] ID:53 Name:monitored | Src:1000 Tgt:1111 | Data(Hex):3e Data(Dec):62 | Type:BDP
[Monitor_1] ID:54 Name:monitored | Src:1000 Tgt:1111 | Data(Hex):3e Data(Dec):62 | Type:BDP
[Monitor_2] ID:55 Name:monitored | Src:1000 Tgt:1111 | Data(Hex):3e Data(Dec):62 | Type:BDP
[Monitor_3] ID:56 Name:monitored | Src:1000 Tgt:1111 | Data(Hex):3e Data(Dec):62 | Type:BDP
[Driver_1] ID:57 Name:pkt_1 | Src:0010 Tgt:0101 | Data(Hex):c4 Data(Dec):196 | Type:MDP
[Driver_3] ID:58 Name:pkt_3 | Src:1000 Tgt:0011 | Data(Hex):ac Data(Dec):172 | Type:MDP
[Checker] Predicted Drop: Packet ID 59 is INVALID (Src:0001 Tgt:1101). Ignoring.
[Driver_0] ID:59 Name:pkt_0 | Src:0001 Tgt:1101 | Data(Hex):9c Data(Dec):156 | Type:MDP
[Checker] Predicted Drop: Packet ID 60 is INVALID (Src:0100 Tgt:1101). Ignoring.
[Driver_2] ID:60 Name:pkt_2 | Src:0100 Tgt:1101 | Data(Hex):69 Data(Dec):105 | Type:MDP
[Monitor_0] ID:61 Name:monitored | Src:1000 Tgt:0011 | Data(Hex):ac Data(Dec):172 | Type:MDP
[Monitor_1] ID:62 Name:monitored | Src:1000 Tgt:0011 | Data(Hex):ac Data(Dec):172 | Type:MDP
[Monitor_0] ID:63 Name:monitored | Src:0010 Tgt:0101 | Data(Hex):c4 Data(Dec):196 | Type:MDP
[Monitor_2] ID:64 Name:monitored | Src:0010 Tgt:0101 | Data(Hex):c4 Data(Dec):196 | Type:MDP
[Driver_1] ID:65 Name:pkt_1 | Src:0010 Tgt:0100 | Data(Hex):9d Data(Dec):157 | Type:SDP
[Checker] Predicted Drop: Packet ID 66 is INVALID (Src:0001 Tgt:0111). Ignoring.
[Driver_0] ID:66 Name:pkt_0 | Src:0001 Tgt:0111 | Data(Hex):04 Data(Dec):4 | Type:MDP
[Driver_3] ID:67 Name:pkt_3 | Src:1000 Tgt:0101 | Data(Hex):32 Data(Dec):50 | Type:MDP
[Driver_2] ID:68 Name:pkt_2 | Src:0100 Tgt:1010 | Data(Hex):a8 Data(Dec):168 | Type:MDP
[Monitor_2] ID:69 Name:monitored | Src:0010 Tgt:0100 | Data(Hex):9d Data(Dec):157 | Type:SDP
[Monitor_0] ID:70 Name:monitored | Src:1000 Tgt:0101 | Data(Hex):32 Data(Dec):50 | Type:MDP
[Monitor_2] ID:71 Name:monitored | Src:1000 Tgt:0101 | Data(Hex):32 Data(Dec):50 | Type:MDP
[Checker] Predicted Drop: Packet ID 72 is INVALID (Src:0010 Tgt:0110). Ignoring.
[Driver_1] ID:72 Name:pkt_1 | Src:0010 Tgt:0110 | Data(Hex):42 Data(Dec):66 | Type:MDP
[Monitor_1] ID:73 Name:monitored | Src:0100 Tgt:1010 | Data(Hex):a8 Data(Dec):168 | Type:MDP
[Monitor_3] ID:74 Name:monitored | Src:0100 Tgt:1010 | Data(Hex):a8 Data(Dec):168 | Type:MDP
[Checker] Predicted Drop: Packet ID 75 is INVALID (Src:0100 Tgt:1100). Ignoring.
[Driver_2] ID:75 Name:pkt_2 | Src:0100 Tgt:1100 | Data(Hex):18 Data(Dec):24 | Type:MDP
[Driver_3] ID:76 Name:pkt_3 | Src:1000 Tgt:0100 | Data(Hex):e9 Data(Dec):233 | Type:SDP
[Driver_0] ID:77 Name:pkt_0 | Src:0001 Tgt:0010 | Data(Hex):94 Data(Dec):148 | Type:SDP
[Monitor_2] ID:78 Name:monitored | Src:1000 Tgt:0100 | Data(Hex):e9 Data(Dec):233 | Type:SDP
[Driver_1] ID:79 Name:pkt_1 | Src:0010 Tgt:0100 | Data(Hex):32 Data(Dec):50 | Type:SDP
[Monitor_1] ID:80 Name:monitored | Src:0001 Tgt:0010 | Data(Hex):94 Data(Dec):148 | Type:SDP
[Checker] Predicted Drop: Packet ID 81 is INVALID (Src:0100 Tgt:0101). Ignoring.
[Driver_2] ID:81 Name:pkt_2 | Src:0100 Tgt:0101 | Data(Hex):84 Data(Dec):132 | Type:MDP
[Checker] Predicted Drop: Packet ID 82 is INVALID (Src:1000 Tgt:1110). Ignoring.
[Driver_3] ID:82 Name:pkt_3 | Src:1000 Tgt:1110 | Data(Hex):41 Data(Dec):65 | Type:MDP
[Driver_3] ID:83 Name:pkt_3 | Src:1000 Tgt:0010 | Data(Hex):6e Data(Dec):110 | Type:SDP
[Monitor_2] ID:84 Name:monitored | Src:0010 Tgt:0100 | Data(Hex):32 Data(Dec):50 | Type:SDP
[Checker] Predicted Drop: Packet ID 85 is INVALID (Src:0001 Tgt:0011). Ignoring.
[Driver_0] ID:85 Name:pkt_0 | Src:0001 Tgt:0011 | Data(Hex):5f Data(Dec):95 | Type:MDP
[Checker] Predicted Drop: Packet ID 86 is INVALID (Src:0010 Tgt:1110). Ignoring.
[Driver_1] ID:86 Name:pkt_1 | Src:0010 Tgt:1110 | Data(Hex):aa Data(Dec):170 | Type:MDP
[Monitor_1] ID:87 Name:monitored | Src:1000 Tgt:0010 | Data(Hex):6e Data(Dec):110 | Type:SDP
[Checker] Predicted Drop: Packet ID 88 is INVALID (Src:0100 Tgt:0101). Ignoring.
[Driver_2] ID:88 Name:pkt_2 | Src:0100 Tgt:0101 | Data(Hex):51 Data(Dec):81 | Type:MDP
[Driver_3] ID:89 Name:pkt_3 | Src:1000 Tgt:0010 | Data(Hex):81 Data(Dec):129 | Type:SDP
[Driver_0] ID:90 Name:pkt_0 | Src:0001 Tgt:0100 | Data(Hex):5e Data(Dec):94 | Type:SDP
[Checker] Predicted Drop: Packet ID 91 is INVALID (Src:0010 Tgt:0000). Ignoring.
[Driver_1] ID:91 Name:pkt_1 | Src:0010 Tgt:0000 | Data(Hex):c4 Data(Dec):196 | Type:ERR
[Monitor_1] ID:92 Name:monitored | Src:1000 Tgt:0010 | Data(Hex):81 Data(Dec):129 | Type:SDP
[Checker] Predicted Drop: Packet ID 93 is INVALID (Src:1000 Tgt:1000). Ignoring.
[Driver_3] ID:93 Name:pkt_3 | Src:1000 Tgt:1000 | Data(Hex):ef Data(Dec):239 | Type:SDP
[Driver_2] ID:94 Name:pkt_2 | Src:0100 Tgt:1001 | Data(Hex):51 Data(Dec):81 | Type:MDP
[Monitor_2] ID:95 Name:monitored | Src:0001 Tgt:0100 | Data(Hex):5e Data(Dec):94 | Type:SDP
[Driver_1] ID:96 Name:pkt_1 | Src:0010 Tgt:1100 | Data(Hex):a8 Data(Dec):168 | Type:MDP
[Monitor_0] ID:97 Name:monitored | Src:0100 Tgt:1001 | Data(Hex):51 Data(Dec):81 | Type:MDP
[Monitor_3] ID:98 Name:monitored | Src:0100 Tgt:1001 | Data(Hex):51 Data(Dec):81 | Type:MDP
[Driver_0] ID:99 Name:pkt_0 | Src:0001 Tgt:1111 | Data(Hex):25 Data(Dec):37 | Type:BDP
[Monitor_2] ID:100 Name:monitored | Src:0010 Tgt:1100 | Data(Hex):a8 Data(Dec):168 | Type:MDP
[Monitor_3] ID:101 Name:monitored | Src:0010 Tgt:1100 | Data(Hex):a8 Data(Dec):168 | Type:MDP
[Driver_3] ID:102 Name:pkt_3 | Src:1000 Tgt:1111 | Data(Hex):1b Data(Dec):27 | Type:BDP
[Checker] Predicted Drop: Packet ID 103 is INVALID (Src:0100 Tgt:1110). Ignoring.
[Driver_2] ID:103 Name:pkt_2 | Src:0100 Tgt:1110 | Data(Hex):97 Data(Dec):151 | Type:MDP
[Monitor_0] ID:104 Name:monitored | Src:0001 Tgt:1111 | Data(Hex):25 Data(Dec):37 | Type:BDP
[Monitor_1] ID:105 Name:monitored | Src:0001 Tgt:1111 | Data(Hex):25 Data(Dec):37 | Type:BDP
[Monitor_2] ID:106 Name:monitored | Src:0001 Tgt:1111 | Data(Hex):25 Data(Dec):37 | Type:BDP
[Monitor_3] ID:107 Name:monitored | Src:0001 Tgt:1111 | Data(Hex):25 Data(Dec):37 | Type:BDP
[Driver_0] ID:108 Name:pkt_0 | Src:0001 Tgt:1100 | Data(Hex):cb Data(Dec):203 | Type:MDP
[Checker] Predicted Drop: Packet ID 109 is INVALID (Src:0010 Tgt:0011). Ignoring.
[Driver_1] ID:109 Name:pkt_1 | Src:0010 Tgt:0011 | Data(Hex):3d Data(Dec):61 | Type:MDP
[Monitor_0] ID:110 Name:monitored | Src:1000 Tgt:1111 | Data(Hex):1b Data(Dec):27 | Type:BDP
[Monitor_1] ID:111 Name:monitored | Src:1000 Tgt:1111 | Data(Hex):1b Data(Dec):27 | Type:BDP
[Monitor_2] ID:112 Name:monitored | Src:1000 Tgt:1111 | Data(Hex):1b Data(Dec):27 | Type:BDP
[Monitor_3] ID:113 Name:monitored | Src:1000 Tgt:1111 | Data(Hex):1b Data(Dec):27 | Type:BDP
[Monitor_2] ID:114 Name:monitored | Src:0001 Tgt:1100 | Data(Hex):cb Data(Dec):203 | Type:MDP
[Monitor_3] ID:115 Name:monitored | Src:0001 Tgt:1100 | Data(Hex):cb Data(Dec):203 | Type:MDP
[Checker] Predicted Drop: Packet ID 116 is INVALID (Src:0001 Tgt:0101). Ignoring.
[Driver_0] ID:116 Name:pkt_0 | Src:0001 Tgt:0101 | Data(Hex):f2 Data(Dec):242 | Type:MDP
[Driver_3] ID:117 Name:pkt_3 | Src:1000 Tgt:0111 | Data(Hex):e8 Data(Dec):232 | Type:MDP
[Checker] Predicted Drop: Packet ID 118 is INVALID (Src:0100 Tgt:0100). Ignoring.
[Driver_2] ID:118 Name:pkt_2 | Src:0100 Tgt:0100 | Data(Hex):71 Data(Dec):113 | Type:SDP
[Checker] Predicted Drop: Packet ID 119 is INVALID (Src:0001 Tgt:0000). Ignoring.
[Driver_0] ID:119 Name:pkt_0 | Src:0001 Tgt:0000 | Data(Hex):a9 Data(Dec):169 | Type:ERR
[Checker] Predicted Drop: Packet ID 120 is INVALID (Src:0010 Tgt:1010). Ignoring.
[Driver_1] ID:120 Name:pkt_1 | Src:0010 Tgt:1010 | Data(Hex):10 Data(Dec):16 | Type:MDP
[Monitor_0] ID:121 Name:monitored | Src:1000 Tgt:0111 | Data(Hex):e8 Data(Dec):232 | Type:MDP
[Monitor_1] ID:122 Name:monitored | Src:1000 Tgt:0111 | Data(Hex):e8 Data(Dec):232 | Type:MDP
[Monitor_2] ID:123 Name:monitored | Src:1000 Tgt:0111 | Data(Hex):e8 Data(Dec):232 | Type:MDP
[Checker] Predicted Drop: Packet ID 124 is INVALID (Src:1000 Tgt:1011). Ignoring.
[Driver_3] ID:124 Name:pkt_3 | Src:1000 Tgt:1011 | Data(Hex):e5 Data(Dec):229 | Type:MDP
[Checker] Predicted Drop: Packet ID 125 is INVALID (Src:0001 Tgt:0000). Ignoring.
[Driver_0] ID:125 Name:pkt_0 | Src:0001 Tgt:0000 | Data(Hex):68 Data(Dec):104 | Type:ERR
[Driver_1] ID:126 Name:pkt_1 | Src:0010 Tgt:1111 | Data(Hex):53 Data(Dec):83 | Type:BDP
[Driver_2] ID:127 Name:pkt_2 | Src:0100 Tgt:0001 | Data(Hex):5a Data(Dec):90 | Type:SDP
[Checker] Predicted Drop: Packet ID 128 is INVALID (Src:1000 Tgt:1100). Ignoring.
[Driver_3] ID:128 Name:pkt_3 | Src:1000 Tgt:1100 | Data(Hex):67 Data(Dec):103 | Type:MDP
[Driver_2] ID:129 Name:pkt_2 | Src:0100 Tgt:1011 | Data(Hex):e0 Data(Dec):224 | Type:MDP
[Monitor_0] ID:130 Name:monitored | Src:0010 Tgt:1111 | Data(Hex):53 Data(Dec):83 | Type:BDP
[Monitor_1] ID:131 Name:monitored | Src:0010 Tgt:1111 | Data(Hex):53 Data(Dec):83 | Type:BDP
[Monitor_2] ID:132 Name:monitored | Src:0010 Tgt:1111 | Data(Hex):53 Data(Dec):83 | Type:BDP
[Monitor_3] ID:133 Name:monitored | Src:0010 Tgt:1111 | Data(Hex):53 Data(Dec):83 | Type:BDP
[Monitor_0] ID:134 Name:monitored | Src:0100 Tgt:0001 | Data(Hex):5a Data(Dec):90 | Type:SDP
[Checker] Predicted Drop: Packet ID 135 is INVALID (Src:0001 Tgt:0111). Ignoring.
[Driver_0] ID:135 Name:pkt_0 | Src:0001 Tgt:0111 | Data(Hex):2f Data(Dec):47 | Type:MDP
[Driver_3] ID:136 Name:pkt_3 | Src:1000 Tgt:1111 | Data(Hex):4b Data(Dec):75 | Type:BDP
[Monitor_0] ID:137 Name:monitored | Src:0100 Tgt:1011 | Data(Hex):e0 Data(Dec):224 | Type:MDP
[Monitor_1] ID:138 Name:monitored | Src:0100 Tgt:1011 | Data(Hex):e0 Data(Dec):224 | Type:MDP
[Monitor_3] ID:139 Name:monitored | Src:0100 Tgt:1011 | Data(Hex):e0 Data(Dec):224 | Type:MDP
[Checker] Predicted Drop: Packet ID 140 is INVALID (Src:0010 Tgt:0111). Ignoring.
[Driver_1] ID:140 Name:pkt_1 | Src:0010 Tgt:0111 | Data(Hex):2a Data(Dec):42 | Type:MDP
[Driver_2] ID:141 Name:pkt_2 | Src:0100 Tgt:0001 | Data(Hex):50 Data(Dec):80 | Type:SDP
[Monitor_0] ID:142 Name:monitored | Src:1000 Tgt:1111 | Data(Hex):4b Data(Dec):75 | Type:BDP
[Monitor_1] ID:143 Name:monitored | Src:1000 Tgt:1111 | Data(Hex):4b Data(Dec):75 | Type:BDP
[Monitor_2] ID:144 Name:monitored | Src:1000 Tgt:1111 | Data(Hex):4b Data(Dec):75 | Type:BDP
[Monitor_3] ID:145 Name:monitored | Src:1000 Tgt:1111 | Data(Hex):4b Data(Dec):75 | Type:BDP
[Driver_1] ID:146 Name:pkt_1 | Src:0010 Tgt:0100 | Data(Hex):cc Data(Dec):204 | Type:SDP
[Driver_0] ID:147 Name:pkt_0 | Src:0001 Tgt:0110 | Data(Hex):0e Data(Dec):14 | Type:MDP
[Monitor_0] ID:148 Name:monitored | Src:0100 Tgt:0001 | Data(Hex):50 Data(Dec):80 | Type:SDP
[Checker] Predicted Drop: Packet ID 149 is INVALID (Src:1000 Tgt:1110). Ignoring.
[Driver_3] ID:149 Name:pkt_3 | Src:1000 Tgt:1110 | Data(Hex):96 Data(Dec):150 | Type:MDP
[Driver_0] ID:150 Name:pkt_0 | Src:0001 Tgt:0010 | Data(Hex):70 Data(Dec):112 | Type:SDP
[Driver_1] ID:151 Name:pkt_1 | Src:0010 Tgt:0001 | Data(Hex):08 Data(Dec):8 | Type:SDP
[Checker] Predicted Drop: Packet ID 152 is INVALID (Src:1000 Tgt:1110). Ignoring.
[Driver_3] ID:152 Name:pkt_3 | Src:1000 Tgt:1110 | Data(Hex):b0 Data(Dec):176 | Type:MDP
[Monitor_1] ID:153 Name:monitored | Src:0001 Tgt:0110 | Data(Hex):0e Data(Dec):14 | Type:MDP
[Monitor_2] ID:154 Name:monitored | Src:0001 Tgt:0110 | Data(Hex):0e Data(Dec):14 | Type:MDP
[Checker] Predicted Drop: Packet ID 155 is INVALID (Src:0100 Tgt:0111). Ignoring.
[Driver_2] ID:155 Name:pkt_2 | Src:0100 Tgt:0111 | Data(Hex):44 Data(Dec):68 | Type:MDP
[Monitor_2] ID:156 Name:monitored | Src:0010 Tgt:0100 | Data(Hex):cc Data(Dec):204 | Type:SDP
[Checker] Predicted Drop: Packet ID 157 is INVALID (Src:1000 Tgt:1100). Ignoring.
[Driver_3] ID:157 Name:pkt_3 | Src:1000 Tgt:1100 | Data(Hex):ef Data(Dec):239 | Type:MDP
[Driver_2] ID:158 Name:pkt_2 | Src:0100 Tgt:1000 | Data(Hex):a5 Data(Dec):165 | Type:SDP
[Monitor_0] ID:159 Name:monitored | Src:0010 Tgt:0001 | Data(Hex):08 Data(Dec):8 | Type:SDP
[Monitor_1] ID:160 Name:monitored | Src:0001 Tgt:0010 | Data(Hex):70 Data(Dec):112 | Type:SDP
[Driver_0] ID:161 Name:pkt_0 | Src:0001 Tgt:1010 | Data(Hex):7d Data(Dec):125 | Type:MDP
[Checker] Predicted Drop: Packet ID 162 is INVALID (Src:1000 Tgt:1000). Ignoring.
[Driver_3] ID:162 Name:pkt_3 | Src:1000 Tgt:1000 | Data(Hex):00 Data(Dec):0 | Type:SDP
[Checker] Predicted Drop: Packet ID 163 is INVALID (Src:0010 Tgt:1011). Ignoring.
[Driver_1] ID:163 Name:pkt_1 | Src:0010 Tgt:1011 | Data(Hex):c0 Data(Dec):192 | Type:MDP
[Monitor_3] ID:164 Name:monitored | Src:0100 Tgt:1000 | Data(Hex):a5 Data(Dec):165 | Type:SDP
[Driver_0] ID:165 Name:pkt_0 | Src:0001 Tgt:1010 | Data(Hex):dd Data(Dec):221 | Type:MDP
[Monitor_1] ID:166 Name:monitored | Src:0001 Tgt:1010 | Data(Hex):7d Data(Dec):125 | Type:MDP
[Monitor_3] ID:167 Name:monitored | Src:0001 Tgt:1010 | Data(Hex):7d Data(Dec):125 | Type:MDP
[Checker] Predicted Drop: Packet ID 168 is INVALID (Src:0100 Tgt:0111). Ignoring.
[Driver_2] ID:168 Name:pkt_2 | Src:0100 Tgt:0111 | Data(Hex):21 Data(Dec):33 | Type:MDP
[Driver_3] ID:169 Name:pkt_3 | Src:1000 Tgt:0111 | Data(Hex):b6 Data(Dec):182 | Type:MDP
[Monitor_1] ID:170 Name:monitored | Src:0001 Tgt:1010 | Data(Hex):dd Data(Dec):221 | Type:MDP
[Monitor_3] ID:171 Name:monitored | Src:0001 Tgt:1010 | Data(Hex):dd Data(Dec):221 | Type:MDP
[Driver_1] ID:172 Name:pkt_1 | Src:0010 Tgt:1101 | Data(Hex):5a Data(Dec):90 | Type:MDP
[Checker] Predicted Drop: Packet ID 173 is INVALID (Src:0100 Tgt:0110). Ignoring.
[Driver_2] ID:173 Name:pkt_2 | Src:0100 Tgt:0110 | Data(Hex):45 Data(Dec):69 | Type:MDP
[Monitor_0] ID:174 Name:monitored | Src:1000 Tgt:0111 | Data(Hex):b6 Data(Dec):182 | Type:MDP
[Monitor_1] ID:175 Name:monitored | Src:1000 Tgt:0111 | Data(Hex):b6 Data(Dec):182 | Type:MDP
[Monitor_2] ID:176 Name:monitored | Src:1000 Tgt:0111 | Data(Hex):b6 Data(Dec):182 | Type:MDP
[Checker] Predicted Drop: Packet ID 177 is INVALID (Src:0001 Tgt:0001). Ignoring.
[Driver_0] ID:177 Name:pkt_0 | Src:0001 Tgt:0001 | Data(Hex):10 Data(Dec):16 | Type:SDP
[Driver_3] ID:178 Name:pkt_3 | Src:1000 Tgt:0011 | Data(Hex):a8 Data(Dec):168 | Type:MDP
[Monitor_0] ID:179 Name:monitored | Src:0010 Tgt:1101 | Data(Hex):5a Data(Dec):90 | Type:MDP
[Monitor_2] ID:180 Name:monitored | Src:0010 Tgt:1101 | Data(Hex):5a Data(Dec):90 | Type:MDP
[Monitor_3] ID:181 Name:monitored | Src:0010 Tgt:1101 | Data(Hex):5a Data(Dec):90 | Type:MDP
[Driver_2] ID:182 Name:pkt_2 | Src:0100 Tgt:1111 | Data(Hex):ef Data(Dec):239 | Type:BDP
[Checker] Predicted Drop: Packet ID 183 is INVALID (Src:0001 Tgt:1011). Ignoring.
[Driver_0] ID:183 Name:pkt_0 | Src:0001 Tgt:1011 | Data(Hex):c1 Data(Dec):193 | Type:MDP
[Driver_1] ID:184 Name:pkt_1 | Src:0010 Tgt:0101 | Data(Hex):e0 Data(Dec):224 | Type:MDP
[Monitor_0] ID:185 Name:monitored | Src:1000 Tgt:0011 | Data(Hex):a8 Data(Dec):168 | Type:MDP
[Monitor_1] ID:186 Name:monitored | Src:1000 Tgt:0011 | Data(Hex):a8 Data(Dec):168 | Type:MDP
[Driver_2] ID:187 Name:pkt_2 | Src:0100 Tgt:1001 | Data(Hex):d5 Data(Dec):213 | Type:MDP
[Monitor_0] ID:188 Name:monitored | Src:0100 Tgt:1111 | Data(Hex):ef Data(Dec):239 | Type:BDP
[Monitor_1] ID:189 Name:monitored | Src:0100 Tgt:1111 | Data(Hex):ef Data(Dec):239 | Type:BDP
[Monitor_2] ID:190 Name:monitored | Src:0100 Tgt:1111 | Data(Hex):ef Data(Dec):239 | Type:BDP
[Monitor_3] ID:191 Name:monitored | Src:0100 Tgt:1111 | Data(Hex):ef Data(Dec):239 | Type:BDP
[Driver_1] ID:192 Name:pkt_1 | Src:0010 Tgt:1000 | Data(Hex):e6 Data(Dec):230 | Type:SDP
[Monitor_0] ID:193 Name:monitored | Src:0010 Tgt:0101 | Data(Hex):e0 Data(Dec):224 | Type:MDP
[Monitor_2] ID:194 Name:monitored | Src:0010 Tgt:0101 | Data(Hex):e0 Data(Dec):224 | Type:MDP
[Checker] Predicted Drop: Packet ID 195 is INVALID (Src:0100 Tgt:1101). Ignoring.
[Driver_2] ID:195 Name:pkt_2 | Src:0100 Tgt:1101 | Data(Hex):7d Data(Dec):125 | Type:MDP
[Checker] Predicted Drop: Packet ID 196 is INVALID (Src:1000 Tgt:1001). Ignoring.
[Driver_3] ID:196 Name:pkt_3 | Src:1000 Tgt:1001 | Data(Hex):d7 Data(Dec):215 | Type:MDP
[Monitor_0] ID:197 Name:monitored | Src:0100 Tgt:1001 | Data(Hex):d5 Data(Dec):213 | Type:MDP
[Monitor_3] ID:198 Name:monitored | Src:0100 Tgt:1001 | Data(Hex):d5 Data(Dec):213 | Type:MDP
[Monitor_3] ID:199 Name:monitored | Src:0010 Tgt:1000 | Data(Hex):e6 Data(Dec):230 | Type:SDP
[Checker] Predicted Drop: Packet ID 200 is INVALID (Src:0100 Tgt:0000). Ignoring.
[Driver_2] ID:200 Name:pkt_2 | Src:0100 Tgt:0000 | Data(Hex):fc Data(Dec):252 | Type:ERR
[Driver_0] ID:201 Name:pkt_0 | Src:0001 Tgt:0100 | Data(Hex):59 Data(Dec):89 | Type:SDP
[Checker] Predicted Drop: Packet ID 202 is INVALID (Src:1000 Tgt:1000). Ignoring.
[Driver_3] ID:202 Name:pkt_3 | Src:1000 Tgt:1000 | Data(Hex):ac Data(Dec):172 | Type:SDP
[Driver_1] ID:203 Name:pkt_1 | Src:0010 Tgt:1101 | Data(Hex):ef Data(Dec):239 | Type:MDP
[Monitor_2] ID:204 Name:monitored | Src:0001 Tgt:0100 | Data(Hex):59 Data(Dec):89 | Type:SDP
[Driver_0] ID:205 Name:pkt_0 | Src:0001 Tgt:1110 | Data(Hex):e9 Data(Dec):233 | Type:MDP
[Driver_2] ID:206 Name:pkt_2 | Src:0100 Tgt:0001 | Data(Hex):a3 Data(Dec):163 | Type:SDP
[Monitor_0] ID:207 Name:monitored | Src:0010 Tgt:1101 | Data(Hex):ef Data(Dec):239 | Type:MDP
[Monitor_2] ID:208 Name:monitored | Src:0010 Tgt:1101 | Data(Hex):ef Data(Dec):239 | Type:MDP
[Monitor_3] ID:209 Name:monitored | Src:0010 Tgt:1101 | Data(Hex):ef Data(Dec):239 | Type:MDP
[Monitor_1] ID:210 Name:monitored | Src:0001 Tgt:1110 | Data(Hex):e9 Data(Dec):233 | Type:MDP
[Monitor_2] ID:211 Name:monitored | Src:0001 Tgt:1110 | Data(Hex):e9 Data(Dec):233 | Type:MDP
[Monitor_3] ID:212 Name:monitored | Src:0001 Tgt:1110 | Data(Hex):e9 Data(Dec):233 | Type:MDP
[Monitor_0] ID:213 Name:monitored | Src:0100 Tgt:0001 | Data(Hex):a3 Data(Dec):163 | Type:SDP
[Driver_3] ID:214 Name:pkt_3 | Src:1000 Tgt:1111 | Data(Hex):0f Data(Dec):15 | Type:BDP
[Checker] Predicted Drop: Packet ID 215 is INVALID (Src:0001 Tgt:0001). Ignoring.
[Driver_0] ID:215 Name:pkt_0 | Src:0001 Tgt:0001 | Data(Hex):be Data(Dec):190 | Type:SDP
[Driver_1] ID:216 Name:pkt_1 | Src:0010 Tgt:1000 | Data(Hex):ab Data(Dec):171 | Type:SDP
[Driver_3] ID:217 Name:pkt_3 | Src:1000 Tgt:0111 | Data(Hex):30 Data(Dec):48 | Type:MDP
[Monitor_0] ID:218 Name:monitored | Src:1000 Tgt:1111 | Data(Hex):0f Data(Dec):15 | Type:BDP
[Monitor_1] ID:219 Name:monitored | Src:1000 Tgt:1111 | Data(Hex):0f Data(Dec):15 | Type:BDP
[Monitor_2] ID:220 Name:monitored | Src:1000 Tgt:1111 | Data(Hex):0f Data(Dec):15 | Type:BDP
[Monitor_3] ID:221 Name:monitored | Src:1000 Tgt:1111 | Data(Hex):0f Data(Dec):15 | Type:BDP
[Driver_0] ID:222 Name:pkt_0 | Src:0001 Tgt:0110 | Data(Hex):2c Data(Dec):44 | Type:MDP
[Checker] Predicted Drop: Packet ID 223 is INVALID (Src:0100 Tgt:0100). Ignoring.
[Driver_2] ID:223 Name:pkt_2 | Src:0100 Tgt:0100 | Data(Hex):7c Data(Dec):124 | Type:SDP
[Monitor_3] ID:224 Name:monitored | Src:0010 Tgt:1000 | Data(Hex):ab Data(Dec):171 | Type:SDP
[Driver_1] ID:225 Name:pkt_1 | Src:0010 Tgt:0101 | Data(Hex):74 Data(Dec):116 | Type:MDP
[Driver_0] ID:226 Name:pkt_0 | Src:0001 Tgt:1100 | Data(Hex):b9 Data(Dec):185 | Type:MDP
[Monitor_0] ID:227 Name:monitored | Src:1000 Tgt:0111 | Data(Hex):30 Data(Dec):48 | Type:MDP
[Monitor_1] ID:228 Name:monitored | Src:1000 Tgt:0111 | Data(Hex):30 Data(Dec):48 | Type:MDP
[Monitor_2] ID:229 Name:monitored | Src:1000 Tgt:0111 | Data(Hex):30 Data(Dec):48 | Type:MDP
[Monitor_1] ID:230 Name:monitored | Src:0001 Tgt:0110 | Data(Hex):2c Data(Dec):44 | Type:MDP
[Monitor_2] ID:231 Name:monitored | Src:0001 Tgt:0110 | Data(Hex):2c Data(Dec):44 | Type:MDP
[Driver_3] ID:232 Name:pkt_3 | Src:1000 Tgt:0001 | Data(Hex):c7 Data(Dec):199 | Type:SDP
[Checker] Predicted Drop: Packet ID 233 is INVALID (Src:0001 Tgt:0101). Ignoring.
[Driver_0] ID:233 Name:pkt_0 | Src:0001 Tgt:0101 | Data(Hex):f1 Data(Dec):241 | Type:MDP
[Monitor_2] ID:234 Name:monitored | Src:0001 Tgt:1100 | Data(Hex):b9 Data(Dec):185 | Type:MDP
[Monitor_3] ID:235 Name:monitored | Src:0001 Tgt:1100 | Data(Hex):b9 Data(Dec):185 | Type:MDP
[Checker] Predicted Drop: Packet ID 236 is INVALID (Src:0100 Tgt:0101). Ignoring.
[Driver_2] ID:236 Name:pkt_2 | Src:0100 Tgt:0101 | Data(Hex):e4 Data(Dec):228 | Type:MDP
[Monitor_0] ID:237 Name:monitored | Src:0010 Tgt:0101 | Data(Hex):74 Data(Dec):116 | Type:MDP
[Monitor_2] ID:238 Name:monitored | Src:0010 Tgt:0101 | Data(Hex):74 Data(Dec):116 | Type:MDP
[Checker] Predicted Drop: Packet ID 239 is INVALID (Src:0010 Tgt:0010). Ignoring.
[Driver_1] ID:239 Name:pkt_1 | Src:0010 Tgt:0010 | Data(Hex):3e Data(Dec):62 | Type:SDP
[Checker] Predicted Drop: Packet ID 240 is INVALID (Src:0001 Tgt:1001). Ignoring.
[Driver_0] ID:240 Name:pkt_0 | Src:0001 Tgt:1001 | Data(Hex):80 Data(Dec):128 | Type:MDP
[Driver_3] ID:241 Name:pkt_3 | Src:1000 Tgt:0010 | Data(Hex):ea Data(Dec):234 | Type:SDP
[Monitor_0] ID:242 Name:monitored | Src:1000 Tgt:0001 | Data(Hex):c7 Data(Dec):199 | Type:SDP
[Checker] Predicted Drop: Packet ID 243 is INVALID (Src:0010 Tgt:0011). Ignoring.
[Driver_1] ID:243 Name:pkt_1 | Src:0010 Tgt:0011 | Data(Hex):70 Data(Dec):112 | Type:MDP
[Monitor_1] ID:244 Name:monitored | Src:1000 Tgt:0010 | Data(Hex):ea Data(Dec):234 | Type:SDP
[Driver_0] ID:245 Name:pkt_0 | Src:0001 Tgt:0100 | Data(Hex):54 Data(Dec):84 | Type:SDP
[Driver_2] ID:246 Name:pkt_2 | Src:0100 Tgt:0011 | Data(Hex):d5 Data(Dec):213 | Type:MDP
[Checker] Predicted Drop: Packet ID 247 is INVALID (Src:1000 Tgt:1110). Ignoring.
[Driver_3] ID:247 Name:pkt_3 | Src:1000 Tgt:1110 | Data(Hex):1f Data(Dec):31 | Type:MDP
[Monitor_0] ID:248 Name:monitored | Src:0100 Tgt:0011 | Data(Hex):d5 Data(Dec):213 | Type:MDP
[Monitor_1] ID:249 Name:monitored | Src:0100 Tgt:0011 | Data(Hex):d5 Data(Dec):213 | Type:MDP
[Monitor_2] ID:250 Name:monitored | Src:0001 Tgt:0100 | Data(Hex):54 Data(Dec):84 | Type:SDP
[Driver_1] ID:251 Name:pkt_1 | Src:0010 Tgt:1000 | Data(Hex):db Data(Dec):219 | Type:SDP
[Checker] Predicted Drop: Packet ID 252 is INVALID (Src:0001 Tgt:1011). Ignoring.
[Driver_0] ID:252 Name:pkt_0 | Src:0001 Tgt:1011 | Data(Hex):22 Data(Dec):34 | Type:MDP
[Checker] Predicted Drop: Packet ID 253 is INVALID (Src:0100 Tgt:0100). Ignoring.
[Driver_2] ID:253 Name:pkt_2 | Src:0100 Tgt:0100 | Data(Hex):b6 Data(Dec):182 | Type:SDP
[Monitor_3] ID:254 Name:monitored | Src:0010 Tgt:1000 | Data(Hex):db Data(Dec):219 | Type:SDP
[Driver_3] ID:255 Name:pkt_3 | Src:1000 Tgt:0111 | Data(Hex):0d Data(Dec):13 | Type:MDP
[Driver_1] ID:256 Name:pkt_1 | Src:0010 Tgt:1111 | Data(Hex):0c Data(Dec):12 | Type:BDP
[Driver_0] ID:257 Name:pkt_0 | Src:0001 Tgt:1000 | Data(Hex):4b Data(Dec):75 | Type:SDP
[Monitor_0] ID:258 Name:monitored | Src:1000 Tgt:0111 | Data(Hex):0d Data(Dec):13 | Type:MDP
[Monitor_1] ID:259 Name:monitored | Src:1000 Tgt:0111 | Data(Hex):0d Data(Dec):13 | Type:MDP
[Monitor_2] ID:260 Name:monitored | Src:1000 Tgt:0111 | Data(Hex):0d Data(Dec):13 | Type:MDP
[Driver_2] ID:261 Name:pkt_2 | Src:0100 Tgt:1000 | Data(Hex):b5 Data(Dec):181 | Type:SDP
[Driver_3] ID:262 Name:pkt_3 | Src:1000 Tgt:0110 | Data(Hex):27 Data(Dec):39 | Type:MDP
[Monitor_3] ID:263 Name:monitored | Src:0001 Tgt:1000 | Data(Hex):4b Data(Dec):75 | Type:SDP
[Monitor_0] ID:264 Name:monitored | Src:0010 Tgt:1111 | Data(Hex):0c Data(Dec):12 | Type:BDP
[Monitor_1] ID:265 Name:monitored | Src:0010 Tgt:1111 | Data(Hex):0c Data(Dec):12 | Type:BDP
[Monitor_2] ID:266 Name:monitored | Src:0010 Tgt:1111 | Data(Hex):0c Data(Dec):12 | Type:BDP
[Monitor_3] ID:267 Name:monitored | Src:0010 Tgt:1111 | Data(Hex):0c Data(Dec):12 | Type:BDP
[Driver_1] ID:268 Name:pkt_1 | Src:0010 Tgt:1101 | Data(Hex):59 Data(Dec):89 | Type:MDP
[Monitor_3] ID:269 Name:monitored | Src:0100 Tgt:1000 | Data(Hex):b5 Data(Dec):181 | Type:SDP
[Monitor_1] ID:270 Name:monitored | Src:1000 Tgt:0110 | Data(Hex):27 Data(Dec):39 | Type:MDP
[Monitor_2] ID:271 Name:monitored | Src:1000 Tgt:0110 | Data(Hex):27 Data(Dec):39 | Type:MDP
[Checker] Predicted Drop: Packet ID 272 is INVALID (Src:0001 Tgt:0101). Ignoring.
[Driver_0] ID:272 Name:pkt_0 | Src:0001 Tgt:0101 | Data(Hex):c3 Data(Dec):195 | Type:MDP
[Driver_2] ID:273 Name:pkt_2 | Src:0100 Tgt:0001 | Data(Hex):45 Data(Dec):69 | Type:SDP
[Monitor_0] ID:274 Name:monitored | Src:0010 Tgt:1101 | Data(Hex):59 Data(Dec):89 | Type:MDP
[Monitor_2] ID:275 Name:monitored | Src:0010 Tgt:1101 | Data(Hex):59 Data(Dec):89 | Type:MDP
[Monitor_3] ID:276 Name:monitored | Src:0010 Tgt:1101 | Data(Hex):59 Data(Dec):89 | Type:MDP
[Driver_1] ID:277 Name:pkt_1 | Src:0010 Tgt:1101 | Data(Hex):13 Data(Dec):19 | Type:MDP
[Driver_3] ID:278 Name:pkt_3 | Src:1000 Tgt:0001 | Data(Hex):b8 Data(Dec):184 | Type:SDP
[Checker] Predicted Drop: Packet ID 279 is INVALID (Src:0100 Tgt:0000). Ignoring.
[Driver_2] ID:279 Name:pkt_2 | Src:0100 Tgt:0000 | Data(Hex):dd Data(Dec):221 | Type:ERR
[Monitor_0] ID:280 Name:monitored | Src:0100 Tgt:0001 | Data(Hex):45 Data(Dec):69 | Type:SDP
[Driver_0] ID:281 Name:pkt_0 | Src:0001 Tgt:0010 | Data(Hex):92 Data(Dec):146 | Type:SDP
[Monitor_0] ID:282 Name:monitored | Src:0010 Tgt:1101 | Data(Hex):13 Data(Dec):19 | Type:MDP
[Monitor_2] ID:283 Name:monitored | Src:0010 Tgt:1101 | Data(Hex):13 Data(Dec):19 | Type:MDP
[Monitor_3] ID:284 Name:monitored | Src:0010 Tgt:1101 | Data(Hex):13 Data(Dec):19 | Type:MDP
[Monitor_0] ID:285 Name:monitored | Src:1000 Tgt:0001 | Data(Hex):b8 Data(Dec):184 | Type:SDP
[Checker] Predicted Drop: Packet ID 286 is INVALID (Src:0010 Tgt:0111). Ignoring.
[Driver_1] ID:286 Name:pkt_1 | Src:0010 Tgt:0111 | Data(Hex):0c Data(Dec):12 | Type:MDP
[Monitor_1] ID:287 Name:monitored | Src:0001 Tgt:0010 | Data(Hex):92 Data(Dec):146 | Type:SDP
[Driver_0] ID:288 Name:pkt_0 | Src:0001 Tgt:1100 | Data(Hex):d6 Data(Dec):214 | Type:MDP
[Checker] Predicted Drop: Packet ID 289 is INVALID (Src:1000 Tgt:1001). Ignoring.
[Driver_3] ID:289 Name:pkt_3 | Src:1000 Tgt:1001 | Data(Hex):1b Data(Dec):27 | Type:MDP
[Driver_2] ID:290 Name:pkt_2 | Src:0100 Tgt:0010 | Data(Hex):81 Data(Dec):129 | Type:SDP
[Checker] Predicted Drop: Packet ID 291 is INVALID (Src:0001 Tgt:1011). Ignoring.
[Driver_0] ID:291 Name:pkt_0 | Src:0001 Tgt:1011 | Data(Hex):35 Data(Dec):53 | Type:MDP
[Monitor_2] ID:292 Name:monitored | Src:0001 Tgt:1100 | Data(Hex):d6 Data(Dec):214 | Type:MDP
[Monitor_3] ID:293 Name:monitored | Src:0001 Tgt:1100 | Data(Hex):d6 Data(Dec):214 | Type:MDP
[Driver_1] ID:294 Name:pkt_1 | Src:0010 Tgt:1000 | Data(Hex):46 Data(Dec):70 | Type:SDP
[Checker] Predicted Drop: Packet ID 295 is INVALID (Src:1000 Tgt:1100). Ignoring.
[Driver_3] ID:295 Name:pkt_3 | Src:1000 Tgt:1100 | Data(Hex):30 Data(Dec):48 | Type:MDP
[Monitor_1] ID:296 Name:monitored | Src:0100 Tgt:0010 | Data(Hex):81 Data(Dec):129 | Type:SDP
[Monitor_3] ID:297 Name:monitored | Src:0010 Tgt:1000 | Data(Hex):46 Data(Dec):70 | Type:SDP
[Checker] Predicted Drop: Packet ID 298 is INVALID (Src:0001 Tgt:1001). Ignoring.
[Driver_0] ID:298 Name:pkt_0 | Src:0001 Tgt:1001 | Data(Hex):c7 Data(Dec):199 | Type:MDP
[Checker] Predicted Drop: Packet ID 299 is INVALID (Src:0010 Tgt:0011). Ignoring.
[Driver_1] ID:299 Name:pkt_1 | Src:0010 Tgt:0011 | Data(Hex):b4 Data(Dec):180 | Type:MDP
[Driver_2] ID:300 Name:pkt_2 | Src:0100 Tgt:1011 | Data(Hex):19 Data(Dec):25 | Type:MDP
[Driver_3] ID:301 Name:pkt_3 | Src:1000 Tgt:0111 | Data(Hex):12 Data(Dec):18 | Type:MDP
[Driver_1] ID:302 Name:pkt_1 | Src:0010 Tgt:1111 | Data(Hex):ab Data(Dec):171 | Type:BDP
[Monitor_0] ID:303 Name:monitored | Src:0100 Tgt:1011 | Data(Hex):19 Data(Dec):25 | Type:MDP
[Monitor_1] ID:304 Name:monitored | Src:0100 Tgt:1011 | Data(Hex):19 Data(Dec):25 | Type:MDP
[Monitor_3] ID:305 Name:monitored | Src:0100 Tgt:1011 | Data(Hex):19 Data(Dec):25 | Type:MDP
[Monitor_0] ID:306 Name:monitored | Src:1000 Tgt:0111 | Data(Hex):12 Data(Dec):18 | Type:MDP
[Monitor_1] ID:307 Name:monitored | Src:1000 Tgt:0111 | Data(Hex):12 Data(Dec):18 | Type:MDP
[Monitor_2] ID:308 Name:monitored | Src:1000 Tgt:0111 | Data(Hex):12 Data(Dec):18 | Type:MDP
[Driver_0] ID:309 Name:pkt_0 | Src:0001 Tgt:1110 | Data(Hex):8f Data(Dec):143 | Type:MDP
[Driver_2] ID:310 Name:pkt_2 | Src:0100 Tgt:1111 | Data(Hex):3f Data(Dec):63 | Type:BDP
[Monitor_0] ID:311 Name:monitored | Src:0010 Tgt:1111 | Data(Hex):ab Data(Dec):171 | Type:BDP
[Monitor_1] ID:312 Name:monitored | Src:0010 Tgt:1111 | Data(Hex):ab Data(Dec):171 | Type:BDP
[Monitor_2] ID:313 Name:monitored | Src:0010 Tgt:1111 | Data(Hex):ab Data(Dec):171 | Type:BDP
[Monitor_3] ID:314 Name:monitored | Src:0010 Tgt:1111 | Data(Hex):ab Data(Dec):171 | Type:BDP
[Checker] Predicted Drop: Packet ID 315 is INVALID (Src:0010 Tgt:0111). Ignoring.
[Driver_1] ID:315 Name:pkt_1 | Src:0010 Tgt:0111 | Data(Hex):f9 Data(Dec):249 | Type:MDP
[Monitor_1] ID:316 Name:monitored | Src:0001 Tgt:1110 | Data(Hex):8f Data(Dec):143 | Type:MDP
[Monitor_2] ID:317 Name:monitored | Src:0001 Tgt:1110 | Data(Hex):8f Data(Dec):143 | Type:MDP
[Monitor_3] ID:318 Name:monitored | Src:0001 Tgt:1110 | Data(Hex):8f Data(Dec):143 | Type:MDP
[Driver_0] ID:319 Name:pkt_0 | Src:0001 Tgt:1010 | Data(Hex):7c Data(Dec):124 | Type:MDP
[Driver_3] ID:320 Name:pkt_3 | Src:1000 Tgt:0110 | Data(Hex):1f Data(Dec):31 | Type:MDP
[Monitor_0] ID:321 Name:monitored | Src:0100 Tgt:1111 | Data(Hex):3f Data(Dec):63 | Type:BDP
[Monitor_1] ID:322 Name:monitored | Src:0100 Tgt:1111 | Data(Hex):3f Data(Dec):63 | Type:BDP
[Monitor_2] ID:323 Name:monitored | Src:0100 Tgt:1111 | Data(Hex):3f Data(Dec):63 | Type:BDP
[Monitor_3] ID:324 Name:monitored | Src:0100 Tgt:1111 | Data(Hex):3f Data(Dec):63 | Type:BDP
[Monitor_1] ID:325 Name:monitored | Src:0001 Tgt:1010 | Data(Hex):7c Data(Dec):124 | Type:MDP
[Monitor_3] ID:326 Name:monitored | Src:0001 Tgt:1010 | Data(Hex):7c Data(Dec):124 | Type:MDP
[Checker] Predicted Drop: Packet ID 327 is INVALID (Src:0100 Tgt:0111). Ignoring.
[Driver_2] ID:327 Name:pkt_2 | Src:0100 Tgt:0111 | Data(Hex):2d Data(Dec):45 | Type:MDP
[Monitor_1] ID:328 Name:monitored | Src:1000 Tgt:0110 | Data(Hex):1f Data(Dec):31 | Type:MDP
[Monitor_2] ID:329 Name:monitored | Src:1000 Tgt:0110 | Data(Hex):1f Data(Dec):31 | Type:MDP
[Checker] Predicted Drop: Packet ID 330 is INVALID (Src:0001 Tgt:0011). Ignoring.
[Driver_0] ID:330 Name:pkt_0 | Src:0001 Tgt:0011 | Data(Hex):47 Data(Dec):71 | Type:MDP
[Checker] Predicted Drop: Packet ID 331 is INVALID (Src:1000 Tgt:1000). Ignoring.
[Driver_3] ID:331 Name:pkt_3 | Src:1000 Tgt:1000 | Data(Hex):f2 Data(Dec):242 | Type:SDP
[Driver_1] ID:332 Name:pkt_1 | Src:0010 Tgt:0001 | Data(Hex):e4 Data(Dec):228 | Type:SDP
[Driver_0] ID:333 Name:pkt_0 | Src:0001 Tgt:1110 | Data(Hex):da Data(Dec):218 | Type:MDP
[Monitor_0] ID:334 Name:monitored | Src:0010 Tgt:0001 | Data(Hex):e4 Data(Dec):228 | Type:SDP
[Driver_1] ID:335 Name:pkt_1 | Src:0010 Tgt:0100 | Data(Hex):57 Data(Dec):87 | Type:SDP
[Driver_2] ID:336 Name:pkt_2 | Src:0100 Tgt:1001 | Data(Hex):26 Data(Dec):38 | Type:MDP
[Driver_3] ID:337 Name:pkt_3 | Src:1000 Tgt:0100 | Data(Hex):4b Data(Dec):75 | Type:SDP
[Monitor_1] ID:338 Name:monitored | Src:0001 Tgt:1110 | Data(Hex):da Data(Dec):218 | Type:MDP
[Monitor_2] ID:339 Name:monitored | Src:0001 Tgt:1110 | Data(Hex):da Data(Dec):218 | Type:MDP
[Monitor_3] ID:340 Name:monitored | Src:0001 Tgt:1110 | Data(Hex):da Data(Dec):218 | Type:MDP
[Checker] Predicted Drop: Packet ID 341 is INVALID (Src:0010 Tgt:0011). Ignoring.
[Driver_1] ID:341 Name:pkt_1 | Src:0010 Tgt:0011 | Data(Hex):b0 Data(Dec):176 | Type:MDP
[Monitor_0] ID:342 Name:monitored | Src:0100 Tgt:1001 | Data(Hex):26 Data(Dec):38 | Type:MDP
[Monitor_2] ID:343 Name:monitored | Src:0010 Tgt:0100 | Data(Hex):57 Data(Dec):87 | Type:SDP
[Monitor_3] ID:344 Name:monitored | Src:0100 Tgt:1001 | Data(Hex):26 Data(Dec):38 | Type:MDP
[Monitor_2] ID:345 Name:monitored | Src:1000 Tgt:0100 | Data(Hex):4b Data(Dec):75 | Type:SDP
[Checker] Predicted Drop: Packet ID 346 is INVALID (Src:0100 Tgt:0101). Ignoring.
[Driver_2] ID:346 Name:pkt_2 | Src:0100 Tgt:0101 | Data(Hex):37 Data(Dec):55 | Type:MDP
[Checker] Predicted Drop: Packet ID 347 is INVALID (Src:0001 Tgt:1101). Ignoring.
[Driver_0] ID:347 Name:pkt_0 | Src:0001 Tgt:1101 | Data(Hex):b6 Data(Dec):182 | Type:MDP
[Driver_1] ID:348 Name:pkt_1 | Src:0010 Tgt:1001 | Data(Hex):26 Data(Dec):38 | Type:MDP
[Driver_3] ID:349 Name:pkt_3 | Src:1000 Tgt:0001 | Data(Hex):90 Data(Dec):144 | Type:SDP
[Checker] Predicted Drop: Packet ID 350 is INVALID (Src:0100 Tgt:0000). Ignoring.
[Driver_2] ID:350 Name:pkt_2 | Src:0100 Tgt:0000 | Data(Hex):45 Data(Dec):69 | Type:ERR
[Monitor_0] ID:351 Name:monitored | Src:0010 Tgt:1001 | Data(Hex):26 Data(Dec):38 | Type:MDP
[Monitor_3] ID:352 Name:monitored | Src:0010 Tgt:1001 | Data(Hex):26 Data(Dec):38 | Type:MDP
[Monitor_0] ID:353 Name:monitored | Src:1000 Tgt:0001 | Data(Hex):90 Data(Dec):144 | Type:SDP
[Checker] Predicted Drop: Packet ID 354 is INVALID (Src:0001 Tgt:0011). Ignoring.
[Driver_0] ID:354 Name:pkt_0 | Src:0001 Tgt:0011 | Data(Hex):24 Data(Dec):36 | Type:MDP
[Checker] Predicted Drop: Packet ID 355 is INVALID (Src:1000 Tgt:1000). Ignoring.
[Driver_3] ID:355 Name:pkt_3 | Src:1000 Tgt:1000 | Data(Hex):99 Data(Dec):153 | Type:SDP
[Checker] Predicted Drop: Packet ID 356 is INVALID (Src:0010 Tgt:0111). Ignoring.
[Driver_1] ID:356 Name:pkt_1 | Src:0010 Tgt:0111 | Data(Hex):ed Data(Dec):237 | Type:MDP
[Checker] Predicted Drop: Packet ID 357 is INVALID (Src:0100 Tgt:0110). Ignoring.
[Driver_2] ID:357 Name:pkt_2 | Src:0100 Tgt:0110 | Data(Hex):17 Data(Dec):23 | Type:MDP
[Driver_3] ID:358 Name:pkt_3 | Src:1000 Tgt:0100 | Data(Hex):5a Data(Dec):90 | Type:SDP
[Checker] Predicted Drop: Packet ID 359 is INVALID (Src:0100 Tgt:1110). Ignoring.
[Driver_2] ID:359 Name:pkt_2 | Src:0100 Tgt:1110 | Data(Hex):90 Data(Dec):144 | Type:MDP
[Checker] Predicted Drop: Packet ID 360 is INVALID (Src:0001 Tgt:0111). Ignoring.
[Driver_0] ID:360 Name:pkt_0 | Src:0001 Tgt:0111 | Data(Hex):65 Data(Dec):101 | Type:MDP
[Driver_1] ID:361 Name:pkt_1 | Src:0010 Tgt:0001 | Data(Hex):74 Data(Dec):116 | Type:SDP
[Driver_3] ID:362 Name:pkt_3 | Src:1000 Tgt:0111 | Data(Hex):b9 Data(Dec):185 | Type:MDP
[Monitor_2] ID:363 Name:monitored | Src:1000 Tgt:0100 | Data(Hex):5a Data(Dec):90 | Type:SDP
[Driver_1] ID:364 Name:pkt_1 | Src:0010 Tgt:1100 | Data(Hex):61 Data(Dec):97 | Type:MDP
[Monitor_0] ID:365 Name:monitored | Src:0010 Tgt:0001 | Data(Hex):74 Data(Dec):116 | Type:SDP
[Checker] Predicted Drop: Packet ID 366 is INVALID (Src:0100 Tgt:0101). Ignoring.
[Driver_2] ID:366 Name:pkt_2 | Src:0100 Tgt:0101 | Data(Hex):ae Data(Dec):174 | Type:MDP
[Checker] Predicted Drop: Packet ID 367 is INVALID (Src:0001 Tgt:0000). Ignoring.
[Driver_0] ID:367 Name:pkt_0 | Src:0001 Tgt:0000 | Data(Hex):69 Data(Dec):105 | Type:ERR
[Monitor_0] ID:368 Name:monitored | Src:1000 Tgt:0111 | Data(Hex):b9 Data(Dec):185 | Type:MDP
[Monitor_1] ID:369 Name:monitored | Src:1000 Tgt:0111 | Data(Hex):b9 Data(Dec):185 | Type:MDP
[Monitor_2] ID:370 Name:monitored | Src:1000 Tgt:0111 | Data(Hex):b9 Data(Dec):185 | Type:MDP
[Monitor_2] ID:371 Name:monitored | Src:0010 Tgt:1100 | Data(Hex):61 Data(Dec):97 | Type:MDP
[Monitor_3] ID:372 Name:monitored | Src:0010 Tgt:1100 | Data(Hex):61 Data(Dec):97 | Type:MDP
[Checker] Predicted Drop: Packet ID 373 is INVALID (Src:1000 Tgt:1110). Ignoring.
[Driver_3] ID:373 Name:pkt_3 | Src:1000 Tgt:1110 | Data(Hex):93 Data(Dec):147 | Type:MDP
[Checker] Predicted Drop: Packet ID 374 is INVALID (Src:0010 Tgt:1011). Ignoring.
[Driver_1] ID:374 Name:pkt_1 | Src:0010 Tgt:1011 | Data(Hex):41 Data(Dec):65 | Type:MDP
[Checker] Predicted Drop: Packet ID 375 is INVALID (Src:0010 Tgt:0011). Ignoring.
[Driver_1] ID:375 Name:pkt_1 | Src:0010 Tgt:0011 | Data(Hex):f9 Data(Dec):249 | Type:MDP
[Checker] Predicted Drop: Packet ID 376 is INVALID (Src:0100 Tgt:1101). Ignoring.
[Driver_2] ID:376 Name:pkt_2 | Src:0100 Tgt:1101 | Data(Hex):1d Data(Dec):29 | Type:MDP
[Checker] Predicted Drop: Packet ID 377 is INVALID (Src:0001 Tgt:1011). Ignoring.
[Driver_0] ID:377 Name:pkt_0 | Src:0001 Tgt:1011 | Data(Hex):58 Data(Dec):88 | Type:MDP
[Checker] Predicted Drop: Packet ID 378 is INVALID (Src:1000 Tgt:1001). Ignoring.
[Driver_3] ID:378 Name:pkt_3 | Src:1000 Tgt:1001 | Data(Hex):06 Data(Dec):6 | Type:MDP
[Checker] Predicted Drop: Packet ID 379 is INVALID (Src:0010 Tgt:0010). Ignoring.
[Driver_1] ID:379 Name:pkt_1 | Src:0010 Tgt:0010 | Data(Hex):f8 Data(Dec):248 | Type:SDP
[Driver_0] ID:380 Name:pkt_0 | Src:0001 Tgt:1000 | Data(Hex):00 Data(Dec):0 | Type:SDP
[Driver_1] ID:381 Name:pkt_1 | Src:0010 Tgt:0100 | Data(Hex):bc Data(Dec):188 | Type:SDP
[Driver_2] ID:382 Name:pkt_2 | Src:0100 Tgt:1010 | Data(Hex):70 Data(Dec):112 | Type:MDP
[Monitor_3] ID:383 Name:monitored | Src:0001 Tgt:1000 | Data(Hex):00 Data(Dec):0 | Type:SDP
[Driver_3] ID:384 Name:pkt_3 | Src:1000 Tgt:0010 | Data(Hex):a9 Data(Dec):169 | Type:SDP
[Monitor_2] ID:385 Name:monitored | Src:0010 Tgt:0100 | Data(Hex):bc Data(Dec):188 | Type:SDP
[Checker] Predicted Drop: Packet ID 386 is INVALID (Src:0100 Tgt:0100). Ignoring.
[Driver_2] ID:386 Name:pkt_2 | Src:0100 Tgt:0100 | Data(Hex):9c Data(Dec):156 | Type:SDP
[Driver_0] ID:387 Name:pkt_0 | Src:0001 Tgt:0100 | Data(Hex):87 Data(Dec):135 | Type:SDP
[Monitor_1] ID:388 Name:monitored | Src:0100 Tgt:1010 | Data(Hex):70 Data(Dec):112 | Type:MDP
[Monitor_3] ID:389 Name:monitored | Src:0100 Tgt:1010 | Data(Hex):70 Data(Dec):112 | Type:MDP
[Monitor_1] ID:390 Name:monitored | Src:1000 Tgt:0010 | Data(Hex):a9 Data(Dec):169 | Type:SDP
[Driver_3] ID:391 Name:pkt_3 | Src:1000 Tgt:1111 | Data(Hex):e6 Data(Dec):230 | Type:BDP
[Driver_1] ID:392 Name:pkt_1 | Src:0010 Tgt:1111 | Data(Hex):b1 Data(Dec):177 | Type:BDP
[Monitor_2] ID:393 Name:monitored | Src:0001 Tgt:0100 | Data(Hex):87 Data(Dec):135 | Type:SDP
[Checker] Predicted Drop: Packet ID 394 is INVALID (Src:1000 Tgt:1000). Ignoring.
[Driver_3] ID:394 Name:pkt_3 | Src:1000 Tgt:1000 | Data(Hex):7b Data(Dec):123 | Type:SDP
[Monitor_0] ID:395 Name:monitored | Src:1000 Tgt:1111 | Data(Hex):e6 Data(Dec):230 | Type:BDP
[Monitor_1] ID:396 Name:monitored | Src:1000 Tgt:1111 | Data(Hex):e6 Data(Dec):230 | Type:BDP
[Monitor_2] ID:397 Name:monitored | Src:1000 Tgt:1111 | Data(Hex):e6 Data(Dec):230 | Type:BDP
[Monitor_3] ID:398 Name:monitored | Src:1000 Tgt:1111 | Data(Hex):e6 Data(Dec):230 | Type:BDP
[Monitor_0] ID:399 Name:monitored | Src:0010 Tgt:1111 | Data(Hex):b1 Data(Dec):177 | Type:BDP
[Monitor_1] ID:400 Name:monitored | Src:0010 Tgt:1111 | Data(Hex):b1 Data(Dec):177 | Type:BDP
[Monitor_2] ID:401 Name:monitored | Src:0010 Tgt:1111 | Data(Hex):b1 Data(Dec):177 | Type:BDP
[Monitor_3] ID:402 Name:monitored | Src:0010 Tgt:1111 | Data(Hex):b1 Data(Dec):177 | Type:BDP
[Checker] Predicted Drop: Packet ID 403 is INVALID (Src:0100 Tgt:0110). Ignoring.
[Driver_2] ID:403 Name:pkt_2 | Src:0100 Tgt:0110 | Data(Hex):b4 Data(Dec):180 | Type:MDP
[Checker] Predicted Drop: Packet ID 404 is INVALID (Src:0100 Tgt:1101). Ignoring.
[Driver_2] ID:404 Name:pkt_2 | Src:0100 Tgt:1101 | Data(Hex):21 Data(Dec):33 | Type:MDP
[Driver_2] ID:405 Name:pkt_2 | Src:0100 Tgt:0010 | Data(Hex):68 Data(Dec):104 | Type:SDP
[Monitor_1] ID:406 Name:monitored | Src:0100 Tgt:0010 | Data(Hex):68 Data(Dec):104 | Type:SDP
--- Sequencers Done. Waiting for Drivers to drain... ---
--- Drivers Done. Waiting for Switch to drain... ---

=========================================
 INTEGRITY REPORT
 1. Total Pending (Checker):  0
 2. Input Rejections (FIFO):  0
 -----------------------------------------
 3. INTERNAL LOSS:            0
=========================================

[TEST] PASSED: All accepted packets were delivered.

=========================================
 HARDWARE STATE INSPECTION

=========================================
 FUNCTIONAL COVERAGE RESULTS
=========================================
--- PORT 0 ---
  TOTAL (Valid): 100.00 %
  - Types:       100.00 %
  - Sources:     100.00 %
  - Targets:     100.00 %
  - Type x Src:  100.00 %
  - ROUTING:     100.00 %
--- PORT 1 ---
  TOTAL (Valid): 100.00 %
  - Types:       100.00 %
  - Sources:     100.00 %
  - Targets:     100.00 %
  - Type x Src:  100.00 %
  - ROUTING:     100.00 %
--- PORT 2 ---
  TOTAL (Valid): 100.00 %
  - Types:       100.00 %
  - Sources:     100.00 %
  - Targets:     100.00 %
  - Type x Src:  100.00 %
  - ROUTING:     100.00 %
--- PORT 3 ---
  TOTAL (Valid): 100.00 %
  - Types:       100.00 %
  - Sources:     100.00 %
  - Targets:     100.00 %
  - Type x Src:  100.00 %
  - ROUTING:     100.00 %
=========================================


=========================================
 DETAILED LOST PACKET REPORT
=========================================

=========================================
 CHECKER SUMMARY (Integrity Check)
-----------------------------------------
 Matches (Delivered):     207
 Mismatches (Corrupt):    0
 Total Pending (Missing): 0
-----------------------------------------
 BREAKDOWN OF MISSING PACKETS:
 (-) Valid HW Drops (FIFO Full): 0
 (=) INTERNAL LOSS (BUGS):       0
=========================================

TEST PASSED: Perfect transmission (0 drops, 0 loss).
$finish called from file "../verification/switch_test.sv", line 288.
$finish at simulation time             17055000

---------------------------------------------------------------------------
VCS Coverage Metrics: during simulation line, cond, FSM, branch, tgl was monitored
---------------------------------------------------------------------------
           V C S   S i m u l a t i o n   R e p o r t 
Time: 17055000 ps
CPU Time:      0.230 seconds;       Data structure size:   0.9Mb
Thu Jan  8 23:08:22 2026
CPU time: 1.137 seconds to compile + .365 seconds to elab + .337 seconds to link + .264 seconds in simulation
Verdi KDB elaboration done and the database successfully generated
