Command: /project/verif/users/arielt/ws/ex_vlsi_switch_project_ariel/Synt/./simv +vcs+initreg+1 +ntb_random_seed_automatic +ERR_PKT -cm line+cond+fsm+branch+tgl -cm_dir ./cov_work/gls_simv.vdb -cm_name gls_final_submission -l gls_final_no_cg_100mhz.log
Chronologic VCS simulator copyright 1991-2025
Contains Synopsys proprietary information.
Compiler version X-2025.06-1_Full64; Runtime version X-2025.06-1_Full64;  Jan  9 00:41 2026
NOTE: automatic random seed used: 4292075195
Doing SDF annotation ...... Done
Loading SDF Delays from switch_4port.sdf...
--- Starting Simulation (Driver-Driven) ---
Number of packets about to be generated at each port:  60
[Driver_0] ID:0 Name:pkt_0 | Src:0001 Tgt:1000 | Data(Hex):6d Data(Dec):109 | Type:SDP
[Driver_1] ID:1 Name:pkt_1 | Src:0010 Tgt:1000 | Data(Hex):12 Data(Dec):18 | Type:SDP
[Driver_2] ID:2 Name:pkt_2 | Src:0100 Tgt:1010 | Data(Hex):8f Data(Dec):143 | Type:MDP
[Driver_3] ID:3 Name:pkt_3 | Src:1000 Tgt:0010 | Data(Hex):ef Data(Dec):239 | Type:SDP
[Driver_2] ID:4 Name:pkt_2 | Src:0100 Tgt:1011 | Data(Hex):4a Data(Dec):74 | Type:MDP
[Checker] Predicted Drop: Packet ID 5 is INVALID (Src:0010 Tgt:0010). Ignoring.
[Driver_1] ID:5 Name:pkt_1 | Src:0010 Tgt:0010 | Data(Hex):c3 Data(Dec):195 | Type:SDP
[Checker] Predicted Drop: Packet ID 6 is INVALID (Src:0001 Tgt:0101). Ignoring.
[Driver_0] ID:6 Name:pkt_0 | Src:0001 Tgt:0101 | Data(Hex):3c Data(Dec):60 | Type:MDP
[Driver_3] ID:7 Name:pkt_3 | Src:1000 Tgt:1111 | Data(Hex):44 Data(Dec):68 | Type:BDP
[Checker] Predicted Drop: Packet ID 8 is INVALID (Src:0100 Tgt:0110). Ignoring.
[Driver_2] ID:8 Name:pkt_2 | Src:0100 Tgt:0110 | Data(Hex):a1 Data(Dec):161 | Type:MDP
[Checker] Predicted Drop: Packet ID 9 is INVALID (Src:0001 Tgt:1101). Ignoring.
[Driver_0] ID:9 Name:pkt_0 | Src:0001 Tgt:1101 | Data(Hex):c4 Data(Dec):196 | Type:MDP
[Monitor_1] ID:10 Name:monitored | Src:1000 Tgt:0010 | Data(Hex):ef Data(Dec):239 | Type:SDP
[Monitor_3] ID:11 Name:monitored | Src:0001 Tgt:1000 | Data(Hex):6d Data(Dec):109 | Type:SDP
[Monitor_3] ID:12 Name:monitored | Src:0010 Tgt:1000 | Data(Hex):12 Data(Dec):18 | Type:SDP
[Driver_1] ID:13 Name:pkt_1 | Src:0010 Tgt:1111 | Data(Hex):5b Data(Dec):91 | Type:BDP
[Driver_3] ID:14 Name:pkt_3 | Src:1000 Tgt:1111 | Data(Hex):66 Data(Dec):102 | Type:BDP
[Monitor_1] ID:15 Name:monitored | Src:0100 Tgt:1010 | Data(Hex):8f Data(Dec):143 | Type:MDP
[Monitor_3] ID:16 Name:monitored | Src:0100 Tgt:1010 | Data(Hex):8f Data(Dec):143 | Type:MDP
[Monitor_0] ID:17 Name:monitored | Src:1000 Tgt:1111 | Data(Hex):44 Data(Dec):68 | Type:BDP
[Monitor_1] ID:18 Name:monitored | Src:1000 Tgt:1111 | Data(Hex):44 Data(Dec):68 | Type:BDP
[Monitor_2] ID:19 Name:monitored | Src:1000 Tgt:1111 | Data(Hex):44 Data(Dec):68 | Type:BDP
[Monitor_3] ID:20 Name:monitored | Src:1000 Tgt:1111 | Data(Hex):44 Data(Dec):68 | Type:BDP
[Checker] Predicted Drop: Packet ID 21 is INVALID (Src:0100 Tgt:0111). Ignoring.
[Driver_2] ID:21 Name:pkt_2 | Src:0100 Tgt:0111 | Data(Hex):5b Data(Dec):91 | Type:MDP
[Monitor_0] ID:22 Name:monitored | Src:0100 Tgt:1011 | Data(Hex):4a Data(Dec):74 | Type:MDP
[Monitor_1] ID:23 Name:monitored | Src:0100 Tgt:1011 | Data(Hex):4a Data(Dec):74 | Type:MDP
[Monitor_3] ID:24 Name:monitored | Src:0100 Tgt:1011 | Data(Hex):4a Data(Dec):74 | Type:MDP
[Monitor_0] ID:25 Name:monitored | Src:1000 Tgt:1111 | Data(Hex):66 Data(Dec):102 | Type:BDP
[Monitor_1] ID:26 Name:monitored | Src:1000 Tgt:1111 | Data(Hex):66 Data(Dec):102 | Type:BDP
[Monitor_2] ID:27 Name:monitored | Src:1000 Tgt:1111 | Data(Hex):66 Data(Dec):102 | Type:BDP
[Monitor_3] ID:28 Name:monitored | Src:1000 Tgt:1111 | Data(Hex):66 Data(Dec):102 | Type:BDP
[Monitor_0] ID:29 Name:monitored | Src:0010 Tgt:1111 | Data(Hex):5b Data(Dec):91 | Type:BDP
[Monitor_1] ID:30 Name:monitored | Src:0010 Tgt:1111 | Data(Hex):5b Data(Dec):91 | Type:BDP
[Monitor_2] ID:31 Name:monitored | Src:0010 Tgt:1111 | Data(Hex):5b Data(Dec):91 | Type:BDP
[Monitor_3] ID:32 Name:monitored | Src:0010 Tgt:1111 | Data(Hex):5b Data(Dec):91 | Type:BDP
[Driver_0] ID:33 Name:pkt_0 | Src:0001 Tgt:1100 | Data(Hex):1b Data(Dec):27 | Type:MDP
[Checker] Predicted Drop: Packet ID 34 is INVALID (Src:1000 Tgt:1010). Ignoring.
[Driver_3] ID:34 Name:pkt_3 | Src:1000 Tgt:1010 | Data(Hex):ae Data(Dec):174 | Type:MDP
[Monitor_2] ID:35 Name:monitored | Src:0001 Tgt:1100 | Data(Hex):1b Data(Dec):27 | Type:MDP
[Monitor_3] ID:36 Name:monitored | Src:0001 Tgt:1100 | Data(Hex):1b Data(Dec):27 | Type:MDP
[Checker] Predicted Drop: Packet ID 37 is INVALID (Src:0010 Tgt:0111). Ignoring.
[Driver_1] ID:37 Name:pkt_1 | Src:0010 Tgt:0111 | Data(Hex):7d Data(Dec):125 | Type:MDP
[Checker] Predicted Drop: Packet ID 38 is INVALID (Src:0100 Tgt:0111). Ignoring.
[Driver_2] ID:38 Name:pkt_2 | Src:0100 Tgt:0111 | Data(Hex):65 Data(Dec):101 | Type:MDP
[Driver_0] ID:39 Name:pkt_0 | Src:0001 Tgt:1110 | Data(Hex):bb Data(Dec):187 | Type:MDP
[Checker] Predicted Drop: Packet ID 40 is INVALID (Src:1000 Tgt:1100). Ignoring.
[Driver_3] ID:40 Name:pkt_3 | Src:1000 Tgt:1100 | Data(Hex):0e Data(Dec):14 | Type:MDP
[Monitor_1] ID:41 Name:monitored | Src:0001 Tgt:1110 | Data(Hex):bb Data(Dec):187 | Type:MDP
[Monitor_2] ID:42 Name:monitored | Src:0001 Tgt:1110 | Data(Hex):bb Data(Dec):187 | Type:MDP
[Monitor_3] ID:43 Name:monitored | Src:0001 Tgt:1110 | Data(Hex):bb Data(Dec):187 | Type:MDP
[Driver_1] ID:44 Name:pkt_1 | Src:0010 Tgt:1111 | Data(Hex):d7 Data(Dec):215 | Type:BDP
[Driver_0] ID:45 Name:pkt_0 | Src:0001 Tgt:1010 | Data(Hex):7e Data(Dec):126 | Type:MDP
[Driver_2] ID:46 Name:pkt_2 | Src:0100 Tgt:1000 | Data(Hex):c9 Data(Dec):201 | Type:SDP
[Monitor_0] ID:47 Name:monitored | Src:0010 Tgt:1111 | Data(Hex):d7 Data(Dec):215 | Type:BDP
[Monitor_1] ID:48 Name:monitored | Src:0010 Tgt:1111 | Data(Hex):d7 Data(Dec):215 | Type:BDP
[Monitor_2] ID:49 Name:monitored | Src:0010 Tgt:1111 | Data(Hex):d7 Data(Dec):215 | Type:BDP
[Monitor_3] ID:50 Name:monitored | Src:0010 Tgt:1111 | Data(Hex):d7 Data(Dec):215 | Type:BDP
[Checker] Predicted Drop: Packet ID 51 is INVALID (Src:1000 Tgt:1011). Ignoring.
[Driver_3] ID:51 Name:pkt_3 | Src:1000 Tgt:1011 | Data(Hex):21 Data(Dec):33 | Type:MDP
[Checker] Predicted Drop: Packet ID 52 is INVALID (Src:0010 Tgt:0011). Ignoring.
[Driver_1] ID:52 Name:pkt_1 | Src:0010 Tgt:0011 | Data(Hex):c6 Data(Dec):198 | Type:MDP
[Monitor_3] ID:53 Name:monitored | Src:0100 Tgt:1000 | Data(Hex):c9 Data(Dec):201 | Type:SDP
[Monitor_1] ID:54 Name:monitored | Src:0001 Tgt:1010 | Data(Hex):7e Data(Dec):126 | Type:MDP
[Monitor_3] ID:55 Name:monitored | Src:0001 Tgt:1010 | Data(Hex):7e Data(Dec):126 | Type:MDP
[Checker] Predicted Drop: Packet ID 56 is INVALID (Src:0010 Tgt:1010). Ignoring.
[Driver_1] ID:56 Name:pkt_1 | Src:0010 Tgt:1010 | Data(Hex):67 Data(Dec):103 | Type:MDP
[Driver_2] ID:57 Name:pkt_2 | Src:0100 Tgt:0010 | Data(Hex):f2 Data(Dec):242 | Type:SDP
[Driver_3] ID:58 Name:pkt_3 | Src:1000 Tgt:0001 | Data(Hex):a3 Data(Dec):163 | Type:SDP
[Driver_0] ID:59 Name:pkt_0 | Src:0001 Tgt:0110 | Data(Hex):51 Data(Dec):81 | Type:MDP
[Checker] Predicted Drop: Packet ID 60 is INVALID (Src:0100 Tgt:1110). Ignoring.
[Driver_2] ID:60 Name:pkt_2 | Src:0100 Tgt:1110 | Data(Hex):fc Data(Dec):252 | Type:MDP
[Monitor_1] ID:61 Name:monitored | Src:0100 Tgt:0010 | Data(Hex):f2 Data(Dec):242 | Type:SDP
[Monitor_0] ID:62 Name:monitored | Src:1000 Tgt:0001 | Data(Hex):a3 Data(Dec):163 | Type:SDP
[Monitor_1] ID:63 Name:monitored | Src:0001 Tgt:0110 | Data(Hex):51 Data(Dec):81 | Type:MDP
[Monitor_2] ID:64 Name:monitored | Src:0001 Tgt:0110 | Data(Hex):51 Data(Dec):81 | Type:MDP
[Driver_1] ID:65 Name:pkt_1 | Src:0010 Tgt:1100 | Data(Hex):ec Data(Dec):236 | Type:MDP
[Checker] Predicted Drop: Packet ID 66 is INVALID (Src:0100 Tgt:1100). Ignoring.
[Driver_2] ID:66 Name:pkt_2 | Src:0100 Tgt:1100 | Data(Hex):19 Data(Dec):25 | Type:MDP
[Driver_0] ID:67 Name:pkt_0 | Src:0001 Tgt:1100 | Data(Hex):f6 Data(Dec):246 | Type:MDP
[Checker] Predicted Drop: Packet ID 68 is INVALID (Src:1000 Tgt:1011). Ignoring.
[Driver_3] ID:68 Name:pkt_3 | Src:1000 Tgt:1011 | Data(Hex):a6 Data(Dec):166 | Type:MDP
[Monitor_2] ID:69 Name:monitored | Src:0010 Tgt:1100 | Data(Hex):ec Data(Dec):236 | Type:MDP
[Monitor_3] ID:70 Name:monitored | Src:0010 Tgt:1100 | Data(Hex):ec Data(Dec):236 | Type:MDP
[Monitor_2] ID:71 Name:monitored | Src:0001 Tgt:1100 | Data(Hex):f6 Data(Dec):246 | Type:MDP
[Monitor_3] ID:72 Name:monitored | Src:0001 Tgt:1100 | Data(Hex):f6 Data(Dec):246 | Type:MDP
[Driver_0] ID:73 Name:pkt_0 | Src:0001 Tgt:1111 | Data(Hex):d3 Data(Dec):211 | Type:BDP
[Checker] Predicted Drop: Packet ID 74 is INVALID (Src:0010 Tgt:0000). Ignoring.
[Driver_1] ID:74 Name:pkt_1 | Src:0010 Tgt:0000 | Data(Hex):f3 Data(Dec):243 | Type:ERR
[Driver_2] ID:75 Name:pkt_2 | Src:0100 Tgt:1001 | Data(Hex):80 Data(Dec):128 | Type:MDP
[Driver_3] ID:76 Name:pkt_3 | Src:1000 Tgt:0011 | Data(Hex):61 Data(Dec):97 | Type:MDP
[Monitor_0] ID:77 Name:monitored | Src:0001 Tgt:1111 | Data(Hex):d3 Data(Dec):211 | Type:BDP
[Monitor_1] ID:78 Name:monitored | Src:0001 Tgt:1111 | Data(Hex):d3 Data(Dec):211 | Type:BDP
[Monitor_2] ID:79 Name:monitored | Src:0001 Tgt:1111 | Data(Hex):d3 Data(Dec):211 | Type:BDP
[Monitor_3] ID:80 Name:monitored | Src:0001 Tgt:1111 | Data(Hex):d3 Data(Dec):211 | Type:BDP
[Monitor_0] ID:81 Name:monitored | Src:0100 Tgt:1001 | Data(Hex):80 Data(Dec):128 | Type:MDP
[Monitor_3] ID:82 Name:monitored | Src:0100 Tgt:1001 | Data(Hex):80 Data(Dec):128 | Type:MDP
[Monitor_0] ID:83 Name:monitored | Src:1000 Tgt:0011 | Data(Hex):61 Data(Dec):97 | Type:MDP
[Monitor_1] ID:84 Name:monitored | Src:1000 Tgt:0011 | Data(Hex):61 Data(Dec):97 | Type:MDP
[Checker] Predicted Drop: Packet ID 85 is INVALID (Src:1000 Tgt:1011). Ignoring.
[Driver_3] ID:85 Name:pkt_3 | Src:1000 Tgt:1011 | Data(Hex):66 Data(Dec):102 | Type:MDP
[Driver_1] ID:86 Name:pkt_1 | Src:0010 Tgt:0001 | Data(Hex):86 Data(Dec):134 | Type:SDP
[Checker] Predicted Drop: Packet ID 87 is INVALID (Src:0001 Tgt:1011). Ignoring.
[Driver_0] ID:87 Name:pkt_0 | Src:0001 Tgt:1011 | Data(Hex):94 Data(Dec):148 | Type:MDP
[Checker] Predicted Drop: Packet ID 88 is INVALID (Src:0100 Tgt:0100). Ignoring.
[Driver_2] ID:88 Name:pkt_2 | Src:0100 Tgt:0100 | Data(Hex):14 Data(Dec):20 | Type:SDP
[Checker] Predicted Drop: Packet ID 89 is INVALID (Src:0010 Tgt:1011). Ignoring.
[Driver_1] ID:89 Name:pkt_1 | Src:0010 Tgt:1011 | Data(Hex):cb Data(Dec):203 | Type:MDP
[Monitor_0] ID:90 Name:monitored | Src:0010 Tgt:0001 | Data(Hex):86 Data(Dec):134 | Type:SDP
[Checker] Predicted Drop: Packet ID 91 is INVALID (Src:0001 Tgt:1011). Ignoring.
[Driver_0] ID:91 Name:pkt_0 | Src:0001 Tgt:1011 | Data(Hex):7e Data(Dec):126 | Type:MDP
[Driver_3] ID:92 Name:pkt_3 | Src:1000 Tgt:0110 | Data(Hex):fb Data(Dec):251 | Type:MDP
[Driver_2] ID:93 Name:pkt_2 | Src:0100 Tgt:1011 | Data(Hex):7b Data(Dec):123 | Type:MDP
[Monitor_1] ID:94 Name:monitored | Src:1000 Tgt:0110 | Data(Hex):fb Data(Dec):251 | Type:MDP
[Monitor_2] ID:95 Name:monitored | Src:1000 Tgt:0110 | Data(Hex):fb Data(Dec):251 | Type:MDP
[Driver_0] ID:96 Name:pkt_0 | Src:0001 Tgt:0100 | Data(Hex):84 Data(Dec):132 | Type:SDP
[Driver_1] ID:97 Name:pkt_1 | Src:0010 Tgt:0101 | Data(Hex):6b Data(Dec):107 | Type:MDP
[Driver_2] ID:98 Name:pkt_2 | Src:0100 Tgt:0011 | Data(Hex):b9 Data(Dec):185 | Type:MDP
[Monitor_0] ID:99 Name:monitored | Src:0100 Tgt:1011 | Data(Hex):7b Data(Dec):123 | Type:MDP
[Monitor_1] ID:100 Name:monitored | Src:0100 Tgt:1011 | Data(Hex):7b Data(Dec):123 | Type:MDP
[Monitor_3] ID:101 Name:monitored | Src:0100 Tgt:1011 | Data(Hex):7b Data(Dec):123 | Type:MDP
[Monitor_2] ID:102 Name:monitored | Src:0001 Tgt:0100 | Data(Hex):84 Data(Dec):132 | Type:SDP
[Driver_3] ID:103 Name:pkt_3 | Src:1000 Tgt:1111 | Data(Hex):0f Data(Dec):15 | Type:BDP
[Monitor_0] ID:104 Name:monitored | Src:0010 Tgt:0101 | Data(Hex):6b Data(Dec):107 | Type:MDP
[Monitor_2] ID:105 Name:monitored | Src:0010 Tgt:0101 | Data(Hex):6b Data(Dec):107 | Type:MDP
[Driver_0] ID:106 Name:pkt_0 | Src:0001 Tgt:1010 | Data(Hex):90 Data(Dec):144 | Type:MDP
[Monitor_0] ID:107 Name:monitored | Src:0100 Tgt:0011 | Data(Hex):b9 Data(Dec):185 | Type:MDP
[Monitor_1] ID:108 Name:monitored | Src:0100 Tgt:0011 | Data(Hex):b9 Data(Dec):185 | Type:MDP
[Monitor_0] ID:109 Name:monitored | Src:1000 Tgt:1111 | Data(Hex):0f Data(Dec):15 | Type:BDP
[Monitor_1] ID:110 Name:monitored | Src:1000 Tgt:1111 | Data(Hex):0f Data(Dec):15 | Type:BDP
[Monitor_2] ID:111 Name:monitored | Src:1000 Tgt:1111 | Data(Hex):0f Data(Dec):15 | Type:BDP
[Monitor_3] ID:112 Name:monitored | Src:1000 Tgt:1111 | Data(Hex):0f Data(Dec):15 | Type:BDP
[Driver_1] ID:113 Name:pkt_1 | Src:0010 Tgt:1100 | Data(Hex):3a Data(Dec):58 | Type:MDP
[Driver_2] ID:114 Name:pkt_2 | Src:0100 Tgt:1111 | Data(Hex):da Data(Dec):218 | Type:BDP
[Monitor_1] ID:115 Name:monitored | Src:0001 Tgt:1010 | Data(Hex):90 Data(Dec):144 | Type:MDP
[Monitor_3] ID:116 Name:monitored | Src:0001 Tgt:1010 | Data(Hex):90 Data(Dec):144 | Type:MDP
[Checker] Predicted Drop: Packet ID 117 is INVALID (Src:0001 Tgt:1011). Ignoring.
[Driver_0] ID:117 Name:pkt_0 | Src:0001 Tgt:1011 | Data(Hex):9d Data(Dec):157 | Type:MDP
[Checker] Predicted Drop: Packet ID 118 is INVALID (Src:1000 Tgt:1101). Ignoring.
[Driver_3] ID:118 Name:pkt_3 | Src:1000 Tgt:1101 | Data(Hex):a2 Data(Dec):162 | Type:MDP
[Monitor_0] ID:119 Name:monitored | Src:0100 Tgt:1111 | Data(Hex):da Data(Dec):218 | Type:BDP
[Monitor_1] ID:120 Name:monitored | Src:0100 Tgt:1111 | Data(Hex):da Data(Dec):218 | Type:BDP
[Monitor_2] ID:121 Name:monitored | Src:0100 Tgt:1111 | Data(Hex):da Data(Dec):218 | Type:BDP
[Monitor_3] ID:122 Name:monitored | Src:0100 Tgt:1111 | Data(Hex):da Data(Dec):218 | Type:BDP
[Monitor_2] ID:123 Name:monitored | Src:0010 Tgt:1100 | Data(Hex):3a Data(Dec):58 | Type:MDP
[Monitor_3] ID:124 Name:monitored | Src:0010 Tgt:1100 | Data(Hex):3a Data(Dec):58 | Type:MDP
[Checker] Predicted Drop: Packet ID 125 is INVALID (Src:0001 Tgt:0111). Ignoring.
[Driver_0] ID:125 Name:pkt_0 | Src:0001 Tgt:0111 | Data(Hex):27 Data(Dec):39 | Type:MDP
[Driver_1] ID:126 Name:pkt_1 | Src:0010 Tgt:1100 | Data(Hex):60 Data(Dec):96 | Type:MDP
[Driver_2] ID:127 Name:pkt_2 | Src:0100 Tgt:0010 | Data(Hex):1d Data(Dec):29 | Type:SDP
[Driver_3] ID:128 Name:pkt_3 | Src:1000 Tgt:0010 | Data(Hex):9c Data(Dec):156 | Type:SDP
[Monitor_2] ID:129 Name:monitored | Src:0010 Tgt:1100 | Data(Hex):60 Data(Dec):96 | Type:MDP
[Monitor_3] ID:130 Name:monitored | Src:0010 Tgt:1100 | Data(Hex):60 Data(Dec):96 | Type:MDP
[Monitor_1] ID:131 Name:monitored | Src:0100 Tgt:0010 | Data(Hex):1d Data(Dec):29 | Type:SDP
[Monitor_1] ID:132 Name:monitored | Src:1000 Tgt:0010 | Data(Hex):9c Data(Dec):156 | Type:SDP
[Driver_3] ID:133 Name:pkt_3 | Src:1000 Tgt:0010 | Data(Hex):e2 Data(Dec):226 | Type:SDP
[Driver_0] ID:134 Name:pkt_0 | Src:0001 Tgt:1010 | Data(Hex):24 Data(Dec):36 | Type:MDP
[Checker] Predicted Drop: Packet ID 135 is INVALID (Src:0010 Tgt:0011). Ignoring.
[Driver_1] ID:135 Name:pkt_1 | Src:0010 Tgt:0011 | Data(Hex):6d Data(Dec):109 | Type:MDP
[Driver_2] ID:136 Name:pkt_2 | Src:0100 Tgt:1010 | Data(Hex):56 Data(Dec):86 | Type:MDP
[Monitor_1] ID:137 Name:monitored | Src:1000 Tgt:0010 | Data(Hex):e2 Data(Dec):226 | Type:SDP
[Driver_3] ID:138 Name:pkt_3 | Src:1000 Tgt:0001 | Data(Hex):d8 Data(Dec):216 | Type:SDP
[Monitor_1] ID:139 Name:monitored | Src:0001 Tgt:1010 | Data(Hex):24 Data(Dec):36 | Type:MDP
[Monitor_3] ID:140 Name:monitored | Src:0001 Tgt:1010 | Data(Hex):24 Data(Dec):36 | Type:MDP
[Checker] Predicted Drop: Packet ID 141 is INVALID (Src:0100 Tgt:0100). Ignoring.
[Driver_2] ID:141 Name:pkt_2 | Src:0100 Tgt:0100 | Data(Hex):15 Data(Dec):21 | Type:SDP
[Monitor_1] ID:142 Name:monitored | Src:0100 Tgt:1010 | Data(Hex):56 Data(Dec):86 | Type:MDP
[Monitor_3] ID:143 Name:monitored | Src:0100 Tgt:1010 | Data(Hex):56 Data(Dec):86 | Type:MDP
[Monitor_0] ID:144 Name:monitored | Src:1000 Tgt:0001 | Data(Hex):d8 Data(Dec):216 | Type:SDP
[Driver_1] ID:145 Name:pkt_1 | Src:0010 Tgt:0001 | Data(Hex):59 Data(Dec):89 | Type:SDP
[Driver_0] ID:146 Name:pkt_0 | Src:0001 Tgt:1110 | Data(Hex):25 Data(Dec):37 | Type:MDP
[Checker] Predicted Drop: Packet ID 147 is INVALID (Src:0100 Tgt:1100). Ignoring.
[Driver_2] ID:147 Name:pkt_2 | Src:0100 Tgt:1100 | Data(Hex):cd Data(Dec):205 | Type:MDP
[Driver_3] ID:148 Name:pkt_3 | Src:1000 Tgt:0110 | Data(Hex):c6 Data(Dec):198 | Type:MDP
[Checker] Predicted Drop: Packet ID 149 is INVALID (Src:0010 Tgt:0110). Ignoring.
[Driver_1] ID:149 Name:pkt_1 | Src:0010 Tgt:0110 | Data(Hex):82 Data(Dec):130 | Type:MDP
[Monitor_0] ID:150 Name:monitored | Src:0010 Tgt:0001 | Data(Hex):59 Data(Dec):89 | Type:SDP
[Driver_0] ID:151 Name:pkt_0 | Src:0001 Tgt:1111 | Data(Hex):8f Data(Dec):143 | Type:BDP
[Monitor_1] ID:152 Name:monitored | Src:1000 Tgt:0110 | Data(Hex):c6 Data(Dec):198 | Type:MDP
[Monitor_2] ID:153 Name:monitored | Src:1000 Tgt:0110 | Data(Hex):c6 Data(Dec):198 | Type:MDP
[Monitor_1] ID:154 Name:monitored | Src:0001 Tgt:1110 | Data(Hex):25 Data(Dec):37 | Type:MDP
[Monitor_2] ID:155 Name:monitored | Src:0001 Tgt:1110 | Data(Hex):25 Data(Dec):37 | Type:MDP
[Monitor_3] ID:156 Name:monitored | Src:0001 Tgt:1110 | Data(Hex):25 Data(Dec):37 | Type:MDP
[Driver_3] ID:157 Name:pkt_3 | Src:1000 Tgt:0011 | Data(Hex):ed Data(Dec):237 | Type:MDP
[Checker] Predicted Drop: Packet ID 158 is INVALID (Src:0001 Tgt:0111). Ignoring.
[Driver_0] ID:158 Name:pkt_0 | Src:0001 Tgt:0111 | Data(Hex):e7 Data(Dec):231 | Type:MDP
[Monitor_0] ID:159 Name:monitored | Src:0001 Tgt:1111 | Data(Hex):8f Data(Dec):143 | Type:BDP
[Monitor_1] ID:160 Name:monitored | Src:0001 Tgt:1111 | Data(Hex):8f Data(Dec):143 | Type:BDP
[Monitor_2] ID:161 Name:monitored | Src:0001 Tgt:1111 | Data(Hex):8f Data(Dec):143 | Type:BDP
[Monitor_3] ID:162 Name:monitored | Src:0001 Tgt:1111 | Data(Hex):8f Data(Dec):143 | Type:BDP
[Driver_1] ID:163 Name:pkt_1 | Src:0010 Tgt:0101 | Data(Hex):17 Data(Dec):23 | Type:MDP
[Driver_2] ID:164 Name:pkt_2 | Src:0100 Tgt:0011 | Data(Hex):8d Data(Dec):141 | Type:MDP
[Driver_0] ID:165 Name:pkt_0 | Src:0001 Tgt:1110 | Data(Hex):5b Data(Dec):91 | Type:MDP
[Checker] Predicted Drop: Packet ID 166 is INVALID (Src:0010 Tgt:1011). Ignoring.
[Driver_1] ID:166 Name:pkt_1 | Src:0010 Tgt:1011 | Data(Hex):f1 Data(Dec):241 | Type:MDP
[Monitor_0] ID:167 Name:monitored | Src:1000 Tgt:0011 | Data(Hex):ed Data(Dec):237 | Type:MDP
[Monitor_1] ID:168 Name:monitored | Src:1000 Tgt:0011 | Data(Hex):ed Data(Dec):237 | Type:MDP
[Monitor_0] ID:169 Name:monitored | Src:0010 Tgt:0101 | Data(Hex):17 Data(Dec):23 | Type:MDP
[Monitor_2] ID:170 Name:monitored | Src:0010 Tgt:0101 | Data(Hex):17 Data(Dec):23 | Type:MDP
[Checker] Predicted Drop: Packet ID 171 is INVALID (Src:0100 Tgt:1101). Ignoring.
[Driver_2] ID:171 Name:pkt_2 | Src:0100 Tgt:1101 | Data(Hex):ac Data(Dec):172 | Type:MDP
[Monitor_0] ID:172 Name:monitored | Src:0100 Tgt:0011 | Data(Hex):8d Data(Dec):141 | Type:MDP
[Monitor_1] ID:173 Name:monitored | Src:0100 Tgt:0011 | Data(Hex):8d Data(Dec):141 | Type:MDP
[Monitor_1] ID:174 Name:monitored | Src:0001 Tgt:1110 | Data(Hex):5b Data(Dec):91 | Type:MDP
[Monitor_2] ID:175 Name:monitored | Src:0001 Tgt:1110 | Data(Hex):5b Data(Dec):91 | Type:MDP
[Monitor_3] ID:176 Name:monitored | Src:0001 Tgt:1110 | Data(Hex):5b Data(Dec):91 | Type:MDP
[Driver_3] ID:177 Name:pkt_3 | Src:1000 Tgt:0110 | Data(Hex):de Data(Dec):222 | Type:MDP
[Checker] Predicted Drop: Packet ID 178 is INVALID (Src:0001 Tgt:0111). Ignoring.
[Driver_0] ID:178 Name:pkt_0 | Src:0001 Tgt:0111 | Data(Hex):fa Data(Dec):250 | Type:MDP
[Monitor_1] ID:179 Name:monitored | Src:1000 Tgt:0110 | Data(Hex):de Data(Dec):222 | Type:MDP
[Monitor_2] ID:180 Name:monitored | Src:1000 Tgt:0110 | Data(Hex):de Data(Dec):222 | Type:MDP
[Checker] Predicted Drop: Packet ID 181 is INVALID (Src:0010 Tgt:1011). Ignoring.
[Driver_1] ID:181 Name:pkt_1 | Src:0010 Tgt:1011 | Data(Hex):74 Data(Dec):116 | Type:MDP
[Driver_2] ID:182 Name:pkt_2 | Src:0100 Tgt:1001 | Data(Hex):ce Data(Dec):206 | Type:MDP
[Driver_3] ID:183 Name:pkt_3 | Src:1000 Tgt:0001 | Data(Hex):3a Data(Dec):58 | Type:SDP
[Checker] Predicted Drop: Packet ID 184 is INVALID (Src:0010 Tgt:0010). Ignoring.
[Driver_1] ID:184 Name:pkt_1 | Src:0010 Tgt:0010 | Data(Hex):df Data(Dec):223 | Type:SDP
[Driver_0] ID:185 Name:pkt_0 | Src:0001 Tgt:1000 | Data(Hex):b8 Data(Dec):184 | Type:SDP
[Monitor_0] ID:186 Name:monitored | Src:0100 Tgt:1001 | Data(Hex):ce Data(Dec):206 | Type:MDP
[Monitor_3] ID:187 Name:monitored | Src:0100 Tgt:1001 | Data(Hex):ce Data(Dec):206 | Type:MDP
[Monitor_0] ID:188 Name:monitored | Src:1000 Tgt:0001 | Data(Hex):3a Data(Dec):58 | Type:SDP
[Driver_3] ID:189 Name:pkt_3 | Src:1000 Tgt:0011 | Data(Hex):81 Data(Dec):129 | Type:MDP
[Monitor_3] ID:190 Name:monitored | Src:0001 Tgt:1000 | Data(Hex):b8 Data(Dec):184 | Type:SDP
[Checker] Predicted Drop: Packet ID 191 is INVALID (Src:0010 Tgt:1110). Ignoring.
[Driver_1] ID:191 Name:pkt_1 | Src:0010 Tgt:1110 | Data(Hex):67 Data(Dec):103 | Type:MDP
[Checker] Predicted Drop: Packet ID 192 is INVALID (Src:0100 Tgt:0110). Ignoring.
[Driver_2] ID:192 Name:pkt_2 | Src:0100 Tgt:0110 | Data(Hex):93 Data(Dec):147 | Type:MDP
[Driver_0] ID:193 Name:pkt_0 | Src:0001 Tgt:1000 | Data(Hex):14 Data(Dec):20 | Type:SDP
[Monitor_0] ID:194 Name:monitored | Src:1000 Tgt:0011 | Data(Hex):81 Data(Dec):129 | Type:MDP
[Monitor_1] ID:195 Name:monitored | Src:1000 Tgt:0011 | Data(Hex):81 Data(Dec):129 | Type:MDP
[Checker] Predicted Drop: Packet ID 196 is INVALID (Src:1000 Tgt:1011). Ignoring.
[Driver_3] ID:196 Name:pkt_3 | Src:1000 Tgt:1011 | Data(Hex):c7 Data(Dec):199 | Type:MDP
[Monitor_3] ID:197 Name:monitored | Src:0001 Tgt:1000 | Data(Hex):14 Data(Dec):20 | Type:SDP
[Driver_0] ID:198 Name:pkt_0 | Src:0001 Tgt:1100 | Data(Hex):66 Data(Dec):102 | Type:MDP
[Driver_2] ID:199 Name:pkt_2 | Src:0100 Tgt:1111 | Data(Hex):1b Data(Dec):27 | Type:BDP
[Checker] Predicted Drop: Packet ID 200 is INVALID (Src:1000 Tgt:1000). Ignoring.
[Driver_3] ID:200 Name:pkt_3 | Src:1000 Tgt:1000 | Data(Hex):22 Data(Dec):34 | Type:SDP
[Checker] Predicted Drop: Packet ID 201 is INVALID (Src:0010 Tgt:1010). Ignoring.
[Driver_1] ID:201 Name:pkt_1 | Src:0010 Tgt:1010 | Data(Hex):f7 Data(Dec):247 | Type:MDP
[Checker] Predicted Drop: Packet ID 202 is INVALID (Src:0100 Tgt:1101). Ignoring.
[Driver_2] ID:202 Name:pkt_2 | Src:0100 Tgt:1101 | Data(Hex):2d Data(Dec):45 | Type:MDP
[Monitor_2] ID:203 Name:monitored | Src:0001 Tgt:1100 | Data(Hex):66 Data(Dec):102 | Type:MDP
[Monitor_3] ID:204 Name:monitored | Src:0001 Tgt:1100 | Data(Hex):66 Data(Dec):102 | Type:MDP
[Monitor_0] ID:205 Name:monitored | Src:0100 Tgt:1111 | Data(Hex):1b Data(Dec):27 | Type:BDP
[Monitor_1] ID:206 Name:monitored | Src:0100 Tgt:1111 | Data(Hex):1b Data(Dec):27 | Type:BDP
[Monitor_2] ID:207 Name:monitored | Src:0100 Tgt:1111 | Data(Hex):1b Data(Dec):27 | Type:BDP
[Monitor_3] ID:208 Name:monitored | Src:0100 Tgt:1111 | Data(Hex):1b Data(Dec):27 | Type:BDP
[Checker] Predicted Drop: Packet ID 209 is INVALID (Src:0001 Tgt:1011). Ignoring.
[Driver_0] ID:209 Name:pkt_0 | Src:0001 Tgt:1011 | Data(Hex):28 Data(Dec):40 | Type:MDP
[Checker] Predicted Drop: Packet ID 210 is INVALID (Src:0010 Tgt:1110). Ignoring.
[Driver_1] ID:210 Name:pkt_1 | Src:0010 Tgt:1110 | Data(Hex):36 Data(Dec):54 | Type:MDP
[Driver_3] ID:211 Name:pkt_3 | Src:1000 Tgt:0111 | Data(Hex):69 Data(Dec):105 | Type:MDP
[Checker] Predicted Drop: Packet ID 212 is INVALID (Src:0100 Tgt:0100). Ignoring.
[Driver_2] ID:212 Name:pkt_2 | Src:0100 Tgt:0100 | Data(Hex):3b Data(Dec):59 | Type:SDP
[Driver_3] ID:213 Name:pkt_3 | Src:1000 Tgt:0011 | Data(Hex):24 Data(Dec):36 | Type:MDP
[Monitor_0] ID:214 Name:monitored | Src:1000 Tgt:0111 | Data(Hex):69 Data(Dec):105 | Type:MDP
[Monitor_1] ID:215 Name:monitored | Src:1000 Tgt:0111 | Data(Hex):69 Data(Dec):105 | Type:MDP
[Monitor_2] ID:216 Name:monitored | Src:1000 Tgt:0111 | Data(Hex):69 Data(Dec):105 | Type:MDP
[Checker] Predicted Drop: Packet ID 217 is INVALID (Src:0001 Tgt:1101). Ignoring.
[Driver_0] ID:217 Name:pkt_0 | Src:0001 Tgt:1101 | Data(Hex):98 Data(Dec):152 | Type:MDP
[Driver_1] ID:218 Name:pkt_1 | Src:0010 Tgt:0101 | Data(Hex):0f Data(Dec):15 | Type:MDP
[Monitor_0] ID:219 Name:monitored | Src:1000 Tgt:0011 | Data(Hex):24 Data(Dec):36 | Type:MDP
[Monitor_1] ID:220 Name:monitored | Src:1000 Tgt:0011 | Data(Hex):24 Data(Dec):36 | Type:MDP
[Checker] Predicted Drop: Packet ID 221 is INVALID (Src:0001 Tgt:1011). Ignoring.
[Driver_0] ID:221 Name:pkt_0 | Src:0001 Tgt:1011 | Data(Hex):e1 Data(Dec):225 | Type:MDP
[Checker] Predicted Drop: Packet ID 222 is INVALID (Src:0100 Tgt:0110). Ignoring.
[Driver_2] ID:222 Name:pkt_2 | Src:0100 Tgt:0110 | Data(Hex):b0 Data(Dec):176 | Type:MDP
[Monitor_0] ID:223 Name:monitored | Src:0010 Tgt:0101 | Data(Hex):0f Data(Dec):15 | Type:MDP
[Monitor_2] ID:224 Name:monitored | Src:0010 Tgt:0101 | Data(Hex):0f Data(Dec):15 | Type:MDP
[Checker] Predicted Drop: Packet ID 225 is INVALID (Src:1000 Tgt:1100). Ignoring.
[Driver_3] ID:225 Name:pkt_3 | Src:1000 Tgt:1100 | Data(Hex):f4 Data(Dec):244 | Type:MDP
[Checker] Predicted Drop: Packet ID 226 is INVALID (Src:0010 Tgt:1010). Ignoring.
[Driver_1] ID:226 Name:pkt_1 | Src:0010 Tgt:1010 | Data(Hex):b2 Data(Dec):178 | Type:MDP
[Checker] Predicted Drop: Packet ID 227 is INVALID (Src:0100 Tgt:0100). Ignoring.
[Driver_2] ID:227 Name:pkt_2 | Src:0100 Tgt:0100 | Data(Hex):9c Data(Dec):156 | Type:SDP
[Driver_3] ID:228 Name:pkt_3 | Src:1000 Tgt:1111 | Data(Hex):b6 Data(Dec):182 | Type:BDP
[Driver_0] ID:229 Name:pkt_0 | Src:0001 Tgt:1000 | Data(Hex):08 Data(Dec):8 | Type:SDP
[Monitor_0] ID:230 Name:monitored | Src:1000 Tgt:1111 | Data(Hex):b6 Data(Dec):182 | Type:BDP
[Monitor_1] ID:231 Name:monitored | Src:1000 Tgt:1111 | Data(Hex):b6 Data(Dec):182 | Type:BDP
[Monitor_2] ID:232 Name:monitored | Src:1000 Tgt:1111 | Data(Hex):b6 Data(Dec):182 | Type:BDP
[Monitor_3] ID:233 Name:monitored | Src:1000 Tgt:1111 | Data(Hex):b6 Data(Dec):182 | Type:BDP
[Checker] Predicted Drop: Packet ID 234 is INVALID (Src:0100 Tgt:1101). Ignoring.
[Driver_2] ID:234 Name:pkt_2 | Src:0100 Tgt:1101 | Data(Hex):a9 Data(Dec):169 | Type:MDP
[Monitor_3] ID:235 Name:monitored | Src:0001 Tgt:1000 | Data(Hex):08 Data(Dec):8 | Type:SDP
[Driver_1] ID:236 Name:pkt_1 | Src:0010 Tgt:0001 | Data(Hex):ff Data(Dec):255 | Type:SDP
[Driver_3] ID:237 Name:pkt_3 | Src:1000 Tgt:0001 | Data(Hex):1c Data(Dec):28 | Type:SDP
[Driver_0] ID:238 Name:pkt_0 | Src:0001 Tgt:1000 | Data(Hex):84 Data(Dec):132 | Type:SDP
[Monitor_0] ID:239 Name:monitored | Src:0010 Tgt:0001 | Data(Hex):ff Data(Dec):255 | Type:SDP
[Checker] Predicted Drop: Packet ID 240 is INVALID (Src:0100 Tgt:0000). Ignoring.
[Driver_2] ID:240 Name:pkt_2 | Src:0100 Tgt:0000 | Data(Hex):27 Data(Dec):39 | Type:ERR
[Monitor_0] ID:241 Name:monitored | Src:1000 Tgt:0001 | Data(Hex):1c Data(Dec):28 | Type:SDP
[Checker] Predicted Drop: Packet ID 242 is INVALID (Src:0010 Tgt:0011). Ignoring.
[Driver_1] ID:242 Name:pkt_1 | Src:0010 Tgt:0011 | Data(Hex):82 Data(Dec):130 | Type:MDP
[Checker] Predicted Drop: Packet ID 243 is INVALID (Src:1000 Tgt:0000). Ignoring.
[Driver_3] ID:243 Name:pkt_3 | Src:1000 Tgt:0000 | Data(Hex):d0 Data(Dec):208 | Type:ERR
[Monitor_3] ID:244 Name:monitored | Src:0001 Tgt:1000 | Data(Hex):84 Data(Dec):132 | Type:SDP
[Checker] Predicted Drop: Packet ID 245 is INVALID (Src:0001 Tgt:1001). Ignoring.
[Driver_0] ID:245 Name:pkt_0 | Src:0001 Tgt:1001 | Data(Hex):ca Data(Dec):202 | Type:MDP
[Driver_2] ID:246 Name:pkt_2 | Src:0100 Tgt:0010 | Data(Hex):bd Data(Dec):189 | Type:SDP
[Driver_3] ID:247 Name:pkt_3 | Src:1000 Tgt:0010 | Data(Hex):ba Data(Dec):186 | Type:SDP
[Driver_1] ID:248 Name:pkt_1 | Src:0010 Tgt:1101 | Data(Hex):a3 Data(Dec):163 | Type:MDP
[Monitor_1] ID:249 Name:monitored | Src:0100 Tgt:0010 | Data(Hex):bd Data(Dec):189 | Type:SDP
[Checker] Predicted Drop: Packet ID 250 is INVALID (Src:0010 Tgt:0110). Ignoring.
[Driver_1] ID:250 Name:pkt_1 | Src:0010 Tgt:0110 | Data(Hex):67 Data(Dec):103 | Type:MDP
[Driver_2] ID:251 Name:pkt_2 | Src:0100 Tgt:0011 | Data(Hex):d3 Data(Dec):211 | Type:MDP
[Monitor_1] ID:252 Name:monitored | Src:1000 Tgt:0010 | Data(Hex):ba Data(Dec):186 | Type:SDP
[Monitor_0] ID:253 Name:monitored | Src:0010 Tgt:1101 | Data(Hex):a3 Data(Dec):163 | Type:MDP
[Monitor_2] ID:254 Name:monitored | Src:0010 Tgt:1101 | Data(Hex):a3 Data(Dec):163 | Type:MDP
[Monitor_3] ID:255 Name:monitored | Src:0010 Tgt:1101 | Data(Hex):a3 Data(Dec):163 | Type:MDP
[Driver_0] ID:256 Name:pkt_0 | Src:0001 Tgt:1111 | Data(Hex):58 Data(Dec):88 | Type:BDP
[Checker] Predicted Drop: Packet ID 257 is INVALID (Src:1000 Tgt:1001). Ignoring.
[Driver_3] ID:257 Name:pkt_3 | Src:1000 Tgt:1001 | Data(Hex):ea Data(Dec):234 | Type:MDP
[Monitor_0] ID:258 Name:monitored | Src:0100 Tgt:0011 | Data(Hex):d3 Data(Dec):211 | Type:MDP
[Monitor_1] ID:259 Name:monitored | Src:0100 Tgt:0011 | Data(Hex):d3 Data(Dec):211 | Type:MDP
[Checker] Predicted Drop: Packet ID 260 is INVALID (Src:0100 Tgt:1100). Ignoring.
[Driver_2] ID:260 Name:pkt_2 | Src:0100 Tgt:1100 | Data(Hex):e5 Data(Dec):229 | Type:MDP
[Monitor_0] ID:261 Name:monitored | Src:0001 Tgt:1111 | Data(Hex):58 Data(Dec):88 | Type:BDP
[Monitor_1] ID:262 Name:monitored | Src:0001 Tgt:1111 | Data(Hex):58 Data(Dec):88 | Type:BDP
[Monitor_2] ID:263 Name:monitored | Src:0001 Tgt:1111 | Data(Hex):58 Data(Dec):88 | Type:BDP
[Monitor_3] ID:264 Name:monitored | Src:0001 Tgt:1111 | Data(Hex):58 Data(Dec):88 | Type:BDP
[Driver_1] ID:265 Name:pkt_1 | Src:0010 Tgt:1100 | Data(Hex):a1 Data(Dec):161 | Type:MDP
[Checker] Predicted Drop: Packet ID 266 is INVALID (Src:1000 Tgt:1100). Ignoring.
[Driver_3] ID:266 Name:pkt_3 | Src:1000 Tgt:1100 | Data(Hex):5a Data(Dec):90 | Type:MDP
[Checker] Predicted Drop: Packet ID 267 is INVALID (Src:0001 Tgt:0001). Ignoring.
[Driver_0] ID:267 Name:pkt_0 | Src:0001 Tgt:0001 | Data(Hex):fc Data(Dec):252 | Type:SDP
[Monitor_2] ID:268 Name:monitored | Src:0010 Tgt:1100 | Data(Hex):a1 Data(Dec):161 | Type:MDP
[Monitor_3] ID:269 Name:monitored | Src:0010 Tgt:1100 | Data(Hex):a1 Data(Dec):161 | Type:MDP
[Checker] Predicted Drop: Packet ID 270 is INVALID (Src:0100 Tgt:0110). Ignoring.
[Driver_2] ID:270 Name:pkt_2 | Src:0100 Tgt:0110 | Data(Hex):78 Data(Dec):120 | Type:MDP
[Checker] Predicted Drop: Packet ID 271 is INVALID (Src:1000 Tgt:1001). Ignoring.
[Driver_3] ID:271 Name:pkt_3 | Src:1000 Tgt:1001 | Data(Hex):fa Data(Dec):250 | Type:MDP
[Checker] Predicted Drop: Packet ID 272 is INVALID (Src:0001 Tgt:0000). Ignoring.
[Driver_0] ID:272 Name:pkt_0 | Src:0001 Tgt:0000 | Data(Hex):b0 Data(Dec):176 | Type:ERR
[Checker] Predicted Drop: Packet ID 273 is INVALID (Src:0010 Tgt:1110). Ignoring.
[Driver_1] ID:273 Name:pkt_1 | Src:0010 Tgt:1110 | Data(Hex):e3 Data(Dec):227 | Type:MDP
[Driver_2] ID:274 Name:pkt_2 | Src:0100 Tgt:1010 | Data(Hex):3d Data(Dec):61 | Type:MDP
[Driver_3] ID:275 Name:pkt_3 | Src:1000 Tgt:0110 | Data(Hex):59 Data(Dec):89 | Type:MDP
[Checker] Predicted Drop: Packet ID 276 is INVALID (Src:0010 Tgt:1010). Ignoring.
[Driver_1] ID:276 Name:pkt_1 | Src:0010 Tgt:1010 | Data(Hex):42 Data(Dec):66 | Type:MDP
[Driver_0] ID:277 Name:pkt_0 | Src:0001 Tgt:0010 | Data(Hex):5c Data(Dec):92 | Type:SDP
[Monitor_1] ID:278 Name:monitored | Src:0100 Tgt:1010 | Data(Hex):3d Data(Dec):61 | Type:MDP
[Monitor_3] ID:279 Name:monitored | Src:0100 Tgt:1010 | Data(Hex):3d Data(Dec):61 | Type:MDP
[Monitor_1] ID:280 Name:monitored | Src:1000 Tgt:0110 | Data(Hex):59 Data(Dec):89 | Type:MDP
[Monitor_2] ID:281 Name:monitored | Src:1000 Tgt:0110 | Data(Hex):59 Data(Dec):89 | Type:MDP
[Checker] Predicted Drop: Packet ID 282 is INVALID (Src:1000 Tgt:1101). Ignoring.
[Driver_3] ID:282 Name:pkt_3 | Src:1000 Tgt:1101 | Data(Hex):bb Data(Dec):187 | Type:MDP
[Monitor_1] ID:283 Name:monitored | Src:0001 Tgt:0010 | Data(Hex):5c Data(Dec):92 | Type:SDP
[Checker] Predicted Drop: Packet ID 284 is INVALID (Src:0100 Tgt:0101). Ignoring.
[Driver_2] ID:284 Name:pkt_2 | Src:0100 Tgt:0101 | Data(Hex):8e Data(Dec):142 | Type:MDP
[Driver_1] ID:285 Name:pkt_1 | Src:0010 Tgt:1100 | Data(Hex):f8 Data(Dec):248 | Type:MDP
[Checker] Predicted Drop: Packet ID 286 is INVALID (Src:0001 Tgt:1101). Ignoring.
[Driver_0] ID:286 Name:pkt_0 | Src:0001 Tgt:1101 | Data(Hex):dd Data(Dec):221 | Type:MDP
[Checker] Predicted Drop: Packet ID 287 is INVALID (Src:1000 Tgt:1011). Ignoring.
[Driver_3] ID:287 Name:pkt_3 | Src:1000 Tgt:1011 | Data(Hex):cb Data(Dec):203 | Type:MDP
[Monitor_2] ID:288 Name:monitored | Src:0010 Tgt:1100 | Data(Hex):f8 Data(Dec):248 | Type:MDP
[Monitor_3] ID:289 Name:monitored | Src:0010 Tgt:1100 | Data(Hex):f8 Data(Dec):248 | Type:MDP
[Checker] Predicted Drop: Packet ID 290 is INVALID (Src:0100 Tgt:0110). Ignoring.
[Driver_2] ID:290 Name:pkt_2 | Src:0100 Tgt:0110 | Data(Hex):d1 Data(Dec):209 | Type:MDP
[Checker] Predicted Drop: Packet ID 291 is INVALID (Src:0010 Tgt:0000). Ignoring.
[Driver_1] ID:291 Name:pkt_1 | Src:0010 Tgt:0000 | Data(Hex):7d Data(Dec):125 | Type:ERR
[Driver_3] ID:292 Name:pkt_3 | Src:1000 Tgt:0100 | Data(Hex):6f Data(Dec):111 | Type:SDP
[Checker] Predicted Drop: Packet ID 293 is INVALID (Src:0100 Tgt:0111). Ignoring.
[Driver_2] ID:293 Name:pkt_2 | Src:0100 Tgt:0111 | Data(Hex):f5 Data(Dec):245 | Type:MDP
[Driver_0] ID:294 Name:pkt_0 | Src:0001 Tgt:0010 | Data(Hex):8b Data(Dec):139 | Type:SDP
[Monitor_2] ID:295 Name:monitored | Src:1000 Tgt:0100 | Data(Hex):6f Data(Dec):111 | Type:SDP
[Monitor_1] ID:296 Name:monitored | Src:0001 Tgt:0010 | Data(Hex):8b Data(Dec):139 | Type:SDP
[Driver_3] ID:297 Name:pkt_3 | Src:1000 Tgt:0010 | Data(Hex):31 Data(Dec):49 | Type:SDP
[Driver_1] ID:298 Name:pkt_1 | Src:0010 Tgt:1100 | Data(Hex):06 Data(Dec):6 | Type:MDP
[Driver_2] ID:299 Name:pkt_2 | Src:0100 Tgt:0011 | Data(Hex):64 Data(Dec):100 | Type:MDP
[Checker] Predicted Drop: Packet ID 300 is INVALID (Src:0001 Tgt:0000). Ignoring.
[Driver_0] ID:300 Name:pkt_0 | Src:0001 Tgt:0000 | Data(Hex):92 Data(Dec):146 | Type:ERR
[Monitor_1] ID:301 Name:monitored | Src:1000 Tgt:0010 | Data(Hex):31 Data(Dec):49 | Type:SDP
[Checker] Predicted Drop: Packet ID 302 is INVALID (Src:0010 Tgt:0010). Ignoring.
[Driver_1] ID:302 Name:pkt_1 | Src:0010 Tgt:0010 | Data(Hex):bf Data(Dec):191 | Type:SDP
[Monitor_2] ID:303 Name:monitored | Src:0010 Tgt:1100 | Data(Hex):06 Data(Dec):6 | Type:MDP
[Monitor_3] ID:304 Name:monitored | Src:0010 Tgt:1100 | Data(Hex):06 Data(Dec):6 | Type:MDP
[Checker] Predicted Drop: Packet ID 305 is INVALID (Src:1000 Tgt:1011). Ignoring.
[Driver_3] ID:305 Name:pkt_3 | Src:1000 Tgt:1011 | Data(Hex):87 Data(Dec):135 | Type:MDP
[Monitor_0] ID:306 Name:monitored | Src:0100 Tgt:0011 | Data(Hex):64 Data(Dec):100 | Type:MDP
[Monitor_1] ID:307 Name:monitored | Src:0100 Tgt:0011 | Data(Hex):64 Data(Dec):100 | Type:MDP
[Driver_2] ID:308 Name:pkt_2 | Src:0100 Tgt:1001 | Data(Hex):02 Data(Dec):2 | Type:MDP
[Checker] Predicted Drop: Packet ID 309 is INVALID (Src:0001 Tgt:0101). Ignoring.
[Driver_0] ID:309 Name:pkt_0 | Src:0001 Tgt:0101 | Data(Hex):ec Data(Dec):236 | Type:MDP
[Checker] Predicted Drop: Packet ID 310 is INVALID (Src:1000 Tgt:1101). Ignoring.
[Driver_3] ID:310 Name:pkt_3 | Src:1000 Tgt:1101 | Data(Hex):aa Data(Dec):170 | Type:MDP
[Driver_1] ID:311 Name:pkt_1 | Src:0010 Tgt:0100 | Data(Hex):44 Data(Dec):68 | Type:SDP
[Monitor_0] ID:312 Name:monitored | Src:0100 Tgt:1001 | Data(Hex):02 Data(Dec):2 | Type:MDP
[Monitor_3] ID:313 Name:monitored | Src:0100 Tgt:1001 | Data(Hex):02 Data(Dec):2 | Type:MDP
[Checker] Predicted Drop: Packet ID 314 is INVALID (Src:0010 Tgt:0110). Ignoring.
[Driver_1] ID:314 Name:pkt_1 | Src:0010 Tgt:0110 | Data(Hex):72 Data(Dec):114 | Type:MDP
[Checker] Predicted Drop: Packet ID 315 is INVALID (Src:1000 Tgt:1011). Ignoring.
[Driver_3] ID:315 Name:pkt_3 | Src:1000 Tgt:1011 | Data(Hex):c2 Data(Dec):194 | Type:MDP
[Monitor_2] ID:316 Name:monitored | Src:0010 Tgt:0100 | Data(Hex):44 Data(Dec):68 | Type:SDP
[Checker] Predicted Drop: Packet ID 317 is INVALID (Src:0100 Tgt:0110). Ignoring.
[Driver_2] ID:317 Name:pkt_2 | Src:0100 Tgt:0110 | Data(Hex):db Data(Dec):219 | Type:MDP
[Driver_0] ID:318 Name:pkt_0 | Src:0001 Tgt:1010 | Data(Hex):a6 Data(Dec):166 | Type:MDP
[Checker] Predicted Drop: Packet ID 319 is INVALID (Src:0100 Tgt:0110). Ignoring.
[Driver_2] ID:319 Name:pkt_2 | Src:0100 Tgt:0110 | Data(Hex):99 Data(Dec):153 | Type:MDP
[Checker] Predicted Drop: Packet ID 320 is INVALID (Src:0010 Tgt:1110). Ignoring.
[Driver_1] ID:320 Name:pkt_1 | Src:0010 Tgt:1110 | Data(Hex):55 Data(Dec):85 | Type:MDP
[Checker] Predicted Drop: Packet ID 321 is INVALID (Src:1000 Tgt:0000). Ignoring.
[Driver_3] ID:321 Name:pkt_3 | Src:1000 Tgt:0000 | Data(Hex):12 Data(Dec):18 | Type:ERR
[Monitor_1] ID:322 Name:monitored | Src:0001 Tgt:1010 | Data(Hex):a6 Data(Dec):166 | Type:MDP
[Monitor_3] ID:323 Name:monitored | Src:0001 Tgt:1010 | Data(Hex):a6 Data(Dec):166 | Type:MDP
[Checker] Predicted Drop: Packet ID 324 is INVALID (Src:0001 Tgt:0001). Ignoring.
[Driver_0] ID:324 Name:pkt_0 | Src:0001 Tgt:0001 | Data(Hex):1c Data(Dec):28 | Type:SDP
[Driver_2] ID:325 Name:pkt_2 | Src:0100 Tgt:0010 | Data(Hex):c2 Data(Dec):194 | Type:SDP
[Monitor_1] ID:326 Name:monitored | Src:0100 Tgt:0010 | Data(Hex):c2 Data(Dec):194 | Type:SDP
[Driver_3] ID:327 Name:pkt_3 | Src:1000 Tgt:0010 | Data(Hex):99 Data(Dec):153 | Type:SDP
[Driver_1] ID:328 Name:pkt_1 | Src:0010 Tgt:1000 | Data(Hex):22 Data(Dec):34 | Type:SDP
[Checker] Predicted Drop: Packet ID 329 is INVALID (Src:0001 Tgt:1011). Ignoring.
[Driver_0] ID:329 Name:pkt_0 | Src:0001 Tgt:1011 | Data(Hex):b7 Data(Dec):183 | Type:MDP
[Checker] Predicted Drop: Packet ID 330 is INVALID (Src:0100 Tgt:1100). Ignoring.
[Driver_2] ID:330 Name:pkt_2 | Src:0100 Tgt:1100 | Data(Hex):47 Data(Dec):71 | Type:MDP
[Monitor_1] ID:331 Name:monitored | Src:1000 Tgt:0010 | Data(Hex):99 Data(Dec):153 | Type:SDP
[Monitor_3] ID:332 Name:monitored | Src:0010 Tgt:1000 | Data(Hex):22 Data(Dec):34 | Type:SDP
[Checker] Predicted Drop: Packet ID 333 is INVALID (Src:0001 Tgt:1001). Ignoring.
[Driver_0] ID:333 Name:pkt_0 | Src:0001 Tgt:1001 | Data(Hex):0a Data(Dec):10 | Type:MDP
[Checker] Predicted Drop: Packet ID 334 is INVALID (Src:0100 Tgt:1100). Ignoring.
[Driver_2] ID:334 Name:pkt_2 | Src:0100 Tgt:1100 | Data(Hex):04 Data(Dec):4 | Type:MDP
[Checker] Predicted Drop: Packet ID 335 is INVALID (Src:1000 Tgt:1010). Ignoring.
[Driver_3] ID:335 Name:pkt_3 | Src:1000 Tgt:1010 | Data(Hex):bc Data(Dec):188 | Type:MDP
[Driver_1] ID:336 Name:pkt_1 | Src:0010 Tgt:0101 | Data(Hex):8f Data(Dec):143 | Type:MDP
[Driver_0] ID:337 Name:pkt_0 | Src:0001 Tgt:1100 | Data(Hex):d8 Data(Dec):216 | Type:MDP
[Checker] Predicted Drop: Packet ID 338 is INVALID (Src:1000 Tgt:1101). Ignoring.
[Driver_3] ID:338 Name:pkt_3 | Src:1000 Tgt:1101 | Data(Hex):6d Data(Dec):109 | Type:MDP
[Driver_2] ID:339 Name:pkt_2 | Src:0100 Tgt:1000 | Data(Hex):96 Data(Dec):150 | Type:SDP
[Monitor_0] ID:340 Name:monitored | Src:0010 Tgt:0101 | Data(Hex):8f Data(Dec):143 | Type:MDP
[Monitor_2] ID:341 Name:monitored | Src:0010 Tgt:0101 | Data(Hex):8f Data(Dec):143 | Type:MDP
[Driver_1] ID:342 Name:pkt_1 | Src:0010 Tgt:1101 | Data(Hex):2c Data(Dec):44 | Type:MDP
[Checker] Predicted Drop: Packet ID 343 is INVALID (Src:1000 Tgt:1100). Ignoring.
[Driver_3] ID:343 Name:pkt_3 | Src:1000 Tgt:1100 | Data(Hex):14 Data(Dec):20 | Type:MDP
[Monitor_2] ID:344 Name:monitored | Src:0001 Tgt:1100 | Data(Hex):d8 Data(Dec):216 | Type:MDP
[Monitor_3] ID:345 Name:monitored | Src:0001 Tgt:1100 | Data(Hex):d8 Data(Dec):216 | Type:MDP
[Checker] Predicted Drop: Packet ID 346 is INVALID (Src:0100 Tgt:0000). Ignoring.
[Driver_2] ID:346 Name:pkt_2 | Src:0100 Tgt:0000 | Data(Hex):08 Data(Dec):8 | Type:ERR
[Monitor_3] ID:347 Name:monitored | Src:0100 Tgt:1000 | Data(Hex):96 Data(Dec):150 | Type:SDP
[Checker] Predicted Drop: Packet ID 348 is INVALID (Src:0001 Tgt:0011). Ignoring.
[Driver_0] ID:348 Name:pkt_0 | Src:0001 Tgt:0011 | Data(Hex):ca Data(Dec):202 | Type:MDP
[Monitor_0] ID:349 Name:monitored | Src:0010 Tgt:1101 | Data(Hex):2c Data(Dec):44 | Type:MDP
[Monitor_2] ID:350 Name:monitored | Src:0010 Tgt:1101 | Data(Hex):2c Data(Dec):44 | Type:MDP
[Monitor_3] ID:351 Name:monitored | Src:0010 Tgt:1101 | Data(Hex):2c Data(Dec):44 | Type:MDP
[Checker] Predicted Drop: Packet ID 352 is INVALID (Src:1000 Tgt:1100). Ignoring.
[Driver_3] ID:352 Name:pkt_3 | Src:1000 Tgt:1100 | Data(Hex):d1 Data(Dec):209 | Type:MDP
[Driver_2] ID:353 Name:pkt_2 | Src:0100 Tgt:1001 | Data(Hex):87 Data(Dec):135 | Type:MDP
[Driver_3] ID:354 Name:pkt_3 | Src:1000 Tgt:0001 | Data(Hex):14 Data(Dec):20 | Type:SDP
[Driver_1] ID:355 Name:pkt_1 | Src:0010 Tgt:0101 | Data(Hex):08 Data(Dec):8 | Type:MDP
[Driver_0] ID:356 Name:pkt_0 | Src:0001 Tgt:0010 | Data(Hex):71 Data(Dec):113 | Type:SDP
[Checker] Predicted Drop: Packet ID 357 is INVALID (Src:1000 Tgt:1000). Ignoring.
[Driver_3] ID:357 Name:pkt_3 | Src:1000 Tgt:1000 | Data(Hex):06 Data(Dec):6 | Type:SDP
[Monitor_0] ID:358 Name:monitored | Src:0100 Tgt:1001 | Data(Hex):87 Data(Dec):135 | Type:MDP
[Monitor_3] ID:359 Name:monitored | Src:0100 Tgt:1001 | Data(Hex):87 Data(Dec):135 | Type:MDP
[Monitor_0] ID:360 Name:monitored | Src:1000 Tgt:0001 | Data(Hex):14 Data(Dec):20 | Type:SDP
[Monitor_0] ID:361 Name:monitored | Src:0010 Tgt:0101 | Data(Hex):08 Data(Dec):8 | Type:MDP
[Monitor_2] ID:362 Name:monitored | Src:0010 Tgt:0101 | Data(Hex):08 Data(Dec):8 | Type:MDP
[Monitor_1] ID:363 Name:monitored | Src:0001 Tgt:0010 | Data(Hex):71 Data(Dec):113 | Type:SDP
[Driver_0] ID:364 Name:pkt_0 | Src:0001 Tgt:1111 | Data(Hex):ce Data(Dec):206 | Type:BDP
[Driver_2] ID:365 Name:pkt_2 | Src:0100 Tgt:1001 | Data(Hex):fd Data(Dec):253 | Type:MDP
[Checker] Predicted Drop: Packet ID 366 is INVALID (Src:0010 Tgt:0010). Ignoring.
[Driver_1] ID:366 Name:pkt_1 | Src:0010 Tgt:0010 | Data(Hex):72 Data(Dec):114 | Type:SDP
[Monitor_0] ID:367 Name:monitored | Src:0001 Tgt:1111 | Data(Hex):ce Data(Dec):206 | Type:BDP
[Monitor_1] ID:368 Name:monitored | Src:0001 Tgt:1111 | Data(Hex):ce Data(Dec):206 | Type:BDP
[Monitor_2] ID:369 Name:monitored | Src:0001 Tgt:1111 | Data(Hex):ce Data(Dec):206 | Type:BDP
[Monitor_3] ID:370 Name:monitored | Src:0001 Tgt:1111 | Data(Hex):ce Data(Dec):206 | Type:BDP
[Monitor_0] ID:371 Name:monitored | Src:0100 Tgt:1001 | Data(Hex):fd Data(Dec):253 | Type:MDP
[Monitor_3] ID:372 Name:monitored | Src:0100 Tgt:1001 | Data(Hex):fd Data(Dec):253 | Type:MDP
[Driver_3] ID:373 Name:pkt_3 | Src:1000 Tgt:0010 | Data(Hex):e7 Data(Dec):231 | Type:SDP
[Driver_2] ID:374 Name:pkt_2 | Src:0100 Tgt:0001 | Data(Hex):87 Data(Dec):135 | Type:SDP
[Checker] Predicted Drop: Packet ID 375 is INVALID (Src:0001 Tgt:0000). Ignoring.
[Driver_0] ID:375 Name:pkt_0 | Src:0001 Tgt:0000 | Data(Hex):e5 Data(Dec):229 | Type:ERR
[Monitor_1] ID:376 Name:monitored | Src:1000 Tgt:0010 | Data(Hex):e7 Data(Dec):231 | Type:SDP
[Monitor_0] ID:377 Name:monitored | Src:0100 Tgt:0001 | Data(Hex):87 Data(Dec):135 | Type:SDP
[Driver_1] ID:378 Name:pkt_1 | Src:0010 Tgt:1101 | Data(Hex):c7 Data(Dec):199 | Type:MDP
[Driver_3] ID:379 Name:pkt_3 | Src:1000 Tgt:0110 | Data(Hex):d4 Data(Dec):212 | Type:MDP
[Driver_2] ID:380 Name:pkt_2 | Src:0100 Tgt:1010 | Data(Hex):16 Data(Dec):22 | Type:MDP
[Driver_1] ID:381 Name:pkt_1 | Src:0010 Tgt:1111 | Data(Hex):0d Data(Dec):13 | Type:BDP
[Monitor_0] ID:382 Name:monitored | Src:0010 Tgt:1101 | Data(Hex):c7 Data(Dec):199 | Type:MDP
[Monitor_2] ID:383 Name:monitored | Src:0010 Tgt:1101 | Data(Hex):c7 Data(Dec):199 | Type:MDP
[Monitor_3] ID:384 Name:monitored | Src:0010 Tgt:1101 | Data(Hex):c7 Data(Dec):199 | Type:MDP
[Driver_0] ID:385 Name:pkt_0 | Src:0001 Tgt:1100 | Data(Hex):09 Data(Dec):9 | Type:MDP
[Monitor_1] ID:386 Name:monitored | Src:0100 Tgt:1010 | Data(Hex):16 Data(Dec):22 | Type:MDP
[Monitor_3] ID:387 Name:monitored | Src:0100 Tgt:1010 | Data(Hex):16 Data(Dec):22 | Type:MDP
[Driver_3] ID:388 Name:pkt_3 | Src:1000 Tgt:0101 | Data(Hex):39 Data(Dec):57 | Type:MDP
[Monitor_1] ID:389 Name:monitored | Src:1000 Tgt:0110 | Data(Hex):d4 Data(Dec):212 | Type:MDP
[Monitor_2] ID:390 Name:monitored | Src:1000 Tgt:0110 | Data(Hex):d4 Data(Dec):212 | Type:MDP
[Driver_2] ID:391 Name:pkt_2 | Src:0100 Tgt:1011 | Data(Hex):a3 Data(Dec):163 | Type:MDP
[Monitor_0] ID:392 Name:monitored | Src:0010 Tgt:1111 | Data(Hex):0d Data(Dec):13 | Type:BDP
[Monitor_1] ID:393 Name:monitored | Src:0010 Tgt:1111 | Data(Hex):0d Data(Dec):13 | Type:BDP
[Monitor_2] ID:394 Name:monitored | Src:0010 Tgt:1111 | Data(Hex):0d Data(Dec):13 | Type:BDP
[Monitor_3] ID:395 Name:monitored | Src:0010 Tgt:1111 | Data(Hex):0d Data(Dec):13 | Type:BDP
[Monitor_2] ID:396 Name:monitored | Src:0001 Tgt:1100 | Data(Hex):09 Data(Dec):9 | Type:MDP
[Monitor_3] ID:397 Name:monitored | Src:0001 Tgt:1100 | Data(Hex):09 Data(Dec):9 | Type:MDP
[Monitor_0] ID:398 Name:monitored | Src:0100 Tgt:1011 | Data(Hex):a3 Data(Dec):163 | Type:MDP
[Monitor_1] ID:399 Name:monitored | Src:0100 Tgt:1011 | Data(Hex):a3 Data(Dec):163 | Type:MDP
[Monitor_3] ID:400 Name:monitored | Src:0100 Tgt:1011 | Data(Hex):a3 Data(Dec):163 | Type:MDP
[Monitor_0] ID:401 Name:monitored | Src:1000 Tgt:0101 | Data(Hex):39 Data(Dec):57 | Type:MDP
[Monitor_2] ID:402 Name:monitored | Src:1000 Tgt:0101 | Data(Hex):39 Data(Dec):57 | Type:MDP
[Driver_1] ID:403 Name:pkt_1 | Src:0010 Tgt:1101 | Data(Hex):bf Data(Dec):191 | Type:MDP
[Checker] Predicted Drop: Packet ID 404 is INVALID (Src:0100 Tgt:0000). Ignoring.
[Driver_2] ID:404 Name:pkt_2 | Src:0100 Tgt:0000 | Data(Hex):f5 Data(Dec):245 | Type:ERR
[Checker] Predicted Drop: Packet ID 405 is INVALID (Src:1000 Tgt:1100). Ignoring.
[Driver_3] ID:405 Name:pkt_3 | Src:1000 Tgt:1100 | Data(Hex):14 Data(Dec):20 | Type:MDP
[Driver_0] ID:406 Name:pkt_0 | Src:0001 Tgt:1110 | Data(Hex):e0 Data(Dec):224 | Type:MDP
[Monitor_0] ID:407 Name:monitored | Src:0010 Tgt:1101 | Data(Hex):bf Data(Dec):191 | Type:MDP
[Monitor_2] ID:408 Name:monitored | Src:0010 Tgt:1101 | Data(Hex):bf Data(Dec):191 | Type:MDP
[Monitor_3] ID:409 Name:monitored | Src:0010 Tgt:1101 | Data(Hex):bf Data(Dec):191 | Type:MDP
[Checker] Predicted Drop: Packet ID 410 is INVALID (Src:0001 Tgt:0101). Ignoring.
[Driver_0] ID:410 Name:pkt_0 | Src:0001 Tgt:0101 | Data(Hex):68 Data(Dec):104 | Type:MDP
[Monitor_1] ID:411 Name:monitored | Src:0001 Tgt:1110 | Data(Hex):e0 Data(Dec):224 | Type:MDP
[Monitor_2] ID:412 Name:monitored | Src:0001 Tgt:1110 | Data(Hex):e0 Data(Dec):224 | Type:MDP
[Monitor_3] ID:413 Name:monitored | Src:0001 Tgt:1110 | Data(Hex):e0 Data(Dec):224 | Type:MDP
[Checker] Predicted Drop: Packet ID 414 is INVALID (Src:0010 Tgt:1011). Ignoring.
[Driver_1] ID:414 Name:pkt_1 | Src:0010 Tgt:1011 | Data(Hex):f5 Data(Dec):245 | Type:MDP
[Driver_3] ID:415 Name:pkt_3 | Src:1000 Tgt:0101 | Data(Hex):2e Data(Dec):46 | Type:MDP
[Checker] Predicted Drop: Packet ID 416 is INVALID (Src:0100 Tgt:1101). Ignoring.
[Driver_2] ID:416 Name:pkt_2 | Src:0100 Tgt:1101 | Data(Hex):67 Data(Dec):103 | Type:MDP
[Monitor_0] ID:417 Name:monitored | Src:1000 Tgt:0101 | Data(Hex):2e Data(Dec):46 | Type:MDP
[Monitor_2] ID:418 Name:monitored | Src:1000 Tgt:0101 | Data(Hex):2e Data(Dec):46 | Type:MDP
[Checker] Predicted Drop: Packet ID 419 is INVALID (Src:0001 Tgt:0101). Ignoring.
[Driver_0] ID:419 Name:pkt_0 | Src:0001 Tgt:0101 | Data(Hex):af Data(Dec):175 | Type:MDP
[Driver_3] ID:420 Name:pkt_3 | Src:1000 Tgt:0110 | Data(Hex):20 Data(Dec):32 | Type:MDP
[Checker] Predicted Drop: Packet ID 421 is INVALID (Src:0010 Tgt:0010). Ignoring.
[Driver_1] ID:421 Name:pkt_1 | Src:0010 Tgt:0010 | Data(Hex):44 Data(Dec):68 | Type:SDP
[Driver_2] ID:422 Name:pkt_2 | Src:0100 Tgt:1001 | Data(Hex):0b Data(Dec):11 | Type:MDP
[Driver_0] ID:423 Name:pkt_0 | Src:0001 Tgt:0010 | Data(Hex):14 Data(Dec):20 | Type:SDP
[Monitor_1] ID:424 Name:monitored | Src:1000 Tgt:0110 | Data(Hex):20 Data(Dec):32 | Type:MDP
[Monitor_2] ID:425 Name:monitored | Src:1000 Tgt:0110 | Data(Hex):20 Data(Dec):32 | Type:MDP
[Monitor_0] ID:426 Name:monitored | Src:0100 Tgt:1001 | Data(Hex):0b Data(Dec):11 | Type:MDP
[Monitor_3] ID:427 Name:monitored | Src:0100 Tgt:1001 | Data(Hex):0b Data(Dec):11 | Type:MDP
[Driver_0] ID:428 Name:pkt_0 | Src:0001 Tgt:1100 | Data(Hex):eb Data(Dec):235 | Type:MDP
[Monitor_1] ID:429 Name:monitored | Src:0001 Tgt:0010 | Data(Hex):14 Data(Dec):20 | Type:SDP
[Checker] Predicted Drop: Packet ID 430 is INVALID (Src:0010 Tgt:0010). Ignoring.
[Driver_1] ID:430 Name:pkt_1 | Src:0010 Tgt:0010 | Data(Hex):de Data(Dec):222 | Type:SDP
[Driver_3] ID:431 Name:pkt_3 | Src:1000 Tgt:0011 | Data(Hex):9d Data(Dec):157 | Type:MDP
[Driver_2] ID:432 Name:pkt_2 | Src:0100 Tgt:1010 | Data(Hex):51 Data(Dec):81 | Type:MDP
[Monitor_2] ID:433 Name:monitored | Src:0001 Tgt:1100 | Data(Hex):eb Data(Dec):235 | Type:MDP
[Monitor_3] ID:434 Name:monitored | Src:0001 Tgt:1100 | Data(Hex):eb Data(Dec):235 | Type:MDP
[Driver_1] ID:435 Name:pkt_1 | Src:0010 Tgt:0001 | Data(Hex):41 Data(Dec):65 | Type:SDP
[Monitor_0] ID:436 Name:monitored | Src:1000 Tgt:0011 | Data(Hex):9d Data(Dec):157 | Type:MDP
[Monitor_1] ID:437 Name:monitored | Src:1000 Tgt:0011 | Data(Hex):9d Data(Dec):157 | Type:MDP
[Monitor_1] ID:438 Name:monitored | Src:0100 Tgt:1010 | Data(Hex):51 Data(Dec):81 | Type:MDP
[Monitor_3] ID:439 Name:monitored | Src:0100 Tgt:1010 | Data(Hex):51 Data(Dec):81 | Type:MDP
[Driver_0] ID:440 Name:pkt_0 | Src:0001 Tgt:1010 | Data(Hex):83 Data(Dec):131 | Type:MDP
[Monitor_0] ID:441 Name:monitored | Src:0010 Tgt:0001 | Data(Hex):41 Data(Dec):65 | Type:SDP
[Checker] Predicted Drop: Packet ID 442 is INVALID (Src:0100 Tgt:0101). Ignoring.
[Driver_2] ID:442 Name:pkt_2 | Src:0100 Tgt:0101 | Data(Hex):2b Data(Dec):43 | Type:MDP
[Driver_3] ID:443 Name:pkt_3 | Src:1000 Tgt:0110 | Data(Hex):a1 Data(Dec):161 | Type:MDP
[Driver_1] ID:444 Name:pkt_1 | Src:0010 Tgt:1100 | Data(Hex):a6 Data(Dec):166 | Type:MDP
[Monitor_1] ID:445 Name:monitored | Src:0001 Tgt:1010 | Data(Hex):83 Data(Dec):131 | Type:MDP
[Monitor_3] ID:446 Name:monitored | Src:0001 Tgt:1010 | Data(Hex):83 Data(Dec):131 | Type:MDP
[Checker] Predicted Drop: Packet ID 447 is INVALID (Src:0001 Tgt:0000). Ignoring.
[Driver_0] ID:447 Name:pkt_0 | Src:0001 Tgt:0000 | Data(Hex):b8 Data(Dec):184 | Type:ERR
[Driver_2] ID:448 Name:pkt_2 | Src:0100 Tgt:0010 | Data(Hex):03 Data(Dec):3 | Type:SDP
[Monitor_1] ID:449 Name:monitored | Src:1000 Tgt:0110 | Data(Hex):a1 Data(Dec):161 | Type:MDP
[Monitor_2] ID:450 Name:monitored | Src:1000 Tgt:0110 | Data(Hex):a1 Data(Dec):161 | Type:MDP
[Monitor_2] ID:451 Name:monitored | Src:0010 Tgt:1100 | Data(Hex):a6 Data(Dec):166 | Type:MDP
[Monitor_3] ID:452 Name:monitored | Src:0010 Tgt:1100 | Data(Hex):a6 Data(Dec):166 | Type:MDP
[Checker] Predicted Drop: Packet ID 453 is INVALID (Src:0100 Tgt:0100). Ignoring.
[Driver_2] ID:453 Name:pkt_2 | Src:0100 Tgt:0100 | Data(Hex):86 Data(Dec):134 | Type:SDP
[Driver_1] ID:454 Name:pkt_1 | Src:0010 Tgt:0001 | Data(Hex):b0 Data(Dec):176 | Type:SDP
[Monitor_1] ID:455 Name:monitored | Src:0100 Tgt:0010 | Data(Hex):03 Data(Dec):3 | Type:SDP
[Driver_0] ID:456 Name:pkt_0 | Src:0001 Tgt:0110 | Data(Hex):dc Data(Dec):220 | Type:MDP
[Driver_3] ID:457 Name:pkt_3 | Src:1000 Tgt:0111 | Data(Hex):be Data(Dec):190 | Type:MDP
[Monitor_0] ID:458 Name:monitored | Src:0010 Tgt:0001 | Data(Hex):b0 Data(Dec):176 | Type:SDP
[Driver_1] ID:459 Name:pkt_1 | Src:0010 Tgt:0101 | Data(Hex):01 Data(Dec):1 | Type:MDP
[Driver_2] ID:460 Name:pkt_2 | Src:0100 Tgt:1111 | Data(Hex):ea Data(Dec):234 | Type:BDP
[Monitor_0] ID:461 Name:monitored | Src:1000 Tgt:0111 | Data(Hex):be Data(Dec):190 | Type:MDP
[Monitor_1] ID:462 Name:monitored | Src:1000 Tgt:0111 | Data(Hex):be Data(Dec):190 | Type:MDP
[Monitor_2] ID:463 Name:monitored | Src:1000 Tgt:0111 | Data(Hex):be Data(Dec):190 | Type:MDP
[Monitor_1] ID:464 Name:monitored | Src:0001 Tgt:0110 | Data(Hex):dc Data(Dec):220 | Type:MDP
[Monitor_2] ID:465 Name:monitored | Src:0001 Tgt:0110 | Data(Hex):dc Data(Dec):220 | Type:MDP
[Monitor_0] ID:466 Name:monitored | Src:0010 Tgt:0101 | Data(Hex):01 Data(Dec):1 | Type:MDP
[Monitor_2] ID:467 Name:monitored | Src:0010 Tgt:0101 | Data(Hex):01 Data(Dec):1 | Type:MDP
[Checker] Predicted Drop: Packet ID 468 is INVALID (Src:0001 Tgt:1001). Ignoring.
[Driver_0] ID:468 Name:pkt_0 | Src:0001 Tgt:1001 | Data(Hex):5d Data(Dec):93 | Type:MDP
[Monitor_0] ID:469 Name:monitored | Src:0100 Tgt:1111 | Data(Hex):ea Data(Dec):234 | Type:BDP
[Monitor_1] ID:470 Name:monitored | Src:0100 Tgt:1111 | Data(Hex):ea Data(Dec):234 | Type:BDP
[Monitor_2] ID:471 Name:monitored | Src:0100 Tgt:1111 | Data(Hex):ea Data(Dec):234 | Type:BDP
[Monitor_3] ID:472 Name:monitored | Src:0100 Tgt:1111 | Data(Hex):ea Data(Dec):234 | Type:BDP
[Driver_3] ID:473 Name:pkt_3 | Src:1000 Tgt:1111 | Data(Hex):ad Data(Dec):173 | Type:BDP
[Driver_1] ID:474 Name:pkt_1 | Src:0010 Tgt:1101 | Data(Hex):ca Data(Dec):202 | Type:MDP
[Checker] Predicted Drop: Packet ID 475 is INVALID (Src:0100 Tgt:0100). Ignoring.
[Driver_2] ID:475 Name:pkt_2 | Src:0100 Tgt:0100 | Data(Hex):83 Data(Dec):131 | Type:SDP
[Monitor_0] ID:476 Name:monitored | Src:1000 Tgt:1111 | Data(Hex):ad Data(Dec):173 | Type:BDP
[Monitor_1] ID:477 Name:monitored | Src:1000 Tgt:1111 | Data(Hex):ad Data(Dec):173 | Type:BDP
[Monitor_2] ID:478 Name:monitored | Src:1000 Tgt:1111 | Data(Hex):ad Data(Dec):173 | Type:BDP
[Monitor_3] ID:479 Name:monitored | Src:1000 Tgt:1111 | Data(Hex):ad Data(Dec):173 | Type:BDP
[Checker] Predicted Drop: Packet ID 480 is INVALID (Src:0001 Tgt:1101). Ignoring.
[Driver_0] ID:480 Name:pkt_0 | Src:0001 Tgt:1101 | Data(Hex):80 Data(Dec):128 | Type:MDP
[Monitor_0] ID:481 Name:monitored | Src:0010 Tgt:1101 | Data(Hex):ca Data(Dec):202 | Type:MDP
[Monitor_2] ID:482 Name:monitored | Src:0010 Tgt:1101 | Data(Hex):ca Data(Dec):202 | Type:MDP
[Monitor_3] ID:483 Name:monitored | Src:0010 Tgt:1101 | Data(Hex):ca Data(Dec):202 | Type:MDP
[Checker] Predicted Drop: Packet ID 484 is INVALID (Src:1000 Tgt:1110). Ignoring.
[Driver_3] ID:484 Name:pkt_3 | Src:1000 Tgt:1110 | Data(Hex):3b Data(Dec):59 | Type:MDP
[Checker] Predicted Drop: Packet ID 485 is INVALID (Src:0010 Tgt:0000). Ignoring.
[Driver_1] ID:485 Name:pkt_1 | Src:0010 Tgt:0000 | Data(Hex):98 Data(Dec):152 | Type:ERR
[Checker] Predicted Drop: Packet ID 486 is INVALID (Src:0001 Tgt:1101). Ignoring.
[Driver_0] ID:486 Name:pkt_0 | Src:0001 Tgt:1101 | Data(Hex):55 Data(Dec):85 | Type:MDP
[Checker] Predicted Drop: Packet ID 487 is INVALID (Src:0010 Tgt:1110). Ignoring.
[Driver_1] ID:487 Name:pkt_1 | Src:0010 Tgt:1110 | Data(Hex):52 Data(Dec):82 | Type:MDP
[Driver_0] ID:488 Name:pkt_0 | Src:0001 Tgt:1010 | Data(Hex):cd Data(Dec):205 | Type:MDP
[Monitor_1] ID:489 Name:monitored | Src:0001 Tgt:1010 | Data(Hex):cd Data(Dec):205 | Type:MDP
[Monitor_3] ID:490 Name:monitored | Src:0001 Tgt:1010 | Data(Hex):cd Data(Dec):205 | Type:MDP
[Driver_1] ID:491 Name:pkt_1 | Src:0010 Tgt:1111 | Data(Hex):d7 Data(Dec):215 | Type:BDP
[Monitor_0] ID:492 Name:monitored | Src:0010 Tgt:1111 | Data(Hex):d7 Data(Dec):215 | Type:BDP
[Monitor_1] ID:493 Name:monitored | Src:0010 Tgt:1111 | Data(Hex):d7 Data(Dec):215 | Type:BDP
[Monitor_2] ID:494 Name:monitored | Src:0010 Tgt:1111 | Data(Hex):d7 Data(Dec):215 | Type:BDP
[Monitor_3] ID:495 Name:monitored | Src:0010 Tgt:1111 | Data(Hex):d7 Data(Dec):215 | Type:BDP
[Checker] Predicted Drop: Packet ID 496 is INVALID (Src:0010 Tgt:0111). Ignoring.
[Driver_1] ID:496 Name:pkt_1 | Src:0010 Tgt:0111 | Data(Hex):c4 Data(Dec):196 | Type:MDP
--- Sequencers Done. Waiting for Drivers to drain... ---
--- Drivers Done. Waiting for Switch to drain... ---

=========================================
 INTEGRITY REPORT
 1. Total Pending (Checker):  0
 2. Input Rejections (FIFO):  0
 -----------------------------------------
 3. INTERNAL LOSS:            0
=========================================

[TEST] PASSED: All accepted packets were delivered.

=========================================
 HARDWARE STATE INSPECTION

=========================================
 FUNCTIONAL COVERAGE RESULTS
=========================================
--- PORT 0 ---
  TOTAL (Valid): 98.75 %
  - Types:       100.00 %
  - Sources:     100.00 %
  - Targets:     100.00 %
  - Type x Src:  100.00 %
  - ROUTING:     93.75 %
--- PORT 1 ---
  TOTAL (Valid): 100.00 %
  - Types:       100.00 %
  - Sources:     100.00 %
  - Targets:     100.00 %
  - Type x Src:  100.00 %
  - ROUTING:     100.00 %
--- PORT 2 ---
  TOTAL (Valid): 100.00 %
  - Types:       100.00 %
  - Sources:     100.00 %
  - Targets:     100.00 %
  - Type x Src:  100.00 %
  - ROUTING:     100.00 %
--- PORT 3 ---
  TOTAL (Valid): 98.75 %
  - Types:       100.00 %
  - Sources:     100.00 %
  - Targets:     100.00 %
  - Type x Src:  100.00 %
  - ROUTING:     93.75 %
=========================================


=========================================
 DETAILED LOST PACKET REPORT
=========================================

=========================================
 CHECKER SUMMARY (Integrity Check)
-----------------------------------------
 Matches (Delivered):     257
 Mismatches (Corrupt):    0
 Total Pending (Missing): 0
-----------------------------------------
 BREAKDOWN OF MISSING PACKETS:
 (-) Valid HW Drops (FIFO Full): 0
 (=) INTERNAL LOSS (BUGS):       0
=========================================

TEST PASSED: Perfect transmission (0 drops, 0 loss).
$finish called from file "../verification/switch_test.sv", line 288.
$finish at simulation time            181750000

---------------------------------------------------------------------------
VCS Coverage Metrics: during simulation line, cond, FSM, branch, tgl was monitored
---------------------------------------------------------------------------
           V C S   S i m u l a t i o n   R e p o r t 
Time: 18175000000 fs
CPU Time:      0.250 seconds;       Data structure size:   1.3Mb
Fri Jan  9 00:41:55 2026
