Command: /project/verif/users/arielt/ws/ex_vlsi_switch_project_ariel/Synt/./simv +vcs+initreg+1 +ntb_random_seed_automatic +ERR_PKT -cm line+cond+fsm+branch+tgl -cm_dir ./cov_work/gls_simv.vdb -cm_name gls_final_submission -l gls_final.log +no_notifier
Chronologic VCS simulator copyright 1991-2025
Contains Synopsys proprietary information.
Compiler version X-2025.06-1_Full64; Runtime version X-2025.06-1_Full64;  Jan  8 23:32 2026
NOTE: automatic random seed used: 3283960151
Doing SDF annotation ...... Done
Loading SDF Delays from switch_4port.sdf...
--- Starting Simulation (Driver-Driven) ---
Number of packets about to be generated at each port:  60
[Checker] Predicted Drop: Packet ID 0 is INVALID (Src:0001 Tgt:1001). Ignoring.
[Driver_0] ID:0 Name:pkt_0 | Src:0001 Tgt:1001 | Data(Hex):57 Data(Dec):87 | Type:MDP
[Driver_1] ID:1 Name:pkt_1 | Src:0010 Tgt:1101 | Data(Hex):a7 Data(Dec):167 | Type:MDP
[Driver_2] ID:2 Name:pkt_2 | Src:0100 Tgt:1010 | Data(Hex):1f Data(Dec):31 | Type:MDP
[Checker] Predicted Drop: Packet ID 3 is INVALID (Src:1000 Tgt:1100). Ignoring.
[Driver_3] ID:3 Name:pkt_3 | Src:1000 Tgt:1100 | Data(Hex):eb Data(Dec):235 | Type:MDP
[Checker] Predicted Drop: Packet ID 4 is INVALID (Src:0100 Tgt:1101). Ignoring.
[Driver_2] ID:4 Name:pkt_2 | Src:0100 Tgt:1101 | Data(Hex):95 Data(Dec):149 | Type:MDP
[Driver_3] ID:5 Name:pkt_3 | Src:1000 Tgt:0011 | Data(Hex):ae Data(Dec):174 | Type:MDP
[Driver_1] ID:6 Name:pkt_1 | Src:0010 Tgt:0001 | Data(Hex):91 Data(Dec):145 | Type:SDP
[Checker] Predicted Drop: Packet ID 7 is INVALID (Src:0001 Tgt:0000). Ignoring.
[Driver_0] ID:7 Name:pkt_0 | Src:0001 Tgt:0000 | Data(Hex):22 Data(Dec):34 | Type:ERR
[Checker] Predicted Drop: Packet ID 8 is INVALID (Src:1000 Tgt:1001). Ignoring.
[Driver_3] ID:8 Name:pkt_3 | Src:1000 Tgt:1001 | Data(Hex):71 Data(Dec):113 | Type:MDP
[Driver_0] ID:9 Name:pkt_0 | Src:0001 Tgt:1100 | Data(Hex):f3 Data(Dec):243 | Type:MDP
[Driver_2] ID:10 Name:pkt_2 | Src:0100 Tgt:1111 | Data(Hex):a3 Data(Dec):163 | Type:BDP
[Driver_0] ID:11 Name:pkt_0 | Src:0001 Tgt:1110 | Data(Hex):f4 Data(Dec):244 | Type:MDP
[Checker] Predicted Drop: Packet ID 12 is INVALID (Src:0010 Tgt:1010). Ignoring.
[Driver_1] ID:12 Name:pkt_1 | Src:0010 Tgt:1010 | Data(Hex):e9 Data(Dec):233 | Type:MDP
[Monitor_0] ID:13 Name:monitored | Src:0010 Tgt:1101 | Data(Hex):a7 Data(Dec):167 | Type:MDP
[Monitor_2] ID:14 Name:monitored | Src:0010 Tgt:1101 | Data(Hex):a7 Data(Dec):167 | Type:MDP
[Monitor_3] ID:15 Name:monitored | Src:0010 Tgt:1101 | Data(Hex):a7 Data(Dec):167 | Type:MDP
[Monitor_1] ID:16 Name:monitored | Src:0100 Tgt:1010 | Data(Hex):1f Data(Dec):31 | Type:MDP
[Monitor_3] ID:17 Name:monitored | Src:0100 Tgt:1010 | Data(Hex):1f Data(Dec):31 | Type:MDP
[Monitor_0] ID:18 Name:monitored | Src:1000 Tgt:0011 | Data(Hex):ae Data(Dec):174 | Type:MDP
[Monitor_1] ID:19 Name:monitored | Src:1000 Tgt:0011 | Data(Hex):ae Data(Dec):174 | Type:MDP
[Monitor_2] ID:20 Name:monitored | Src:0001 Tgt:1100 | Data(Hex):f3 Data(Dec):243 | Type:MDP
[Monitor_3] ID:21 Name:monitored | Src:0001 Tgt:1100 | Data(Hex):f3 Data(Dec):243 | Type:MDP
[Monitor_0] ID:22 Name:monitored | Src:0010 Tgt:0001 | Data(Hex):91 Data(Dec):145 | Type:SDP
[Driver_3] ID:23 Name:pkt_3 | Src:1000 Tgt:0100 | Data(Hex):97 Data(Dec):151 | Type:SDP
[Monitor_0] ID:24 Name:monitored | Src:0100 Tgt:1111 | Data(Hex):a3 Data(Dec):163 | Type:BDP
[Monitor_1] ID:25 Name:monitored | Src:0100 Tgt:1111 | Data(Hex):a3 Data(Dec):163 | Type:BDP
[Monitor_2] ID:26 Name:monitored | Src:0100 Tgt:1111 | Data(Hex):a3 Data(Dec):163 | Type:BDP
[Monitor_3] ID:27 Name:monitored | Src:0100 Tgt:1111 | Data(Hex):a3 Data(Dec):163 | Type:BDP
[Monitor_1] ID:28 Name:monitored | Src:0001 Tgt:1110 | Data(Hex):f4 Data(Dec):244 | Type:MDP
[Monitor_2] ID:29 Name:monitored | Src:0001 Tgt:1110 | Data(Hex):f4 Data(Dec):244 | Type:MDP
[Monitor_3] ID:30 Name:monitored | Src:0001 Tgt:1110 | Data(Hex):f4 Data(Dec):244 | Type:MDP
[Driver_2] ID:31 Name:pkt_2 | Src:0100 Tgt:1001 | Data(Hex):40 Data(Dec):64 | Type:MDP
[Checker] Predicted Drop: Packet ID 32 is INVALID (Src:0001 Tgt:0011). Ignoring.
[Driver_0] ID:32 Name:pkt_0 | Src:0001 Tgt:0011 | Data(Hex):51 Data(Dec):81 | Type:MDP
[Monitor_2] ID:33 Name:monitored | Src:1000 Tgt:0100 | Data(Hex):97 Data(Dec):151 | Type:SDP
[Driver_3] ID:34 Name:pkt_3 | Src:1000 Tgt:0110 | Data(Hex):22 Data(Dec):34 | Type:MDP
[Driver_1] ID:35 Name:pkt_1 | Src:0010 Tgt:0101 | Data(Hex):0f Data(Dec):15 | Type:MDP
[Monitor_0] ID:36 Name:monitored | Src:0100 Tgt:1001 | Data(Hex):40 Data(Dec):64 | Type:MDP
[Monitor_3] ID:37 Name:monitored | Src:0100 Tgt:1001 | Data(Hex):40 Data(Dec):64 | Type:MDP
[Driver_0] ID:38 Name:pkt_0 | Src:0001 Tgt:1010 | Data(Hex):39 Data(Dec):57 | Type:MDP
[Checker] Predicted Drop: Packet ID 39 is INVALID (Src:1000 Tgt:1011). Ignoring.
[Driver_3] ID:39 Name:pkt_3 | Src:1000 Tgt:1011 | Data(Hex):5b Data(Dec):91 | Type:MDP
[Monitor_1] ID:40 Name:monitored | Src:1000 Tgt:0110 | Data(Hex):22 Data(Dec):34 | Type:MDP
[Monitor_2] ID:41 Name:monitored | Src:1000 Tgt:0110 | Data(Hex):22 Data(Dec):34 | Type:MDP
[Monitor_0] ID:42 Name:monitored | Src:0010 Tgt:0101 | Data(Hex):0f Data(Dec):15 | Type:MDP
[Monitor_2] ID:43 Name:monitored | Src:0010 Tgt:0101 | Data(Hex):0f Data(Dec):15 | Type:MDP
[Driver_2] ID:44 Name:pkt_2 | Src:0100 Tgt:0001 | Data(Hex):45 Data(Dec):69 | Type:SDP
[Monitor_1] ID:45 Name:monitored | Src:0001 Tgt:1010 | Data(Hex):39 Data(Dec):57 | Type:MDP
[Monitor_3] ID:46 Name:monitored | Src:0001 Tgt:1010 | Data(Hex):39 Data(Dec):57 | Type:MDP
[Checker] Predicted Drop: Packet ID 47 is INVALID (Src:0010 Tgt:0110). Ignoring.
[Driver_1] ID:47 Name:pkt_1 | Src:0010 Tgt:0110 | Data(Hex):f7 Data(Dec):247 | Type:MDP
[Driver_3] ID:48 Name:pkt_3 | Src:1000 Tgt:0100 | Data(Hex):86 Data(Dec):134 | Type:SDP
[Monitor_0] ID:49 Name:monitored | Src:0100 Tgt:0001 | Data(Hex):45 Data(Dec):69 | Type:SDP
[Checker] Predicted Drop: Packet ID 50 is INVALID (Src:0001 Tgt:1001). Ignoring.
[Driver_0] ID:50 Name:pkt_0 | Src:0001 Tgt:1001 | Data(Hex):c3 Data(Dec):195 | Type:MDP
[Driver_2] ID:51 Name:pkt_2 | Src:0100 Tgt:1010 | Data(Hex):2f Data(Dec):47 | Type:MDP
[Checker] Predicted Drop: Packet ID 52 is INVALID (Src:1000 Tgt:1100). Ignoring.
[Driver_3] ID:52 Name:pkt_3 | Src:1000 Tgt:1100 | Data(Hex):27 Data(Dec):39 | Type:MDP
[Checker] Predicted Drop: Packet ID 53 is INVALID (Src:0010 Tgt:0000). Ignoring.
[Driver_1] ID:53 Name:pkt_1 | Src:0010 Tgt:0000 | Data(Hex):57 Data(Dec):87 | Type:ERR
[Monitor_2] ID:54 Name:monitored | Src:1000 Tgt:0100 | Data(Hex):86 Data(Dec):134 | Type:SDP
[Driver_0] ID:55 Name:pkt_0 | Src:0001 Tgt:1000 | Data(Hex):54 Data(Dec):84 | Type:SDP
[Checker] Predicted Drop: Packet ID 56 is INVALID (Src:1000 Tgt:0000). Ignoring.
[Driver_3] ID:56 Name:pkt_3 | Src:1000 Tgt:0000 | Data(Hex):3f Data(Dec):63 | Type:ERR
[Monitor_1] ID:57 Name:monitored | Src:0100 Tgt:1010 | Data(Hex):2f Data(Dec):47 | Type:MDP
[Monitor_3] ID:58 Name:monitored | Src:0100 Tgt:1010 | Data(Hex):2f Data(Dec):47 | Type:MDP
[Driver_1] ID:59 Name:pkt_1 | Src:0010 Tgt:1000 | Data(Hex):23 Data(Dec):35 | Type:SDP
[Driver_2] ID:60 Name:pkt_2 | Src:0100 Tgt:0010 | Data(Hex):de Data(Dec):222 | Type:SDP
[Monitor_3] ID:61 Name:monitored | Src:0001 Tgt:1000 | Data(Hex):54 Data(Dec):84 | Type:SDP
[Driver_0] ID:62 Name:pkt_0 | Src:0001 Tgt:0100 | Data(Hex):bc Data(Dec):188 | Type:SDP
[Monitor_3] ID:63 Name:monitored | Src:0010 Tgt:1000 | Data(Hex):23 Data(Dec):35 | Type:SDP
[Driver_1] ID:64 Name:pkt_1 | Src:0010 Tgt:1100 | Data(Hex):b0 Data(Dec):176 | Type:MDP
[Monitor_1] ID:65 Name:monitored | Src:0100 Tgt:0010 | Data(Hex):de Data(Dec):222 | Type:SDP
[Monitor_2] ID:66 Name:monitored | Src:0001 Tgt:0100 | Data(Hex):bc Data(Dec):188 | Type:SDP
[Checker] Predicted Drop: Packet ID 67 is INVALID (Src:0010 Tgt:1011). Ignoring.
[Driver_1] ID:67 Name:pkt_1 | Src:0010 Tgt:1011 | Data(Hex):4e Data(Dec):78 | Type:MDP
[Checker] Predicted Drop: Packet ID 68 is INVALID (Src:1000 Tgt:1010). Ignoring.
[Driver_3] ID:68 Name:pkt_3 | Src:1000 Tgt:1010 | Data(Hex):63 Data(Dec):99 | Type:MDP
[Monitor_2] ID:69 Name:monitored | Src:0010 Tgt:1100 | Data(Hex):b0 Data(Dec):176 | Type:MDP
[Monitor_3] ID:70 Name:monitored | Src:0010 Tgt:1100 | Data(Hex):b0 Data(Dec):176 | Type:MDP
[Checker] Predicted Drop: Packet ID 71 is INVALID (Src:0001 Tgt:1101). Ignoring.
[Driver_0] ID:71 Name:pkt_0 | Src:0001 Tgt:1101 | Data(Hex):70 Data(Dec):112 | Type:MDP
[Driver_2] ID:72 Name:pkt_2 | Src:0100 Tgt:0011 | Data(Hex):f1 Data(Dec):241 | Type:MDP
[Monitor_0] ID:73 Name:monitored | Src:0100 Tgt:0011 | Data(Hex):f1 Data(Dec):241 | Type:MDP
[Monitor_1] ID:74 Name:monitored | Src:0100 Tgt:0011 | Data(Hex):f1 Data(Dec):241 | Type:MDP
[Checker] Predicted Drop: Packet ID 75 is INVALID (Src:0100 Tgt:1100). Ignoring.
[Driver_2] ID:75 Name:pkt_2 | Src:0100 Tgt:1100 | Data(Hex):51 Data(Dec):81 | Type:MDP
[Checker] Predicted Drop: Packet ID 76 is INVALID (Src:1000 Tgt:0000). Ignoring.
[Driver_3] ID:76 Name:pkt_3 | Src:1000 Tgt:0000 | Data(Hex):36 Data(Dec):54 | Type:ERR
[Checker] Predicted Drop: Packet ID 77 is INVALID (Src:0001 Tgt:1001). Ignoring.
[Driver_0] ID:77 Name:pkt_0 | Src:0001 Tgt:1001 | Data(Hex):80 Data(Dec):128 | Type:MDP
[Driver_1] ID:78 Name:pkt_1 | Src:0010 Tgt:0001 | Data(Hex):60 Data(Dec):96 | Type:SDP
[Checker] Predicted Drop: Packet ID 79 is INVALID (Src:0001 Tgt:0011). Ignoring.
[Driver_0] ID:79 Name:pkt_0 | Src:0001 Tgt:0011 | Data(Hex):4a Data(Dec):74 | Type:MDP
[Checker] Predicted Drop: Packet ID 80 is INVALID (Src:1000 Tgt:1100). Ignoring.
[Driver_3] ID:80 Name:pkt_3 | Src:1000 Tgt:1100 | Data(Hex):31 Data(Dec):49 | Type:MDP
[Monitor_0] ID:81 Name:monitored | Src:0010 Tgt:0001 | Data(Hex):60 Data(Dec):96 | Type:SDP
[Driver_0] ID:82 Name:pkt_0 | Src:0001 Tgt:0100 | Data(Hex):de Data(Dec):222 | Type:SDP
[Driver_2] ID:83 Name:pkt_2 | Src:0100 Tgt:0001 | Data(Hex):8f Data(Dec):143 | Type:SDP
[Checker] Predicted Drop: Packet ID 84 is INVALID (Src:0010 Tgt:0000). Ignoring.
[Driver_1] ID:84 Name:pkt_1 | Src:0010 Tgt:0000 | Data(Hex):83 Data(Dec):131 | Type:ERR
[Driver_3] ID:85 Name:pkt_3 | Src:1000 Tgt:0110 | Data(Hex):b8 Data(Dec):184 | Type:MDP
[Monitor_0] ID:86 Name:monitored | Src:0100 Tgt:0001 | Data(Hex):8f Data(Dec):143 | Type:SDP
[Monitor_2] ID:87 Name:monitored | Src:0001 Tgt:0100 | Data(Hex):de Data(Dec):222 | Type:SDP
[Checker] Predicted Drop: Packet ID 88 is INVALID (Src:0100 Tgt:1100). Ignoring.
[Driver_2] ID:88 Name:pkt_2 | Src:0100 Tgt:1100 | Data(Hex):3a Data(Dec):58 | Type:MDP
[Monitor_1] ID:89 Name:monitored | Src:1000 Tgt:0110 | Data(Hex):b8 Data(Dec):184 | Type:MDP
[Monitor_2] ID:90 Name:monitored | Src:1000 Tgt:0110 | Data(Hex):b8 Data(Dec):184 | Type:MDP
[Checker] Predicted Drop: Packet ID 91 is INVALID (Src:0001 Tgt:0001). Ignoring.
[Driver_0] ID:91 Name:pkt_0 | Src:0001 Tgt:0001 | Data(Hex):80 Data(Dec):128 | Type:SDP
[Driver_3] ID:92 Name:pkt_3 | Src:1000 Tgt:0110 | Data(Hex):62 Data(Dec):98 | Type:MDP
[Driver_1] ID:93 Name:pkt_1 | Src:0010 Tgt:1000 | Data(Hex):b2 Data(Dec):178 | Type:SDP
[Driver_0] ID:94 Name:pkt_0 | Src:0001 Tgt:0100 | Data(Hex):09 Data(Dec):9 | Type:SDP
[Monitor_1] ID:95 Name:monitored | Src:1000 Tgt:0110 | Data(Hex):62 Data(Dec):98 | Type:MDP
[Monitor_2] ID:96 Name:monitored | Src:1000 Tgt:0110 | Data(Hex):62 Data(Dec):98 | Type:MDP
[Checker] Predicted Drop: Packet ID 97 is INVALID (Src:0010 Tgt:1110). Ignoring.
[Driver_1] ID:97 Name:pkt_1 | Src:0010 Tgt:1110 | Data(Hex):10 Data(Dec):16 | Type:MDP
[Checker] Predicted Drop: Packet ID 98 is INVALID (Src:0100 Tgt:0000). Ignoring.
[Driver_2] ID:98 Name:pkt_2 | Src:0100 Tgt:0000 | Data(Hex):ad Data(Dec):173 | Type:ERR
[Monitor_3] ID:99 Name:monitored | Src:0010 Tgt:1000 | Data(Hex):b2 Data(Dec):178 | Type:SDP
[Monitor_2] ID:100 Name:monitored | Src:0001 Tgt:0100 | Data(Hex):09 Data(Dec):9 | Type:SDP
[Driver_3] ID:101 Name:pkt_3 | Src:1000 Tgt:0011 | Data(Hex):90 Data(Dec):144 | Type:MDP
[Checker] Predicted Drop: Packet ID 102 is INVALID (Src:0010 Tgt:0111). Ignoring.
[Driver_1] ID:102 Name:pkt_1 | Src:0010 Tgt:0111 | Data(Hex):eb Data(Dec):235 | Type:MDP
[Checker] Predicted Drop: Packet ID 103 is INVALID (Src:0100 Tgt:0111). Ignoring.
[Driver_2] ID:103 Name:pkt_2 | Src:0100 Tgt:0111 | Data(Hex):88 Data(Dec):136 | Type:MDP
[Checker] Predicted Drop: Packet ID 104 is INVALID (Src:0001 Tgt:1001). Ignoring.
[Driver_0] ID:104 Name:pkt_0 | Src:0001 Tgt:1001 | Data(Hex):1a Data(Dec):26 | Type:MDP
[Driver_3] ID:105 Name:pkt_3 | Src:1000 Tgt:0100 | Data(Hex):51 Data(Dec):81 | Type:SDP
[Monitor_0] ID:106 Name:monitored | Src:1000 Tgt:0011 | Data(Hex):90 Data(Dec):144 | Type:MDP
[Monitor_1] ID:107 Name:monitored | Src:1000 Tgt:0011 | Data(Hex):90 Data(Dec):144 | Type:MDP
[Driver_2] ID:108 Name:pkt_2 | Src:0100 Tgt:1000 | Data(Hex):47 Data(Dec):71 | Type:SDP
[Checker] Predicted Drop: Packet ID 109 is INVALID (Src:0010 Tgt:1011). Ignoring.
[Driver_1] ID:109 Name:pkt_1 | Src:0010 Tgt:1011 | Data(Hex):9a Data(Dec):154 | Type:MDP
[Monitor_2] ID:110 Name:monitored | Src:1000 Tgt:0100 | Data(Hex):51 Data(Dec):81 | Type:SDP
[Monitor_3] ID:111 Name:monitored | Src:0100 Tgt:1000 | Data(Hex):47 Data(Dec):71 | Type:SDP
[Driver_3] ID:112 Name:pkt_3 | Src:1000 Tgt:0001 | Data(Hex):e4 Data(Dec):228 | Type:SDP
[Checker] Predicted Drop: Packet ID 113 is INVALID (Src:0001 Tgt:1011). Ignoring.
[Driver_0] ID:113 Name:pkt_0 | Src:0001 Tgt:1011 | Data(Hex):90 Data(Dec):144 | Type:MDP
[Driver_2] ID:114 Name:pkt_2 | Src:0100 Tgt:0010 | Data(Hex):38 Data(Dec):56 | Type:SDP
[Checker] Predicted Drop: Packet ID 115 is INVALID (Src:1000 Tgt:1000). Ignoring.
[Driver_3] ID:115 Name:pkt_3 | Src:1000 Tgt:1000 | Data(Hex):43 Data(Dec):67 | Type:SDP
[Monitor_0] ID:116 Name:monitored | Src:1000 Tgt:0001 | Data(Hex):e4 Data(Dec):228 | Type:SDP
[Driver_1] ID:117 Name:pkt_1 | Src:0010 Tgt:1101 | Data(Hex):59 Data(Dec):89 | Type:MDP
[Checker] Predicted Drop: Packet ID 118 is INVALID (Src:0001 Tgt:0001). Ignoring.
[Driver_0] ID:118 Name:pkt_0 | Src:0001 Tgt:0001 | Data(Hex):1c Data(Dec):28 | Type:SDP
[Monitor_1] ID:119 Name:monitored | Src:0100 Tgt:0010 | Data(Hex):38 Data(Dec):56 | Type:SDP
[Checker] Predicted Drop: Packet ID 120 is INVALID (Src:0100 Tgt:1110). Ignoring.
[Driver_2] ID:120 Name:pkt_2 | Src:0100 Tgt:1110 | Data(Hex):8e Data(Dec):142 | Type:MDP
[Monitor_0] ID:121 Name:monitored | Src:0010 Tgt:1101 | Data(Hex):59 Data(Dec):89 | Type:MDP
[Monitor_2] ID:122 Name:monitored | Src:0010 Tgt:1101 | Data(Hex):59 Data(Dec):89 | Type:MDP
[Monitor_3] ID:123 Name:monitored | Src:0010 Tgt:1101 | Data(Hex):59 Data(Dec):89 | Type:MDP
[Driver_1] ID:124 Name:pkt_1 | Src:0010 Tgt:1001 | Data(Hex):0b Data(Dec):11 | Type:MDP
[Driver_3] ID:125 Name:pkt_3 | Src:1000 Tgt:0010 | Data(Hex):3d Data(Dec):61 | Type:SDP
[Checker] Predicted Drop: Packet ID 126 is INVALID (Src:0100 Tgt:0101). Ignoring.
[Driver_2] ID:126 Name:pkt_2 | Src:0100 Tgt:0101 | Data(Hex):58 Data(Dec):88 | Type:MDP
[Checker] Predicted Drop: Packet ID 127 is INVALID (Src:0001 Tgt:1101). Ignoring.
[Driver_0] ID:127 Name:pkt_0 | Src:0001 Tgt:1101 | Data(Hex):14 Data(Dec):20 | Type:MDP
[Monitor_1] ID:128 Name:monitored | Src:1000 Tgt:0010 | Data(Hex):3d Data(Dec):61 | Type:SDP
[Monitor_0] ID:129 Name:monitored | Src:0010 Tgt:1001 | Data(Hex):0b Data(Dec):11 | Type:MDP
[Monitor_3] ID:130 Name:monitored | Src:0010 Tgt:1001 | Data(Hex):0b Data(Dec):11 | Type:MDP
[Checker] Predicted Drop: Packet ID 131 is INVALID (Src:0100 Tgt:1100). Ignoring.
[Driver_2] ID:131 Name:pkt_2 | Src:0100 Tgt:1100 | Data(Hex):07 Data(Dec):7 | Type:MDP
[Driver_1] ID:132 Name:pkt_1 | Src:0010 Tgt:0101 | Data(Hex):94 Data(Dec):148 | Type:MDP
[Driver_3] ID:133 Name:pkt_3 | Src:1000 Tgt:0011 | Data(Hex):53 Data(Dec):83 | Type:MDP
[Checker] Predicted Drop: Packet ID 134 is INVALID (Src:0100 Tgt:0100). Ignoring.
[Driver_2] ID:134 Name:pkt_2 | Src:0100 Tgt:0100 | Data(Hex):ab Data(Dec):171 | Type:SDP
[Checker] Predicted Drop: Packet ID 135 is INVALID (Src:0001 Tgt:1011). Ignoring.
[Driver_0] ID:135 Name:pkt_0 | Src:0001 Tgt:1011 | Data(Hex):c7 Data(Dec):199 | Type:MDP
[Monitor_0] ID:136 Name:monitored | Src:1000 Tgt:0011 | Data(Hex):53 Data(Dec):83 | Type:MDP
[Monitor_1] ID:137 Name:monitored | Src:1000 Tgt:0011 | Data(Hex):53 Data(Dec):83 | Type:MDP
[Monitor_0] ID:138 Name:monitored | Src:0010 Tgt:0101 | Data(Hex):94 Data(Dec):148 | Type:MDP
[Monitor_2] ID:139 Name:monitored | Src:0010 Tgt:0101 | Data(Hex):94 Data(Dec):148 | Type:MDP
[Checker] Predicted Drop: Packet ID 140 is INVALID (Src:0010 Tgt:0110). Ignoring.
[Driver_1] ID:140 Name:pkt_1 | Src:0010 Tgt:0110 | Data(Hex):17 Data(Dec):23 | Type:MDP
[Driver_2] ID:141 Name:pkt_2 | Src:0100 Tgt:1011 | Data(Hex):48 Data(Dec):72 | Type:MDP
[Checker] Predicted Drop: Packet ID 142 is INVALID (Src:0001 Tgt:1001). Ignoring.
[Driver_0] ID:142 Name:pkt_0 | Src:0001 Tgt:1001 | Data(Hex):b7 Data(Dec):183 | Type:MDP
[Checker] Predicted Drop: Packet ID 143 is INVALID (Src:1000 Tgt:0000). Ignoring.
[Driver_3] ID:143 Name:pkt_3 | Src:1000 Tgt:0000 | Data(Hex):e8 Data(Dec):232 | Type:ERR
[Monitor_0] ID:144 Name:monitored | Src:0100 Tgt:1011 | Data(Hex):48 Data(Dec):72 | Type:MDP
[Monitor_1] ID:145 Name:monitored | Src:0100 Tgt:1011 | Data(Hex):48 Data(Dec):72 | Type:MDP
[Monitor_3] ID:146 Name:monitored | Src:0100 Tgt:1011 | Data(Hex):48 Data(Dec):72 | Type:MDP
[Checker] Predicted Drop: Packet ID 147 is INVALID (Src:0010 Tgt:0000). Ignoring.
[Driver_1] ID:147 Name:pkt_1 | Src:0010 Tgt:0000 | Data(Hex):65 Data(Dec):101 | Type:ERR
[Driver_2] ID:148 Name:pkt_2 | Src:0100 Tgt:0011 | Data(Hex):cb Data(Dec):203 | Type:MDP
[Driver_3] ID:149 Name:pkt_3 | Src:1000 Tgt:0011 | Data(Hex):ea Data(Dec):234 | Type:MDP
[Driver_0] ID:150 Name:pkt_0 | Src:0001 Tgt:0100 | Data(Hex):90 Data(Dec):144 | Type:SDP
[Driver_1] ID:151 Name:pkt_1 | Src:0010 Tgt:1000 | Data(Hex):0f Data(Dec):15 | Type:SDP
[Monitor_0] ID:152 Name:monitored | Src:0100 Tgt:0011 | Data(Hex):cb Data(Dec):203 | Type:MDP
[Monitor_1] ID:153 Name:monitored | Src:0100 Tgt:0011 | Data(Hex):cb Data(Dec):203 | Type:MDP
[Monitor_0] ID:154 Name:monitored | Src:1000 Tgt:0011 | Data(Hex):ea Data(Dec):234 | Type:MDP
[Monitor_1] ID:155 Name:monitored | Src:1000 Tgt:0011 | Data(Hex):ea Data(Dec):234 | Type:MDP
[Monitor_2] ID:156 Name:monitored | Src:0001 Tgt:0100 | Data(Hex):90 Data(Dec):144 | Type:SDP
[Driver_3] ID:157 Name:pkt_3 | Src:1000 Tgt:0111 | Data(Hex):8c Data(Dec):140 | Type:MDP
[Checker] Predicted Drop: Packet ID 158 is INVALID (Src:0001 Tgt:0011). Ignoring.
[Driver_0] ID:158 Name:pkt_0 | Src:0001 Tgt:0011 | Data(Hex):d8 Data(Dec):216 | Type:MDP
[Driver_2] ID:159 Name:pkt_2 | Src:0100 Tgt:1000 | Data(Hex):b0 Data(Dec):176 | Type:SDP
[Monitor_3] ID:160 Name:monitored | Src:0010 Tgt:1000 | Data(Hex):0f Data(Dec):15 | Type:SDP
[Driver_1] ID:161 Name:pkt_1 | Src:0010 Tgt:1111 | Data(Hex):9b Data(Dec):155 | Type:BDP
[Monitor_0] ID:162 Name:monitored | Src:1000 Tgt:0111 | Data(Hex):8c Data(Dec):140 | Type:MDP
[Monitor_1] ID:163 Name:monitored | Src:1000 Tgt:0111 | Data(Hex):8c Data(Dec):140 | Type:MDP
[Monitor_2] ID:164 Name:monitored | Src:1000 Tgt:0111 | Data(Hex):8c Data(Dec):140 | Type:MDP
[Driver_2] ID:165 Name:pkt_2 | Src:0100 Tgt:0001 | Data(Hex):97 Data(Dec):151 | Type:SDP
[Monitor_3] ID:166 Name:monitored | Src:0100 Tgt:1000 | Data(Hex):b0 Data(Dec):176 | Type:SDP
[Driver_3] ID:167 Name:pkt_3 | Src:1000 Tgt:0111 | Data(Hex):2b Data(Dec):43 | Type:MDP
[Monitor_0] ID:168 Name:monitored | Src:0010 Tgt:1111 | Data(Hex):9b Data(Dec):155 | Type:BDP
[Monitor_1] ID:169 Name:monitored | Src:0010 Tgt:1111 | Data(Hex):9b Data(Dec):155 | Type:BDP
[Monitor_2] ID:170 Name:monitored | Src:0010 Tgt:1111 | Data(Hex):9b Data(Dec):155 | Type:BDP
[Monitor_3] ID:171 Name:monitored | Src:0010 Tgt:1111 | Data(Hex):9b Data(Dec):155 | Type:BDP
[Monitor_0] ID:172 Name:monitored | Src:0100 Tgt:0001 | Data(Hex):97 Data(Dec):151 | Type:SDP
[Driver_0] ID:173 Name:pkt_0 | Src:0001 Tgt:0010 | Data(Hex):22 Data(Dec):34 | Type:SDP
[Checker] Predicted Drop: Packet ID 174 is INVALID (Src:0010 Tgt:0000). Ignoring.
[Driver_1] ID:174 Name:pkt_1 | Src:0010 Tgt:0000 | Data(Hex):7e Data(Dec):126 | Type:ERR
[Driver_3] ID:175 Name:pkt_3 | Src:1000 Tgt:0001 | Data(Hex):9e Data(Dec):158 | Type:SDP
[Driver_2] ID:176 Name:pkt_2 | Src:0100 Tgt:1111 | Data(Hex):b8 Data(Dec):184 | Type:BDP
[Monitor_0] ID:177 Name:monitored | Src:1000 Tgt:0111 | Data(Hex):2b Data(Dec):43 | Type:MDP
[Monitor_1] ID:178 Name:monitored | Src:1000 Tgt:0111 | Data(Hex):2b Data(Dec):43 | Type:MDP
[Monitor_2] ID:179 Name:monitored | Src:1000 Tgt:0111 | Data(Hex):2b Data(Dec):43 | Type:MDP
[Driver_1] ID:180 Name:pkt_1 | Src:0010 Tgt:1001 | Data(Hex):13 Data(Dec):19 | Type:MDP
[Monitor_1] ID:181 Name:monitored | Src:0001 Tgt:0010 | Data(Hex):22 Data(Dec):34 | Type:SDP
[Driver_0] ID:182 Name:pkt_0 | Src:0001 Tgt:1100 | Data(Hex):11 Data(Dec):17 | Type:MDP
[Driver_2] ID:183 Name:pkt_2 | Src:0100 Tgt:1001 | Data(Hex):2f Data(Dec):47 | Type:MDP
[Monitor_0] ID:184 Name:monitored | Src:0100 Tgt:1111 | Data(Hex):b8 Data(Dec):184 | Type:BDP
[Monitor_1] ID:185 Name:monitored | Src:0100 Tgt:1111 | Data(Hex):b8 Data(Dec):184 | Type:BDP
[Monitor_2] ID:186 Name:monitored | Src:0100 Tgt:1111 | Data(Hex):b8 Data(Dec):184 | Type:BDP
[Monitor_3] ID:187 Name:monitored | Src:0100 Tgt:1111 | Data(Hex):b8 Data(Dec):184 | Type:BDP
[Driver_1] ID:188 Name:pkt_1 | Src:0010 Tgt:0101 | Data(Hex):f4 Data(Dec):244 | Type:MDP
[Monitor_0] ID:189 Name:monitored | Src:1000 Tgt:0001 | Data(Hex):9e Data(Dec):158 | Type:SDP
[Monitor_0] ID:190 Name:monitored | Src:0010 Tgt:1001 | Data(Hex):13 Data(Dec):19 | Type:MDP
[Monitor_3] ID:191 Name:monitored | Src:0010 Tgt:1001 | Data(Hex):13 Data(Dec):19 | Type:MDP
[Driver_0] ID:192 Name:pkt_0 | Src:0001 Tgt:1111 | Data(Hex):fa Data(Dec):250 | Type:BDP
[Driver_2] ID:193 Name:pkt_2 | Src:0100 Tgt:1000 | Data(Hex):b7 Data(Dec):183 | Type:SDP
[Driver_3] ID:194 Name:pkt_3 | Src:1000 Tgt:0011 | Data(Hex):57 Data(Dec):87 | Type:MDP
[Monitor_2] ID:195 Name:monitored | Src:0001 Tgt:1100 | Data(Hex):11 Data(Dec):17 | Type:MDP
[Monitor_3] ID:196 Name:monitored | Src:0001 Tgt:1100 | Data(Hex):11 Data(Dec):17 | Type:MDP
[Monitor_0] ID:197 Name:monitored | Src:0010 Tgt:0101 | Data(Hex):f4 Data(Dec):244 | Type:MDP
[Monitor_2] ID:198 Name:monitored | Src:0010 Tgt:0101 | Data(Hex):f4 Data(Dec):244 | Type:MDP
[Monitor_0] ID:199 Name:monitored | Src:0100 Tgt:1001 | Data(Hex):2f Data(Dec):47 | Type:MDP
[Monitor_3] ID:200 Name:monitored | Src:0100 Tgt:1001 | Data(Hex):2f Data(Dec):47 | Type:MDP
[Monitor_0] ID:201 Name:monitored | Src:0001 Tgt:1111 | Data(Hex):fa Data(Dec):250 | Type:BDP
[Monitor_1] ID:202 Name:monitored | Src:0001 Tgt:1111 | Data(Hex):fa Data(Dec):250 | Type:BDP
[Monitor_2] ID:203 Name:monitored | Src:0001 Tgt:1111 | Data(Hex):fa Data(Dec):250 | Type:BDP
[Monitor_3] ID:204 Name:monitored | Src:0001 Tgt:1111 | Data(Hex):fa Data(Dec):250 | Type:BDP
[Monitor_0] ID:205 Name:monitored | Src:1000 Tgt:0011 | Data(Hex):57 Data(Dec):87 | Type:MDP
[Monitor_1] ID:206 Name:monitored | Src:1000 Tgt:0011 | Data(Hex):57 Data(Dec):87 | Type:MDP
[Monitor_3] ID:207 Name:monitored | Src:0100 Tgt:1000 | Data(Hex):b7 Data(Dec):183 | Type:SDP
[Checker] Predicted Drop: Packet ID 208 is INVALID (Src:0010 Tgt:1010). Ignoring.
[Driver_1] ID:208 Name:pkt_1 | Src:0010 Tgt:1010 | Data(Hex):23 Data(Dec):35 | Type:MDP
[Driver_2] ID:209 Name:pkt_2 | Src:0100 Tgt:1111 | Data(Hex):21 Data(Dec):33 | Type:BDP
[Checker] Predicted Drop: Packet ID 210 is INVALID (Src:0001 Tgt:0000). Ignoring.
[Driver_0] ID:210 Name:pkt_0 | Src:0001 Tgt:0000 | Data(Hex):80 Data(Dec):128 | Type:ERR
[Checker] Predicted Drop: Packet ID 211 is INVALID (Src:1000 Tgt:1011). Ignoring.
[Driver_3] ID:211 Name:pkt_3 | Src:1000 Tgt:1011 | Data(Hex):a0 Data(Dec):160 | Type:MDP
[Monitor_0] ID:212 Name:monitored | Src:0100 Tgt:1111 | Data(Hex):21 Data(Dec):33 | Type:BDP
[Monitor_1] ID:213 Name:monitored | Src:0100 Tgt:1111 | Data(Hex):21 Data(Dec):33 | Type:BDP
[Monitor_2] ID:214 Name:monitored | Src:0100 Tgt:1111 | Data(Hex):21 Data(Dec):33 | Type:BDP
[Monitor_3] ID:215 Name:monitored | Src:0100 Tgt:1111 | Data(Hex):21 Data(Dec):33 | Type:BDP
[Checker] Predicted Drop: Packet ID 216 is INVALID (Src:0010 Tgt:1011). Ignoring.
[Driver_1] ID:216 Name:pkt_1 | Src:0010 Tgt:1011 | Data(Hex):2e Data(Dec):46 | Type:MDP
[Driver_3] ID:217 Name:pkt_3 | Src:1000 Tgt:0101 | Data(Hex):ab Data(Dec):171 | Type:MDP
[Checker] Predicted Drop: Packet ID 218 is INVALID (Src:0001 Tgt:0111). Ignoring.
[Driver_0] ID:218 Name:pkt_0 | Src:0001 Tgt:0111 | Data(Hex):98 Data(Dec):152 | Type:MDP
[Driver_2] ID:219 Name:pkt_2 | Src:0100 Tgt:1000 | Data(Hex):44 Data(Dec):68 | Type:SDP
[Driver_0] ID:220 Name:pkt_0 | Src:0001 Tgt:0010 | Data(Hex):90 Data(Dec):144 | Type:SDP
[Monitor_0] ID:221 Name:monitored | Src:1000 Tgt:0101 | Data(Hex):ab Data(Dec):171 | Type:MDP
[Monitor_2] ID:222 Name:monitored | Src:1000 Tgt:0101 | Data(Hex):ab Data(Dec):171 | Type:MDP
[Monitor_3] ID:223 Name:monitored | Src:0100 Tgt:1000 | Data(Hex):44 Data(Dec):68 | Type:SDP
[Checker] Predicted Drop: Packet ID 224 is INVALID (Src:1000 Tgt:1101). Ignoring.
[Driver_3] ID:224 Name:pkt_3 | Src:1000 Tgt:1101 | Data(Hex):d4 Data(Dec):212 | Type:MDP
[Driver_0] ID:225 Name:pkt_0 | Src:0001 Tgt:1100 | Data(Hex):df Data(Dec):223 | Type:MDP
[Driver_1] ID:226 Name:pkt_1 | Src:0010 Tgt:1100 | Data(Hex):87 Data(Dec):135 | Type:MDP
[Monitor_1] ID:227 Name:monitored | Src:0001 Tgt:0010 | Data(Hex):90 Data(Dec):144 | Type:SDP
[Driver_2] ID:228 Name:pkt_2 | Src:0100 Tgt:0010 | Data(Hex):ed Data(Dec):237 | Type:SDP
[Driver_3] ID:229 Name:pkt_3 | Src:1000 Tgt:0010 | Data(Hex):4d Data(Dec):77 | Type:SDP
[Monitor_2] ID:230 Name:monitored | Src:0001 Tgt:1100 | Data(Hex):df Data(Dec):223 | Type:MDP
[Monitor_3] ID:231 Name:monitored | Src:0001 Tgt:1100 | Data(Hex):df Data(Dec):223 | Type:MDP
[Monitor_2] ID:232 Name:monitored | Src:0010 Tgt:1100 | Data(Hex):87 Data(Dec):135 | Type:MDP
[Monitor_3] ID:233 Name:monitored | Src:0010 Tgt:1100 | Data(Hex):87 Data(Dec):135 | Type:MDP
[Driver_0] ID:234 Name:pkt_0 | Src:0001 Tgt:1010 | Data(Hex):b9 Data(Dec):185 | Type:MDP
[Monitor_1] ID:235 Name:monitored | Src:0100 Tgt:0010 | Data(Hex):ed Data(Dec):237 | Type:SDP
[Checker] Predicted Drop: Packet ID 236 is INVALID (Src:0010 Tgt:1010). Ignoring.
[Driver_1] ID:236 Name:pkt_1 | Src:0010 Tgt:1010 | Data(Hex):9b Data(Dec):155 | Type:MDP
[Monitor_1] ID:237 Name:monitored | Src:1000 Tgt:0010 | Data(Hex):4d Data(Dec):77 | Type:SDP
[Driver_2] ID:238 Name:pkt_2 | Src:0100 Tgt:0010 | Data(Hex):ee Data(Dec):238 | Type:SDP
[Monitor_1] ID:239 Name:monitored | Src:0001 Tgt:1010 | Data(Hex):b9 Data(Dec):185 | Type:MDP
[Monitor_3] ID:240 Name:monitored | Src:0001 Tgt:1010 | Data(Hex):b9 Data(Dec):185 | Type:MDP
[Checker] Predicted Drop: Packet ID 241 is INVALID (Src:0010 Tgt:0000). Ignoring.
[Driver_1] ID:241 Name:pkt_1 | Src:0010 Tgt:0000 | Data(Hex):56 Data(Dec):86 | Type:ERR
[Checker] Predicted Drop: Packet ID 242 is INVALID (Src:1000 Tgt:1010). Ignoring.
[Driver_3] ID:242 Name:pkt_3 | Src:1000 Tgt:1010 | Data(Hex):cf Data(Dec):207 | Type:MDP
[Checker] Predicted Drop: Packet ID 243 is INVALID (Src:0001 Tgt:0000). Ignoring.
[Driver_0] ID:243 Name:pkt_0 | Src:0001 Tgt:0000 | Data(Hex):ef Data(Dec):239 | Type:ERR
[Monitor_1] ID:244 Name:monitored | Src:0100 Tgt:0010 | Data(Hex):ee Data(Dec):238 | Type:SDP
[Driver_2] ID:245 Name:pkt_2 | Src:0100 Tgt:1010 | Data(Hex):c2 Data(Dec):194 | Type:MDP
[Monitor_1] ID:246 Name:monitored | Src:0100 Tgt:1010 | Data(Hex):c2 Data(Dec):194 | Type:MDP
[Monitor_3] ID:247 Name:monitored | Src:0100 Tgt:1010 | Data(Hex):c2 Data(Dec):194 | Type:MDP
[Checker] Predicted Drop: Packet ID 248 is INVALID (Src:1000 Tgt:1100). Ignoring.
[Driver_3] ID:248 Name:pkt_3 | Src:1000 Tgt:1100 | Data(Hex):09 Data(Dec):9 | Type:MDP
[Checker] Predicted Drop: Packet ID 249 is INVALID (Src:0001 Tgt:0011). Ignoring.
[Driver_0] ID:249 Name:pkt_0 | Src:0001 Tgt:0011 | Data(Hex):88 Data(Dec):136 | Type:MDP
[Driver_1] ID:250 Name:pkt_1 | Src:0010 Tgt:0001 | Data(Hex):28 Data(Dec):40 | Type:SDP
[Driver_3] ID:251 Name:pkt_3 | Src:1000 Tgt:0011 | Data(Hex):41 Data(Dec):65 | Type:MDP
[Checker] Predicted Drop: Packet ID 252 is INVALID (Src:0100 Tgt:1101). Ignoring.
[Driver_2] ID:252 Name:pkt_2 | Src:0100 Tgt:1101 | Data(Hex):70 Data(Dec):112 | Type:MDP
[Monitor_0] ID:253 Name:monitored | Src:0010 Tgt:0001 | Data(Hex):28 Data(Dec):40 | Type:SDP
[Driver_2] ID:254 Name:pkt_2 | Src:0100 Tgt:1001 | Data(Hex):6f Data(Dec):111 | Type:MDP
[Monitor_0] ID:255 Name:monitored | Src:1000 Tgt:0011 | Data(Hex):41 Data(Dec):65 | Type:MDP
[Monitor_1] ID:256 Name:monitored | Src:1000 Tgt:0011 | Data(Hex):41 Data(Dec):65 | Type:MDP
[Driver_1] ID:257 Name:pkt_1 | Src:0010 Tgt:0100 | Data(Hex):00 Data(Dec):0 | Type:SDP
[Checker] Predicted Drop: Packet ID 258 is INVALID (Src:1000 Tgt:1000). Ignoring.
[Driver_3] ID:258 Name:pkt_3 | Src:1000 Tgt:1000 | Data(Hex):c6 Data(Dec):198 | Type:SDP
[Checker] Predicted Drop: Packet ID 259 is INVALID (Src:0001 Tgt:0001). Ignoring.
[Driver_0] ID:259 Name:pkt_0 | Src:0001 Tgt:0001 | Data(Hex):f4 Data(Dec):244 | Type:SDP
[Monitor_0] ID:260 Name:monitored | Src:0100 Tgt:1001 | Data(Hex):6f Data(Dec):111 | Type:MDP
[Monitor_3] ID:261 Name:monitored | Src:0100 Tgt:1001 | Data(Hex):6f Data(Dec):111 | Type:MDP
[Monitor_2] ID:262 Name:monitored | Src:0010 Tgt:0100 | Data(Hex):00 Data(Dec):0 | Type:SDP
[Checker] Predicted Drop: Packet ID 263 is INVALID (Src:0001 Tgt:0101). Ignoring.
[Driver_0] ID:263 Name:pkt_0 | Src:0001 Tgt:0101 | Data(Hex):5c Data(Dec):92 | Type:MDP
[Driver_3] ID:264 Name:pkt_3 | Src:1000 Tgt:0100 | Data(Hex):82 Data(Dec):130 | Type:SDP
[Checker] Predicted Drop: Packet ID 265 is INVALID (Src:0100 Tgt:1110). Ignoring.
[Driver_2] ID:265 Name:pkt_2 | Src:0100 Tgt:1110 | Data(Hex):f9 Data(Dec):249 | Type:MDP
[Driver_1] ID:266 Name:pkt_1 | Src:0010 Tgt:1100 | Data(Hex):3d Data(Dec):61 | Type:MDP
[Monitor_2] ID:267 Name:monitored | Src:1000 Tgt:0100 | Data(Hex):82 Data(Dec):130 | Type:SDP
[Driver_1] ID:268 Name:pkt_1 | Src:0010 Tgt:1000 | Data(Hex):d2 Data(Dec):210 | Type:SDP
[Checker] Predicted Drop: Packet ID 269 is INVALID (Src:0001 Tgt:0000). Ignoring.
[Driver_0] ID:269 Name:pkt_0 | Src:0001 Tgt:0000 | Data(Hex):f5 Data(Dec):245 | Type:ERR
[Monitor_2] ID:270 Name:monitored | Src:0010 Tgt:1100 | Data(Hex):3d Data(Dec):61 | Type:MDP
[Monitor_3] ID:271 Name:monitored | Src:0010 Tgt:1100 | Data(Hex):3d Data(Dec):61 | Type:MDP
[Driver_0] ID:272 Name:pkt_0 | Src:0001 Tgt:1010 | Data(Hex):a5 Data(Dec):165 | Type:MDP
[Monitor_3] ID:273 Name:monitored | Src:0010 Tgt:1000 | Data(Hex):d2 Data(Dec):210 | Type:SDP
[Checker] Predicted Drop: Packet ID 274 is INVALID (Src:1000 Tgt:1110). Ignoring.
[Driver_3] ID:274 Name:pkt_3 | Src:1000 Tgt:1110 | Data(Hex):94 Data(Dec):148 | Type:MDP
[Driver_2] ID:275 Name:pkt_2 | Src:0100 Tgt:1011 | Data(Hex):9d Data(Dec):157 | Type:MDP
[Driver_0] ID:276 Name:pkt_0 | Src:0001 Tgt:1000 | Data(Hex):0b Data(Dec):11 | Type:SDP
[Monitor_1] ID:277 Name:monitored | Src:0001 Tgt:1010 | Data(Hex):a5 Data(Dec):165 | Type:MDP
[Monitor_3] ID:278 Name:monitored | Src:0001 Tgt:1010 | Data(Hex):a5 Data(Dec):165 | Type:MDP
[Driver_1] ID:279 Name:pkt_1 | Src:0010 Tgt:1000 | Data(Hex):06 Data(Dec):6 | Type:SDP
[Monitor_0] ID:280 Name:monitored | Src:0100 Tgt:1011 | Data(Hex):9d Data(Dec):157 | Type:MDP
[Monitor_1] ID:281 Name:monitored | Src:0100 Tgt:1011 | Data(Hex):9d Data(Dec):157 | Type:MDP
[Monitor_3] ID:282 Name:monitored | Src:0100 Tgt:1011 | Data(Hex):9d Data(Dec):157 | Type:MDP
[Checker] Predicted Drop: Packet ID 283 is INVALID (Src:1000 Tgt:1000). Ignoring.
[Driver_3] ID:283 Name:pkt_3 | Src:1000 Tgt:1000 | Data(Hex):ae Data(Dec):174 | Type:SDP
[Monitor_3] ID:284 Name:monitored | Src:0001 Tgt:1000 | Data(Hex):0b Data(Dec):11 | Type:SDP
[Monitor_3] ID:285 Name:monitored | Src:0010 Tgt:1000 | Data(Hex):06 Data(Dec):6 | Type:SDP
[Driver_2] ID:286 Name:pkt_2 | Src:0100 Tgt:0010 | Data(Hex):85 Data(Dec):133 | Type:SDP
[Checker] Predicted Drop: Packet ID 287 is INVALID (Src:0010 Tgt:0111). Ignoring.
[Driver_1] ID:287 Name:pkt_1 | Src:0010 Tgt:0111 | Data(Hex):f3 Data(Dec):243 | Type:MDP
[Checker] Predicted Drop: Packet ID 288 is INVALID (Src:0001 Tgt:0101). Ignoring.
[Driver_0] ID:288 Name:pkt_0 | Src:0001 Tgt:0101 | Data(Hex):5a Data(Dec):90 | Type:MDP
[Driver_3] ID:289 Name:pkt_3 | Src:1000 Tgt:0110 | Data(Hex):8b Data(Dec):139 | Type:MDP
[Monitor_1] ID:290 Name:monitored | Src:0100 Tgt:0010 | Data(Hex):85 Data(Dec):133 | Type:SDP
[Driver_2] ID:291 Name:pkt_2 | Src:0100 Tgt:1011 | Data(Hex):08 Data(Dec):8 | Type:MDP
[Monitor_1] ID:292 Name:monitored | Src:1000 Tgt:0110 | Data(Hex):8b Data(Dec):139 | Type:MDP
[Monitor_2] ID:293 Name:monitored | Src:1000 Tgt:0110 | Data(Hex):8b Data(Dec):139 | Type:MDP
[Driver_1] ID:294 Name:pkt_1 | Src:0010 Tgt:0101 | Data(Hex):7f Data(Dec):127 | Type:MDP
[Driver_0] ID:295 Name:pkt_0 | Src:0001 Tgt:0100 | Data(Hex):84 Data(Dec):132 | Type:SDP
[Driver_3] ID:296 Name:pkt_3 | Src:1000 Tgt:0110 | Data(Hex):d8 Data(Dec):216 | Type:MDP
[Checker] Predicted Drop: Packet ID 297 is INVALID (Src:0100 Tgt:1110). Ignoring.
[Driver_2] ID:297 Name:pkt_2 | Src:0100 Tgt:1110 | Data(Hex):4a Data(Dec):74 | Type:MDP
[Monitor_0] ID:298 Name:monitored | Src:0100 Tgt:1011 | Data(Hex):08 Data(Dec):8 | Type:MDP
[Monitor_1] ID:299 Name:monitored | Src:0100 Tgt:1011 | Data(Hex):08 Data(Dec):8 | Type:MDP
[Monitor_3] ID:300 Name:monitored | Src:0100 Tgt:1011 | Data(Hex):08 Data(Dec):8 | Type:MDP
[Checker] Predicted Drop: Packet ID 301 is INVALID (Src:1000 Tgt:1011). Ignoring.
[Driver_3] ID:301 Name:pkt_3 | Src:1000 Tgt:1011 | Data(Hex):65 Data(Dec):101 | Type:MDP
[Monitor_0] ID:302 Name:monitored | Src:0010 Tgt:0101 | Data(Hex):7f Data(Dec):127 | Type:MDP
[Monitor_2] ID:303 Name:monitored | Src:0010 Tgt:0101 | Data(Hex):7f Data(Dec):127 | Type:MDP
[Monitor_1] ID:304 Name:monitored | Src:1000 Tgt:0110 | Data(Hex):d8 Data(Dec):216 | Type:MDP
[Monitor_2] ID:305 Name:monitored | Src:1000 Tgt:0110 | Data(Hex):d8 Data(Dec):216 | Type:MDP
[Monitor_2] ID:306 Name:monitored | Src:0001 Tgt:0100 | Data(Hex):84 Data(Dec):132 | Type:SDP
[Driver_1] ID:307 Name:pkt_1 | Src:0010 Tgt:1101 | Data(Hex):86 Data(Dec):134 | Type:MDP
[Checker] Predicted Drop: Packet ID 308 is INVALID (Src:0001 Tgt:0101). Ignoring.
[Driver_0] ID:308 Name:pkt_0 | Src:0001 Tgt:0101 | Data(Hex):83 Data(Dec):131 | Type:MDP
[Driver_2] ID:309 Name:pkt_2 | Src:0100 Tgt:0011 | Data(Hex):8d Data(Dec):141 | Type:MDP
[Driver_1] ID:310 Name:pkt_1 | Src:0010 Tgt:1001 | Data(Hex):0d Data(Dec):13 | Type:MDP
[Driver_3] ID:311 Name:pkt_3 | Src:1000 Tgt:0011 | Data(Hex):5e Data(Dec):94 | Type:MDP
[Monitor_0] ID:312 Name:monitored | Src:0010 Tgt:1101 | Data(Hex):86 Data(Dec):134 | Type:MDP
[Monitor_2] ID:313 Name:monitored | Src:0010 Tgt:1101 | Data(Hex):86 Data(Dec):134 | Type:MDP
[Monitor_3] ID:314 Name:monitored | Src:0010 Tgt:1101 | Data(Hex):86 Data(Dec):134 | Type:MDP
[Driver_2] ID:315 Name:pkt_2 | Src:0100 Tgt:1010 | Data(Hex):a5 Data(Dec):165 | Type:MDP
[Monitor_0] ID:316 Name:monitored | Src:0100 Tgt:0011 | Data(Hex):8d Data(Dec):141 | Type:MDP
[Monitor_1] ID:317 Name:monitored | Src:0100 Tgt:0011 | Data(Hex):8d Data(Dec):141 | Type:MDP
[Monitor_0] ID:318 Name:monitored | Src:0010 Tgt:1001 | Data(Hex):0d Data(Dec):13 | Type:MDP
[Monitor_3] ID:319 Name:monitored | Src:0010 Tgt:1001 | Data(Hex):0d Data(Dec):13 | Type:MDP
[Driver_0] ID:320 Name:pkt_0 | Src:0001 Tgt:0010 | Data(Hex):a6 Data(Dec):166 | Type:SDP
[Driver_3] ID:321 Name:pkt_3 | Src:1000 Tgt:0101 | Data(Hex):fa Data(Dec):250 | Type:MDP
[Monitor_0] ID:322 Name:monitored | Src:1000 Tgt:0011 | Data(Hex):5e Data(Dec):94 | Type:MDP
[Monitor_1] ID:323 Name:monitored | Src:1000 Tgt:0011 | Data(Hex):5e Data(Dec):94 | Type:MDP
[Monitor_1] ID:324 Name:monitored | Src:0100 Tgt:1010 | Data(Hex):a5 Data(Dec):165 | Type:MDP
[Monitor_3] ID:325 Name:monitored | Src:0100 Tgt:1010 | Data(Hex):a5 Data(Dec):165 | Type:MDP
[Checker] Predicted Drop: Packet ID 326 is INVALID (Src:0010 Tgt:0011). Ignoring.
[Driver_1] ID:326 Name:pkt_1 | Src:0010 Tgt:0011 | Data(Hex):36 Data(Dec):54 | Type:MDP
[Monitor_1] ID:327 Name:monitored | Src:0001 Tgt:0010 | Data(Hex):a6 Data(Dec):166 | Type:SDP
[Monitor_0] ID:328 Name:monitored | Src:1000 Tgt:0101 | Data(Hex):fa Data(Dec):250 | Type:MDP
[Monitor_2] ID:329 Name:monitored | Src:1000 Tgt:0101 | Data(Hex):fa Data(Dec):250 | Type:MDP
[Checker] Predicted Drop: Packet ID 330 is INVALID (Src:0001 Tgt:0011). Ignoring.
[Driver_0] ID:330 Name:pkt_0 | Src:0001 Tgt:0011 | Data(Hex):d9 Data(Dec):217 | Type:MDP
[Driver_2] ID:331 Name:pkt_2 | Src:0100 Tgt:1011 | Data(Hex):7b Data(Dec):123 | Type:MDP
[Checker] Predicted Drop: Packet ID 332 is INVALID (Src:1000 Tgt:1110). Ignoring.
[Driver_3] ID:332 Name:pkt_3 | Src:1000 Tgt:1110 | Data(Hex):45 Data(Dec):69 | Type:MDP
[Monitor_0] ID:333 Name:monitored | Src:0100 Tgt:1011 | Data(Hex):7b Data(Dec):123 | Type:MDP
[Monitor_1] ID:334 Name:monitored | Src:0100 Tgt:1011 | Data(Hex):7b Data(Dec):123 | Type:MDP
[Monitor_3] ID:335 Name:monitored | Src:0100 Tgt:1011 | Data(Hex):7b Data(Dec):123 | Type:MDP
[Checker] Predicted Drop: Packet ID 336 is INVALID (Src:1000 Tgt:1001). Ignoring.
[Driver_3] ID:336 Name:pkt_3 | Src:1000 Tgt:1001 | Data(Hex):ca Data(Dec):202 | Type:MDP
[Driver_0] ID:337 Name:pkt_0 | Src:0001 Tgt:0110 | Data(Hex):7a Data(Dec):122 | Type:MDP
[Driver_1] ID:338 Name:pkt_1 | Src:0010 Tgt:0001 | Data(Hex):42 Data(Dec):66 | Type:SDP
[Checker] Predicted Drop: Packet ID 339 is INVALID (Src:1000 Tgt:1100). Ignoring.
[Driver_3] ID:339 Name:pkt_3 | Src:1000 Tgt:1100 | Data(Hex):dd Data(Dec):221 | Type:MDP
[Checker] Predicted Drop: Packet ID 340 is INVALID (Src:0100 Tgt:1110). Ignoring.
[Driver_2] ID:340 Name:pkt_2 | Src:0100 Tgt:1110 | Data(Hex):95 Data(Dec):149 | Type:MDP
[Monitor_1] ID:341 Name:monitored | Src:0001 Tgt:0110 | Data(Hex):7a Data(Dec):122 | Type:MDP
[Monitor_2] ID:342 Name:monitored | Src:0001 Tgt:0110 | Data(Hex):7a Data(Dec):122 | Type:MDP
[Monitor_0] ID:343 Name:monitored | Src:0010 Tgt:0001 | Data(Hex):42 Data(Dec):66 | Type:SDP
[Driver_0] ID:344 Name:pkt_0 | Src:0001 Tgt:1100 | Data(Hex):f8 Data(Dec):248 | Type:MDP
[Monitor_2] ID:345 Name:monitored | Src:0001 Tgt:1100 | Data(Hex):f8 Data(Dec):248 | Type:MDP
[Monitor_3] ID:346 Name:monitored | Src:0001 Tgt:1100 | Data(Hex):f8 Data(Dec):248 | Type:MDP
[Driver_1] ID:347 Name:pkt_1 | Src:0010 Tgt:1000 | Data(Hex):91 Data(Dec):145 | Type:SDP
[Checker] Predicted Drop: Packet ID 348 is INVALID (Src:0001 Tgt:1101). Ignoring.
[Driver_0] ID:348 Name:pkt_0 | Src:0001 Tgt:1101 | Data(Hex):f0 Data(Dec):240 | Type:MDP
[Driver_2] ID:349 Name:pkt_2 | Src:0100 Tgt:1010 | Data(Hex):b1 Data(Dec):177 | Type:MDP
[Driver_3] ID:350 Name:pkt_3 | Src:1000 Tgt:0111 | Data(Hex):7a Data(Dec):122 | Type:MDP
[Monitor_3] ID:351 Name:monitored | Src:0010 Tgt:1000 | Data(Hex):91 Data(Dec):145 | Type:SDP
[Checker] Predicted Drop: Packet ID 352 is INVALID (Src:0010 Tgt:0010). Ignoring.
[Driver_1] ID:352 Name:pkt_1 | Src:0010 Tgt:0010 | Data(Hex):37 Data(Dec):55 | Type:SDP
[Monitor_1] ID:353 Name:monitored | Src:0100 Tgt:1010 | Data(Hex):b1 Data(Dec):177 | Type:MDP
[Monitor_3] ID:354 Name:monitored | Src:0100 Tgt:1010 | Data(Hex):b1 Data(Dec):177 | Type:MDP
[Monitor_0] ID:355 Name:monitored | Src:1000 Tgt:0111 | Data(Hex):7a Data(Dec):122 | Type:MDP
[Monitor_1] ID:356 Name:monitored | Src:1000 Tgt:0111 | Data(Hex):7a Data(Dec):122 | Type:MDP
[Monitor_2] ID:357 Name:monitored | Src:1000 Tgt:0111 | Data(Hex):7a Data(Dec):122 | Type:MDP
[Driver_3] ID:358 Name:pkt_3 | Src:1000 Tgt:1111 | Data(Hex):95 Data(Dec):149 | Type:BDP
[Driver_2] ID:359 Name:pkt_2 | Src:0100 Tgt:1001 | Data(Hex):5e Data(Dec):94 | Type:MDP
[Driver_0] ID:360 Name:pkt_0 | Src:0001 Tgt:0100 | Data(Hex):b5 Data(Dec):181 | Type:SDP
[Driver_1] ID:361 Name:pkt_1 | Src:0010 Tgt:0001 | Data(Hex):c2 Data(Dec):194 | Type:SDP
[Monitor_0] ID:362 Name:monitored | Src:1000 Tgt:1111 | Data(Hex):95 Data(Dec):149 | Type:BDP
[Monitor_1] ID:363 Name:monitored | Src:1000 Tgt:1111 | Data(Hex):95 Data(Dec):149 | Type:BDP
[Monitor_2] ID:364 Name:monitored | Src:1000 Tgt:1111 | Data(Hex):95 Data(Dec):149 | Type:BDP
[Monitor_3] ID:365 Name:monitored | Src:1000 Tgt:1111 | Data(Hex):95 Data(Dec):149 | Type:BDP
[Monitor_0] ID:366 Name:monitored | Src:0010 Tgt:0001 | Data(Hex):c2 Data(Dec):194 | Type:SDP
[Monitor_2] ID:367 Name:monitored | Src:0001 Tgt:0100 | Data(Hex):b5 Data(Dec):181 | Type:SDP
[Monitor_0] ID:368 Name:monitored | Src:0100 Tgt:1001 | Data(Hex):5e Data(Dec):94 | Type:MDP
[Monitor_3] ID:369 Name:monitored | Src:0100 Tgt:1001 | Data(Hex):5e Data(Dec):94 | Type:MDP
[Checker] Predicted Drop: Packet ID 370 is INVALID (Src:0100 Tgt:1110). Ignoring.
[Driver_2] ID:370 Name:pkt_2 | Src:0100 Tgt:1110 | Data(Hex):18 Data(Dec):24 | Type:MDP
[Checker] Predicted Drop: Packet ID 371 is INVALID (Src:0001 Tgt:1011). Ignoring.
[Driver_0] ID:371 Name:pkt_0 | Src:0001 Tgt:1011 | Data(Hex):05 Data(Dec):5 | Type:MDP
[Driver_3] ID:372 Name:pkt_3 | Src:1000 Tgt:0001 | Data(Hex):f0 Data(Dec):240 | Type:SDP
[Checker] Predicted Drop: Packet ID 373 is INVALID (Src:0010 Tgt:0000). Ignoring.
[Driver_1] ID:373 Name:pkt_1 | Src:0010 Tgt:0000 | Data(Hex):af Data(Dec):175 | Type:ERR
[Monitor_0] ID:374 Name:monitored | Src:1000 Tgt:0001 | Data(Hex):f0 Data(Dec):240 | Type:SDP
[Checker] Predicted Drop: Packet ID 375 is INVALID (Src:0100 Tgt:0000). Ignoring.
[Driver_2] ID:375 Name:pkt_2 | Src:0100 Tgt:0000 | Data(Hex):4a Data(Dec):74 | Type:ERR
[Driver_0] ID:376 Name:pkt_0 | Src:0001 Tgt:1111 | Data(Hex):5c Data(Dec):92 | Type:BDP
[Checker] Predicted Drop: Packet ID 377 is INVALID (Src:1000 Tgt:1001). Ignoring.
[Driver_3] ID:377 Name:pkt_3 | Src:1000 Tgt:1001 | Data(Hex):4f Data(Dec):79 | Type:MDP
[Checker] Predicted Drop: Packet ID 378 is INVALID (Src:0010 Tgt:0111). Ignoring.
[Driver_1] ID:378 Name:pkt_1 | Src:0010 Tgt:0111 | Data(Hex):f8 Data(Dec):248 | Type:MDP
[Driver_2] ID:379 Name:pkt_2 | Src:0100 Tgt:1001 | Data(Hex):52 Data(Dec):82 | Type:MDP
[Driver_0] ID:380 Name:pkt_0 | Src:0001 Tgt:1000 | Data(Hex):b2 Data(Dec):178 | Type:SDP
[Driver_1] ID:381 Name:pkt_1 | Src:0010 Tgt:1100 | Data(Hex):6e Data(Dec):110 | Type:MDP
[Monitor_0] ID:382 Name:monitored | Src:0001 Tgt:1111 | Data(Hex):5c Data(Dec):92 | Type:BDP
[Monitor_1] ID:383 Name:monitored | Src:0001 Tgt:1111 | Data(Hex):5c Data(Dec):92 | Type:BDP
[Monitor_2] ID:384 Name:monitored | Src:0001 Tgt:1111 | Data(Hex):5c Data(Dec):92 | Type:BDP
[Monitor_3] ID:385 Name:monitored | Src:0001 Tgt:1111 | Data(Hex):5c Data(Dec):92 | Type:BDP
[Driver_3] ID:386 Name:pkt_3 | Src:1000 Tgt:0110 | Data(Hex):fe Data(Dec):254 | Type:MDP
[Driver_2] ID:387 Name:pkt_2 | Src:0100 Tgt:1111 | Data(Hex):85 Data(Dec):133 | Type:BDP
[Monitor_0] ID:388 Name:monitored | Src:0100 Tgt:1001 | Data(Hex):52 Data(Dec):82 | Type:MDP
[Monitor_3] ID:389 Name:monitored | Src:0100 Tgt:1001 | Data(Hex):52 Data(Dec):82 | Type:MDP
[Driver_0] ID:390 Name:pkt_0 | Src:0001 Tgt:1100 | Data(Hex):c4 Data(Dec):196 | Type:MDP
[Monitor_3] ID:391 Name:monitored | Src:0001 Tgt:1000 | Data(Hex):b2 Data(Dec):178 | Type:SDP
[Monitor_2] ID:392 Name:monitored | Src:0010 Tgt:1100 | Data(Hex):6e Data(Dec):110 | Type:MDP
[Monitor_3] ID:393 Name:monitored | Src:0010 Tgt:1100 | Data(Hex):6e Data(Dec):110 | Type:MDP
[Monitor_0] ID:394 Name:monitored | Src:0100 Tgt:1111 | Data(Hex):85 Data(Dec):133 | Type:BDP
[Monitor_1] ID:395 Name:monitored | Src:0100 Tgt:1111 | Data(Hex):85 Data(Dec):133 | Type:BDP
[Monitor_2] ID:396 Name:monitored | Src:0100 Tgt:1111 | Data(Hex):85 Data(Dec):133 | Type:BDP
[Monitor_3] ID:397 Name:monitored | Src:0100 Tgt:1111 | Data(Hex):85 Data(Dec):133 | Type:BDP
[Monitor_1] ID:398 Name:monitored | Src:1000 Tgt:0110 | Data(Hex):fe Data(Dec):254 | Type:MDP
[Monitor_2] ID:399 Name:monitored | Src:1000 Tgt:0110 | Data(Hex):fe Data(Dec):254 | Type:MDP
[Driver_2] ID:400 Name:pkt_2 | Src:0100 Tgt:0010 | Data(Hex):01 Data(Dec):1 | Type:SDP
[Checker] Predicted Drop: Packet ID 401 is INVALID (Src:0010 Tgt:1010). Ignoring.
[Driver_1] ID:401 Name:pkt_1 | Src:0010 Tgt:1010 | Data(Hex):05 Data(Dec):5 | Type:MDP
[Monitor_2] ID:402 Name:monitored | Src:0001 Tgt:1100 | Data(Hex):c4 Data(Dec):196 | Type:MDP
[Monitor_3] ID:403 Name:monitored | Src:0001 Tgt:1100 | Data(Hex):c4 Data(Dec):196 | Type:MDP
[Checker] Predicted Drop: Packet ID 404 is INVALID (Src:0001 Tgt:1101). Ignoring.
[Driver_0] ID:404 Name:pkt_0 | Src:0001 Tgt:1101 | Data(Hex):72 Data(Dec):114 | Type:MDP
[Driver_3] ID:405 Name:pkt_3 | Src:1000 Tgt:0111 | Data(Hex):be Data(Dec):190 | Type:MDP
[Monitor_1] ID:406 Name:monitored | Src:0100 Tgt:0010 | Data(Hex):01 Data(Dec):1 | Type:SDP
[Checker] Predicted Drop: Packet ID 407 is INVALID (Src:0001 Tgt:0000). Ignoring.
[Driver_0] ID:407 Name:pkt_0 | Src:0001 Tgt:0000 | Data(Hex):0c Data(Dec):12 | Type:ERR
[Checker] Predicted Drop: Packet ID 408 is INVALID (Src:0010 Tgt:0000). Ignoring.
[Driver_1] ID:408 Name:pkt_1 | Src:0010 Tgt:0000 | Data(Hex):6d Data(Dec):109 | Type:ERR
[Checker] Predicted Drop: Packet ID 409 is INVALID (Src:0100 Tgt:0101). Ignoring.
[Driver_2] ID:409 Name:pkt_2 | Src:0100 Tgt:0101 | Data(Hex):cd Data(Dec):205 | Type:MDP
[Monitor_0] ID:410 Name:monitored | Src:1000 Tgt:0111 | Data(Hex):be Data(Dec):190 | Type:MDP
[Monitor_1] ID:411 Name:monitored | Src:1000 Tgt:0111 | Data(Hex):be Data(Dec):190 | Type:MDP
[Monitor_2] ID:412 Name:monitored | Src:1000 Tgt:0111 | Data(Hex):be Data(Dec):190 | Type:MDP
[Checker] Predicted Drop: Packet ID 413 is INVALID (Src:1000 Tgt:1001). Ignoring.
[Driver_3] ID:413 Name:pkt_3 | Src:1000 Tgt:1001 | Data(Hex):ce Data(Dec):206 | Type:MDP
[Driver_0] ID:414 Name:pkt_0 | Src:0001 Tgt:0010 | Data(Hex):8c Data(Dec):140 | Type:SDP
[Driver_3] ID:415 Name:pkt_3 | Src:1000 Tgt:0011 | Data(Hex):a3 Data(Dec):163 | Type:MDP
[Driver_1] ID:416 Name:pkt_1 | Src:0010 Tgt:0001 | Data(Hex):00 Data(Dec):0 | Type:SDP
[Driver_2] ID:417 Name:pkt_2 | Src:0100 Tgt:1011 | Data(Hex):78 Data(Dec):120 | Type:MDP
[Monitor_1] ID:418 Name:monitored | Src:0001 Tgt:0010 | Data(Hex):8c Data(Dec):140 | Type:SDP
[Driver_1] ID:419 Name:pkt_1 | Src:0010 Tgt:1101 | Data(Hex):11 Data(Dec):17 | Type:MDP
[Checker] Predicted Drop: Packet ID 420 is INVALID (Src:0001 Tgt:0001). Ignoring.
[Driver_0] ID:420 Name:pkt_0 | Src:0001 Tgt:0001 | Data(Hex):41 Data(Dec):65 | Type:SDP
[Monitor_0] ID:421 Name:monitored | Src:0010 Tgt:0001 | Data(Hex):00 Data(Dec):0 | Type:SDP
[Monitor_0] ID:422 Name:monitored | Src:0100 Tgt:1011 | Data(Hex):78 Data(Dec):120 | Type:MDP
[Monitor_1] ID:423 Name:monitored | Src:0100 Tgt:1011 | Data(Hex):78 Data(Dec):120 | Type:MDP
[Monitor_3] ID:424 Name:monitored | Src:0100 Tgt:1011 | Data(Hex):78 Data(Dec):120 | Type:MDP
[Checker] Predicted Drop: Packet ID 425 is INVALID (Src:1000 Tgt:1011). Ignoring.
[Driver_3] ID:425 Name:pkt_3 | Src:1000 Tgt:1011 | Data(Hex):22 Data(Dec):34 | Type:MDP
[Monitor_0] ID:426 Name:monitored | Src:1000 Tgt:0011 | Data(Hex):a3 Data(Dec):163 | Type:MDP
[Monitor_1] ID:427 Name:monitored | Src:1000 Tgt:0011 | Data(Hex):a3 Data(Dec):163 | Type:MDP
[Checker] Predicted Drop: Packet ID 428 is INVALID (Src:0100 Tgt:1100). Ignoring.
[Driver_2] ID:428 Name:pkt_2 | Src:0100 Tgt:1100 | Data(Hex):8c Data(Dec):140 | Type:MDP
[Checker] Predicted Drop: Packet ID 429 is INVALID (Src:0010 Tgt:0110). Ignoring.
[Driver_1] ID:429 Name:pkt_1 | Src:0010 Tgt:0110 | Data(Hex):a6 Data(Dec):166 | Type:MDP
[Monitor_0] ID:430 Name:monitored | Src:0010 Tgt:1101 | Data(Hex):11 Data(Dec):17 | Type:MDP
[Monitor_2] ID:431 Name:monitored | Src:0010 Tgt:1101 | Data(Hex):11 Data(Dec):17 | Type:MDP
[Monitor_3] ID:432 Name:monitored | Src:0010 Tgt:1101 | Data(Hex):11 Data(Dec):17 | Type:MDP
[Driver_0] ID:433 Name:pkt_0 | Src:0001 Tgt:1111 | Data(Hex):e3 Data(Dec):227 | Type:BDP
[Driver_2] ID:434 Name:pkt_2 | Src:0100 Tgt:0011 | Data(Hex):30 Data(Dec):48 | Type:MDP
[Driver_3] ID:435 Name:pkt_3 | Src:1000 Tgt:0010 | Data(Hex):26 Data(Dec):38 | Type:SDP
[Monitor_0] ID:436 Name:monitored | Src:0001 Tgt:1111 | Data(Hex):e3 Data(Dec):227 | Type:BDP
[Monitor_1] ID:437 Name:monitored | Src:0001 Tgt:1111 | Data(Hex):e3 Data(Dec):227 | Type:BDP
[Monitor_2] ID:438 Name:monitored | Src:0001 Tgt:1111 | Data(Hex):e3 Data(Dec):227 | Type:BDP
[Monitor_3] ID:439 Name:monitored | Src:0001 Tgt:1111 | Data(Hex):e3 Data(Dec):227 | Type:BDP
[Checker] Predicted Drop: Packet ID 440 is INVALID (Src:0010 Tgt:1010). Ignoring.
[Driver_1] ID:440 Name:pkt_1 | Src:0010 Tgt:1010 | Data(Hex):a4 Data(Dec):164 | Type:MDP
[Monitor_0] ID:441 Name:monitored | Src:0100 Tgt:0011 | Data(Hex):30 Data(Dec):48 | Type:MDP
[Monitor_1] ID:442 Name:monitored | Src:0100 Tgt:0011 | Data(Hex):30 Data(Dec):48 | Type:MDP
[Monitor_1] ID:443 Name:monitored | Src:1000 Tgt:0010 | Data(Hex):26 Data(Dec):38 | Type:SDP
[Driver_0] ID:444 Name:pkt_0 | Src:0001 Tgt:1010 | Data(Hex):02 Data(Dec):2 | Type:MDP
[Driver_3] ID:445 Name:pkt_3 | Src:1000 Tgt:0001 | Data(Hex):63 Data(Dec):99 | Type:SDP
[Driver_2] ID:446 Name:pkt_2 | Src:0100 Tgt:1011 | Data(Hex):48 Data(Dec):72 | Type:MDP
[Driver_1] ID:447 Name:pkt_1 | Src:0010 Tgt:1101 | Data(Hex):e9 Data(Dec):233 | Type:MDP
[Monitor_0] ID:448 Name:monitored | Src:0100 Tgt:1011 | Data(Hex):48 Data(Dec):72 | Type:MDP
[Monitor_1] ID:449 Name:monitored | Src:0100 Tgt:1011 | Data(Hex):48 Data(Dec):72 | Type:MDP
[Monitor_3] ID:450 Name:monitored | Src:0100 Tgt:1011 | Data(Hex):48 Data(Dec):72 | Type:MDP
[Driver_0] ID:451 Name:pkt_0 | Src:0001 Tgt:1111 | Data(Hex):e2 Data(Dec):226 | Type:BDP
[Monitor_0] ID:452 Name:monitored | Src:1000 Tgt:0001 | Data(Hex):63 Data(Dec):99 | Type:SDP
[Monitor_1] ID:453 Name:monitored | Src:0001 Tgt:1010 | Data(Hex):02 Data(Dec):2 | Type:MDP
[Monitor_3] ID:454 Name:monitored | Src:0001 Tgt:1010 | Data(Hex):02 Data(Dec):2 | Type:MDP
[Driver_1] ID:455 Name:pkt_1 | Src:0010 Tgt:0101 | Data(Hex):6f Data(Dec):111 | Type:MDP
[Driver_3] ID:456 Name:pkt_3 | Src:1000 Tgt:0001 | Data(Hex):04 Data(Dec):4 | Type:SDP
[Monitor_0] ID:457 Name:monitored | Src:0001 Tgt:1111 | Data(Hex):e2 Data(Dec):226 | Type:BDP
[Monitor_1] ID:458 Name:monitored | Src:0001 Tgt:1111 | Data(Hex):e2 Data(Dec):226 | Type:BDP
[Monitor_2] ID:459 Name:monitored | Src:0001 Tgt:1111 | Data(Hex):e2 Data(Dec):226 | Type:BDP
[Monitor_3] ID:460 Name:monitored | Src:0001 Tgt:1111 | Data(Hex):e2 Data(Dec):226 | Type:BDP
[Checker] Predicted Drop: Packet ID 461 is INVALID (Src:0100 Tgt:0110). Ignoring.
[Driver_2] ID:461 Name:pkt_2 | Src:0100 Tgt:0110 | Data(Hex):6f Data(Dec):111 | Type:MDP
[Monitor_0] ID:462 Name:monitored | Src:0010 Tgt:1101 | Data(Hex):e9 Data(Dec):233 | Type:MDP
[Monitor_2] ID:463 Name:monitored | Src:0010 Tgt:1101 | Data(Hex):e9 Data(Dec):233 | Type:MDP
[Monitor_3] ID:464 Name:monitored | Src:0010 Tgt:1101 | Data(Hex):e9 Data(Dec):233 | Type:MDP
[Checker] Predicted Drop: Packet ID 465 is INVALID (Src:1000 Tgt:0000). Ignoring.
[Driver_3] ID:465 Name:pkt_3 | Src:1000 Tgt:0000 | Data(Hex):68 Data(Dec):104 | Type:ERR
[Driver_1] ID:466 Name:pkt_1 | Src:0010 Tgt:0101 | Data(Hex):fd Data(Dec):253 | Type:MDP
[Monitor_0] ID:467 Name:monitored | Src:0010 Tgt:0101 | Data(Hex):6f Data(Dec):111 | Type:MDP
[Monitor_2] ID:468 Name:monitored | Src:0010 Tgt:0101 | Data(Hex):6f Data(Dec):111 | Type:MDP
[Monitor_0] ID:469 Name:monitored | Src:1000 Tgt:0001 | Data(Hex):04 Data(Dec):4 | Type:SDP
[Checker] Predicted Drop: Packet ID 470 is INVALID (Src:0001 Tgt:1001). Ignoring.
[Driver_0] ID:470 Name:pkt_0 | Src:0001 Tgt:1001 | Data(Hex):cd Data(Dec):205 | Type:MDP
[Driver_1] ID:471 Name:pkt_1 | Src:0010 Tgt:1101 | Data(Hex):eb Data(Dec):235 | Type:MDP
[Checker] Predicted Drop: Packet ID 472 is INVALID (Src:0100 Tgt:1101). Ignoring.
[Driver_2] ID:472 Name:pkt_2 | Src:0100 Tgt:1101 | Data(Hex):5f Data(Dec):95 | Type:MDP
[Monitor_0] ID:473 Name:monitored | Src:0010 Tgt:0101 | Data(Hex):fd Data(Dec):253 | Type:MDP
[Monitor_2] ID:474 Name:monitored | Src:0010 Tgt:0101 | Data(Hex):fd Data(Dec):253 | Type:MDP
[Checker] Predicted Drop: Packet ID 475 is INVALID (Src:1000 Tgt:1110). Ignoring.
[Driver_3] ID:475 Name:pkt_3 | Src:1000 Tgt:1110 | Data(Hex):6f Data(Dec):111 | Type:MDP
[Monitor_0] ID:476 Name:monitored | Src:0010 Tgt:1101 | Data(Hex):eb Data(Dec):235 | Type:MDP
[Monitor_2] ID:477 Name:monitored | Src:0010 Tgt:1101 | Data(Hex):eb Data(Dec):235 | Type:MDP
[Monitor_3] ID:478 Name:monitored | Src:0010 Tgt:1101 | Data(Hex):eb Data(Dec):235 | Type:MDP
[Checker] Predicted Drop: Packet ID 479 is INVALID (Src:0100 Tgt:0110). Ignoring.
[Driver_2] ID:479 Name:pkt_2 | Src:0100 Tgt:0110 | Data(Hex):31 Data(Dec):49 | Type:MDP
[Driver_1] ID:480 Name:pkt_1 | Src:0010 Tgt:0101 | Data(Hex):34 Data(Dec):52 | Type:MDP
[Driver_0] ID:481 Name:pkt_0 | Src:0001 Tgt:1110 | Data(Hex):58 Data(Dec):88 | Type:MDP
[Driver_3] ID:482 Name:pkt_3 | Src:1000 Tgt:0011 | Data(Hex):8b Data(Dec):139 | Type:MDP
[Checker] Predicted Drop: Packet ID 483 is INVALID (Src:0010 Tgt:0110). Ignoring.
[Driver_1] ID:483 Name:pkt_1 | Src:0010 Tgt:0110 | Data(Hex):40 Data(Dec):64 | Type:MDP
[Checker] Predicted Drop: Packet ID 484 is INVALID (Src:0100 Tgt:0000). Ignoring.
[Driver_2] ID:484 Name:pkt_2 | Src:0100 Tgt:0000 | Data(Hex):82 Data(Dec):130 | Type:ERR
[Monitor_1] ID:485 Name:monitored | Src:0001 Tgt:1110 | Data(Hex):58 Data(Dec):88 | Type:MDP
[Monitor_2] ID:486 Name:monitored | Src:0001 Tgt:1110 | Data(Hex):58 Data(Dec):88 | Type:MDP
[Monitor_3] ID:487 Name:monitored | Src:0001 Tgt:1110 | Data(Hex):58 Data(Dec):88 | Type:MDP
[Monitor_0] ID:488 Name:monitored | Src:0010 Tgt:0101 | Data(Hex):34 Data(Dec):52 | Type:MDP
[Monitor_2] ID:489 Name:monitored | Src:0010 Tgt:0101 | Data(Hex):34 Data(Dec):52 | Type:MDP
[Monitor_0] ID:490 Name:monitored | Src:1000 Tgt:0011 | Data(Hex):8b Data(Dec):139 | Type:MDP
[Monitor_1] ID:491 Name:monitored | Src:1000 Tgt:0011 | Data(Hex):8b Data(Dec):139 | Type:MDP
[Checker] Predicted Drop: Packet ID 492 is INVALID (Src:0100 Tgt:1100). Ignoring.
[Driver_2] ID:492 Name:pkt_2 | Src:0100 Tgt:1100 | Data(Hex):c4 Data(Dec):196 | Type:MDP
[Checker] Predicted Drop: Packet ID 493 is INVALID (Src:0010 Tgt:0010). Ignoring.
[Driver_1] ID:493 Name:pkt_1 | Src:0010 Tgt:0010 | Data(Hex):22 Data(Dec):34 | Type:SDP
[Checker] Predicted Drop: Packet ID 494 is INVALID (Src:0100 Tgt:1101). Ignoring.
[Driver_2] ID:494 Name:pkt_2 | Src:0100 Tgt:1101 | Data(Hex):55 Data(Dec):85 | Type:MDP
--- Sequencers Done. Waiting for Drivers to drain... ---
--- Drivers Done. Waiting for Switch to drain... ---

=========================================
 INTEGRITY REPORT
 1. Total Pending (Checker):  0
 2. Input Rejections (FIFO):  0
 -----------------------------------------
 3. INTERNAL LOSS:            0
=========================================

[TEST] PASSED: All accepted packets were delivered.

=========================================
 HARDWARE STATE INSPECTION

=========================================
 FUNCTIONAL COVERAGE RESULTS
=========================================
--- PORT 0 ---
  TOTAL (Valid): 100.00 %
  - Types:       100.00 %
  - Sources:     100.00 %
  - Targets:     100.00 %
  - Type x Src:  100.00 %
  - ROUTING:     100.00 %
--- PORT 1 ---
  TOTAL (Valid): 100.00 %
  - Types:       100.00 %
  - Sources:     100.00 %
  - Targets:     100.00 %
  - Type x Src:  100.00 %
  - ROUTING:     100.00 %
--- PORT 2 ---
  TOTAL (Valid): 100.00 %
  - Types:       100.00 %
  - Sources:     100.00 %
  - Targets:     100.00 %
  - Type x Src:  100.00 %
  - ROUTING:     100.00 %
--- PORT 3 ---
  TOTAL (Valid): 100.00 %
  - Types:       100.00 %
  - Sources:     100.00 %
  - Targets:     100.00 %
  - Type x Src:  100.00 %
  - ROUTING:     100.00 %
=========================================


=========================================
 DETAILED LOST PACKET REPORT
=========================================

=========================================
 CHECKER SUMMARY (Integrity Check)
-----------------------------------------
 Matches (Delivered):     255
 Mismatches (Corrupt):    0
 Total Pending (Missing): 0
-----------------------------------------
 BREAKDOWN OF MISSING PACKETS:
 (-) Valid HW Drops (FIFO Full): 0
 (=) INTERNAL LOSS (BUGS):       0
=========================================

TEST PASSED: Perfect transmission (0 drops, 0 loss).
$finish called from file "../verification/switch_test.sv", line 288.
$finish at simulation time             20298000

---------------------------------------------------------------------------
VCS Coverage Metrics: during simulation line, cond, FSM, branch, tgl was monitored
---------------------------------------------------------------------------
           V C S   S i m u l a t i o n   R e p o r t 
Time: 20298000 ps
CPU Time:      0.230 seconds;       Data structure size:   0.9Mb
Thu Jan  8 23:32:59 2026
